Log file open, 12/09/17 12:14:01
LogInit:Display: Running engine for game: Multiplayer
LogPlatformFile: Not using cached read wrapper
LogInit:Display: RandInit(1224648539) SRandInit(1224648539).
LogTaskGraph: Started task graph with 5 named threads and 6 total threads with 1 sets of task threads.
LogStats: Stats thread started at 0.089170
LogInit: Using libcurl 7.47.1
LogInit:  - built for x86_64-pc-win32
LogInit:  - supports SSL with OpenSSL/1.0.2g
LogInit:  - supports HTTP deflate (compression) using libz 1.2.8
LogInit:  - other features:
LogInit:      CURL_VERSION_SSL
LogInit:      CURL_VERSION_LIBZ
LogInit:      CURL_VERSION_IPV6
LogInit:      CURL_VERSION_ASYNCHDNS
LogInit:      CURL_VERSION_LARGEFILE
LogInit:      CURL_VERSION_IDN
LogInit:  CurlRequestOptions (configurable via config and command line):
LogInit:  - bVerifyPeer = false  - Libcurl will NOT verify peer certificate
LogInit:  - bUseHttpProxy = false  - Libcurl will NOT use HTTP proxy
LogInit:  - bDontReuseConnections = false  - Libcurl will reuse connections
LogInit:  - CertBundlePath = nullptr  - Libcurl will use whatever was configured at build time.
LogOnline:Display: STEAM: Loading Steam SDK 1.32
LogOnline:Warning: STEAM: Steamworks: SteamUtils() failed!
LogOnline:Warning: STEAM: Steamworks: SteamUser() failed!
LogOnline:Warning: STEAM: Steamworks: SteamFriends() failed!
LogOnline:Warning: STEAM: Steamworks: SteamRemoteStorage() failed!
LogOnline:Warning: STEAM: Steamworks: SteamUserStats() failed!
LogOnline:Warning: STEAM: Steamworks: SteamMatchmakingServers() failed!
LogOnline:Warning: STEAM: Steamworks: SteamApps() failed!
LogOnline:Warning: STEAM: Steamworks: SteamNetworking() failed!
LogOnline:Warning: STEAM: Steamworks: SteamMatchmaking() failed!
LogOnline:Display: STEAM: OnlineSubsystemSteam::Shutdown()
LogOnline:Warning: STEAM: Steam API failed to initialize!
LogOnline:Display: STEAM: OnlineSubsystemSteam::Shutdown()
LogInit: WinSock: version 1.1 (2.2), MaxSocks=32767, MaxUdp=65467
LogInit: Build: ++UE4+Release-4.15-CL-3450819
LogInit: Engine Version: 4.15.3-3450819+++UE4+Release-4.15
LogInit: Compatible Engine Version: 4.15.0-3299760+++UE4+Release-4.15
LogInit: Net CL: 3299760
LogDevObjectVersion: Number of dev versions registered: 14
LogDevObjectVersion:   Dev-Blueprints (B0D832E4-1F89-4F0D-ACCF-7EB736FD4AA2): 8
LogDevObjectVersion:   Dev-Build (E1C64328-A22C-4D53-A36C-8E866417BD8C): 0
LogDevObjectVersion:   Dev-Core (375EC13C-06E4-48FB-B500-84F0262A717E): 2
LogDevObjectVersion:   Dev-Editor (E4B068ED-F494-42E9-A231-DA0B2E46BB41): 14
LogDevObjectVersion:   Dev-Framework (CFFC743F-43B0-4480-9391-14DF171D2073): 22
LogDevObjectVersion:   Dev-Mobile (B02B49B5-BB20-44E9-A304-32B752E40360): 0
LogDevObjectVersion:   Dev-Networking (A4E4105C-59A1-49B5-A7C5-40C4547EDFEE): 0
LogDevObjectVersion:   Dev-Online (39C831C9-5AE6-47DC-9A44-9C173E1C8E7C): 0
LogDevObjectVersion:   Dev-Physics (78F01B33-EBEA-4F98-B9B4-84EACCB95AA2): 0
LogDevObjectVersion:   Dev-Platform (6631380F-2D4D-43E0-8009-CF276956A95A): 0
LogDevObjectVersion:   Dev-Rendering (12F88B9F-8875-4AFC-A67C-D90C383ABD29): 12
LogDevObjectVersion:   Dev-Sequencer (7B5AE74C-D270-4C10-A958-57980B212A5A): 3
LogDevObjectVersion:   Dev-VR (D7296918-1DD6-4BDD-9DE2-64A83CC13884): 0
LogDevObjectVersion:   Dev-LoadTimes (C2A15278-BFE7-4AFE-6C17-90FF531DF755): 1
LogInit: Compiled (64-bit): May 21 2017 11:02:34
LogInit: Compiled with Visual C++: 19.00.23026.00
LogInit: Build Configuration: Development
LogInit: Branch Name: ++UE4+Release-4.15
LogInit: Command line:  /Temp/Autosaves/Game/Maps/UEDPCMainMenu -game -PIEVIACONSOLE -ResX=1280 -ResY=720  -Multiprocess -messaging -SessionName="Play in Standalone Game" -windowed 
LogInit: Base directory: C:/Program Files/Epic Games/UE_4.15/Engine/Binaries/Win64/
LogInit: Installed Engine Build: 1
LogInit: Presizing for max 8388607 objects, including 0 objects not considered by GC, pre-allocating 0 bytes for permanent pool.
LogInit: Object subsystem initialized
[2017.12.09-11.14.03:392][  0]LogInit: Selected Device Profile: [Windows]
[2017.12.09-11.14.03:392][  0]LogInit: Applying CVar settings loaded from the selected device profile: [Windows]
[2017.12.09-11.14.03:424][  0]LogInit: Computer: DESKTOP-BGBE0CL
[2017.12.09-11.14.03:425][  0]LogInit: User: LaptopDEV
[2017.12.09-11.14.03:425][  0]LogInit: CPU Page size=65536, Cores=2
[2017.12.09-11.14.03:425][  0]LogInit: High frequency timer resolution =2.208393 MHz
[2017.12.09-11.14.03:425][  0]LogMemory: Memory total: Physical=3.9GB (4GB approx)
[2017.12.09-11.14.03:425][  0]LogMemory: Platform Memory Stats for Windows
[2017.12.09-11.14.03:425][  0]LogMemory: Process Physical Memory: 265.58 MB used, 265.58 MB peak
[2017.12.09-11.14.03:425][  0]LogMemory: Process Virtual Memory: 262.31 MB used, 262.31 MB peak
[2017.12.09-11.14.03:425][  0]LogMemory: Physical Memory: 2016.88 MB used,  1941.90 MB free, 3958.77 MB total
[2017.12.09-11.14.03:425][  0]LogMemory: Virtual Memory: 680.03 MB used,  1941.90 MB free, 134217728.00 MB total
[2017.12.09-11.14.03:579][  0]LogTextLocalizationManager: No translations for ('hr-HR') exist, falling back to 'en' for localization and internationalization data.
[2017.12.09-11.14.04:417][  0]LogD3D11RHI: D3D11 adapters:
[2017.12.09-11.14.04:433][  0]LogD3D11RHI:    0. 'AMD Mobility Radeon HD 5000 Series' (Feature Level 11_0)
[2017.12.09-11.14.04:433][  0]LogD3D11RHI:       502/0/1792 MB DedicatedVideo/DedicatedSystem/SharedSystem, Outputs:1, VendorId:0x1002
[2017.12.09-11.14.04:437][  0]LogD3D11RHI:    1. 'Microsoft Basic Render Driver' (Feature Level 11_0)
[2017.12.09-11.14.04:437][  0]LogD3D11RHI:       0/0/1979 MB DedicatedVideo/DedicatedSystem/SharedSystem, Outputs:0, VendorId:0x1414
[2017.12.09-11.14.04:437][  0]LogD3D11RHI: Chosen D3D11 Adapter: 0
[2017.12.09-11.14.04:445][  0]LogD3D11RHI: Creating new Direct3DDevice
[2017.12.09-11.14.04:445][  0]LogD3D11RHI:     GPU DeviceId: 0x68e0 (for the marketing name, search the web for "GPU Device Id")
[2017.12.09-11.14.04:445][  0]LogWindows: EnumDisplayDevices:
[2017.12.09-11.14.04:445][  0]LogWindows:    0. 'AMD Mobility Radeon HD 5000 Series' (P:1 D:1)
[2017.12.09-11.14.04:446][  0]LogWindows:    1. 'AMD Mobility Radeon HD 5000 Series' (P:0 D:0)
[2017.12.09-11.14.04:446][  0]LogWindows: DebugString: GetVideoDriverDetailsInvalid PrimaryIsNotTheChoosenAdapter GetVideoDriverDetailsInvalid PrimaryIsNotTheChoosenAdapter FoundDriverCount:0 
[2017.12.09-11.14.04:446][  0]LogD3D11RHI:     Adapter Name: AMD Mobility Radeon HD 5000 Series
[2017.12.09-11.14.04:446][  0]LogD3D11RHI:   Driver Version: Unknown (internal:Unknown, unified:Unknown)
[2017.12.09-11.14.04:446][  0]LogD3D11RHI:      Driver Date: Unknown
[2017.12.09-11.14.04:446][  0]LogRHI: Texture pool is 351 MB (70% of 502 MB)
[2017.12.09-11.14.04:485][  0]LogD3D11RHI: AMD Pre GCN architecture detected, some driver workarounds will be in place
[2017.12.09-11.14.04:497][  0]LogD3D11RHI: Async texture creation enabled
[2017.12.09-11.14.04:512][  0]LogD3D11RHI: GPU Timing Frequency: 27.000000 (Debug: 2 1)
[2017.12.09-11.14.04:514][  0]LogShaderCompilers: Guid format shader working directory is -26 characters bigger than the processId version (../../../../../../Users/Laptop-DEV/Documents/Unreal Projects/Multiplayer 4.14/Intermediate/Shaders/WorkingDirectory/5524/).
[2017.12.09-11.14.04:515][  0]LogShaderCompilers: Cleaned the shader compiler working directory 'C:/Users/Laptop-DEV/AppData/Local/Temp/UnrealShaderWorkingDir/8DE570ED43DF9FC37552FB8A728271BC/'.
[2017.12.09-11.14.04:515][  0]LogShaderCompilers:Display: Using Local Shader Compiler.
[2017.12.09-11.14.06:804][  0]LogTemp:Display: Loaded TP WindowsClientTargetPlatform
[2017.12.09-11.14.06:926][  0]LogTemp:Display: Loaded TP WindowsNoEditorTargetPlatform
[2017.12.09-11.14.07:052][  0]LogTemp:Display: Loaded TP WindowsServerTargetPlatform
[2017.12.09-11.14.07:162][  0]LogTemp:Display: Loaded TP WindowsTargetPlatform
[2017.12.09-11.14.07:162][  0]LogTargetPlatformManager:Display: Building Assets For Windows
[2017.12.09-11.14.08:168][  0]LogDerivedDataCache:Display: Max Cache Size: 512 MB
[2017.12.09-11.14.08:740][  0]LogDerivedDataCache: Loaded boot cache 0.57s 50MB C:/Users/Laptop-DEV/AppData/Local/UnrealEngine/4.15/DerivedDataCache/Boot.ddc.
[2017.12.09-11.14.08:740][  0]LogDerivedDataCache:Display: Loaded Boot cache: C:/Users/Laptop-DEV/AppData/Local/UnrealEngine/4.15/DerivedDataCache/Boot.ddc
[2017.12.09-11.14.08:740][  0]LogDerivedDataCache: FDerivedDataBackendGraph:  Pak pak cache file ../../../../../../Users/Laptop-DEV/Documents/Unreal Projects/Multiplayer 4.14/DerivedDataCache/DDC.ddp not found, will not use a pak cache.
[2017.12.09-11.14.08:740][  0]LogDerivedDataCache: Unable to find inner node Pak for hierarchical cache Hierarchy.
[2017.12.09-11.14.08:740][  0]LogDerivedDataCache: FDerivedDataBackendGraph:  CompressedPak pak cache file ../../../../../../Users/Laptop-DEV/Documents/Unreal Projects/Multiplayer 4.14/DerivedDataCache/Compressed.ddp not found, will not use a pak cache.
[2017.12.09-11.14.08:740][  0]LogDerivedDataCache: Unable to find inner node CompressedPak for hierarchical cache Hierarchy.
[2017.12.09-11.14.08:777][  0]LogDerivedDataCache:Display: Pak cache opened for reading ../../../Engine/DerivedDataCache/Compressed.ddp.
[2017.12.09-11.14.08:791][  0]LogDerivedDataCache: Using Local data cache path C:/Users/Laptop-DEV/AppData/Local/UnrealEngine/Common/DerivedDataCache: Writable
[2017.12.09-11.14.08:808][  0]LogSlate: Using Freetype 2.6.0
[2017.12.09-11.14.08:819][  0]LogSlate: SlateFontCache - WITH_FREETYPE: 1, WITH_HARFBUZZ: 1
[2017.12.09-11.14.08:819][  0]LogSlate: SlateFontCache - WITH_FREETYPE: 1, WITH_HARFBUZZ: 1
[2017.12.09-11.14.09:717][  0]LogAssetRegistry: FAssetRegistry took 0.0002 seconds to start up
[2017.12.09-11.14.09:725][  0]LogPackageLocalizationCache: Processed 3 localized package path(s) for 1 prioritized culture(s) in 0.008454 seconds
[2017.12.09-11.14.09:760][  0]LogInit: Selected Device Profile: [Windows]
[2017.12.09-11.14.09:762][  0]LogContentStreaming: Texture pool size is 1000.00 MB
[2017.12.09-11.14.10:196][  0]LogMeshUtilities: Using QuadricMeshReduction for automatic static mesh reduction
[2017.12.09-11.14.10:296][  0]LogSimplygon: Simplygon DLL not present - disabling.
[2017.12.09-11.14.10:400][  0]LogMeshUtilities: Using SimplygonSwarm for distributed automatic mesh merging
[2017.12.09-11.14.10:400][  0]LogMeshUtilities: No automatic skeletal mesh reduction module available
[2017.12.09-11.14.10:400][  0]LogMeshUtilities: No automatic mesh merging module available
[2017.12.09-11.14.11:470][  0]LogNetVersion: GetLocalNetworkVersion: CL: 3299760, ProjectName: multiplayer, ProjectVersion: , EngineNetworkVersion: 2, GameNetworkVersion: 0, NetworkChecksum: 32584562
[2017.12.09-11.14.13:510][  0]LogMoviePlayer: Initializing movie player
[2017.12.09-11.14.14:242][  0]LogTcpMessaging: Initializing TcpMessaging bridge
[2017.12.09-11.14.14:318][  0]LogUdpMessaging: Initializing bridge on interface 0.0.0.0:0 to multicast group 230.0.0.1:6666.
[2017.12.09-11.14.15:046][  0]SourceControl: Info Source control is disabled
[2017.12.09-11.14.15:046][  0]SourceControl: Info Source control is disabled
[2017.12.09-11.14.15:155][  0]SourceControl: Info Source control is disabled
[2017.12.09-11.14.17:115][  0]LogUObjectArray: 34616 objects as part of root set at end of initial load.
[2017.12.09-11.14.17:115][  0]LogUObjectAllocator: 7903800 out of 0 bytes used by permanent object pool.
[2017.12.09-11.14.17:115][  0]LogUObjectArray: CloseDisregardForGC: 0/0 objects in disregard for GC pool
[2017.12.09-11.14.17:386][  0]LogEngine: Initializing Engine...
[2017.12.09-11.14.17:388][  0]LogHMD: Failed to initialize OpenVR with code 110
[2017.12.09-11.14.17:563][  0]LogStats: UGameplayTagsManager::ConstructGameplayTagTree: Construct from data asset -  0.000 s
[2017.12.09-11.14.17:563][  0]LogStats: UGameplayTagsManager::ConstructGameplayTagTree: GameplayTagTreeChangedEvent.Broadcast -  0.000 s
[2017.12.09-11.14.17:573][  0]LogInit: XAudio2 using 'Speakers (High Definition Audio Device)' : 2 channels at 44.1 kHz using 16 bits per sample (channel mask 0x3)
[2017.12.09-11.14.17:597][  0]LogInit: FAudioDevice initialized.
[2017.12.09-11.14.17:649][  0]LogInit: Texture streaming: Enabled
[2017.12.09-11.14.17:701][  0]LogMaterial: Uniform references updated for custom material expression Custom.
[2017.12.09-11.14.18:574][  0]LogLinker: Can't find file '/Game/Mannequin/Character/Textures/UE4_LOGO_CARD'
[2017.12.09-11.14.18:574][  0]LogLinker: Can't find file '/Game/Mannequin/Character/Textures/UE4_LOGO_CARD'
[2017.12.09-11.14.18:657][  0]LogLinker:Warning: Can't find file '/Game/StarterContent/UE4_LOGO_CARD'
[2017.12.09-11.14.18:657][  0]LogUObjectGlobals:Warning: Failed to load '/Game/StarterContent/UE4_LOGO_CARD': Can't find file '/Game/StarterContent/UE4_LOGO_CARD'
[2017.12.09-11.14.18:657][  0]LogLinker:Warning: Can't find file for asset '/Game/StarterContent/UE4_LOGO_CARD' while loading NULL.
[2017.12.09-11.14.18:657][  0]LogUObjectGlobals:Warning: Failed to load '/Game/StarterContent/UE4_LOGO_CARD': Can't find file for asset '/Game/StarterContent/UE4_LOGO_CARD' while loading NULL.
[2017.12.09-11.14.18:657][  0]LogLinker:Warning: Can't find file '/Game/StarterContent/UE4_LOGO_CARD'
[2017.12.09-11.14.18:657][  0]LoadErrors: Info Failed to load /Game/StarterContent/UE4_LOGO_CARD.UE4_LOGO_CARD Referenced by Default__ProfileMenu_C
[2017.12.09-11.14.18:657][  0]LogUObjectGlobals:Warning: Failed to load '/Game/StarterContent/UE4_LOGO_CARD': Can't find file '/Game/StarterContent/UE4_LOGO_CARD'
[2017.12.09-11.14.18:658][  0]LogLinker:Warning: Can't find file for asset '/Game/StarterContent/UE4_LOGO_CARD' while loading NULL.
[2017.12.09-11.14.18:658][  0]LoadErrors: Info Failed to load /Game/StarterContent/UE4_LOGO_CARD.UE4_LOGO_CARD Referenced by Default__ProfileMenu_C
[2017.12.09-11.14.18:658][  0]LogUObjectGlobals:Warning: Failed to load '/Game/StarterContent/UE4_LOGO_CARD': Can't find file for asset '/Game/StarterContent/UE4_LOGO_CARD' while loading NULL.
[2017.12.09-11.14.18:663][  0]LogLinker:Warning: Can't find file '/Game/StarterContent/UE4_LOGO_CARD'
[2017.12.09-11.14.18:663][  0]LoadErrors: Info Failed to load /Game/StarterContent/UE4_LOGO_CARD.UE4_LOGO_CARD Referenced by K2Node_SetFieldsInStruct_0
[2017.12.09-11.14.18:663][  0]LogUObjectGlobals:Warning: Failed to load '/Game/StarterContent/UE4_LOGO_CARD': Can't find file '/Game/StarterContent/UE4_LOGO_CARD'
[2017.12.09-11.14.18:663][  0]LogLinker:Warning: Can't find file for asset '/Game/StarterContent/UE4_LOGO_CARD' while loading NULL.
[2017.12.09-11.14.18:663][  0]LoadErrors: Info Failed to load /Game/StarterContent/UE4_LOGO_CARD.UE4_LOGO_CARD Referenced by K2Node_SetFieldsInStruct_0
[2017.12.09-11.14.18:663][  0]LogUObjectGlobals:Warning: Failed to load '/Game/StarterContent/UE4_LOGO_CARD': Can't find file for asset '/Game/StarterContent/UE4_LOGO_CARD' while loading NULL.
[2017.12.09-11.14.19:195][  0]LogInit:Display: Game Engine Initialized.
[2017.12.09-11.14.19:696][  0]LogInit:Display: Starting Game.
[2017.12.09-11.14.19:760][  0]LogNet: Browse: /Temp/Autosaves/Game/Maps/UEDPCMainMenu?Name=Player
[2017.12.09-11.14.19:774][  0]LogLoad: LoadMap: /Temp/Autosaves/Game/Maps/UEDPCMainMenu?Name=Player
[2017.12.09-11.14.19:911][  0]LogMemory: Platform Memory Stats for Windows
[2017.12.09-11.14.19:911][  0]LogMemory: Process Physical Memory: 674.93 MB used, 674.93 MB peak
[2017.12.09-11.14.19:911][  0]LogMemory: Process Virtual Memory: 755.50 MB used, 755.52 MB peak
[2017.12.09-11.14.19:911][  0]LogMemory: Physical Memory: 2396.49 MB used,  1562.29 MB free, 3958.77 MB total
[2017.12.09-11.14.19:911][  0]LogMemory: Virtual Memory: 1357.88 MB used,  1562.29 MB free, 134217728.00 MB total
[2017.12.09-11.14.19:911][  0]LogMemory: 
[2017.12.09-11.14.19:911][  0]Allocator Stats for TBB: (not implemented)
[2017.12.09-11.14.20:221][  0]LogAIModule: Creating AISystem for world MainMenu
[2017.12.09-11.14.20:225][  0]LogLinker:Warning: Can't find file '/Game/ThirdPersonBP/Blueprints/ThirdPersonGameMode'
[2017.12.09-11.14.20:225][  0]LogUObjectGlobals:Warning: Failed to load '/Game/ThirdPersonBP/Blueprints/ThirdPersonGameMode': Can't find file '/Game/ThirdPersonBP/Blueprints/ThirdPersonGameMode'
[2017.12.09-11.14.20:225][  0]LogLinker:Warning: Can't find file '/Game/ThirdPersonBP/Blueprints/ThirdPersonGameMode'
[2017.12.09-11.14.20:225][  0]LogUObjectGlobals:Warning: Failed to load '/Game/ThirdPersonBP/Blueprints/ThirdPersonGameMode': Can't find file '/Game/ThirdPersonBP/Blueprints/ThirdPersonGameMode'
[2017.12.09-11.14.20:225][  0]LogUObjectGlobals:Warning: Failed to find object 'Class /Game/ThirdPersonBP/Blueprints/ThirdPersonGameMode.ThirdPersonGameMode_C'
[2017.12.09-11.14.20:225][  0]LogLoad: Game class is 'GameModeBase'
[2017.12.09-11.14.20:251][  0]LogWorld: Bringing World /Temp/Autosaves/Game/Maps/UEDPCMainMenu.MainMenu up for play (max tick rate 0) at 2017.12.09-12.14.20
[2017.12.09-11.14.20:252][  0]LogWorld: Bringing up level for play took: 0.015584
[2017.12.09-11.14.20:644][  0]LogLoad: Took 0.869676 seconds to LoadMap(/Temp/Autosaves/Game/Maps/UEDPCMainMenu)
[2017.12.09-11.14.20:653][  0]LogSlate: Took 0.000514 seconds to synchronously load lazily loaded font '../../../Engine/Content/Slate/Fonts/Roboto-Regular.ttf' (155K)
[2017.12.09-11.14.21:160][  0]LogRenderer: Reallocating scene render targets to support 1280x720 NumSamples 1 (Frame:2).
[2017.12.09-11.14.21:160][  0]LogLoad: (Engine Initialization) Total time: 21.83 seconds
[2017.12.09-11.14.21:160][  0]LogLoad: (Engine Initialization) Total Blueprint compile time: 0.42 seconds
[2017.12.09-11.14.21:160][  0]LogExternalProfiler: No external profilers were discovered.  External profiling features will not be available.
[2017.12.09-11.14.21:177][  0]LogOcInput: OculusInput pre-init called
[2017.12.09-11.14.21:178][  0]LoadErrors:Error: Error /Game/Blueprints/AllLevels/GameInfoInstance : Failed import for ByteProperty /Game/UI/MainMenu/ProfileMenu.ProfileMenu_C:WelcomeMessageVis
[2017.12.09-11.14.53:692][510]Closing by request
[2017.12.09-11.14.53:697][510]LogWindows: FPlatformMisc::RequestExit(0)
[2017.12.09-11.14.53:712][511]LogMoviePlayer: Shutting down movie player
[2017.12.09-11.14.54:508][511]LogWindowsTextInputMethodSystem:Display: IME system now deactivated.
[2017.12.09-11.14.54:575][511]LogExit: Preparing to exit.
[2017.12.09-11.14.55:646][511]LogExit: Game engine shut down
[2017.12.09-11.14.56:147][511]LogObj: Freed 0b from 0 cluster array pools.
[2017.12.09-11.14.56:147][511]LogExit: Object subsystem successfully closed.
[2017.12.09-11.14.56:246][511]LogD3D11RHI: Shutdown
[2017.12.09-11.14.56:246][511]LogD3D11RHI: CleanupD3DDevice
[2017.12.09-11.14.56:409][511]LogD3D11RHI: ~FD3D11DynamicRHI
[2017.12.09-11.14.56:719][511]LogModuleManager: Shutting down and abandoning module SequenceRecorderSections (280)
[2017.12.09-11.14.56:719][511]LogModuleManager: Shutting down and abandoning module SequenceRecorder (278)
[2017.12.09-11.14.56:719][511]LogModuleManager: Shutting down and abandoning module AutomationController (276)
[2017.12.09-11.14.56:719][511]LogModuleManager: Shutting down and abandoning module AutomationWorker (274)
[2017.12.09-11.14.56:719][511]LogModuleManager: Shutting down and abandoning module Voice (272)
[2017.12.09-11.14.56:719][511]LogModuleManager: Shutting down and abandoning module AIModule (270)
[2017.12.09-11.14.56:719][511]LogModuleManager: Shutting down and abandoning module GameplayDebugger (269)
[2017.12.09-11.14.56:719][511]LogModuleManager: Shutting down and abandoning module AITestSuite (267)
[2017.12.09-11.14.56:719][511]LogModuleManager: Shutting down and abandoning module WmfMediaFactory (264)
[2017.12.09-11.14.56:719][511]LogModuleManager: Shutting down and abandoning module MfMediaFactory (262)
[2017.12.09-11.14.56:719][511]LogModuleManager: Shutting down and abandoning module AvfMediaFactory (260)
[2017.12.09-11.14.56:719][511]LogModuleManager: Shutting down and abandoning module AndroidMediaFactory (258)
[2017.12.09-11.14.56:719][511]LogModuleManager: Shutting down and abandoning module Media (257)
[2017.12.09-11.14.56:719][511]LogModuleManager: Shutting down and abandoning module CharacterAI (254)
[2017.12.09-11.14.56:719][511]LogModuleManager: Shutting down and abandoning module SessionServices (252)
[2017.12.09-11.14.56:719][511]LogModuleManager: Shutting down and abandoning module MovieSceneCapture (250)
[2017.12.09-11.14.56:719][511]LogModuleManager: Shutting down and abandoning module GeometryCache (248)
[2017.12.09-11.14.56:720][511]LogModuleManager: Shutting down and abandoning module GeometryCacheEd (247)
[2017.12.09-11.14.56:720][511]LogModuleManager: Shutting down and abandoning module Niagara (244)
[2017.12.09-11.14.56:720][511]LogModuleManager: Shutting down and abandoning module StreamingPauseRendering (242)
[2017.12.09-11.14.56:720][511]LogModuleManager: Shutting down and abandoning module PortalServices (240)
[2017.12.09-11.14.56:720][511]LogModuleManager: Shutting down and abandoning module PortalRpc (238)
[2017.12.09-11.14.56:720][511]LogModuleManager: Shutting down and abandoning module MessagingRpc (236)
[2017.12.09-11.14.56:720][511]LogModuleManager: Shutting down and abandoning module ProfilerService (234)
[2017.12.09-11.14.56:877][511]LogModuleManager: Shutting down and abandoning module TaskGraph (232)
[2017.12.09-11.14.56:902][511]LogModuleManager: Shutting down and abandoning module SteamVRController (230)
[2017.12.09-11.14.56:902][511]LogModuleManager: Shutting down and abandoning module SteamVR (228)
[2017.12.09-11.14.56:902][511]LogModuleManager: Shutting down and abandoning module ProceduralMeshComponent (226)
[2017.12.09-11.14.56:914][511]LogModuleManager: Shutting down and abandoning module OculusLibrary (224)
[2017.12.09-11.14.56:914][511]LogModuleManager: Shutting down and abandoning module OculusInput (222)
[2017.12.09-11.14.56:914][511]LogModuleManager: Shutting down and abandoning module MobilePatchingUtils (220)
[2017.12.09-11.14.56:914][511]LogModuleManager: Shutting down and abandoning module CustomMeshComponent (218)
[2017.12.09-11.14.56:914][511]LogModuleManager: Shutting down and abandoning module CableComponent (216)
[2017.12.09-11.14.56:914][511]LogModuleManager: Shutting down and abandoning module ArchVisCharacter (214)
[2017.12.09-11.14.56:914][511]LogModuleManager: Shutting down and abandoning module Rejoin (212)
[2017.12.09-11.14.56:914][511]LogModuleManager: Shutting down and abandoning module Hotfix (210)
[2017.12.09-11.14.56:914][511]LogModuleManager: Shutting down and abandoning module Lobby (208)
[2017.12.09-11.14.56:914][511]LogModuleManager: Shutting down and abandoning module Party (206)
[2017.12.09-11.14.56:914][511]LogModuleManager: Shutting down and abandoning module Qos (204)
[2017.12.09-11.14.56:914][511]LogModuleManager: Shutting down and abandoning module HTML5Networking (202)
[2017.12.09-11.14.56:914][511]LogModuleManager: Shutting down and abandoning module VisualStudioSourceCodeAccess (200)
[2017.12.09-11.14.56:914][511]LogModuleManager: Shutting down and abandoning module DesktopPlatform (199)
[2017.12.09-11.14.56:914][511]LogModuleManager: Shutting down and abandoning module HotReload (197)
[2017.12.09-11.14.56:915][511]LogDirectoryWatcher: A directory notification for 'C:/Users/Laptop-DEV/Documents/Unreal Projects/Multiplayer 4.14/Binaries/Win64' was aborted.
[2017.12.09-11.14.56:915][511]LogModuleManager: Shutting down and abandoning module DirectoryWatcher (196)
[2017.12.09-11.14.56:915][511]LogModuleManager: Shutting down and abandoning module UObjectPlugin (192)
[2017.12.09-11.14.56:915][511]LogModuleManager: Shutting down and abandoning module SubversionSourceControl (190)
[2017.12.09-11.14.56:915][511]LogModuleManager: Shutting down and abandoning module PerforceSourceControl (188)
[2017.12.09-11.14.56:926][511]LogModuleManager: Shutting down and abandoning module SourceControl (187)
[2017.12.09-11.14.56:938][511]LogModuleManager: Shutting down and abandoning module Multiplayer (184)
[2017.12.09-11.14.56:938][511]LogModuleManager: Shutting down and abandoning module PhysXVehiclesEditor (182)
[2017.12.09-11.14.56:951][511]LogModuleManager: Shutting down and abandoning module PhysXVehicles (180)
[2017.12.09-11.14.56:951][511]LogModuleManager: Shutting down and abandoning module LocationServicesBPLibrary (178)
[2017.12.09-11.14.56:951][511]LogModuleManager: Shutting down and abandoning module UdpMessaging (176)
[2017.12.09-11.14.57:052][511]LogModuleManager: Shutting down and abandoning module TcpMessaging (174)
[2017.12.09-11.14.57:153][511]LogModuleManager: Shutting down and abandoning module GameplayTagsEditor (172)
[2017.12.09-11.14.57:181][511]LogModuleManager: Shutting down and abandoning module FacialAnimation (170)
[2017.12.09-11.14.57:181][511]LogModuleManager: Shutting down and abandoning module LightPropagationVolumeRuntime (168)
[2017.12.09-11.14.57:181][511]LogModuleManager: Shutting down and abandoning module Paper2D (166)
[2017.12.09-11.14.57:288][511]LogModuleManager: Shutting down and abandoning module WindowsMoviePlayer (164)
[2017.12.09-11.14.57:288][511]LogModuleManager: Shutting down and abandoning module WmfMedia (162)
[2017.12.09-11.14.57:291][511]LogModuleManager: Shutting down and abandoning module MfMedia (160)
[2017.12.09-11.14.57:291][511]LogModuleManager: Shutting down and abandoning module MediaAssets (158)
[2017.12.09-11.14.57:291][511]LogModuleManager: Shutting down and abandoning module GameLiveStreaming (156)
[2017.12.09-11.14.57:291][511]LogModuleManager: Shutting down and abandoning module VREditor (154)
[2017.12.09-11.14.57:291][511]LogModuleManager: Shutting down and abandoning module GameplayTasksEditor (152)
[2017.12.09-11.14.57:291][511]LogModuleManager: Shutting down and abandoning module BehaviorTreeEditor (150)
[2017.12.09-11.14.57:311][511]LogModuleManager: Shutting down and abandoning module FunctionalTesting (148)
[2017.12.09-11.14.57:311][511]LogModuleManager: Shutting down and abandoning module CollisionAnalyzer (146)
[2017.12.09-11.14.57:325][511]LogModuleManager: Shutting down and abandoning module UMG (144)
[2017.12.09-11.14.57:325][511]LogModuleManager: Shutting down and abandoning module UMGEditor (143)
[2017.12.09-11.14.57:325][511]LogModuleManager: Shutting down and abandoning module Sequencer (142)
[2017.12.09-11.14.57:325][511]LogModuleManager: Shutting down and abandoning module AssetTools (140)
[2017.12.09-11.14.57:332][511]LogModuleManager: Shutting down and abandoning module MessageLog (139)
[2017.12.09-11.14.57:332][511]LogModuleManager: Shutting down and abandoning module WorkspaceMenuStructure (138)
[2017.12.09-11.14.57:332][511]LogModuleManager: Shutting down and abandoning module SlateReflector (132)
[2017.12.09-11.14.57:360][511]LogModuleManager: Shutting down and abandoning module Slate (130)
[2017.12.09-11.14.57:360][511]LogModuleManager: Shutting down and abandoning module EditorStyle (128)
[2017.12.09-11.14.57:366][511]LogModuleManager: Shutting down and abandoning module Messaging (126)
[2017.12.09-11.14.57:366][511]LogModuleManager: Shutting down and abandoning module SourceCodeAccess (124)
[2017.12.09-11.14.57:366][511]LogModuleManager: Shutting down and abandoning module HeadMountedDisplay (122)
[2017.12.09-11.14.57:366][511]LogModuleManager: Shutting down and abandoning module XAudio2 (120)
[2017.12.09-11.14.57:366][511]LogModuleManager: Shutting down and abandoning module Networking (118)
[2017.12.09-11.14.57:366][511]LogModuleManager: Shutting down and abandoning module Core (116)
[2017.12.09-11.14.57:366][511]LogModuleManager: Shutting down and abandoning module KismetCompiler (114)
[2017.12.09-11.14.57:366][511]LogModuleManager: Shutting down and abandoning module PhysXFormats (112)
[2017.12.09-11.14.57:366][511]LogModuleManager: Shutting down and abandoning module MeshUtilities (110)
[2017.12.09-11.14.57:367][511]LogModuleManager: Shutting down and abandoning module SimplygonSwarm (109)
[2017.12.09-11.14.57:367][511]LogModuleManager: Shutting down and abandoning module SimplygonMeshReduction (107)
[2017.12.09-11.14.57:367][511]LogModuleManager: Shutting down and abandoning module QuadricMeshReduction (105)
[2017.12.09-11.14.57:367][511]LogModuleManager: Shutting down and abandoning module PropertyEditor (103)
[2017.12.09-11.14.57:367][511]LogModuleManager: Shutting down and abandoning module AssetRegistry (100)
[2017.12.09-11.14.57:367][511]LogModuleManager: Shutting down and abandoning module DerivedDataCache (98)
[2017.12.09-11.14.57:926][511]LogDerivedDataCache: Shutdown
[2017.12.09-11.14.57:926][511]LogModuleManager: Shutting down and abandoning module TargetPlatform (96)
[2017.12.09-11.14.57:926][511]LogModuleManager: Shutting down and abandoning module VulkanShaderFormat (95)
[2017.12.09-11.14.57:926][511]LogModuleManager: Shutting down and abandoning module ShaderFormatOpenGL (93)
[2017.12.09-11.14.57:939][511]LogModuleManager: Shutting down and abandoning module ShaderFormatD3D (91)
[2017.12.09-11.14.57:939][511]LogModuleManager: Shutting down and abandoning module MetalShaderFormat (89)
[2017.12.09-11.14.57:951][511]LogModuleManager: Shutting down and abandoning module TextureFormatUncompressed (87)
[2017.12.09-11.14.57:951][511]LogModuleManager: Shutting down and abandoning module TextureFormatPVR (85)
[2017.12.09-11.14.57:951][511]LogModuleManager: Shutting down and abandoning module TextureFormatDXT (83)
[2017.12.09-11.14.57:951][511]LogModuleManager: Shutting down and abandoning module TextureFormatIntelISPCTexComp (81)
[2017.12.09-11.14.57:951][511]LogModuleManager: Shutting down and abandoning module TextureFormatASTC (79)
[2017.12.09-11.14.57:951][511]LogModuleManager: Shutting down and abandoning module ImageWrapper (78)
[2017.12.09-11.14.57:951][511]LogModuleManager: Shutting down and abandoning module TextureFormatAndroid (75)
[2017.12.09-11.14.57:952][511]LogModuleManager: Shutting down and abandoning module AudioFormatOpus (73)
[2017.12.09-11.14.57:952][511]LogModuleManager: Shutting down and abandoning module AudioFormatOgg (71)
[2017.12.09-11.14.57:952][511]LogModuleManager: Shutting down and abandoning module AudioFormatADPCM (69)
[2017.12.09-11.14.57:952][511]LogModuleManager: Shutting down and abandoning module WindowsTargetPlatform (67)
[2017.12.09-11.14.57:952][511]LogModuleManager: Shutting down and abandoning module WindowsServerTargetPlatform (65)
[2017.12.09-11.14.57:952][511]LogModuleManager: Shutting down and abandoning module WindowsNoEditorTargetPlatform (63)
[2017.12.09-11.14.57:952][511]LogModuleManager: Shutting down and abandoning module WindowsClientTargetPlatform (61)
[2017.12.09-11.14.57:952][511]LogModuleManager: Shutting down and abandoning module InputCore (58)
[2017.12.09-11.14.57:952][511]LogModuleManager: Shutting down and abandoning module Settings (56)
[2017.12.09-11.14.57:952][511]LogModuleManager: Shutting down and abandoning module OculusRift (54)
[2017.12.09-11.14.57:952][511]LogModuleManager: Shutting down and abandoning module GearVR (52)
[2017.12.09-11.14.57:952][511]LogModuleManager: Shutting down and abandoning module ExampleDeviceProfileSelector (50)
[2017.12.09-11.14.57:952][511]LogModuleManager: Shutting down and abandoning module OnlineBlueprintSupport (48)
[2017.12.09-11.14.57:952][511]LogModuleManager: Shutting down and abandoning module OnlineSubsystem (44)
[2017.12.09-11.14.57:952][511]LogOnline:Display: OSS: FOnlineSubsystemNull::Shutdown()
[2017.12.09-11.14.57:953][511]LogOnline:Display: Unloading online subsystem: STEAM
[2017.12.09-11.14.57:953][511]LogOnline:Display: Unloading online subsystem: NULL
[2017.12.09-11.14.57:953][511]LogModuleManager: Shutting down and abandoning module XMPP (37)
[2017.12.09-11.14.57:966][511]LogModuleManager: Shutting down and abandoning module HTTP (35)
[2017.12.09-11.14.58:007][511]LogModuleManager: Shutting down and abandoning module SSL (34)
[2017.12.09-11.14.58:013][511]LogModuleManager: Shutting down and abandoning module AudioEditor (30)
[2017.12.09-11.14.58:013][511]LogModuleManager: Shutting down and abandoning module TextureCompressor (28)
[2017.12.09-11.14.58:022][511]LogModuleManager: Shutting down and abandoning module ShaderCore (26)
[2017.12.09-11.14.58:022][511]LogModuleManager: Shutting down and abandoning module Landscape (24)
[2017.12.09-11.14.58:022][511]LogModuleManager: Shutting down and abandoning module SlateRHIRenderer (22)
[2017.12.09-11.14.58:040][511]LogModuleManager: Shutting down and abandoning module OpenGLDrv (20)
[2017.12.09-11.14.58:053][511]LogModuleManager: Shutting down and abandoning module D3D11RHI (18)
[2017.12.09-11.14.58:053][511]LogModuleManager: Shutting down and abandoning module AnimGraphRuntime (16)
[2017.12.09-11.14.58:053][511]LogModuleManager: Shutting down and abandoning module Renderer (14)
[2017.12.09-11.14.58:053][511]LogModuleManager: Shutting down and abandoning module Engine (12)
[2017.12.09-11.14.58:053][511]LogModuleManager: Shutting down and abandoning module CoreUObject (10)
[2017.12.09-11.14.58:053][511]LogModuleManager: Shutting down and abandoning module NetworkFile (8)
[2017.12.09-11.14.58:053][511]LogModuleManager: Shutting down and abandoning module StreamingFile (6)
[2017.12.09-11.14.58:053][511]LogModuleManager: Shutting down and abandoning module SandboxFile (4)
[2017.12.09-11.14.58:053][511]LogModuleManager: Shutting down and abandoning module PakFile (2)
[2017.12.09-11.14.58:062][511]LogExit: Exiting.
[2017.12.09-11.14.58:066][511]Log file closed, 12/09/17 12:14:58
