Log file open, 12/18/17 20:49:20
LogInit:Display: Running engine for game: WalkonG2
LogPlatformFile: Not using cached read wrapper
LogInit:Display: RandInit(-1554401494) SRandInit(-1554401494).
LogTaskGraph: Started task graph with 5 named threads and 8 total threads with 1 sets of task threads.
LogStats: Stats thread started at 0.069093
LogInit: Using libcurl 7.47.1
LogInit:  - built for x86_64-pc-win32
LogInit:  - supports SSL with OpenSSL/1.0.2g
LogInit:  - supports HTTP deflate (compression) using libz 1.2.8
LogInit:  - other features:
LogInit:      CURL_VERSION_SSL
LogInit:      CURL_VERSION_LIBZ
LogInit:      CURL_VERSION_IPV6
LogInit:      CURL_VERSION_ASYNCHDNS
LogInit:      CURL_VERSION_LARGEFILE
LogInit:      CURL_VERSION_IDN
LogInit:  CurlRequestOptions (configurable via config and command line):
LogInit:  - bVerifyPeer = false  - Libcurl will NOT verify peer certificate
LogInit:  - bUseHttpProxy = false  - Libcurl will NOT use HTTP proxy
LogInit:  - bDontReuseConnections = false  - Libcurl will reuse connections
LogInit:  - CertBundlePath = nullptr  - Libcurl will use whatever was configured at build time.
LogOnline:Display: STEAM: Loading Steam SDK 1.32
LogOnline:Warning: STEAM: Steam API disabled!
LogOnline:Display: STEAM: OnlineSubsystemSteam::Shutdown()
LogInit: WinSock: version 1.1 (2.2), MaxSocks=32767, MaxUdp=65467
LogInit: Build: ++UE4+Release-4.15-CL-3450819
LogInit: Engine Version: 4.15.3-3450819+++UE4+Release-4.15
LogInit: Compatible Engine Version: 4.15.0-3299760+++UE4+Release-4.15
LogInit: Net CL: 3299760
LogDevObjectVersion: Number of dev versions registered: 14
LogDevObjectVersion:   Dev-Blueprints (B0D832E4-1F89-4F0D-ACCF-7EB736FD4AA2): 8
LogDevObjectVersion:   Dev-Build (E1C64328-A22C-4D53-A36C-8E866417BD8C): 0
LogDevObjectVersion:   Dev-Core (375EC13C-06E4-48FB-B500-84F0262A717E): 2
LogDevObjectVersion:   Dev-Editor (E4B068ED-F494-42E9-A231-DA0B2E46BB41): 14
LogDevObjectVersion:   Dev-Framework (CFFC743F-43B0-4480-9391-14DF171D2073): 22
LogDevObjectVersion:   Dev-Mobile (B02B49B5-BB20-44E9-A304-32B752E40360): 0
LogDevObjectVersion:   Dev-Networking (A4E4105C-59A1-49B5-A7C5-40C4547EDFEE): 0
LogDevObjectVersion:   Dev-Online (39C831C9-5AE6-47DC-9A44-9C173E1C8E7C): 0
LogDevObjectVersion:   Dev-Physics (78F01B33-EBEA-4F98-B9B4-84EACCB95AA2): 0
LogDevObjectVersion:   Dev-Platform (6631380F-2D4D-43E0-8009-CF276956A95A): 0
LogDevObjectVersion:   Dev-Rendering (12F88B9F-8875-4AFC-A67C-D90C383ABD29): 12
LogDevObjectVersion:   Dev-Sequencer (7B5AE74C-D270-4C10-A958-57980B212A5A): 3
LogDevObjectVersion:   Dev-VR (D7296918-1DD6-4BDD-9DE2-64A83CC13884): 0
LogDevObjectVersion:   Dev-LoadTimes (C2A15278-BFE7-4AFE-6C17-90FF531DF755): 1
LogInit: Compiled (64-bit): May 21 2017 11:02:34
LogInit: Compiled with Visual C++: 19.00.23026.00
LogInit: Build Configuration: Development
LogInit: Branch Name: ++UE4+Release-4.15
LogInit: Command line:  
LogInit: Base directory: C:/Program Files/Epic Games/UE_4.15/Engine/Binaries/Win64/
LogInit: Installed Engine Build: 1
LogInit: Presizing for max 8388607 objects, including 0 objects not considered by GC, pre-allocating 0 bytes for permanent pool.
LogInit: Object subsystem initialized
[2017.12.18-19.49.21:468][  0]LogInit: Selected Device Profile: [Windows]
[2017.12.18-19.49.21:468][  0]LogInit: Applying CVar settings loaded from the selected device profile: [Windows]
[2017.12.18-19.49.21:475][  0]LogInit: Computer: DEVPC
[2017.12.18-19.49.21:475][  0]LogInit: User: Aron
[2017.12.18-19.49.21:475][  0]LogInit: CPU Page size=65536, Cores=4
[2017.12.18-19.49.21:475][  0]LogInit: High frequency timer resolution =3.903991 MHz
[2017.12.18-19.49.21:475][  0]LogMemory: Memory total: Physical=15.9GB (16GB approx)
[2017.12.18-19.49.21:475][  0]LogMemory: Platform Memory Stats for Windows
[2017.12.18-19.49.21:475][  0]LogMemory: Process Physical Memory: 265.40 MB used, 265.40 MB peak
[2017.12.18-19.49.21:475][  0]LogMemory: Process Virtual Memory: 262.79 MB used, 262.79 MB peak
[2017.12.18-19.49.21:475][  0]LogMemory: Physical Memory: 2732.48 MB used,  13593.34 MB free, 16325.82 MB total
[2017.12.18-19.49.21:475][  0]LogMemory: Virtual Memory: 681.62 MB used,  13593.34 MB free, 134217728.00 MB total
[2017.12.18-19.49.21:542][  0]LogTextLocalizationManager: No translations for ('hr-HR') exist, falling back to 'en' for localization and internationalization data.
[2017.12.18-19.49.22:020][  0]LogD3D11RHI: D3D11 adapters:
[2017.12.18-19.49.22:035][  0]LogD3D11RHI:    0. 'AMD Radeon (TM) R9 390 Series' (Feature Level 11_0)
[2017.12.18-19.49.22:035][  0]LogD3D11RHI:       8168/0/8162 MB DedicatedVideo/DedicatedSystem/SharedSystem, Outputs:3, VendorId:0x1002
[2017.12.18-19.49.22:037][  0]LogD3D11RHI:    1. 'Microsoft Basic Render Driver' (Feature Level 11_0)
[2017.12.18-19.49.22:037][  0]LogD3D11RHI:       0/0/8162 MB DedicatedVideo/DedicatedSystem/SharedSystem, Outputs:0, VendorId:0x1414
[2017.12.18-19.49.22:037][  0]LogD3D11RHI: Chosen D3D11 Adapter: 0
[2017.12.18-19.49.22:039][  0]LogD3D11RHI: Creating new Direct3DDevice
[2017.12.18-19.49.22:040][  0]LogD3D11RHI:     GPU DeviceId: 0x67b0 (for the marketing name, search the web for "GPU Device Id")
[2017.12.18-19.49.22:040][  0]LogWindows: EnumDisplayDevices:
[2017.12.18-19.49.22:040][  0]LogWindows:    0. 'AMD Radeon (TM) R9 390 Series' (P:1 D:1)
[2017.12.18-19.49.22:040][  0]LogWindows:    1. 'AMD Radeon (TM) R9 390 Series' (P:0 D:1)
[2017.12.18-19.49.22:040][  0]LogWindows:    2. 'AMD Radeon (TM) R9 390 Series' (P:0 D:1)
[2017.12.18-19.49.22:040][  0]LogWindows:    3. 'AMD Radeon (TM) R9 390 Series' (P:0 D:0)
[2017.12.18-19.49.22:040][  0]LogWindows:    4. 'AMD Radeon (TM) R9 390 Series' (P:0 D:0)
[2017.12.18-19.49.22:040][  0]LogWindows:    5. 'AMD Radeon (TM) R9 390 Series' (P:0 D:0)
[2017.12.18-19.49.22:040][  0]LogWindows: DebugString: GetVideoDriverDetailsInvalid PrimaryIsNotTheChoosenAdapter GetVideoDriverDetailsInvalid PrimaryIsNotTheChoosenAdapter GetVideoDriverDetailsInvalid PrimaryIsNotTheChoosenAdapter GetVideoDriverDetailsInvalid PrimaryIsNotTheChoosenAdapter GetVideoDriverDetailsInvalid PrimaryIsNotTheChoosenAdapter GetVideoDriverDetailsInvalid PrimaryIsNotTheChoosenAdapter FoundDriverCount:0 
[2017.12.18-19.49.22:040][  0]LogD3D11RHI:     Adapter Name: AMD Radeon (TM) R9 390 Series
[2017.12.18-19.49.22:040][  0]LogD3D11RHI:   Driver Version: Unknown (internal:Unknown, unified:Unknown)
[2017.12.18-19.49.22:040][  0]LogD3D11RHI:      Driver Date: Unknown
[2017.12.18-19.49.22:040][  0]LogRHI: Texture pool is 1361 MB (70% of 1945 MB)
[2017.12.18-19.49.22:059][  0]LogD3D11RHI: Async texture creation enabled
[2017.12.18-19.49.22:072][  0]LogD3D11RHI: GPU Timing Frequency: 27.000000 (Debug: 2 1)
[2017.12.18-19.49.22:073][  0]LogShaderCompilers: Guid format shader working directory is 10 characters bigger than the processId version (E:/Buisness/Unreal/WalkonG2/WalkonG2/Intermediate/Shaders/WorkingDirectory/812/).
[2017.12.18-19.49.22:073][  0]LogShaderCompilers: Cleaned the shader compiler working directory 'C:/Users/Aron/AppData/Local/Temp/UnrealShaderWorkingDir/2B76F35640071107CE4103991C1A1F36/'.
[2017.12.18-19.49.22:073][  0]LogShaderCompilers:Display: Using Local Shader Compiler.
[2017.12.18-19.49.22:941][  0]LogTemp:Display: Loaded TP AllDesktopTargetPlatform
[2017.12.18-19.49.22:984][  0]LogTemp:Display: Loaded TP MacClientTargetPlatform
[2017.12.18-19.49.23:027][  0]LogTemp:Display: Loaded TP MacNoEditorTargetPlatform
[2017.12.18-19.49.23:071][  0]LogTemp:Display: Loaded TP MacServerTargetPlatform
[2017.12.18-19.49.23:115][  0]LogTemp:Display: Loaded TP MacTargetPlatform
[2017.12.18-19.49.23:158][  0]LogTemp:Display: Loaded TP WindowsClientTargetPlatform
[2017.12.18-19.49.23:202][  0]LogTemp:Display: Loaded TP WindowsNoEditorTargetPlatform
[2017.12.18-19.49.23:246][  0]LogTemp:Display: Loaded TP WindowsServerTargetPlatform
[2017.12.18-19.49.23:283][  0]LogTemp:Display: Loaded TP WindowsTargetPlatform
[2017.12.18-19.49.23:325][  0]LogTemp:Display: Loaded TP AndroidTargetPlatform
[2017.12.18-19.49.23:368][  0]LogTemp:Display: Loaded TP Android_ASTCTargetPlatform
[2017.12.18-19.49.23:411][  0]LogTemp:Display: Loaded TP Android_ATCTargetPlatform
[2017.12.18-19.49.23:454][  0]LogTemp:Display: Loaded TP Android_DXTTargetPlatform
[2017.12.18-19.49.23:497][  0]LogTemp:Display: Loaded TP Android_ETC1TargetPlatform
[2017.12.18-19.49.23:539][  0]LogTemp:Display: Loaded TP Android_ETC2TargetPlatform
[2017.12.18-19.49.23:625][  0]LogTemp:Display: Loaded TP Android_MultiTargetPlatform
[2017.12.18-19.49.23:625][  0]LogTemp:Display: Loaded TP Android_PVRTCTargetPlatform
[2017.12.18-19.49.23:656][  0]LogTemp:Display: Loaded TP HTML5TargetPlatform
[2017.12.18-19.49.23:737][  0]LogTemp:Display: Loaded TP IOSTargetPlatform
[2017.12.18-19.49.23:763][  0]LogTemp:Display: Loaded TP TVOSTargetPlatform
[2017.12.18-19.49.23:806][  0]LogTemp:Display: Loaded TP LinuxClientTargetPlatform
[2017.12.18-19.49.23:848][  0]LogTemp:Display: Loaded TP LinuxNoEditorTargetPlatform
[2017.12.18-19.49.23:891][  0]LogTemp:Display: Loaded TP LinuxServerTargetPlatform
[2017.12.18-19.49.23:933][  0]LogTemp:Display: Loaded TP LinuxTargetPlatform
[2017.12.18-19.49.23:933][  0]LogTargetPlatformManager:Display: Building Assets For Windows
[2017.12.18-19.49.24:285][  0]LogDerivedDataCache:Display: Max Cache Size: 512 MB
[2017.12.18-19.49.24:328][  0]LogDerivedDataCache: Loaded boot cache 0.04s 50MB C:/Users/Aron/AppData/Local/UnrealEngine/4.15/DerivedDataCache/Boot.ddc.
[2017.12.18-19.49.24:328][  0]LogDerivedDataCache:Display: Loaded Boot cache: C:/Users/Aron/AppData/Local/UnrealEngine/4.15/DerivedDataCache/Boot.ddc
[2017.12.18-19.49.24:328][  0]LogDerivedDataCache: FDerivedDataBackendGraph:  Pak pak cache file E:/Buisness/Unreal/WalkonG2/WalkonG2/DerivedDataCache/DDC.ddp not found, will not use a pak cache.
[2017.12.18-19.49.24:328][  0]LogDerivedDataCache: Unable to find inner node Pak for hierarchical cache Hierarchy.
[2017.12.18-19.49.24:328][  0]LogDerivedDataCache: FDerivedDataBackendGraph:  CompressedPak pak cache file E:/Buisness/Unreal/WalkonG2/WalkonG2/DerivedDataCache/Compressed.ddp not found, will not use a pak cache.
[2017.12.18-19.49.24:328][  0]LogDerivedDataCache: Unable to find inner node CompressedPak for hierarchical cache Hierarchy.
[2017.12.18-19.49.24:341][  0]LogDerivedDataCache:Display: Pak cache opened for reading ../../../Engine/DerivedDataCache/Compressed.ddp.
[2017.12.18-19.49.24:354][  0]LogDerivedDataCache: Using Local data cache path C:/Users/Aron/AppData/Local/UnrealEngine/Common/DerivedDataCache: Writable
[2017.12.18-19.49.24:361][  0]LogSlate: Using Freetype 2.6.0
[2017.12.18-19.49.24:361][  0]LogSlate: SlateFontCache - WITH_FREETYPE: 1, WITH_HARFBUZZ: 1
[2017.12.18-19.49.24:361][  0]LogSlate: SlateFontCache - WITH_FREETYPE: 1, WITH_HARFBUZZ: 1
[2017.12.18-19.49.24:572][  0]LogInit: Selected Device Profile: [Windows]
[2017.12.18-19.49.24:574][  0]LogContentStreaming: Texture pool size is 0.00 MB
[2017.12.18-19.49.24:737][  0]LogMeshUtilities: Using QuadricMeshReduction for automatic static mesh reduction
[2017.12.18-19.49.24:772][  0]LogSimplygon: Simplygon DLL not present - disabling.
[2017.12.18-19.49.24:808][  0]LogMeshUtilities: Using SimplygonSwarm for distributed automatic mesh merging
[2017.12.18-19.49.24:808][  0]LogMeshUtilities: No automatic skeletal mesh reduction module available
[2017.12.18-19.49.24:808][  0]LogMeshUtilities: No automatic mesh merging module available
[2017.12.18-19.49.25:218][  0]LogNetVersion: GetLocalNetworkVersion: CL: 3299760, ProjectName: walkong2, ProjectVersion: , EngineNetworkVersion: 2, GameNetworkVersion: 0, NetworkChecksum: 2522600614
[2017.12.18-19.49.25:260][  0]LogAssetRegistry: FAssetRegistry took 0.0219 seconds to start up
[2017.12.18-19.49.25:293][  0]LogPackageLocalizationCache: Processed 3 localized package path(s) for 1 prioritized culture(s) in 0.012470 seconds
[2017.12.18-19.49.25:297][  0]LogUObjectArray: 32500 objects as part of root set at end of initial load.
[2017.12.18-19.49.25:297][  0]LogUObjectAllocator: 7290888 out of 0 bytes used by permanent object pool.
[2017.12.18-19.49.25:297][  0]LogUObjectArray: CloseDisregardForGC: 0/0 objects in disregard for GC pool
[2017.12.18-19.49.26:562][  0]LogTcpMessaging: Initializing TcpMessaging bridge
[2017.12.18-19.49.26:595][  0]LogUdpMessaging: Initializing bridge on interface 0.0.0.0:0 to multicast group 230.0.0.1:6666.
[2017.12.18-19.49.27:027][  0]LogMaterial: Uniform references updated for custom material expression Custom.
[2017.12.18-19.49.27:322][  0]SourceControl: Info Source control is disabled
[2017.12.18-19.49.28:845][  0]LogEngine: Initializing Engine...
[2017.12.18-19.49.28:846][  0]LogHMD: Failed to initialize OpenVR with code 110
[2017.12.18-19.49.28:972][  0]LogStats: UGameplayTagsManager::ConstructGameplayTagTree: Construct from data asset -  0.000 s
[2017.12.18-19.49.28:972][  0]LogStats: UGameplayTagsManager::ConstructGameplayTagTree: GameplayTagTreeChangedEvent.Broadcast -  0.000 s
[2017.12.18-19.49.29:069][  0]LogAIModule: Creating AISystem for world Untitled
[2017.12.18-19.49.29:077][  0]LogInit: XAudio2 using 'Speakers (Realtek High Definition Audio)' : 2 channels at 48 kHz using 32 bits per sample (channel mask 0x3)
[2017.12.18-19.49.29:102][  0]LogInit: FAudioDevice initialized.
[2017.12.18-19.49.29:123][  0]LogDerivedDataCache: Saved boot cache 0.02s 50MB C:/Users/Aron/AppData/Local/UnrealEngine/4.15/DerivedDataCache/Boot.ddc.
[2017.12.18-19.49.29:126][  0]LogInit: Texture streaming: Enabled
[2017.12.18-19.49.29:199][  0]LogEngineSessionManager: EngineSessionManager initialized
[2017.12.18-19.49.29:269][  0]LogInit: Transaction tracking system initialized
[2017.12.18-19.49.29:551][  0]BlueprintLog: New page: Editor Load
[2017.12.18-19.49.30:247][  0]LocalizationService: Info Localization service is disabled
[2017.12.18-19.49.30:784][  0]LogConsoleResponse:Display: 
[2017.12.18-19.49.30:876][  0]LogCook:Display: Max memory allowance for cook 16384mb min free memory 0mb
[2017.12.18-19.49.30:876][  0]LogCook:Display: Mobile HDR setting 1
[2017.12.18-19.49.30:917][  0]LogFileCache: Scanning file cache for directory 'E:/Buisness/Unreal/WalkonG2/WalkonG2/Content/' took 0.01s
[2017.12.18-19.49.31:839][  0]Cmd: MAP LOAD FILE="E:/Buisness/Unreal/WalkonG2/WalkonG2/Content/Maps/MainMenu.umap" TEMPLATE=0 SHOWPROGRESS=1 FEATURELEVEL=3
[2017.12.18-19.49.31:840][  0]LightingResults: New page: Lighting Build
[2017.12.18-19.49.31:873][  0]MapCheck: New page: Map Check
[2017.12.18-19.49.31:873][  0]LightingResults: New page: Lighting Build
[2017.12.18-19.49.31:929][  0]LogLinker: Can't find file '/Game/Mannequin/Character/Textures/UE4_LOGO_CARD'
[2017.12.18-19.49.31:929][  0]LogLinker: Can't find file '/Game/Mannequin/Character/Textures/UE4_LOGO_CARD'
[2017.12.18-19.49.32:207][  0]LogAIModule: Creating AISystem for world MainMenu
[2017.12.18-19.49.32:220][  0]LogEditorServer: Finished looking for orphan Actors (0.000 secs)
[2017.12.18-19.49.32:220][  0]Cmd: MAP CHECKDEP NOCLEARLOG
[2017.12.18-19.49.32:248][  0]MapCheck: Info Map check complete: 0 Error(s), 0 Warning(s), took 27.23ms to complete.
[2017.12.18-19.49.32:248][  0]LogFileHelpers: Loading map 'MainMenu' took 0.408
[2017.12.18-19.49.32:496][  0]LogCollectionManager: Loaded 0 collections in 0.001179 seconds
[2017.12.18-19.49.32:577][  0]LogFileCache: Scanning file cache for directory 'E:/Buisness/Unreal/WalkonG2/WalkonG2/Saved/Collections/' took 0.01s
[2017.12.18-19.49.32:577][  0]LogFileCache: Scanning file cache for directory 'E:/Buisness/Unreal/WalkonG2/WalkonG2/Content/Developers/Aron/Collections/' took 0.01s
[2017.12.18-19.49.32:577][  0]LogFileCache: Scanning file cache for directory 'E:/Buisness/Unreal/WalkonG2/WalkonG2/Content/Collections/' took 0.01s
[2017.12.18-19.49.32:577][  0]LogCollectionManager: Rebuilt the GUID cache for 0 collections in 0.000001 seconds
[2017.12.18-19.49.32:585][  0]LogContentBrowser: Native class hierarchy populated in 0.0070 seconds. Added 2247 classes and 456 folders.
[2017.12.18-19.49.32:638][  0]LogContentBrowser: Native class hierarchy updated for 'WidgetCarousel' in 0.0007 seconds. Added 0 classes and 0 folders.
[2017.12.18-19.49.32:665][  0]LogContentBrowser: Native class hierarchy updated for 'AddContentDialog' in 0.0007 seconds. Added 0 classes and 0 folders.
[2017.12.18-19.49.32:702][  0]LogContentBrowser: Native class hierarchy updated for 'SceneOutliner' in 0.0007 seconds. Added 1 classes and 2 folders.
[2017.12.18-19.49.32:778][  0]LogCrashTracker: Crashtracker disabled due to settings.
[2017.12.18-19.49.32:783][  0]LogUObjectGlobals:Warning: Failed to find object 'Class None.'
[2017.12.18-19.49.32:841][  0]LogContentBrowser: Native class hierarchy updated for 'HierarchicalLODOutliner' in 0.0008 seconds. Added 1 classes and 2 folders.
[2017.12.18-19.49.32:841][  0]LogLoad: (Engine Initialization) Total time: 13.04 seconds
[2017.12.18-19.49.32:841][  0]LogLoad: (Engine Initialization) Total Blueprint compile time: 0.17 seconds
[2017.12.18-19.49.32:841][  0]LogExternalProfiler: Found external profiler: VSPerf
[2017.12.18-19.49.32:841][  0]LogExternalProfiler: Using external profiler: VSPerf
[2017.12.18-19.49.33:192][  0]LogSteamController: SteamController is not available
[2017.12.18-19.49.33:192][  0]LogOcInput: OculusInput pre-init called
[2017.12.18-19.49.33:219][  0]SourceControl: Info On branch master
[2017.12.18-19.49.33:219][  0]SourceControl: Info Your branch is up to date with 'origin/master'.
[2017.12.18-19.49.33:219][  0]SourceControl: Info Changes to be committed:
[2017.12.18-19.49.33:219][  0]SourceControl: Info   (use "git reset HEAD <file>..." to unstage)
[2017.12.18-19.49.33:219][  0]SourceControl: Info 	new file:   WalkonG2/Content/Blueprints/AllLevels/ArrowDamage.uasset
[2017.12.18-19.49.33:219][  0]SourceControl: Info 	new file:   WalkonG2/Content/Characters/Erika/ArcherAnimBP.uasset
[2017.12.18-19.49.33:219][  0]SourceControl: Info 	new file:   WalkonG2/Content/Characters/Erika/ArcherBP.uasset
[2017.12.18-19.49.33:219][  0]SourceControl: Info 	modified:   WalkonG2/Content/Characters/Erika/ErikaBP.uasset
[2017.12.18-19.49.33:219][  0]SourceControl: Info 	new file:   WalkonG2/Content/UI/TestLevel/ArcherUMG.uasset
[2017.12.18-19.49.33:219][  0]SourceControl: Info Changes not staged for commit:
[2017.12.18-19.49.33:220][  0]SourceControl: Info   (use "git add/rm <file>..." to update what will be committed)
[2017.12.18-19.49.33:220][  0]SourceControl: Info   (use "git checkout -- <file>..." to discard changes in working directory)
[2017.12.18-19.49.33:220][  0]SourceControl: Info 	modified:   WalkonG2/Content/Blueprints/Gameplay/GameplayPC.uasset
[2017.12.18-19.49.33:220][  0]SourceControl: Info 	modified:   WalkonG2/Content/Characters/Erika/Animations/AnimMontages/EricaDeath02_Montage.uasset
[2017.12.18-19.49.33:220][  0]SourceControl: Info 	modified:   WalkonG2/Content/Characters/Erika/ArcherAnimBP.uasset
[2017.12.18-19.49.33:220][  0]SourceControl: Info 	modified:   WalkonG2/Content/Characters/Erika/ArcherBP.uasset
[2017.12.18-19.49.33:220][  0]SourceControl: Info 	modified:   WalkonG2/Content/Characters/Erika/Equipment/ArrowProjectile.uasset
[2017.12.18-19.49.33:220][  0]SourceControl: Info 	modified:   WalkonG2/Content/Characters/Erika/ErikaBP.uasset
[2017.12.18-19.49.33:220][  0]SourceControl: Info 	modified:   WalkonG2/Content/Characters/Paladin/PaladinBP.uasset
[2017.12.18-19.49.33:220][  0]SourceControl: Info 	modified:   WalkonG2/Content/Maps/ArenaMap.umap
[2017.12.18-19.49.33:220][  0]SourceControl: Info 	modified:   WalkonG2/Content/UI/Lobby/CharacterSelect.uasset
[2017.12.18-19.49.33:220][  0]SourceControl: Info 	modified:   WalkonG2/Content/UI/TestLevel/ArcherUMG.uasset
[2017.12.18-19.49.33:220][  0]SourceControl: Info 	modified:   WalkonG2/Content/UI/TestLevel/ChooseCharacter.uasset
[2017.12.18-19.49.33:220][  0]SourceControl: Info 	modified:   WalkonG2/Intermediate/CachedAssetRegistry.bin
[2017.12.18-19.49.33:220][  0]SourceControl: Info 	modified:   WalkonG2/Saved/AutoScreenshot.png
[2017.12.18-19.49.33:220][  0]SourceControl: Info 	modified:   WalkonG2/Saved/Autosaves/Game/Characters/Erika/ErikaBP_Auto3.uasset
[2017.12.18-19.49.33:220][  0]SourceControl: Info 	modified:   WalkonG2/Saved/Autosaves/Game/Characters/Erika/ErikaBP_Auto4.uasset
[2017.12.18-19.49.33:220][  0]SourceControl: Info 	modified:   WalkonG2/Saved/Autosaves/PackageRestoreData.json
[2017.12.18-19.49.33:220][  0]SourceControl: Info 	modified:   WalkonG2/Saved/Config/Windows/Editor.ini
[2017.12.18-19.49.33:220][  0]SourceControl: Info 	modified:   WalkonG2/Saved/Config/Windows/EditorPerProjectUserSettings.ini
[2017.12.18-19.49.33:220][  0]SourceControl: Info 	deleted:    WalkonG2/Saved/Logs/UE4CC-Windows-00F10EDC4E8786FC7BE3B3BDA4F00A2D/CrashReportClient.ini
[2017.12.18-19.49.33:220][  0]SourceControl: Info 	deleted:    WalkonG2/Saved/Logs/UE4CC-Windows-00F10EDC4E8786FC7BE3B3BDA4F00A2D_0000/CrashContext.runtime-xml
[2017.12.18-19.49.33:220][  0]SourceControl: Info 	deleted:    WalkonG2/Saved/Logs/UE4CC-Windows-00F10EDC4E8786FC7BE3B3BDA4F00A2D_0000/CrashReportClient.ini
[2017.12.18-19.49.33:220][  0]SourceControl: Info 	deleted:    WalkonG2/Saved/Logs/UE4CC-Windows-00F10EDC4E8786FC7BE3B3BDA4F00A2D_0000/UE4Minidump.dmp
[2017.12.18-19.49.33:220][  0]SourceControl: Info 	deleted:    WalkonG2/Saved/Logs/UE4CC-Windows-00F10EDC4E8786FC7BE3B3BDA4F00A2D_0000/WalkonG2.log
[2017.12.18-19.49.33:220][  0]SourceControl: Info 	deleted:    WalkonG2/Saved/Logs/UE4CC-Windows-010184374EB679E4142DC8AAA1775641_0000/CrashContext.runtime-xml
[2017.12.18-19.49.33:220][  0]SourceControl: Info 	deleted:    WalkonG2/Saved/Logs/UE4CC-Windows-010184374EB679E4142DC8AAA1775641_0000/UE4Minidump.dmp
[2017.12.18-19.49.33:220][  0]SourceControl: Info 	deleted:    WalkonG2/Saved/Logs/UE4CC-Windows-010184374EB679E4142DC8AAA1775641_0000/WalkonG2.log
[2017.12.18-19.49.33:221][  0]SourceControl: Info 	deleted:    WalkonG2/Saved/Logs/UE4CC-Windows-1461C2C842CE0736960F8CBBCBA67D32/CrashReportClient.ini
[2017.12.18-19.49.33:221][  0]SourceControl: Info 	deleted:    WalkonG2/Saved/Logs/UE4CC-Windows-1DB4DE674439DEDA2187FE93EB920357/CrashReportClient.ini
[2017.12.18-19.49.33:221][  0]SourceControl: Info 	deleted:    WalkonG2/Saved/Logs/UE4CC-Windows-204B8DB242D91310861C95BA4ECB8913/CrashReportClient.ini
[2017.12.18-19.49.33:221][  0]SourceControl: Info 	deleted:    WalkonG2/Saved/Logs/UE4CC-Windows-59126485474FB49CE5C4048071444785/CrashReportClient.ini
[2017.12.18-19.49.33:221][  0]SourceControl: Info 	deleted:    WalkonG2/Saved/Logs/UE4CC-Windows-5ACFF8814C7CAB847D97AC8517DF5E5B/CrashReportClient.ini
[2017.12.18-19.49.33:221][  0]SourceControl: Info 	deleted:    WalkonG2/Saved/Logs/UE4CC-Windows-5ACFF8814C7CAB847D97AC8517DF5E5B_0000/CrashContext.runtime-xml
[2017.12.18-19.49.33:221][  0]SourceControl: Info 	deleted:    WalkonG2/Saved/Logs/UE4CC-Windows-5ACFF8814C7CAB847D97AC8517DF5E5B_0000/CrashReportClient.ini
[2017.12.18-19.49.33:221][  0]SourceControl: Info 	deleted:    WalkonG2/Saved/Logs/UE4CC-Windows-5ACFF8814C7CAB847D97AC8517DF5E5B_0000/UE4Minidump.dmp
[2017.12.18-19.49.33:221][  0]SourceControl: Info 	deleted:    WalkonG2/Saved/Logs/UE4CC-Windows-5ACFF8814C7CAB847D97AC8517DF5E5B_0000/WalkonG2.log
[2017.12.18-19.49.33:221][  0]SourceControl: Info 	deleted:    WalkonG2/Saved/Logs/UE4CC-Windows-5F0C4F0D409B42D5316E46B035F0CAA3/CrashReportClient.ini
[2017.12.18-19.49.33:221][  0]SourceControl: Info 	deleted:    WalkonG2/Saved/Logs/UE4CC-Windows-64D172CA4766C35A1D8385BDA341E440/CrashReportClient.ini
[2017.12.18-19.49.33:221][  0]SourceControl: Info 	deleted:    WalkonG2/Saved/Logs/UE4CC-Windows-687BC6B54168575FA9913E893BAE70B3/CrashReportClient.ini
[2017.12.18-19.49.33:221][  0]SourceControl: Info 	deleted:    WalkonG2/Saved/Logs/UE4CC-Windows-687BC6B54168575FA9913E893BAE70B3_0000/CrashContext.runtime-xml
[2017.12.18-19.49.33:221][  0]SourceControl: Info 	deleted:    WalkonG2/Saved/Logs/UE4CC-Windows-687BC6B54168575FA9913E893BAE70B3_0000/CrashReportClient.ini
[2017.12.18-19.49.33:221][  0]SourceControl: Info 	deleted:    WalkonG2/Saved/Logs/UE4CC-Windows-687BC6B54168575FA9913E893BAE70B3_0000/UE4Minidump.dmp
[2017.12.18-19.49.33:221][  0]SourceControl: Info 	deleted:    WalkonG2/Saved/Logs/UE4CC-Windows-687BC6B54168575FA9913E893BAE70B3_0000/WalkonG2.log
[2017.12.18-19.49.33:221][  0]SourceControl: Info 	deleted:    WalkonG2/Saved/Logs/UE4CC-Windows-76C980B144EF96E8246B7F8C2B97E369/CrashReportClient.ini
[2017.12.18-19.49.33:221][  0]SourceControl: Info 	deleted:    WalkonG2/Saved/Logs/UE4CC-Windows-8CA5D05345DBE9866A17BAAD240D4FAD/CrashReportClient.ini
[2017.12.18-19.49.33:221][  0]SourceControl: Info 	deleted:    WalkonG2/Saved/Logs/UE4CC-Windows-8CA5D05345DBE9866A17BAAD240D4FAD_0000/CrashContext.runtime-xml
[2017.12.18-19.49.33:221][  0]SourceControl: Info 	deleted:    WalkonG2/Saved/Logs/UE4CC-Windows-8CA5D05345DBE9866A17BAAD240D4FAD_0000/CrashReportClient.ini
[2017.12.18-19.49.33:221][  0]SourceControl: Info 	deleted:    WalkonG2/Saved/Logs/UE4CC-Windows-8CA5D05345DBE9866A17BAAD240D4FAD_0000/UE4Minidump.dmp
[2017.12.18-19.49.33:221][  0]SourceControl: Info 	deleted:    WalkonG2/Saved/Logs/UE4CC-Windows-8CA5D05345DBE9866A17BAAD240D4FAD_0000/WalkonG2.log
[2017.12.18-19.49.33:221][  0]SourceControl: Info 	deleted:    WalkonG2/Saved/Logs/UE4CC-Windows-A421342E40FB3C9C89FAE1A27C051EB9/CrashReportClient.ini
[2017.12.18-19.49.33:221][  0]SourceControl: Info 	deleted:    WalkonG2/Saved/Logs/WalkonG2-backup-2017.12.12-18.14.26.log
[2017.12.18-19.49.33:221][  0]SourceControl: Info 	deleted:    WalkonG2/Saved/Logs/WalkonG2-backup-2017.12.16-12.07.26.log
[2017.12.18-19.49.33:221][  0]SourceControl: Info 	modified:   WalkonG2/Saved/Logs/WalkonG2.log
[2017.12.18-19.49.33:221][  0]SourceControl: Info 	deleted:    WalkonG2/Saved/Logs/WalkonG2_2-backup-2017.12.12-15.05.27.log
[2017.12.18-19.49.33:221][  0]SourceControl: Info 	deleted:    WalkonG2/Saved/Logs/WalkonG2_2-backup-2017.12.12-15.07.15.log
[2017.12.18-19.49.33:222][  0]SourceControl: Info 	deleted:    WalkonG2/Saved/Logs/WalkonG2_2-backup-2017.12.16-12.32.29.log
[2017.12.18-19.49.33:222][  0]SourceControl: Info 	modified:   WalkonG2/Saved/Logs/WalkonG2_2.log
[2017.12.18-19.49.33:222][  0]SourceControl: Info 	modified:   WalkonG2/Saved/SaveGames/PlayerSettingsSave.sav
[2017.12.18-19.49.33:222][  0]SourceControl: Info Untracked files:
[2017.12.18-19.49.33:222][  0]SourceControl: Info   (use "git add <file>..." to include in what will be committed)
[2017.12.18-19.49.33:222][  0]SourceControl: Info 	WalkonG2/Saved/Autosaves/Game/Characters/Erika/ArcherAnimBP_Auto1.uasset
[2017.12.18-19.49.33:222][  0]SourceControl: Info 	WalkonG2/Saved/Autosaves/Game/Characters/Erika/ArcherAnimBP_Auto2.uasset
[2017.12.18-19.49.33:222][  0]SourceControl: Info 	WalkonG2/Saved/Autosaves/Game/Characters/Erika/ArcherAnimBP_Auto4.uasset
[2017.12.18-19.49.33:222][  0]SourceControl: Info 	WalkonG2/Saved/Autosaves/Game/Characters/Erika/ArcherBP_Auto1.uasset
[2017.12.18-19.49.33:222][  0]SourceControl: Info 	WalkonG2/Saved/Autosaves/Game/Characters/Erika/ArcherBP_Auto2.uasset
[2017.12.18-19.49.33:222][  0]SourceControl: Info 	WalkonG2/Saved/Autosaves/Game/Characters/Erika/ArcherBP_Auto3.uasset
[2017.12.18-19.49.33:222][  0]SourceControl: Info 	WalkonG2/Saved/Autosaves/Game/Characters/Erika/ArcherBP_Auto4.uasset
[2017.12.18-19.49.33:222][  0]SourceControl: Info 	WalkonG2/Saved/Autosaves/Game/Characters/Erika/ArcherBP_Auto5.uasset
[2017.12.18-19.49.33:222][  0]SourceControl: Info 	WalkonG2/Saved/Autosaves/Game/Characters/Erika/ArcherBP_Auto6.uasset
[2017.12.18-19.49.33:222][  0]SourceControl: Info 	WalkonG2/Saved/Autosaves/Game/Characters/Erika/ArcherBP_Auto7.uasset
[2017.12.18-19.49.33:222][  0]SourceControl: Info 	WalkonG2/Saved/Autosaves/Game/Characters/Erika/Equipment/
[2017.12.18-19.49.33:222][  0]SourceControl: Info 	WalkonG2/Saved/Autosaves/Game/Characters/Erika/ErikaBP_Auto5.uasset
[2017.12.18-19.49.33:222][  0]SourceControl: Info 	WalkonG2/Saved/Autosaves/Game/Characters/Erika/ErikaBP_Auto6.uasset
[2017.12.18-19.49.33:222][  0]SourceControl: Info 	WalkonG2/Saved/Autosaves/Game/Characters/Erika/ErikaBP_Auto7.uasset
[2017.12.18-19.49.33:222][  0]SourceControl: Info 	WalkonG2/Saved/Autosaves/Game/Characters/Erika/ErikaBP_Auto8.uasset
[2017.12.18-19.49.33:222][  0]SourceControl: Info 	WalkonG2/Saved/Autosaves/Game/Characters/Paladin/PaladinBP_Auto4.uasset
[2017.12.18-19.49.33:222][  0]SourceControl: Info 	WalkonG2/Saved/Autosaves/Game/Characters/Paladin/PaladinBP_Auto5.uasset
[2017.12.18-19.49.33:222][  0]SourceControl: Info 	WalkonG2/Saved/Autosaves/Game/Characters/Paladin/PaladinBP_Auto7.uasset
[2017.12.18-19.49.33:222][  0]SourceControl: Info 	WalkonG2/Saved/Autosaves/Game/Maps/ArenaMap_Auto5.umap
[2017.12.18-19.49.33:222][  0]SourceControl: Info 	WalkonG2/Saved/Autosaves/Game/UI/TestLevel/ArcherUMG_Auto2.uasset
[2017.12.18-19.49.33:222][  0]SourceControl: Info 	WalkonG2/Saved/Backup/ArcherAnimBP_2017-12-17-16-33-43.uasset
[2017.12.18-19.49.33:222][  0]SourceControl: Info 	WalkonG2/Saved/Backup/ArcherAnimBP_2017-12-18-17-31-40.uasset
[2017.12.18-19.49.33:222][  0]SourceControl: Info 	WalkonG2/Saved/Backup/ArcherAnimBP_2017-12-18-17-46-47.uasset
[2017.12.18-19.49.33:222][  0]SourceControl: Info 	WalkonG2/Saved/Backup/ArcherAnimBP_2017-12-18-18-04-51.uasset
[2017.12.18-19.49.33:223][  0]SourceControl: Info 	WalkonG2/Saved/Backup/ArcherBP_2017-12-17-14-25-16.uasset
[2017.12.18-19.49.33:223][  0]SourceControl: Info 	WalkonG2/Saved/Backup/ArcherBP_2017-12-17-15-22-04.uasset
[2017.12.18-19.49.33:223][  0]SourceControl: Info 	WalkonG2/Saved/Backup/ArcherBP_2017-12-17-15-30-52.uasset
[2017.12.18-19.49.33:223][  0]SourceControl: Info 	WalkonG2/Saved/Backup/ArcherBP_2017-12-17-15-36-09.uasset
[2017.12.18-19.49.33:223][  0]SourceControl: Info 	WalkonG2/Saved/Backup/ArcherBP_2017-12-17-15-52-25.uasset
[2017.12.18-19.49.33:223][  0]SourceControl: Info 	WalkonG2/Saved/Backup/ArcherBP_2017-12-17-16-10-19.uasset
[2017.12.18-19.49.33:223][  0]SourceControl: Info 	WalkonG2/Saved/Backup/ArcherBP_2017-12-17-16-33-43.uasset
[2017.12.18-19.49.33:223][  0]SourceControl: Info 	WalkonG2/Saved/Backup/ArcherBP_2017-12-17-17-28-21.uasset
[2017.12.18-19.49.33:223][  0]SourceControl: Info 	WalkonG2/Saved/Backup/ArcherBP_2017-12-17-17-35-47.uasset
[2017.12.18-19.49.33:223][  0]SourceControl: Info 	WalkonG2/Saved/Backup/ArcherBP_2017-12-17-17-44-38.uasset
[2017.12.18-19.49.33:223][  0]SourceControl: Info 	WalkonG2/Saved/Backup/ArcherBP_2017-12-17-17-49-57.uasset
[2017.12.18-19.49.33:223][  0]SourceControl: Info 	WalkonG2/Saved/Backup/ArcherBP_2017-12-17-18-02-49.uasset
[2017.12.18-19.49.33:223][  0]SourceControl: Info 	WalkonG2/Saved/Backup/ArcherBP_2017-12-17-18-14-50.uasset
[2017.12.18-19.49.33:223][  0]SourceControl: Info 	WalkonG2/Saved/Backup/ArcherBP_2017-12-18-17-18-42.uasset
[2017.12.18-19.49.33:223][  0]SourceControl: Info 	WalkonG2/Saved/Backup/ArcherBP_2017-12-18-17-31-40.uasset
[2017.12.18-19.49.33:223][  0]SourceControl: Info 	WalkonG2/Saved/Backup/ArcherBP_2017-12-18-17-46-47.uasset
[2017.12.18-19.49.33:223][  0]SourceControl: Info 	WalkonG2/Saved/Backup/ArcherBP_2017-12-18-18-04-25.uasset
[2017.12.18-19.49.33:223][  0]SourceControl: Info 	WalkonG2/Saved/Backup/ArcherBP_2017-12-18-18-17-54.uasset
[2017.12.18-19.49.33:223][  0]SourceControl: Info 	WalkonG2/Saved/Backup/ArcherBP_2017-12-18-18-29-21.uasset
[2017.12.18-19.49.33:223][  0]SourceControl: Info 	WalkonG2/Saved/Backup/ArcherBP_2017-12-18-18-41-00.uasset
[2017.12.18-19.49.33:223][  0]SourceControl: Info 	WalkonG2/Saved/Backup/ArcherBP_2017-12-18-19-10-19.uasset
[2017.12.18-19.49.33:223][  0]SourceControl: Info 	WalkonG2/Saved/Backup/ArcherBP_2017-12-18-19-25-05.uasset
[2017.12.18-19.49.33:223][  0]SourceControl: Info 	WalkonG2/Saved/Backup/ArcherBP_2017-12-18-19-48-38.uasset
[2017.12.18-19.49.33:223][  0]SourceControl: Info 	WalkonG2/Saved/Backup/ArcherBP_2017-12-18-19-56-08.uasset
[2017.12.18-19.49.33:223][  0]SourceControl: Info 	WalkonG2/Saved/Backup/ArcherBP_2017-12-18-20-18-52.uasset
[2017.12.18-19.49.33:223][  0]SourceControl: Info 	WalkonG2/Saved/Backup/ArcherBP_2017-12-18-20-37-21.uasset
[2017.12.18-19.49.33:223][  0]SourceControl: Info 	WalkonG2/Saved/Backup/ArcherBP_2017-12-18-20-48-37.uasset
[2017.12.18-19.49.33:223][  0]SourceControl: Info 	WalkonG2/Saved/Backup/ArcherUMG_2017-12-17-18-02-49.uasset
[2017.12.18-19.49.33:223][  0]SourceControl: Info 	WalkonG2/Saved/Backup/ArcherUMG_2017-12-17-18-14-39.uasset
[2017.12.18-19.49.33:223][  0]SourceControl: Info 	WalkonG2/Saved/Backup/ArcherUMG_2017-12-18-17-13-52.uasset
[2017.12.18-19.49.33:224][  0]SourceControl: Info 	WalkonG2/Saved/Backup/ArcherUMG_2017-12-18-17-22-36.uasset
[2017.12.18-19.49.33:224][  0]SourceControl: Info 	WalkonG2/Saved/Backup/ArenaMap_2017-12-16-14-37-25.umap
[2017.12.18-19.49.33:224][  0]SourceControl: Info 	WalkonG2/Saved/Backup/ArenaMap_2017-12-17-14-29-16.umap
[2017.12.18-19.49.33:224][  0]SourceControl: Info 	WalkonG2/Saved/Backup/ArenaMap_2017-12-17-18-14-48.umap
[2017.12.18-19.49.33:224][  0]SourceControl: Info 	WalkonG2/Saved/Backup/ArenaMap_2017-12-18-18-06-13.umap
[2017.12.18-19.49.33:224][  0]SourceControl: Info 	WalkonG2/Saved/Backup/ArenaMap_BuiltData_2017-12-16-14-42-06.uasset
[2017.12.18-19.49.33:224][  0]SourceControl: Info 	WalkonG2/Saved/Backup/ArenaMap_BuiltData_2017-12-17-14-29-16.uasset
[2017.12.18-19.49.33:224][  0]SourceControl: Info 	WalkonG2/Saved/Backup/ArenaMap_BuiltData_2017-12-17-18-14-48.uasset
[2017.12.18-19.49.33:224][  0]SourceControl: Info 	WalkonG2/Saved/Backup/ArenaMap_BuiltData_2017-12-18-18-06-13.uasset
[2017.12.18-19.49.33:224][  0]SourceControl: Info 	WalkonG2/Saved/Backup/ArrowProjectile_2017-12-18-18-17-54.uasset
[2017.12.18-19.49.33:224][  0]SourceControl: Info 	WalkonG2/Saved/Backup/ArrowProjectile_2017-12-18-19-11-06.uasset
[2017.12.18-19.49.33:224][  0]SourceControl: Info 	WalkonG2/Saved/Backup/ArrowProjectile_2017-12-18-20-49-05.uasset
[2017.12.18-19.49.33:224][  0]SourceControl: Info 	WalkonG2/Saved/Backup/CharacterSelect_2017-12-17-14-25-16.uasset
[2017.12.18-19.49.33:224][  0]SourceControl: Info 	WalkonG2/Saved/Backup/ChooseCharacter_2017-12-17-14-29-15.uasset
[2017.12.18-19.49.33:224][  0]SourceControl: Info 	WalkonG2/Saved/Backup/EricaDeath02_Montage_2017-12-18-20-49-03.uasset
[2017.12.18-19.49.33:224][  0]SourceControl: Info 	WalkonG2/Saved/Backup/ErikaBP_2017-12-16-15-10-34.uasset
[2017.12.18-19.49.33:224][  0]SourceControl: Info 	WalkonG2/Saved/Backup/ErikaBP_2017-12-16-15-23-10.uasset
[2017.12.18-19.49.33:224][  0]SourceControl: Info 	WalkonG2/Saved/Backup/ErikaBP_2017-12-16-15-59-02.uasset
[2017.12.18-19.49.33:224][  0]SourceControl: Info 	WalkonG2/Saved/Backup/ErikaBP_2017-12-16-16-05-45.uasset
[2017.12.18-19.49.33:224][  0]SourceControl: Info 	WalkonG2/Saved/Backup/ErikaBP_2017-12-18-18-17-54.uasset
[2017.12.18-19.49.33:224][  0]SourceControl: Info 	WalkonG2/Saved/Backup/ErikaBP_2017-12-18-18-29-21.uasset
[2017.12.18-19.49.33:224][  0]SourceControl: Info 	WalkonG2/Saved/Backup/ErikaBP_2017-12-18-18-41-00.uasset
[2017.12.18-19.49.33:224][  0]SourceControl: Info 	WalkonG2/Saved/Backup/ErikaBP_2017-12-18-19-11-06.uasset
[2017.12.18-19.49.33:224][  0]SourceControl: Info 	WalkonG2/Saved/Backup/ErikaBP_2017-12-18-19-19-31.uasset
[2017.12.18-19.49.33:224][  0]SourceControl: Info 	WalkonG2/Saved/Backup/GameplayPC_2017-12-16-16-07-13.uasset
[2017.12.18-19.49.33:224][  0]SourceControl: Info 	WalkonG2/Saved/Backup/PaladinBP_2017-12-18-18-29-21.uasset
[2017.12.18-19.49.33:225][  0]SourceControl: Info 	WalkonG2/Saved/Backup/PaladinBP_2017-12-18-18-41-00.uasset
[2017.12.18-19.49.33:225][  0]SourceControl: Info 	WalkonG2/Saved/Backup/PaladinBP_2017-12-18-19-56-08.uasset
[2017.12.18-19.49.33:225][  0]SourceControl: Info 	WalkonG2/Saved/Backup/PaladinBP_2017-12-18-20-49-05.uasset
[2017.12.18-19.49.33:225][  0]SourceControl: Info 	WalkonG2/Saved/Logs/UE4CC-Windows-0227B6A14A9E24F8541FCBB4344A834B/
[2017.12.18-19.49.33:225][  0]SourceControl: Info 	WalkonG2/Saved/Logs/UE4CC-Windows-0A3958F74E35923452B746A0B217BA26/
[2017.12.18-19.49.33:225][  0]SourceControl: Info 	WalkonG2/Saved/Logs/UE4CC-Windows-1923B801474FA6E189E7CBBD38F12DDB/
[2017.12.18-19.49.33:225][  0]SourceControl: Info 	WalkonG2/Saved/Logs/UE4CC-Windows-22D527CF48923DBE996A62A0F5C66999/
[2017.12.18-19.49.33:225][  0]SourceControl: Info 	WalkonG2/Saved/Logs/UE4CC-Windows-2634F6224A061692E2F9EBB13B1B99B4/
[2017.12.18-19.49.33:225][  0]SourceControl: Info 	WalkonG2/Saved/Logs/UE4CC-Windows-3EE445074095C9035E06FD85CDBDE194/
[2017.12.18-19.49.33:225][  0]SourceControl: Info 	WalkonG2/Saved/Logs/UE4CC-Windows-4B9E65F547A5B187358245BC784B103E/
[2017.12.18-19.49.33:225][  0]SourceControl: Info 	WalkonG2/Saved/Logs/UE4CC-Windows-71ECF8D94AA777FDADEE77AAD4FA5AB2/
[2017.12.18-19.49.33:225][  0]SourceControl: Info 	WalkonG2/Saved/Logs/UE4CC-Windows-76983FBF46BAB3F7D362F6B5843E860D/
[2017.12.18-19.49.33:225][  0]SourceControl: Info 	WalkonG2/Saved/Logs/UE4CC-Windows-9CCC53EC40B156F327B9038F155C964F/
[2017.12.18-19.49.33:225][  0]SourceControl: Info 	WalkonG2/Saved/Logs/UE4CC-Windows-A16FA3B0492A533BDB8102BBA24FDEA1/
[2017.12.18-19.49.33:225][  0]SourceControl: Info 	WalkonG2/Saved/Logs/UE4CC-Windows-A5AF79604C54D18179BF27B6DA63F6DA/
[2017.12.18-19.49.33:225][  0]SourceControl: Info 	WalkonG2/Saved/Logs/UE4CC-Windows-AE940740444DEE22ABC6A9B958556090/
[2017.12.18-19.49.33:225][  0]SourceControl: Info 	WalkonG2/Saved/Logs/UE4CC-Windows-B122098241B60EBA04A8C7BB13694FC8/
[2017.12.18-19.49.33:225][  0]SourceControl: Info 	WalkonG2/Saved/Logs/UE4CC-Windows-B5626DDA4FFF9AD3DCEC869E4D8FD98D/
[2017.12.18-19.49.33:225][  0]SourceControl: Info 	WalkonG2/Saved/Logs/UE4CC-Windows-E8680E1E4020B535CDA7D7A54AC03B08/
[2017.12.18-19.49.33:225][  0]SourceControl: Info 	WalkonG2/Saved/Logs/UE4CC-Windows-EEF4A7E145B2EA8E2F150BB1E1D3C269/
[2017.12.18-19.49.33:225][  0]SourceControl: Info 	WalkonG2/Saved/Logs/UE4CC-Windows-EF256BED4AD8488E33CCEF84A76A8301/
[2017.12.18-19.49.33:225][  0]SourceControl: Info 	WalkonG2/Saved/Logs/UE4CC-Windows-F0C75AE5416E120196AFC2898AD4702D/
[2017.12.18-19.49.33:225][  0]SourceControl: Info 	WalkonG2/Saved/Logs/WalkonG2-backup-2017.12.17-14.16.40.log
[2017.12.18-19.49.33:225][  0]SourceControl: Info 	WalkonG2/Saved/Logs/WalkonG2-backup-2017.12.17-15.19.10.log
[2017.12.18-19.49.33:225][  0]SourceControl: Info 	WalkonG2/Saved/Logs/WalkonG2-backup-2017.12.17-17.19.03.log
[2017.12.18-19.49.33:225][  0]SourceControl: Info 	WalkonG2/Saved/Logs/WalkonG2-backup-2017.12.18-17.12.41.log
[2017.12.18-19.49.33:225][  0]SourceControl: Info 	WalkonG2/Saved/Logs/WalkonG2-backup-2017.12.18-20.49.20.log
[2017.12.18-19.49.33:225][  0]SourceControl: Info 	WalkonG2/Saved/Screenshots/
[2017.12.18-19.49.33:226][  0]LogContentStreaming: Texture pool size now 1000 MB
[2017.12.18-19.49.33:228][  0]LogSlate: Took 0.000331 seconds to synchronously load lazily loaded font '../../../Engine/Content/Slate/Fonts/Roboto-Regular.ttf' (155K)
[2017.12.18-19.49.33:235][  0]LogSlate: Took 0.000394 seconds to synchronously load lazily loaded font '../../../Engine/Content/Slate/Fonts/Roboto-Bold.ttf' (160K)
[2017.12.18-19.49.33:244][  0]LogSlate: Took 0.000225 seconds to synchronously load lazily loaded font '../../../Engine/Content/Editor/Slate/Fonts/FontAwesome.ttf' (139K)
[2017.12.18-19.49.33:421][  0]LogRenderer: Reallocating scene render targets to support 1208x576 NumSamples 1 (Frame:2).
[2017.12.18-19.49.33:859][  2]LogAssetRegistry: Asset discovery search completed in 8.6204 seconds
[2017.12.18-19.49.33:859][  2]LogCollectionManager: Rebuilt the object cache for 0 collections in 0.000011 seconds (found 0 objects)
[2017.12.18-19.49.33:859][  2]LogCollectionManager: Fixed up redirectors for 0 collections in 0.000074 seconds (updated 0 objects)
[2017.12.18-19.49.34:183][  3]LogSlate: Took 0.000233 seconds to synchronously load lazily loaded font '../../../Engine/Content/Slate/Fonts/Roboto-Light.ttf' (159K)
[2017.12.18-19.49.35:732][  8]LogLinker:Warning: Can't find file '/Game/StarterContent/Particles/P_Fire'
[2017.12.18-19.49.35:732][  8]LoadErrors: Info Failed to load /Game/Characters/Erika/Equipment/ArrowProjectile.ArrowProjectile_C Referenced by Default__ErikaBP_C
[2017.12.18-19.49.35:732][  8]LogLinker:Warning: Can't find file for asset '/Game/StarterContent/Particles/P_Fire' while loading E:/Buisness/Unreal/WalkonG2/WalkonG2/Content/Characters/Erika/Equipment/StaticArrow.uasset.
[2017.12.18-19.49.35:732][  8]LoadErrors:Error: Error /Game/Characters/Erika/Equipment/StaticArrow : Can't find file for asset. /Game/StarterContent/Particles/P_Fire
[2017.12.18-19.49.35:732][  8]LogLinker:Warning: Can't find file '/Game/StarterContent/Particles/P_Fire'
[2017.12.18-19.49.35:732][  8]LogLinker:Warning: Can't find file for asset '/Game/StarterContent/Particles/P_Fire' while loading E:/Buisness/Unreal/WalkonG2/WalkonG2/Content/Characters/Erika/Equipment/StaticArrow.uasset.
[2017.12.18-19.49.35:732][  8]LogLinker:Warning: Can't find file '/Game/StarterContent/Particles/P_Fire'
[2017.12.18-19.49.35:732][  8]LoadErrors: Info Failed to load /Game/StarterContent/Particles/P_Fire Referenced by Default__ErikaBP_C
[2017.12.18-19.49.35:732][  8]LogLinker:Warning: Can't find file for asset '/Game/StarterContent/Particles/P_Fire' while loading E:/Buisness/Unreal/WalkonG2/WalkonG2/Content/Characters/Erika/Equipment/ArrowProjectile.uasset.
[2017.12.18-19.49.35:732][  8]LoadErrors:Error: Error /Game/Characters/Erika/Equipment/ArrowProjectile : Can't find file for asset. /Game/StarterContent/Particles/P_Fire
[2017.12.18-19.49.35:733][  8]LogLinker:Warning: Can't find file '/Game/StarterContent/Particles/P_Fire'
[2017.12.18-19.49.35:733][  8]LoadErrors: Info Failed to load /Game/StarterContent/Particles/P_Fire.P_Fire Referenced by Default__ErikaBP_C
[2017.12.18-19.49.35:733][  8]LogLinker:Warning: Can't find file for asset '/Game/StarterContent/Particles/P_Fire' while loading E:/Buisness/Unreal/WalkonG2/WalkonG2/Content/Characters/Erika/Equipment/ArrowProjectile.uasset.
[2017.12.18-19.49.35:733][  8]LogLinker:Warning: Can't find file '/Game/StarterContent/Particles/P_Fire'
[2017.12.18-19.49.35:734][  8]LoadErrors: Info Failed to load /Game/StarterContent/Particles/P_Fire.P_Fire Referenced by Fire_GEN_VARIABLE
[2017.12.18-19.49.35:734][  8]LogLinker:Warning: Can't find file for asset '/Game/StarterContent/Particles/P_Fire' while loading E:/Buisness/Unreal/WalkonG2/WalkonG2/Content/Characters/Erika/Equipment/ArrowProjectile.uasset.
[2017.12.18-19.49.38:119][  8]LogSlate: Took 0.000100 seconds to synchronously load lazily loaded font '../../../Engine/Content/Slate/Fonts/Roboto-Light.ttf' (159K)
[2017.12.18-19.49.38:479][  8]LogContentBrowser: Native class hierarchy updated for 'BlueprintGraph' in 0.0011 seconds. Added 112 classes and 0 folders.
[2017.12.18-19.49.39:545][  8]LogContentBrowser: Native class hierarchy updated for 'SkeletonEditor' in 0.0007 seconds. Added 1 classes and 2 folders.
[2017.12.18-19.49.39:642][  8]LogActorComponent: RegisterComponentWithWorld: (/Engine/Transient.World_3:PersistentLevel.Actor_0.DebugSkelMeshComponent_0) Already registered. Aborting.
[2017.12.18-19.49.39:763][  8]LogSkeletalMesh: USkeletalMeshComponent::InitArticulated : Bodies already created (/Engine/Transient.World_3:PersistentLevel.Actor_0.DebugSkelMeshComponent_0) - call TermArticulated first.
[2017.12.18-19.49.40:812][  8]LogActorComponent: RegisterComponentWithWorld: (/Engine/Transient.World_11:PersistentLevel.Actor_1.DebugSkelMeshComponent_2) Already registered. Aborting.
[2017.12.18-19.49.40:943][  8]LogSkeletalMesh: USkeletalMeshComponent::InitArticulated : Bodies already created (/Engine/Transient.World_11:PersistentLevel.Actor_1.DebugSkelMeshComponent_2) - call TermArticulated first.
[2017.12.18-19.49.41:810][  8]LogSlate: Took 0.000193 seconds to synchronously load lazily loaded font '../../../Engine/Content/Editor/Slate/Fonts/Roboto-BoldCondensed.ttf' (158K)
[2017.12.18-19.49.42:081][  9]LogSlate: Took 0.000176 seconds to synchronously load lazily loaded font '../../../Engine/Content/Editor/Slate/Fonts/Roboto-Italic.ttf' (157K)
[2017.12.18-19.49.45:031][310]LogSlate: Took 0.000131 seconds to synchronously load lazily loaded font '../../../Engine/Content/Slate/Fonts/Roboto-Light.ttf' (159K)
[2017.12.18-19.49.50:805][988]SourceControl: Info fatal: C:/Program Files/Epic Games/UE_4.15/Engine/Content/: 'C:/Program Files/Epic Games/UE_4.15/Engine/Content/' is outside repository
[2017.12.18-19.49.50:871][988]LogPackageName:Error: Illegal call to DoesPackageExist: 'E:/Buisness/Unreal/WalkonG2/WalkonG2/WalkonG2.uproject' is not a standard unreal filename or a long path name. Reason: Path should be no less than 4 characters long.
[2017.12.18-19.49.51:116][988]LogStats: FPlatformStackWalk::StackWalkAndDump -  0.244 s
[2017.12.18-19.49.51:117][988]LogOutputDevice:Error: === Handled ensure: ===
[2017.12.18-19.49.51:117][988]LogOutputDevice:Error: 
[2017.12.18-19.49.51:117][988]LogOutputDevice:Error: Ensure condition failed: false [File:D:\Build\++UE4+Release-4.15+Compile\Sync\Engine\Source\Runtime\CoreUObject\Private\Misc\PackageName.cpp] [Line: 650]
[2017.12.18-19.49.51:117][988]LogOutputDevice:Error: Illegal call to DoesPackageExist: 'E:/Buisness/Unreal/WalkonG2/WalkonG2/WalkonG2.uproject' is not a standard unreal filename or a long path name. Reason: Path should be no less than 4 characters long.
[2017.12.18-19.49.51:117][988]LogOutputDevice:Error: Stack: 
[2017.12.18-19.49.51:117][988]LogOutputDevice:Error: UE4Editor-Core.dll!0x00000000E73695E6
[2017.12.18-19.49.51:117][988]LogOutputDevice:Error: UE4Editor-Core.dll!0x00000000E7119B82
[2017.12.18-19.49.51:117][988]LogOutputDevice:Error: UE4Editor-Core.dll!0x00000000E712B666
[2017.12.18-19.49.51:117][988]LogOutputDevice:Error: UE4Editor-CoreUObject.dll!0x00000000EA69A6E8
[2017.12.18-19.49.51:117][988]LogOutputDevice:Error: UE4Editor-SourceControl.dll!0x00000000EDAC3D22
[2017.12.18-19.49.51:117][988]LogOutputDevice:Error: UE4Editor-SourceControl.dll!0x00000000EDAC3EB9
[2017.12.18-19.49.51:117][988]LogOutputDevice:Error: UE4Editor-SourceControlWindows.dll!0x00000000D31F1D2E
[2017.12.18-19.49.51:117][988]LogOutputDevice:Error: UE4Editor-SourceControlWindows.dll!0x00000000D31AB4B5
[2017.12.18-19.49.51:117][988]LogOutputDevice:Error: UE4Editor-SourceControlWindows.dll!0x00000000D31AAA8D
[2017.12.18-19.49.51:117][988]LogOutputDevice:Error: UE4Editor-SourceControlWindows.dll!0x00000000D31BF274
[2017.12.18-19.49.51:117][988]LogOutputDevice:Error: UE4Editor-GitSourceControl.dll!0x00000000C9E1B851
[2017.12.18-19.49.51:117][988]LogOutputDevice:Error: UE4Editor-GitSourceControl.dll!0x00000000C9E2D1ED
[2017.12.18-19.49.51:117][988]LogOutputDevice:Error: UE4Editor-SourceControl.dll!0x00000000EDAC9C5C
[2017.12.18-19.49.51:117][988]LogOutputDevice:Error: UE4Editor-UnrealEd.dll!0x00000000D7907517
[2017.12.18-19.49.51:117][988]LogOutputDevice:Error: UE4Editor-UnrealEd.dll!0x00000000D8112196
[2017.12.18-19.49.51:117][988]LogOutputDevice:Error: UE4Editor.exe!0x00000000BE36DEE3
[2017.12.18-19.49.51:117][988]LogOutputDevice:Error: UE4Editor.exe!0x00000000BE35EB40
[2017.12.18-19.49.51:117][988]LogOutputDevice:Error: UE4Editor.exe!0x00000000BE35EBBA
[2017.12.18-19.49.51:117][988]LogOutputDevice:Error: UE4Editor.exe!0x00000000BE370A29
[2017.12.18-19.49.51:117][988]LogOutputDevice:Error: UE4Editor.exe!0x00000000BE3722B6
[2017.12.18-19.49.51:117][988]LogOutputDevice:Error: KERNEL32.DLL!0x0000000014B11FE4
[2017.12.18-19.49.51:117][988]LogOutputDevice:Error: ntdll.dll!0x0000000014C4EF91
[2017.12.18-19.49.51:117][988]LogOutputDevice:Error: 
[2017.12.18-19.49.51:120][988]LogStats:                SubmitErrorReport -  0.000 s
[2017.12.18-19.49.51:472][988]LogStats:                    SendNewReport -  0.352 s
[2017.12.18-19.49.51:472][988]LogStats:             FDebug::EnsureFailed -  0.602 s
[2017.12.18-19.50.00:998][988]LogSourceControl: FGitCheckInWorker: commit successful
[2017.12.18-19.50.01:030][988]SourceControl: Info [master ac6bb73] Lot of things
[2017.12.18-19.50.01:030][988]SourceControl: Info  1 file changed, 0 insertions(+), 0 deletions(-)
[2017.12.18-19.50.01:030][988]SourceControl: Info  rewrite WalkonG2/Content/Characters/Erika/Animations/AnimMontages/EricaDeath02_Montage.uasset (96%)
[2017.12.18-19.50.01:043][988]SourceControl: Info Commited [master ac6bb73] Lot of things.
[2017.12.18-20.08.30:045][360]LogActorComponent: UnregisterComponent: (/Engine/Transient.EditorFloorComp) Not registered. Aborting.
[2017.12.18-20.08.30:180][360]LogActorComponent: UnregisterComponent: (/Engine/Transient.EditorFloorComp) Not registered. Aborting.
[2017.12.18-20.08.30:394][360]LogActorComponent: UnregisterComponent: (/Engine/Transient.EditorFloorComp) Not registered. Aborting.
[2017.12.18-20.08.30:511][360]LogActorComponent: UnregisterComponent: (/Engine/Transient.EditorFloorComp) Not registered. Aborting.
[2017.12.18-20.08.30:577][360]LogWindowsTextInputMethodSystem:Display: IME system now deactivated.
[2017.12.18-20.08.30:800][361]Cmd: QUIT_EDITOR
[2017.12.18-20.08.30:864][361]LogExit: Preparing to exit.
[2017.12.18-20.08.32:095][361]LogExit: Editor shut down
[2017.12.18-20.08.32:095][361]LogExit: Transaction tracking system shut down
[2017.12.18-20.08.32:199][361]LogObj: Freed 0b from 0 cluster array pools.
[2017.12.18-20.08.32:199][361]LogExit: Object subsystem successfully closed.
[2017.12.18-20.08.32:212][361]LogD3D11RHI: Shutdown
[2017.12.18-20.08.32:213][361]LogD3D11RHI: CleanupD3DDevice
[2017.12.18-20.08.32:275][361]LogD3D11RHI: ~FD3D11DynamicRHI
[2017.12.18-20.08.32:285][361]LogModuleManager: Shutting down and abandoning module SequencerWidgets (512)
[2017.12.18-20.08.32:285][361]LogModuleManager: Shutting down and abandoning module SkeletonEditor (510)
[2017.12.18-20.08.32:285][361]LogModuleManager: Shutting down and abandoning module AnimationBlueprintEditor (508)
[2017.12.18-20.08.32:285][361]LogModuleManager: Shutting down and abandoning module BlueprintGraph (506)
[2017.12.18-20.08.32:285][361]LogModuleManager: Shutting down and abandoning module BlueprintProfiler (504)
[2017.12.18-20.08.32:285][361]LogModuleManager: Shutting down and abandoning module HierarchicalLODOutliner (502)
[2017.12.18-20.08.32:285][361]LogModuleManager: Shutting down and abandoning module CrashTracker (500)
[2017.12.18-20.08.32:285][361]LogModuleManager: Shutting down and abandoning module SceneOutliner (498)
[2017.12.18-20.08.32:285][361]LogModuleManager: Shutting down and abandoning module AddContentDialog (496)
[2017.12.18-20.08.32:285][361]LogDirectoryWatcher: A directory notification for 'C:/Program Files/Epic Games/UE_4.15/FeaturePacks/' was aborted.
[2017.12.18-20.08.32:286][361]LogModuleManager: Shutting down and abandoning module WidgetCarousel (495)
[2017.12.18-20.08.32:286][361]LogModuleManager: Shutting down and abandoning module EditorWidgets (492)
[2017.12.18-20.08.32:286][361]LogModuleManager: Shutting down and abandoning module CollectionManager (490)
[2017.12.18-20.08.32:286][361]LogDirectoryWatcher: A directory notification for 'E:/Buisness/Unreal/WalkonG2/WalkonG2/Content/Collections/' was aborted.
[2017.12.18-20.08.32:286][361]LogDirectoryWatcher: A directory notification for 'E:/Buisness/Unreal/WalkonG2/WalkonG2/Content/Developers/Aron/Collections/' was aborted.
[2017.12.18-20.08.32:286][361]LogDirectoryWatcher: A directory notification for 'E:/Buisness/Unreal/WalkonG2/WalkonG2/Saved/Collections/' was aborted.
[2017.12.18-20.08.32:286][361]LogModuleManager: Shutting down and abandoning module StatsViewer (488)
[2017.12.18-20.08.32:286][361]LogModuleManager: Shutting down and abandoning module FoliageEdit (486)
[2017.12.18-20.08.32:286][361]LogModuleManager: Shutting down and abandoning module LandscapeEditor (484)
[2017.12.18-20.08.32:286][361]LogModuleManager: Shutting down and abandoning module SceneDepthPickerMode (482)
[2017.12.18-20.08.32:286][361]LogModuleManager: Shutting down and abandoning module ActorPickerMode (480)
[2017.12.18-20.08.32:286][361]LogModuleManager: Shutting down and abandoning module GeometryMode (478)
[2017.12.18-20.08.32:286][361]LogModuleManager: Shutting down and abandoning module TextureAlignMode (476)
[2017.12.18-20.08.32:286][361]LogModuleManager: Shutting down and abandoning module BspMode (474)
[2017.12.18-20.08.32:286][361]LogModuleManager: Shutting down and abandoning module HardwareSurvey (472)
[2017.12.18-20.08.32:286][361]LogModuleManager: Shutting down and abandoning module SequenceRecorderSections (470)
[2017.12.18-20.08.32:286][361]LogModuleManager: Shutting down and abandoning module AutomationWorker (468)
[2017.12.18-20.08.32:286][361]LogModuleManager: Shutting down and abandoning module MatineeToLevelSequence (466)
[2017.12.18-20.08.32:286][361]LogModuleManager: Shutting down and abandoning module LevelSequenceEditor (464)
[2017.12.18-20.08.32:286][361]LogModuleManager: Shutting down and abandoning module PlacementMode (463)
[2017.12.18-20.08.32:286][361]LogModuleManager: Shutting down and abandoning module WmfMediaFactory (460)
[2017.12.18-20.08.32:286][361]LogModuleManager: Shutting down and abandoning module WmfMediaEditor (458)
[2017.12.18-20.08.32:286][361]LogModuleManager: Shutting down and abandoning module MfMediaFactory (456)
[2017.12.18-20.08.32:286][361]LogModuleManager: Shutting down and abandoning module MfMediaEditor (454)
[2017.12.18-20.08.32:286][361]LogModuleManager: Shutting down and abandoning module AvfMediaFactory (452)
[2017.12.18-20.08.32:286][361]LogModuleManager: Shutting down and abandoning module AvfMediaEditor (450)
[2017.12.18-20.08.32:286][361]LogModuleManager: Shutting down and abandoning module AndroidMediaFactory (448)
[2017.12.18-20.08.32:286][361]LogModuleManager: Shutting down and abandoning module Media (447)
[2017.12.18-20.08.32:286][361]LogModuleManager: Shutting down and abandoning module AndroidMediaEditor (444)
[2017.12.18-20.08.32:286][361]LogModuleManager: Shutting down and abandoning module CharacterAI (442)
[2017.12.18-20.08.32:286][361]LogModuleManager: Shutting down and abandoning module AudioCapture (440)
[2017.12.18-20.08.32:286][361]LogModuleManager: Shutting down and abandoning module SequenceRecorder (439)
[2017.12.18-20.08.32:286][361]LogModuleManager: Shutting down and abandoning module SmartSnapping (436)
[2017.12.18-20.08.32:286][361]LogModuleManager: Shutting down and abandoning module SessionServices (434)
[2017.12.18-20.08.32:286][361]LogModuleManager: Shutting down and abandoning module ViewportSnapping (432)
[2017.12.18-20.08.32:286][361]LogModuleManager: Shutting down and abandoning module ViewportInteraction (430)
[2017.12.18-20.08.32:286][361]LogModuleManager: Shutting down and abandoning module LogVisualizer (428)
[2017.12.18-20.08.32:286][361]LogModuleManager: Shutting down and abandoning module IntroTutorials (426)
[2017.12.18-20.08.32:286][361]LogModuleManager: Shutting down and abandoning module GameProjectGeneration (425)
[2017.12.18-20.08.32:286][361]LogModuleManager: Shutting down and abandoning module EditorLiveStreaming (422)
[2017.12.18-20.08.32:286][361]LogModuleManager: Shutting down and abandoning module IOSPlatformEditor (420)
[2017.12.18-20.08.32:286][361]LogModuleManager: Shutting down and abandoning module HTML5PlatformEditor (418)
[2017.12.18-20.08.32:286][361]LogModuleManager: Shutting down and abandoning module AndroidPlatformEditor (416)
[2017.12.18-20.08.32:286][361]LogModuleManager: Shutting down and abandoning module AndroidDeviceDetection (415)
[2017.12.18-20.08.32:896][361]LogModuleManager: Shutting down and abandoning module IOSRuntimeSettings (412)
[2017.12.18-20.08.32:896][361]LogModuleManager: Shutting down and abandoning module AndroidRuntimeSettings (410)
[2017.12.18-20.08.32:896][361]LogModuleManager: Shutting down and abandoning module InputBindingEditor (408)
[2017.12.18-20.08.32:896][361]LogModuleManager: Shutting down and abandoning module NiagaraEditor (406)
[2017.12.18-20.08.32:896][361]LogModuleManager: Shutting down and abandoning module MergeActors (404)
[2017.12.18-20.08.32:896][361]LogModuleManager: Shutting down and abandoning module SizeMap (402)
[2017.12.18-20.08.32:896][361]LogModuleManager: Shutting down and abandoning module TreeMap (400)
[2017.12.18-20.08.32:896][361]LogModuleManager: Shutting down and abandoning module ReferenceViewer (398)
[2017.12.18-20.08.32:896][361]LogModuleManager: Shutting down and abandoning module LocalizationDashboard (396)
[2017.12.18-20.08.32:896][361]LogModuleManager: Shutting down and abandoning module LocalizationService (395)
[2017.12.18-20.08.32:896][361]LogModuleManager: Shutting down and abandoning module HardwareTargeting (392)
[2017.12.18-20.08.32:896][361]LogModuleManager: Shutting down and abandoning module DeviceProfileEditor (390)
[2017.12.18-20.08.32:896][361]LogModuleManager: Shutting down and abandoning module UndoHistory (388)
[2017.12.18-20.08.32:896][361]LogModuleManager: Shutting down and abandoning module UserFeedback (386)
[2017.12.18-20.08.32:896][361]LogModuleManager: Shutting down and abandoning module XmlParser (384)
[2017.12.18-20.08.32:897][361]LogModuleManager: Shutting down and abandoning module Blutility (382)
[2017.12.18-20.08.32:897][361]LogModuleManager: Shutting down and abandoning module ProjectSettingsViewer (380)
[2017.12.18-20.08.32:897][361]LogModuleManager: Shutting down and abandoning module ProjectTargetPlatformEditor (379)
[2017.12.18-20.08.32:897][361]LogModuleManager: Shutting down and abandoning module EditorSettingsViewer (376)
[2017.12.18-20.08.32:897][361]LogModuleManager: Shutting down and abandoning module SettingsEditor (374)
[2017.12.18-20.08.32:897][361]LogModuleManager: Shutting down and abandoning module ProjectLauncher (372)
[2017.12.18-20.08.32:897][361]LogModuleManager: Shutting down and abandoning module SessionFrontend (370)
[2017.12.18-20.08.32:897][361]LogModuleManager: Shutting down and abandoning module ProfilerClient (368)
[2017.12.18-20.08.32:897][361]LogModuleManager: Shutting down and abandoning module DeviceManager (366)
[2017.12.18-20.08.32:897][361]LogModuleManager: Shutting down and abandoning module TargetDeviceServices (365)
[2017.12.18-20.08.32:961][361]LogModuleManager: Shutting down and abandoning module AutomationController (362)
[2017.12.18-20.08.32:961][361]LogModuleManager: Shutting down and abandoning module AutomationWindow (360)
[2017.12.18-20.08.32:961][361]LogModuleManager: Shutting down and abandoning module Layers (358)
[2017.12.18-20.08.32:961][361]LogModuleManager: Shutting down and abandoning module ComponentVisualizers (356)
[2017.12.18-20.08.32:961][361]LogModuleManager: Shutting down and abandoning module DetailCustomizations (354)
[2017.12.18-20.08.32:961][361]LogModuleManager: Shutting down and abandoning module PackagesDialog (352)
[2017.12.18-20.08.32:961][361]LogModuleManager: Shutting down and abandoning module Persona (350)
[2017.12.18-20.08.32:962][361]LogModuleManager: Shutting down and abandoning module AnimGraph (349)
[2017.12.18-20.08.32:962][361]LogModuleManager: Shutting down and abandoning module Kismet (346)
[2017.12.18-20.08.32:995][361]LogModuleManager: Shutting down and abandoning module GraphEditor (344)
[2017.12.18-20.08.32:995][361]LogModuleManager: Shutting down and abandoning module ClassViewer (342)
[2017.12.18-20.08.32:995][361]LogModuleManager: Shutting down and abandoning module Toolbox (340)
[2017.12.18-20.08.32:995][361]LogModuleManager: Shutting down and abandoning module ModuleUI (338)
[2017.12.18-20.08.32:995][361]LogModuleManager: Shutting down and abandoning module MovieSceneTools (336)
[2017.12.18-20.08.32:995][361]LogModuleManager: Shutting down and abandoning module OutputLog (334)
[2017.12.18-20.08.32:995][361]LogModuleManager: Shutting down and abandoning module GammaUI (332)
[2017.12.18-20.08.32:995][361]LogModuleManager: Shutting down and abandoning module Documentation (330)
[2017.12.18-20.08.32:995][361]LogModuleManager: Shutting down and abandoning module Niagara (328)
[2017.12.18-20.08.32:995][361]LogModuleManager: Shutting down and abandoning module StreamingPauseRendering (326)
[2017.12.18-20.08.32:995][361]LogModuleManager: Shutting down and abandoning module AnalyticsET (324)
[2017.12.18-20.08.32:995][361]LogModuleManager: Shutting down and abandoning module PortalServices (322)
[2017.12.18-20.08.32:995][361]LogModuleManager: Shutting down and abandoning module PortalRpc (320)
[2017.12.18-20.08.32:995][361]LogModuleManager: Shutting down and abandoning module MessagingRpc (318)
[2017.12.18-20.08.32:995][361]LogModuleManager: Shutting down and abandoning module AIModule (316)
[2017.12.18-20.08.32:995][361]LogModuleManager: Shutting down and abandoning module GameplayDebugger (315)
[2017.12.18-20.08.32:995][361]LogModuleManager: Shutting down and abandoning module AITestSuite (313)
[2017.12.18-20.08.32:995][361]LogModuleManager: Shutting down and abandoning module ProfilerService (310)
[2017.12.18-20.08.33:135][361]LogModuleManager: Shutting down and abandoning module TaskGraph (308)
[2017.12.18-20.08.33:135][361]LogModuleManager: Shutting down and abandoning module SteamVRController (306)
[2017.12.18-20.08.33:135][361]LogModuleManager: Shutting down and abandoning module SteamVR (304)
[2017.12.18-20.08.33:135][361]LogModuleManager: Shutting down and abandoning module SteamController (302)
[2017.12.18-20.08.33:135][361]LogModuleManager: Shutting down and abandoning module ProceduralMeshComponentEditor (300)
[2017.12.18-20.08.33:135][361]LogModuleManager: Shutting down and abandoning module ProceduralMeshComponent (298)
[2017.12.18-20.08.33:135][361]LogModuleManager: Shutting down and abandoning module OculusLibrary (296)
[2017.12.18-20.08.33:135][361]LogModuleManager: Shutting down and abandoning module OculusInput (294)
[2017.12.18-20.08.33:135][361]LogModuleManager: Shutting down and abandoning module MobilePatchingUtils (292)
[2017.12.18-20.08.33:135][361]LogModuleManager: Shutting down and abandoning module CustomMeshComponent (290)
[2017.12.18-20.08.33:135][361]LogModuleManager: Shutting down and abandoning module CableComponent (288)
[2017.12.18-20.08.33:135][361]LogModuleManager: Shutting down and abandoning module ArchVisCharacter (286)
[2017.12.18-20.08.33:135][361]LogModuleManager: Shutting down and abandoning module MediaPlayerEditor (284)
[2017.12.18-20.08.33:135][361]LogModuleManager: Shutting down and abandoning module HTML5Networking (282)
[2017.12.18-20.08.33:135][361]LogModuleManager: Shutting down and abandoning module AlembicImporter (280)
[2017.12.18-20.08.33:135][361]LogModuleManager: Shutting down and abandoning module AlembicLibrary (279)
[2017.12.18-20.08.33:135][361]LogModuleManager: Shutting down and abandoning module GeometryCache (278)
[2017.12.18-20.08.33:136][361]LogModuleManager: Shutting down and abandoning module GeometryCacheEd (277)
[2017.12.18-20.08.33:136][361]LogModuleManager: Shutting down and abandoning module SuperSearchEditor (272)
[2017.12.18-20.08.33:136][361]LogModuleManager: Shutting down and abandoning module SuperSearch (271)
[2017.12.18-20.08.33:136][361]LogModuleManager: Shutting down and abandoning module SpeedTreeImporter (268)
[2017.12.18-20.08.33:136][361]LogModuleManager: Shutting down and abandoning module PluginBrowser (266)
[2017.12.18-20.08.33:136][361]LogModuleManager: Shutting down and abandoning module MobileLauncherProfileWizard (264)
[2017.12.18-20.08.33:136][361]LogModuleManager: Shutting down and abandoning module EpicSurvey (262)
[2017.12.18-20.08.33:136][361]LogModuleManager: Shutting down and abandoning module VisualStudioSourceCodeAccess (260)
[2017.12.18-20.08.33:136][361]LogModuleManager: Shutting down and abandoning module DesktopPlatform (259)
[2017.12.18-20.08.33:136][361]LogModuleManager: Shutting down and abandoning module UObjectPlugin (256)
[2017.12.18-20.08.33:136][361]LogModuleManager: Shutting down and abandoning module SubversionSourceControl (254)
[2017.12.18-20.08.33:136][361]LogModuleManager: Shutting down and abandoning module PerforceSourceControl (252)
[2017.12.18-20.08.33:136][361]LogModuleManager: Shutting down and abandoning module GitSourceControl (250)
[2017.12.18-20.08.33:136][361]LogModuleManager: Shutting down and abandoning module SourceControl (249)
[2017.12.18-20.08.33:136][361]LogModuleManager: Shutting down and abandoning module LightPropagationVolumeEditor (246)
[2017.12.18-20.08.33:136][361]LogModuleManager: Shutting down and abandoning module PaperTiledImporter (244)
[2017.12.18-20.08.33:136][361]LogModuleManager: Shutting down and abandoning module PaperSpriteSheetImporter (242)
[2017.12.18-20.08.33:136][361]LogModuleManager: Shutting down and abandoning module Paper2DEditor (240)
[2017.12.18-20.08.33:136][361]LogModuleManager: Shutting down and abandoning module MeshPaint (239)
[2017.12.18-20.08.33:137][361]LogModuleManager: Shutting down and abandoning module LevelEditor (237)
[2017.12.18-20.08.33:139][361]LogModuleManager: Shutting down and abandoning module PixelInspectorModule (236)
[2017.12.18-20.08.33:139][361]LogModuleManager: Shutting down and abandoning module MainFrame (234)
[2017.12.18-20.08.33:139][361]LogModuleManager: Shutting down and abandoning module HotReload (233)
[2017.12.18-20.08.33:139][361]LogDirectoryWatcher: A directory notification for 'E:/Buisness/Unreal/WalkonG2/WalkonG2/Binaries/Win64' was aborted.
[2017.12.18-20.08.33:141][361]LogModuleManager: Shutting down and abandoning module ContentBrowser (229)
[2017.12.18-20.08.33:143][361]LogModuleManager: Shutting down and abandoning module PhysXVehiclesEditor (226)
[2017.12.18-20.08.33:143][361]LogModuleManager: Shutting down and abandoning module PhysXVehicles (224)
[2017.12.18-20.08.33:143][361]LogModuleManager: Shutting down and abandoning module LocationServicesBPLibrary (222)
[2017.12.18-20.08.33:143][361]LogModuleManager: Shutting down and abandoning module UdpMessaging (220)
[2017.12.18-20.08.33:245][361]LogModuleManager: Shutting down and abandoning module TcpMessaging (218)
[2017.12.18-20.08.33:345][361]LogModuleManager: Shutting down and abandoning module GameplayTagsEditor (216)
[2017.12.18-20.08.33:345][361]LogModuleManager: Shutting down and abandoning module FacialAnimationEditor (214)
[2017.12.18-20.08.33:345][361]LogModuleManager: Shutting down and abandoning module FacialAnimation (212)
[2017.12.18-20.08.33:345][361]LogModuleManager: Shutting down and abandoning module LightPropagationVolumeRuntime (210)
[2017.12.18-20.08.33:345][361]LogModuleManager: Shutting down and abandoning module Paper2D (208)
[2017.12.18-20.08.33:345][361]LogModuleManager: Shutting down and abandoning module WindowsMoviePlayer (206)
[2017.12.18-20.08.33:345][361]LogModuleManager: Shutting down and abandoning module WmfMedia (204)
[2017.12.18-20.08.33:346][361]LogModuleManager: Shutting down and abandoning module MfMedia (202)
[2017.12.18-20.08.33:346][361]LogModuleManager: Shutting down and abandoning module MediaAssets (200)
[2017.12.18-20.08.33:346][361]LogModuleManager: Shutting down and abandoning module GameLiveStreaming (198)
[2017.12.18-20.08.33:346][361]LogModuleManager: Shutting down and abandoning module VREditor (196)
[2017.12.18-20.08.33:346][361]LogModuleManager: Shutting down and abandoning module GameplayTasksEditor (194)
[2017.12.18-20.08.33:346][361]LogModuleManager: Shutting down and abandoning module BehaviorTreeEditor (192)
[2017.12.18-20.08.33:346][361]LogModuleManager: Shutting down and abandoning module FunctionalTesting (190)
[2017.12.18-20.08.33:346][361]LogModuleManager: Shutting down and abandoning module CollisionAnalyzer (188)
[2017.12.18-20.08.33:346][361]LogModuleManager: Shutting down and abandoning module UMG (186)
[2017.12.18-20.08.33:346][361]LogModuleManager: Shutting down and abandoning module UMGEditor (185)
[2017.12.18-20.08.33:346][361]LogModuleManager: Shutting down and abandoning module Sequencer (184)
[2017.12.18-20.08.33:346][361]LogModuleManager: Shutting down and abandoning module AssetTools (182)
[2017.12.18-20.08.33:346][361]LogModuleManager: Shutting down and abandoning module MessageLog (181)
[2017.12.18-20.08.33:346][361]LogModuleManager: Shutting down and abandoning module WorkspaceMenuStructure (180)
[2017.12.18-20.08.33:346][361]LogModuleManager: Shutting down and abandoning module SlateReflector (174)
[2017.12.18-20.08.33:346][361]LogModuleManager: Shutting down and abandoning module Slate (172)
[2017.12.18-20.08.33:346][361]LogModuleManager: Shutting down and abandoning module EditorStyle (170)
[2017.12.18-20.08.33:348][361]LogModuleManager: Shutting down and abandoning module SourceCodeAccess (168)
[2017.12.18-20.08.33:348][361]LogModuleManager: Shutting down and abandoning module HeadMountedDisplay (166)
[2017.12.18-20.08.33:348][361]LogModuleManager: Shutting down and abandoning module XAudio2 (164)
[2017.12.18-20.08.33:348][361]LogModuleManager: Shutting down and abandoning module Networking (162)
[2017.12.18-20.08.33:348][361]LogModuleManager: Shutting down and abandoning module Core (160)
[2017.12.18-20.08.33:348][361]LogModuleManager: Shutting down and abandoning module AssetRegistry (158)
[2017.12.18-20.08.33:549][361]LogDirectoryWatcher: A directory notification for '../../../Engine/Content/' was aborted.
[2017.12.18-20.08.33:549][361]LogDirectoryWatcher: A directory notification for 'E:/Buisness/Unreal/WalkonG2/WalkonG2/Content/' was aborted.
[2017.12.18-20.08.33:549][361]LogDirectoryWatcher: A directory notification for '../../../Engine/Plugins/2D/Paper2D/Content/' was aborted.
[2017.12.18-20.08.33:549][361]LogModuleManager: Shutting down and abandoning module DirectoryWatcher (157)
[2017.12.18-20.08.33:550][361]LogModuleManager: Shutting down and abandoning module KismetCompiler (154)
[2017.12.18-20.08.33:550][361]LogModuleManager: Shutting down and abandoning module PhysXFormats (152)
[2017.12.18-20.08.33:550][361]LogModuleManager: Shutting down and abandoning module MeshUtilities (150)
[2017.12.18-20.08.33:550][361]LogModuleManager: Shutting down and abandoning module SimplygonSwarm (149)
[2017.12.18-20.08.33:550][361]LogModuleManager: Shutting down and abandoning module SimplygonMeshReduction (147)
[2017.12.18-20.08.33:550][361]LogModuleManager: Shutting down and abandoning module QuadricMeshReduction (145)
[2017.12.18-20.08.33:550][361]LogModuleManager: Shutting down and abandoning module PropertyEditor (143)
[2017.12.18-20.08.33:550][361]LogModuleManager: Shutting down and abandoning module DerivedDataCache (140)
[2017.12.18-20.08.33:622][361]LogDerivedDataCache: Shutdown
[2017.12.18-20.08.33:622][361]LogModuleManager: Shutting down and abandoning module TargetPlatform (138)
[2017.12.18-20.08.33:622][361]LogModuleManager: Shutting down and abandoning module VulkanShaderFormat (137)
[2017.12.18-20.08.33:622][361]LogModuleManager: Shutting down and abandoning module ShaderFormatOpenGL (135)
[2017.12.18-20.08.33:622][361]LogModuleManager: Shutting down and abandoning module ShaderFormatD3D (133)
[2017.12.18-20.08.33:622][361]LogModuleManager: Shutting down and abandoning module MetalShaderFormat (131)
[2017.12.18-20.08.33:622][361]LogModuleManager: Shutting down and abandoning module TextureFormatUncompressed (129)
[2017.12.18-20.08.33:622][361]LogModuleManager: Shutting down and abandoning module TextureFormatPVR (127)
[2017.12.18-20.08.33:622][361]LogModuleManager: Shutting down and abandoning module TextureFormatDXT (125)
[2017.12.18-20.08.33:622][361]LogModuleManager: Shutting down and abandoning module TextureFormatIntelISPCTexComp (123)
[2017.12.18-20.08.33:623][361]LogModuleManager: Shutting down and abandoning module TextureFormatASTC (121)
[2017.12.18-20.08.33:623][361]LogModuleManager: Shutting down and abandoning module ImageWrapper (120)
[2017.12.18-20.08.33:623][361]LogModuleManager: Shutting down and abandoning module TextureFormatAndroid (117)
[2017.12.18-20.08.33:623][361]LogModuleManager: Shutting down and abandoning module AudioFormatOpus (115)
[2017.12.18-20.08.33:623][361]LogModuleManager: Shutting down and abandoning module AudioFormatOgg (113)
[2017.12.18-20.08.33:623][361]LogModuleManager: Shutting down and abandoning module AudioFormatADPCM (111)
[2017.12.18-20.08.33:623][361]LogModuleManager: Shutting down and abandoning module LinuxTargetPlatform (109)
[2017.12.18-20.08.33:623][361]LogModuleManager: Shutting down and abandoning module LinuxServerTargetPlatform (107)
[2017.12.18-20.08.33:623][361]LogModuleManager: Shutting down and abandoning module LinuxNoEditorTargetPlatform (105)
[2017.12.18-20.08.33:623][361]LogModuleManager: Shutting down and abandoning module LinuxClientTargetPlatform (103)
[2017.12.18-20.08.33:623][361]LogModuleManager: Shutting down and abandoning module TVOSTargetPlatform (101)
[2017.12.18-20.08.33:623][361]LogModuleManager: Shutting down and abandoning module Messaging (99)
[2017.12.18-20.08.33:623][361]LogModuleManager: Shutting down and abandoning module IOSTargetPlatform (97)
[2017.12.18-20.08.33:623][361]LogModuleManager: Shutting down and abandoning module HTML5TargetPlatform (95)
[2017.12.18-20.08.33:623][361]LogModuleManager: Shutting down and abandoning module Android_PVRTCTargetPlatform (93)
[2017.12.18-20.08.33:623][361]LogModuleManager: Shutting down and abandoning module Android_MultiTargetPlatform (91)
[2017.12.18-20.08.33:623][361]LogModuleManager: Shutting down and abandoning module Android_ETC2TargetPlatform (89)
[2017.12.18-20.08.33:623][361]LogModuleManager: Shutting down and abandoning module Android_ETC1TargetPlatform (87)
[2017.12.18-20.08.33:623][361]LogModuleManager: Shutting down and abandoning module Android_DXTTargetPlatform (85)
[2017.12.18-20.08.33:623][361]LogModuleManager: Shutting down and abandoning module Android_ATCTargetPlatform (83)
[2017.12.18-20.08.33:623][361]LogModuleManager: Shutting down and abandoning module Android_ASTCTargetPlatform (81)
[2017.12.18-20.08.33:623][361]LogModuleManager: Shutting down and abandoning module AndroidTargetPlatform (79)
[2017.12.18-20.08.33:623][361]LogModuleManager: Shutting down and abandoning module WindowsTargetPlatform (77)
[2017.12.18-20.08.33:623][361]LogModuleManager: Shutting down and abandoning module WindowsServerTargetPlatform (75)
[2017.12.18-20.08.33:623][361]LogModuleManager: Shutting down and abandoning module WindowsNoEditorTargetPlatform (73)
[2017.12.18-20.08.33:623][361]LogModuleManager: Shutting down and abandoning module WindowsClientTargetPlatform (71)
[2017.12.18-20.08.33:623][361]LogModuleManager: Shutting down and abandoning module MacTargetPlatform (69)
[2017.12.18-20.08.33:623][361]LogModuleManager: Shutting down and abandoning module MacServerTargetPlatform (67)
[2017.12.18-20.08.33:623][361]LogModuleManager: Shutting down and abandoning module MacNoEditorTargetPlatform (65)
[2017.12.18-20.08.33:623][361]LogModuleManager: Shutting down and abandoning module MacClientTargetPlatform (63)
[2017.12.18-20.08.33:623][361]LogModuleManager: Shutting down and abandoning module AllDesktopTargetPlatform (61)
[2017.12.18-20.08.33:623][361]LogModuleManager: Shutting down and abandoning module InputCore (58)
[2017.12.18-20.08.33:623][361]LogModuleManager: Shutting down and abandoning module Settings (56)
[2017.12.18-20.08.33:624][361]LogModuleManager: Shutting down and abandoning module OculusRift (54)
[2017.12.18-20.08.33:624][361]LogModuleManager: Shutting down and abandoning module GearVR (52)
[2017.12.18-20.08.33:624][361]LogModuleManager: Shutting down and abandoning module ExampleDeviceProfileSelector (50)
[2017.12.18-20.08.33:624][361]LogModuleManager: Shutting down and abandoning module OnlineBlueprintSupport (48)
[2017.12.18-20.08.33:624][361]LogModuleManager: Shutting down and abandoning module OnlineSubsystem (44)
[2017.12.18-20.08.33:624][361]LogOnline:Display: OSS: FOnlineSubsystemNull::Shutdown()
[2017.12.18-20.08.33:625][361]LogOnline:Display: Unloading online subsystem: STEAM
[2017.12.18-20.08.33:625][361]LogOnline:Display: Unloading online subsystem: NULL
[2017.12.18-20.08.33:625][361]LogModuleManager: Shutting down and abandoning module XMPP (37)
[2017.12.18-20.08.33:625][361]LogModuleManager: Shutting down and abandoning module HTTP (35)
[2017.12.18-20.08.33:625][361]LogHttp:Display: Http module shutting down, but needs to wait on 1 outstanding Http requests:
[2017.12.18-20.08.33:625][361]LogHttp:Display: 	verb=[POST] url=[https://datarouter.ol.epicgames.com/datarouter/api/v1/public/data?SessionID=%7B9FCC5876-43C0-CC7A-5861-0B86CC3EBBCB%7D&AppID=UEEditor.Rocket.Release&AppVersion=4.15.3-3450819%2B%2B%2BUE4%2BRelease-4.15&UserID=efd468cc496f8ba46066589324f4e55b%7C3efeb62a0bdb4ef28159471e0cff3f3b%7C1285343e-c08c-4c4b-be56-1f4e5ed03b66&AppEnvironment=datacollector-binary&UploadType=eteventstream] status=Processing
[2017.12.18-20.08.33:626][361]LogHttp:Display: Sleeping 0.5s to wait for 1 outstanding Http requests.
[2017.12.18-20.08.34:127][361]LogHttp:Display: Sleeping 0.5s to wait for 1 outstanding Http requests.
[2017.12.18-20.08.34:627][361]LogHttp:Display: Sleeping 0.5s to wait for 1 outstanding Http requests.
