Log file open, 12/12/17 13:29:42
LogInit:Display: Running engine for game: WalkonG2
LogPlatformFile: Not using cached read wrapper
LogInit:Display: RandInit(1345323337) SRandInit(1345323337).
LogTaskGraph: Started task graph with 5 named threads and 8 total threads with 1 sets of task threads.
LogStats: Stats thread started at 0.076139
LogInit: Using libcurl 7.47.1
LogInit:  - built for x86_64-pc-win32
LogInit:  - supports SSL with OpenSSL/1.0.2g
LogInit:  - supports HTTP deflate (compression) using libz 1.2.8
LogInit:  - other features:
LogInit:      CURL_VERSION_SSL
LogInit:      CURL_VERSION_LIBZ
LogInit:      CURL_VERSION_IPV6
LogInit:      CURL_VERSION_ASYNCHDNS
LogInit:      CURL_VERSION_LARGEFILE
LogInit:      CURL_VERSION_IDN
LogInit:  CurlRequestOptions (configurable via config and command line):
LogInit:  - bVerifyPeer = false  - Libcurl will NOT verify peer certificate
LogInit:  - bUseHttpProxy = false  - Libcurl will NOT use HTTP proxy
LogInit:  - bDontReuseConnections = false  - Libcurl will reuse connections
LogInit:  - CertBundlePath = nullptr  - Libcurl will use whatever was configured at build time.
LogOnline:Display: STEAM: Loading Steam SDK 1.32
LogOnline:Warning: STEAM: Steamworks: SteamUtils() failed!
LogOnline:Warning: STEAM: Steamworks: SteamUser() failed!
LogOnline:Warning: STEAM: Steamworks: SteamFriends() failed!
LogOnline:Warning: STEAM: Steamworks: SteamRemoteStorage() failed!
LogOnline:Warning: STEAM: Steamworks: SteamUserStats() failed!
LogOnline:Warning: STEAM: Steamworks: SteamMatchmakingServers() failed!
LogOnline:Warning: STEAM: Steamworks: SteamApps() failed!
LogOnline:Warning: STEAM: Steamworks: SteamNetworking() failed!
LogOnline:Warning: STEAM: Steamworks: SteamMatchmaking() failed!
LogOnline:Display: STEAM: OnlineSubsystemSteam::Shutdown()
LogOnline:Warning: STEAM: Steam API failed to initialize!
LogOnline:Display: STEAM: OnlineSubsystemSteam::Shutdown()
LogInit: WinSock: version 1.1 (2.2), MaxSocks=32767, MaxUdp=65467
LogInit: Build: ++UE4+Release-4.15-CL-3450819
LogInit: Engine Version: 4.15.3-3450819+++UE4+Release-4.15
LogInit: Compatible Engine Version: 4.15.0-3299760+++UE4+Release-4.15
LogInit: Net CL: 3299760
LogDevObjectVersion: Number of dev versions registered: 14
LogDevObjectVersion:   Dev-Blueprints (B0D832E4-1F89-4F0D-ACCF-7EB736FD4AA2): 8
LogDevObjectVersion:   Dev-Build (E1C64328-A22C-4D53-A36C-8E866417BD8C): 0
LogDevObjectVersion:   Dev-Core (375EC13C-06E4-48FB-B500-84F0262A717E): 2
LogDevObjectVersion:   Dev-Editor (E4B068ED-F494-42E9-A231-DA0B2E46BB41): 14
LogDevObjectVersion:   Dev-Framework (CFFC743F-43B0-4480-9391-14DF171D2073): 22
LogDevObjectVersion:   Dev-Mobile (B02B49B5-BB20-44E9-A304-32B752E40360): 0
LogDevObjectVersion:   Dev-Networking (A4E4105C-59A1-49B5-A7C5-40C4547EDFEE): 0
LogDevObjectVersion:   Dev-Online (39C831C9-5AE6-47DC-9A44-9C173E1C8E7C): 0
LogDevObjectVersion:   Dev-Physics (78F01B33-EBEA-4F98-B9B4-84EACCB95AA2): 0
LogDevObjectVersion:   Dev-Platform (6631380F-2D4D-43E0-8009-CF276956A95A): 0
LogDevObjectVersion:   Dev-Rendering (12F88B9F-8875-4AFC-A67C-D90C383ABD29): 12
LogDevObjectVersion:   Dev-Sequencer (7B5AE74C-D270-4C10-A958-57980B212A5A): 3
LogDevObjectVersion:   Dev-VR (D7296918-1DD6-4BDD-9DE2-64A83CC13884): 0
LogDevObjectVersion:   Dev-LoadTimes (C2A15278-BFE7-4AFE-6C17-90FF531DF755): 1
LogInit: Compiled (64-bit): May 21 2017 11:02:34
LogInit: Compiled with Visual C++: 19.00.23026.00
LogInit: Build Configuration: Development
LogInit: Branch Name: ++UE4+Release-4.15
LogInit: Command line:  /Temp/Autosaves/Game/Maps/UEDPCMainMenu -game -PIEVIACONSOLE -ResX=1280 -ResY=720  -Multiprocess -messaging -SessionName="Play in Standalone Game" -windowed 
LogInit: Base directory: C:/Program Files/Epic Games/UE_4.15/Engine/Binaries/Win64/
LogInit: Installed Engine Build: 1
LogInit: Presizing for max 8388607 objects, including 0 objects not considered by GC, pre-allocating 0 bytes for permanent pool.
LogInit: Object subsystem initialized
[2017.12.12-12.29.43:711][  0]LogInit: Selected Device Profile: [Windows]
[2017.12.12-12.29.43:711][  0]LogInit: Applying CVar settings loaded from the selected device profile: [Windows]
[2017.12.12-12.29.43:713][  0]LogInit: Computer: DEVPC
[2017.12.12-12.29.43:713][  0]LogInit: User: Aron
[2017.12.12-12.29.43:713][  0]LogInit: CPU Page size=65536, Cores=4
[2017.12.12-12.29.43:713][  0]LogInit: High frequency timer resolution =3.903985 MHz
[2017.12.12-12.29.43:714][  0]LogMemory: Memory total: Physical=15.9GB (16GB approx)
[2017.12.12-12.29.43:714][  0]LogMemory: Platform Memory Stats for Windows
[2017.12.12-12.29.43:714][  0]LogMemory: Process Physical Memory: 264.87 MB used, 264.87 MB peak
[2017.12.12-12.29.43:714][  0]LogMemory: Process Virtual Memory: 262.65 MB used, 262.65 MB peak
[2017.12.12-12.29.43:714][  0]LogMemory: Physical Memory: 5723.07 MB used,  10602.75 MB free, 16325.82 MB total
[2017.12.12-12.29.43:714][  0]LogMemory: Virtual Memory: 681.63 MB used,  10602.75 MB free, 134217728.00 MB total
[2017.12.12-12.29.43:790][  0]LogTextLocalizationManager: No translations for ('hr-HR') exist, falling back to 'en' for localization and internationalization data.
[2017.12.12-12.29.44:173][  0]LogD3D11RHI: D3D11 adapters:
[2017.12.12-12.29.44:187][  0]LogD3D11RHI:    0. 'AMD Radeon (TM) R9 390 Series' (Feature Level 11_0)
[2017.12.12-12.29.44:187][  0]LogD3D11RHI:       8168/0/8162 MB DedicatedVideo/DedicatedSystem/SharedSystem, Outputs:3, VendorId:0x1002
[2017.12.12-12.29.44:188][  0]LogD3D11RHI:    1. 'Microsoft Basic Render Driver' (Feature Level 11_0)
[2017.12.12-12.29.44:188][  0]LogD3D11RHI:       0/0/8162 MB DedicatedVideo/DedicatedSystem/SharedSystem, Outputs:0, VendorId:0x1414
[2017.12.12-12.29.44:188][  0]LogD3D11RHI: Chosen D3D11 Adapter: 0
[2017.12.12-12.29.44:192][  0]LogD3D11RHI: Creating new Direct3DDevice
[2017.12.12-12.29.44:192][  0]LogD3D11RHI:     GPU DeviceId: 0x67b0 (for the marketing name, search the web for "GPU Device Id")
[2017.12.12-12.29.44:192][  0]LogWindows: EnumDisplayDevices:
[2017.12.12-12.29.44:192][  0]LogWindows:    0. 'AMD Radeon (TM) R9 390 Series' (P:1 D:1)
[2017.12.12-12.29.44:192][  0]LogWindows:    1. 'AMD Radeon (TM) R9 390 Series' (P:0 D:1)
[2017.12.12-12.29.44:192][  0]LogWindows:    2. 'AMD Radeon (TM) R9 390 Series' (P:0 D:1)
[2017.12.12-12.29.44:192][  0]LogWindows:    3. 'AMD Radeon (TM) R9 390 Series' (P:0 D:0)
[2017.12.12-12.29.44:192][  0]LogWindows:    4. 'AMD Radeon (TM) R9 390 Series' (P:0 D:0)
[2017.12.12-12.29.44:192][  0]LogWindows:    5. 'AMD Radeon (TM) R9 390 Series' (P:0 D:0)
[2017.12.12-12.29.44:192][  0]LogWindows: DebugString: GetVideoDriverDetailsInvalid PrimaryIsNotTheChoosenAdapter GetVideoDriverDetailsInvalid PrimaryIsNotTheChoosenAdapter GetVideoDriverDetailsInvalid PrimaryIsNotTheChoosenAdapter GetVideoDriverDetailsInvalid PrimaryIsNotTheChoosenAdapter GetVideoDriverDetailsInvalid PrimaryIsNotTheChoosenAdapter GetVideoDriverDetailsInvalid PrimaryIsNotTheChoosenAdapter FoundDriverCount:0 
[2017.12.12-12.29.44:192][  0]LogD3D11RHI:     Adapter Name: AMD Radeon (TM) R9 390 Series
[2017.12.12-12.29.44:192][  0]LogD3D11RHI:   Driver Version: Unknown (internal:Unknown, unified:Unknown)
[2017.12.12-12.29.44:192][  0]LogD3D11RHI:      Driver Date: Unknown
[2017.12.12-12.29.44:192][  0]LogRHI: Texture pool is 1361 MB (70% of 1945 MB)
[2017.12.12-12.29.44:211][  0]LogD3D11RHI: Async texture creation enabled
[2017.12.12-12.29.44:222][  0]LogD3D11RHI: GPU Timing Frequency: 27.000000 (Debug: 2 1)
[2017.12.12-12.29.44:222][  0]LogShaderCompilers: Guid format shader working directory is 9 characters bigger than the processId version (E:/Buisness/Unreal/WalkonG2/WalkonG2/Intermediate/Shaders/WorkingDirectory/9328/).
[2017.12.12-12.29.44:223][  0]LogShaderCompilers: Cleaned the shader compiler working directory 'C:/Users/Aron/AppData/Local/Temp/UnrealShaderWorkingDir/F71467DF4DD9B251051603922A69B3F7/'.
[2017.12.12-12.29.44:223][  0]LogShaderCompilers:Display: Using Local Shader Compiler.
[2017.12.12-12.29.45:085][  0]LogTemp:Display: Loaded TP WindowsClientTargetPlatform
[2017.12.12-12.29.45:132][  0]LogTemp:Display: Loaded TP WindowsNoEditorTargetPlatform
[2017.12.12-12.29.45:177][  0]LogTemp:Display: Loaded TP WindowsServerTargetPlatform
[2017.12.12-12.29.45:216][  0]LogTemp:Display: Loaded TP WindowsTargetPlatform
[2017.12.12-12.29.45:216][  0]LogTargetPlatformManager:Display: Building Assets For Windows
[2017.12.12-12.29.45:573][  0]LogDerivedDataCache:Display: Max Cache Size: 512 MB
[2017.12.12-12.29.45:605][  0]LogDerivedDataCache: Loaded boot cache 0.03s 50MB C:/Users/Aron/AppData/Local/UnrealEngine/4.15/DerivedDataCache/Boot.ddc.
[2017.12.12-12.29.45:606][  0]LogDerivedDataCache:Display: Loaded Boot cache: C:/Users/Aron/AppData/Local/UnrealEngine/4.15/DerivedDataCache/Boot.ddc
[2017.12.12-12.29.45:606][  0]LogDerivedDataCache: FDerivedDataBackendGraph:  Pak pak cache file E:/Buisness/Unreal/WalkonG2/WalkonG2/DerivedDataCache/DDC.ddp not found, will not use a pak cache.
[2017.12.12-12.29.45:606][  0]LogDerivedDataCache: Unable to find inner node Pak for hierarchical cache Hierarchy.
[2017.12.12-12.29.45:606][  0]LogDerivedDataCache: FDerivedDataBackendGraph:  CompressedPak pak cache file E:/Buisness/Unreal/WalkonG2/WalkonG2/DerivedDataCache/Compressed.ddp not found, will not use a pak cache.
[2017.12.12-12.29.45:606][  0]LogDerivedDataCache: Unable to find inner node CompressedPak for hierarchical cache Hierarchy.
[2017.12.12-12.29.45:619][  0]LogDerivedDataCache:Display: Pak cache opened for reading ../../../Engine/DerivedDataCache/Compressed.ddp.
[2017.12.12-12.29.45:631][  0]LogDerivedDataCache: Using Local data cache path C:/Users/Aron/AppData/Local/UnrealEngine/Common/DerivedDataCache: Writable
[2017.12.12-12.29.45:638][  0]LogSlate: Using Freetype 2.6.0
[2017.12.12-12.29.45:639][  0]LogSlate: SlateFontCache - WITH_FREETYPE: 1, WITH_HARFBUZZ: 1
[2017.12.12-12.29.45:639][  0]LogSlate: SlateFontCache - WITH_FREETYPE: 1, WITH_HARFBUZZ: 1
[2017.12.12-12.29.45:837][  0]LogAssetRegistry: FAssetRegistry took 0.0001 seconds to start up
[2017.12.12-12.29.45:841][  0]LogPackageLocalizationCache: Processed 3 localized package path(s) for 1 prioritized culture(s) in 0.003506 seconds
[2017.12.12-12.29.45:853][  0]LogInit: Selected Device Profile: [Windows]
[2017.12.12-12.29.45:854][  0]LogContentStreaming: Texture pool size is 1000.00 MB
[2017.12.12-12.29.46:020][  0]LogMeshUtilities: Using QuadricMeshReduction for automatic static mesh reduction
[2017.12.12-12.29.46:058][  0]LogSimplygon: Simplygon DLL not present - disabling.
[2017.12.12-12.29.46:096][  0]LogMeshUtilities: Using SimplygonSwarm for distributed automatic mesh merging
[2017.12.12-12.29.46:096][  0]LogMeshUtilities: No automatic skeletal mesh reduction module available
[2017.12.12-12.29.46:096][  0]LogMeshUtilities: No automatic mesh merging module available
[2017.12.12-12.29.46:472][  0]LogNetVersion: GetLocalNetworkVersion: CL: 3299760, ProjectName: walkong2, ProjectVersion: , EngineNetworkVersion: 2, GameNetworkVersion: 0, NetworkChecksum: 2522600614
[2017.12.12-12.29.47:172][  0]LogMoviePlayer: Initializing movie player
[2017.12.12-12.29.47:285][  0]LogWindowsTextInputMethodSystem:Display: IME system now deactivated.
[2017.12.12-12.29.47:557][  0]LogTcpMessaging: Initializing TcpMessaging bridge
[2017.12.12-12.29.47:591][  0]LogUdpMessaging: Initializing bridge on interface 0.0.0.0:0 to multicast group 230.0.0.1:6666.
[2017.12.12-12.29.47:904][  0]SourceControl: Info Source control is disabled
[2017.12.12-12.29.47:904][  0]SourceControl: Info Source control is disabled
[2017.12.12-12.29.47:942][  0]SourceControl: Info Source control is disabled
[2017.12.12-12.29.48:462][  0]LogUObjectArray: 34415 objects as part of root set at end of initial load.
[2017.12.12-12.29.48:462][  0]LogUObjectAllocator: 7853176 out of 0 bytes used by permanent object pool.
[2017.12.12-12.29.48:462][  0]LogUObjectArray: CloseDisregardForGC: 0/0 objects in disregard for GC pool
[2017.12.12-12.29.48:545][  0]LogEngine: Initializing Engine...
[2017.12.12-12.29.48:546][  0]LogHMD: Failed to initialize OpenVR with code 110
[2017.12.12-12.29.48:623][  0]LogStats: UGameplayTagsManager::ConstructGameplayTagTree: Construct from data asset -  0.000 s
[2017.12.12-12.29.48:623][  0]LogStats: UGameplayTagsManager::ConstructGameplayTagTree: GameplayTagTreeChangedEvent.Broadcast -  0.000 s
[2017.12.12-12.29.48:629][  0]LogInit: XAudio2 using 'Speakers (Realtek High Definition Audio)' : 2 channels at 48 kHz using 32 bits per sample (channel mask 0x3)
[2017.12.12-12.29.48:641][  0]LogInit: FAudioDevice initialized.
[2017.12.12-12.29.48:654][  0]LogInit: Texture streaming: Enabled
[2017.12.12-12.29.48:663][  0]LogMaterial: Uniform references updated for custom material expression Custom.
[2017.12.12-12.29.48:927][  0]LogLinker: Can't find file '/Game/Mannequin/Character/Textures/UE4_LOGO_CARD'
[2017.12.12-12.29.48:927][  0]LogLinker: Can't find file '/Game/Mannequin/Character/Textures/UE4_LOGO_CARD'
[2017.12.12-12.29.49:114][  0]LogInit:Display: Game Engine Initialized.
[2017.12.12-12.29.49:251][  0]LogInit:Display: Starting Game.
[2017.12.12-12.29.49:251][  0]LogNet: Browse: /Temp/Autosaves/Game/Maps/UEDPCMainMenu?Name=Player
[2017.12.12-12.29.49:251][  0]LogLoad: LoadMap: /Temp/Autosaves/Game/Maps/UEDPCMainMenu?Name=Player
[2017.12.12-12.29.49:269][  0]LogMemory: Platform Memory Stats for Windows
[2017.12.12-12.29.49:269][  0]LogMemory: Process Physical Memory: 708.59 MB used, 721.98 MB peak
[2017.12.12-12.29.49:269][  0]LogMemory: Process Virtual Memory: 802.46 MB used, 816.99 MB peak
[2017.12.12-12.29.49:269][  0]LogMemory: Physical Memory: 6131.95 MB used,  10193.87 MB free, 16325.82 MB total
[2017.12.12-12.29.49:269][  0]LogMemory: Virtual Memory: 1506.93 MB used,  10193.87 MB free, 134217728.00 MB total
[2017.12.12-12.29.49:269][  0]LogMemory: 
[2017.12.12-12.29.49:269][  0]Allocator Stats for TBB: (not implemented)
[2017.12.12-12.29.49:378][  0]LogAIModule: Creating AISystem for world MainMenu
[2017.12.12-12.29.49:379][  0]LogLinker:Warning: Can't find file '/Game/ThirdPersonBP/Blueprints/ThirdPersonGameMode'
[2017.12.12-12.29.49:379][  0]LogUObjectGlobals:Warning: Failed to load '/Game/ThirdPersonBP/Blueprints/ThirdPersonGameMode': Can't find file '/Game/ThirdPersonBP/Blueprints/ThirdPersonGameMode'
[2017.12.12-12.29.49:379][  0]LogLinker:Warning: Can't find file '/Game/ThirdPersonBP/Blueprints/ThirdPersonGameMode'
[2017.12.12-12.29.49:379][  0]LogUObjectGlobals:Warning: Failed to load '/Game/ThirdPersonBP/Blueprints/ThirdPersonGameMode': Can't find file '/Game/ThirdPersonBP/Blueprints/ThirdPersonGameMode'
[2017.12.12-12.29.49:379][  0]LogUObjectGlobals:Warning: Failed to find object 'Class /Game/ThirdPersonBP/Blueprints/ThirdPersonGameMode.ThirdPersonGameMode_C'
[2017.12.12-12.29.49:379][  0]LogLoad: Game class is 'GameModeBase'
[2017.12.12-12.29.49:380][  0]LogWorld: Bringing World /Temp/Autosaves/Game/Maps/UEDPCMainMenu.MainMenu up for play (max tick rate 0) at 2017.12.12-13.29.49
[2017.12.12-12.29.49:380][  0]LogWorld: Bringing up level for play took: 0.000362
[2017.12.12-12.29.49:400][  0]LogLoad: Took 0.148885 seconds to LoadMap(/Temp/Autosaves/Game/Maps/UEDPCMainMenu)
[2017.12.12-12.29.49:596][  0]LogRenderer: Reallocating scene render targets to support 1280x720 NumSamples 1 (Frame:2).
[2017.12.12-12.29.49:596][  0]LogLoad: (Engine Initialization) Total time: 7.62 seconds
[2017.12.12-12.29.49:596][  0]LogLoad: (Engine Initialization) Total Blueprint compile time: 0.14 seconds
[2017.12.12-12.29.49:596][  0]LogExternalProfiler: Found external profiler: VSPerf
[2017.12.12-12.29.49:596][  0]LogExternalProfiler: Using external profiler: VSPerf
[2017.12.12-12.29.49:615][  0]LogSteamController: SteamController is not available
[2017.12.12-12.29.49:615][  0]LogOcInput: OculusInput pre-init called
[2017.12.12-12.29.49:615][  0]LoadErrors:Error: Error /Game/Blueprints/AllLevels/GameInfoInstance : Failed import for ByteProperty /Game/UI/MainMenu/ProfileMenu.ProfileMenu_C:WelcomeMessageVis
[2017.12.12-12.30.15:303][592]Closing by request
[2017.12.12-12.30.15:303][592]LogWindows: FPlatformMisc::RequestExit(0)
[2017.12.12-12.30.15:304][593]LogMoviePlayer: Shutting down movie player
[2017.12.12-12.30.15:590][593]LogWindowsTextInputMethodSystem:Display: IME system now deactivated.
[2017.12.12-12.30.15:599][593]LogWindowsTextInputMethodSystem:Display: IME system now deactivated.
[2017.12.12-12.30.15:604][593]LogExit: Preparing to exit.
[2017.12.12-12.30.16:747][593]LogExit: Game engine shut down
[2017.12.12-12.30.16:791][593]LogObj: Freed 0b from 0 cluster array pools.
[2017.12.12-12.30.16:791][593]LogExit: Object subsystem successfully closed.
[2017.12.12-12.30.16:798][593]LogD3D11RHI: Shutdown
[2017.12.12-12.30.16:798][593]LogD3D11RHI: CleanupD3DDevice
[2017.12.12-12.30.16:834][593]LogD3D11RHI: ~FD3D11DynamicRHI
[2017.12.12-12.30.16:840][593]LogModuleManager: Shutting down and abandoning module SequenceRecorderSections (270)
[2017.12.12-12.30.16:840][593]LogModuleManager: Shutting down and abandoning module SequenceRecorder (268)
[2017.12.12-12.30.16:840][593]LogModuleManager: Shutting down and abandoning module AutomationController (266)
[2017.12.12-12.30.16:840][593]LogModuleManager: Shutting down and abandoning module AutomationWorker (264)
[2017.12.12-12.30.16:840][593]LogModuleManager: Shutting down and abandoning module Voice (262)
[2017.12.12-12.30.16:840][593]LogModuleManager: Shutting down and abandoning module AIModule (260)
[2017.12.12-12.30.16:840][593]LogModuleManager: Shutting down and abandoning module GameplayDebugger (259)
[2017.12.12-12.30.16:840][593]LogModuleManager: Shutting down and abandoning module AITestSuite (257)
[2017.12.12-12.30.16:840][593]LogModuleManager: Shutting down and abandoning module WmfMediaFactory (254)
[2017.12.12-12.30.16:840][593]LogModuleManager: Shutting down and abandoning module MfMediaFactory (252)
[2017.12.12-12.30.16:840][593]LogModuleManager: Shutting down and abandoning module AvfMediaFactory (250)
[2017.12.12-12.30.16:840][593]LogModuleManager: Shutting down and abandoning module AndroidMediaFactory (248)
[2017.12.12-12.30.16:840][593]LogModuleManager: Shutting down and abandoning module Media (247)
[2017.12.12-12.30.16:840][593]LogModuleManager: Shutting down and abandoning module CharacterAI (244)
[2017.12.12-12.30.16:840][593]LogModuleManager: Shutting down and abandoning module SessionServices (242)
[2017.12.12-12.30.16:840][593]LogModuleManager: Shutting down and abandoning module MovieSceneCapture (240)
[2017.12.12-12.30.16:840][593]LogModuleManager: Shutting down and abandoning module GeometryCache (238)
[2017.12.12-12.30.16:840][593]LogModuleManager: Shutting down and abandoning module GeometryCacheEd (237)
[2017.12.12-12.30.16:840][593]LogModuleManager: Shutting down and abandoning module Niagara (234)
[2017.12.12-12.30.16:840][593]LogModuleManager: Shutting down and abandoning module StreamingPauseRendering (232)
[2017.12.12-12.30.16:840][593]LogModuleManager: Shutting down and abandoning module PortalServices (230)
[2017.12.12-12.30.16:840][593]LogModuleManager: Shutting down and abandoning module PortalRpc (228)
[2017.12.12-12.30.16:840][593]LogModuleManager: Shutting down and abandoning module MessagingRpc (226)
[2017.12.12-12.30.16:840][593]LogModuleManager: Shutting down and abandoning module ProfilerService (224)
[2017.12.12-12.30.17:055][593]LogModuleManager: Shutting down and abandoning module TaskGraph (222)
[2017.12.12-12.30.17:055][593]LogModuleManager: Shutting down and abandoning module SteamVRController (220)
[2017.12.12-12.30.17:055][593]LogModuleManager: Shutting down and abandoning module SteamVR (218)
[2017.12.12-12.30.17:055][593]LogModuleManager: Shutting down and abandoning module SteamController (216)
[2017.12.12-12.30.17:055][593]LogModuleManager: Shutting down and abandoning module ProceduralMeshComponent (214)
[2017.12.12-12.30.17:055][593]LogModuleManager: Shutting down and abandoning module OculusLibrary (212)
[2017.12.12-12.30.17:055][593]LogModuleManager: Shutting down and abandoning module OculusInput (210)
[2017.12.12-12.30.17:055][593]LogModuleManager: Shutting down and abandoning module MobilePatchingUtils (208)
[2017.12.12-12.30.17:055][593]LogModuleManager: Shutting down and abandoning module CustomMeshComponent (206)
[2017.12.12-12.30.17:055][593]LogModuleManager: Shutting down and abandoning module CableComponent (204)
[2017.12.12-12.30.17:055][593]LogModuleManager: Shutting down and abandoning module ArchVisCharacter (202)
[2017.12.12-12.30.17:055][593]LogModuleManager: Shutting down and abandoning module HTML5Networking (200)
[2017.12.12-12.30.17:055][593]LogModuleManager: Shutting down and abandoning module VisualStudioSourceCodeAccess (198)
[2017.12.12-12.30.17:055][593]LogModuleManager: Shutting down and abandoning module DesktopPlatform (197)
[2017.12.12-12.30.17:055][593]LogModuleManager: Shutting down and abandoning module HotReload (195)
[2017.12.12-12.30.17:055][593]LogDirectoryWatcher: A directory notification for 'E:/Buisness/Unreal/WalkonG2/WalkonG2/Binaries/Win64' was aborted.
[2017.12.12-12.30.17:055][593]LogModuleManager: Shutting down and abandoning module DirectoryWatcher (194)
[2017.12.12-12.30.17:055][593]LogModuleManager: Shutting down and abandoning module UObjectPlugin (190)
[2017.12.12-12.30.17:055][593]LogModuleManager: Shutting down and abandoning module SubversionSourceControl (188)
[2017.12.12-12.30.17:055][593]LogModuleManager: Shutting down and abandoning module PerforceSourceControl (186)
[2017.12.12-12.30.17:055][593]LogModuleManager: Shutting down and abandoning module SourceControl (185)
[2017.12.12-12.30.17:055][593]LogModuleManager: Shutting down and abandoning module PhysXVehiclesEditor (182)
[2017.12.12-12.30.17:055][593]LogModuleManager: Shutting down and abandoning module PhysXVehicles (180)
[2017.12.12-12.30.17:055][593]LogModuleManager: Shutting down and abandoning module LocationServicesBPLibrary (178)
[2017.12.12-12.30.17:055][593]LogModuleManager: Shutting down and abandoning module UdpMessaging (176)
[2017.12.12-12.30.17:156][593]LogModuleManager: Shutting down and abandoning module TcpMessaging (174)
[2017.12.12-12.30.17:568][593]LogModuleManager: Shutting down and abandoning module GameplayTagsEditor (172)
[2017.12.12-12.30.17:568][593]LogModuleManager: Shutting down and abandoning module FacialAnimation (170)
[2017.12.12-12.30.17:568][593]LogModuleManager: Shutting down and abandoning module LightPropagationVolumeRuntime (168)
[2017.12.12-12.30.17:568][593]LogModuleManager: Shutting down and abandoning module Paper2D (166)
[2017.12.12-12.30.17:568][593]LogModuleManager: Shutting down and abandoning module WindowsMoviePlayer (164)
[2017.12.12-12.30.17:568][593]LogModuleManager: Shutting down and abandoning module WmfMedia (162)
[2017.12.12-12.30.17:571][593]LogModuleManager: Shutting down and abandoning module MfMedia (160)
[2017.12.12-12.30.17:571][593]LogModuleManager: Shutting down and abandoning module MediaAssets (158)
[2017.12.12-12.30.17:571][593]LogModuleManager: Shutting down and abandoning module GameLiveStreaming (156)
[2017.12.12-12.30.17:571][593]LogModuleManager: Shutting down and abandoning module VREditor (154)
[2017.12.12-12.30.17:571][593]LogModuleManager: Shutting down and abandoning module GameplayTasksEditor (152)
[2017.12.12-12.30.17:571][593]LogModuleManager: Shutting down and abandoning module BehaviorTreeEditor (150)
[2017.12.12-12.30.17:571][593]LogModuleManager: Shutting down and abandoning module FunctionalTesting (148)
[2017.12.12-12.30.17:571][593]LogModuleManager: Shutting down and abandoning module CollisionAnalyzer (146)
[2017.12.12-12.30.17:571][593]LogModuleManager: Shutting down and abandoning module UMG (144)
[2017.12.12-12.30.17:571][593]LogModuleManager: Shutting down and abandoning module UMGEditor (143)
[2017.12.12-12.30.17:571][593]LogModuleManager: Shutting down and abandoning module Sequencer (142)
[2017.12.12-12.30.17:571][593]LogModuleManager: Shutting down and abandoning module AssetTools (140)
[2017.12.12-12.30.17:572][593]LogModuleManager: Shutting down and abandoning module MessageLog (139)
[2017.12.12-12.30.17:572][593]LogModuleManager: Shutting down and abandoning module WorkspaceMenuStructure (138)
[2017.12.12-12.30.17:572][593]LogModuleManager: Shutting down and abandoning module SlateReflector (132)
[2017.12.12-12.30.17:572][593]LogModuleManager: Shutting down and abandoning module Slate (130)
[2017.12.12-12.30.17:572][593]LogModuleManager: Shutting down and abandoning module EditorStyle (128)
[2017.12.12-12.30.17:578][593]LogModuleManager: Shutting down and abandoning module Messaging (126)
[2017.12.12-12.30.17:578][593]LogModuleManager: Shutting down and abandoning module SourceCodeAccess (124)
[2017.12.12-12.30.17:578][593]LogModuleManager: Shutting down and abandoning module HeadMountedDisplay (122)
[2017.12.12-12.30.17:578][593]LogModuleManager: Shutting down and abandoning module XAudio2 (120)
[2017.12.12-12.30.17:579][593]LogModuleManager: Shutting down and abandoning module Networking (118)
[2017.12.12-12.30.17:579][593]LogModuleManager: Shutting down and abandoning module Core (116)
[2017.12.12-12.30.17:579][593]LogModuleManager: Shutting down and abandoning module KismetCompiler (114)
[2017.12.12-12.30.17:579][593]LogModuleManager: Shutting down and abandoning module PhysXFormats (112)
[2017.12.12-12.30.17:579][593]LogModuleManager: Shutting down and abandoning module MeshUtilities (110)
[2017.12.12-12.30.17:579][593]LogModuleManager: Shutting down and abandoning module SimplygonSwarm (109)
[2017.12.12-12.30.17:579][593]LogModuleManager: Shutting down and abandoning module SimplygonMeshReduction (107)
[2017.12.12-12.30.17:579][593]LogModuleManager: Shutting down and abandoning module QuadricMeshReduction (105)
[2017.12.12-12.30.17:579][593]LogModuleManager: Shutting down and abandoning module PropertyEditor (103)
[2017.12.12-12.30.17:579][593]LogModuleManager: Shutting down and abandoning module AssetRegistry (100)
[2017.12.12-12.30.17:579][593]LogModuleManager: Shutting down and abandoning module DerivedDataCache (98)
[2017.12.12-12.30.17:647][593]LogDerivedDataCache: Shutdown
[2017.12.12-12.30.17:647][593]LogModuleManager: Shutting down and abandoning module TargetPlatform (96)
[2017.12.12-12.30.17:647][593]LogModuleManager: Shutting down and abandoning module VulkanShaderFormat (95)
[2017.12.12-12.30.17:647][593]LogModuleManager: Shutting down and abandoning module ShaderFormatOpenGL (93)
[2017.12.12-12.30.17:647][593]LogModuleManager: Shutting down and abandoning module ShaderFormatD3D (91)
[2017.12.12-12.30.17:647][593]LogModuleManager: Shutting down and abandoning module MetalShaderFormat (89)
[2017.12.12-12.30.17:647][593]LogModuleManager: Shutting down and abandoning module TextureFormatUncompressed (87)
[2017.12.12-12.30.17:647][593]LogModuleManager: Shutting down and abandoning module TextureFormatPVR (85)
[2017.12.12-12.30.17:647][593]LogModuleManager: Shutting down and abandoning module TextureFormatDXT (83)
[2017.12.12-12.30.17:647][593]LogModuleManager: Shutting down and abandoning module TextureFormatIntelISPCTexComp (81)
[2017.12.12-12.30.17:647][593]LogModuleManager: Shutting down and abandoning module TextureFormatASTC (79)
[2017.12.12-12.30.17:647][593]LogModuleManager: Shutting down and abandoning module ImageWrapper (78)
[2017.12.12-12.30.17:647][593]LogModuleManager: Shutting down and abandoning module TextureFormatAndroid (75)
[2017.12.12-12.30.17:647][593]LogModuleManager: Shutting down and abandoning module AudioFormatOpus (73)
[2017.12.12-12.30.17:647][593]LogModuleManager: Shutting down and abandoning module AudioFormatOgg (71)
[2017.12.12-12.30.17:647][593]LogModuleManager: Shutting down and abandoning module AudioFormatADPCM (69)
[2017.12.12-12.30.17:647][593]LogModuleManager: Shutting down and abandoning module WindowsTargetPlatform (67)
[2017.12.12-12.30.17:647][593]LogModuleManager: Shutting down and abandoning module WindowsServerTargetPlatform (65)
[2017.12.12-12.30.17:647][593]LogModuleManager: Shutting down and abandoning module WindowsNoEditorTargetPlatform (63)
[2017.12.12-12.30.17:647][593]LogModuleManager: Shutting down and abandoning module WindowsClientTargetPlatform (61)
[2017.12.12-12.30.17:647][593]LogModuleManager: Shutting down and abandoning module InputCore (58)
[2017.12.12-12.30.17:648][593]LogModuleManager: Shutting down and abandoning module Settings (56)
[2017.12.12-12.30.17:648][593]LogModuleManager: Shutting down and abandoning module OculusRift (54)
[2017.12.12-12.30.17:648][593]LogModuleManager: Shutting down and abandoning module GearVR (52)
[2017.12.12-12.30.17:648][593]LogModuleManager: Shutting down and abandoning module ExampleDeviceProfileSelector (50)
[2017.12.12-12.30.17:648][593]LogModuleManager: Shutting down and abandoning module OnlineBlueprintSupport (48)
[2017.12.12-12.30.17:648][593]LogModuleManager: Shutting down and abandoning module OnlineSubsystem (44)
[2017.12.12-12.30.17:648][593]LogOnline:Display: OSS: FOnlineSubsystemNull::Shutdown()
[2017.12.12-12.30.17:648][593]LogOnline:Display: Unloading online subsystem: STEAM
[2017.12.12-12.30.17:649][593]LogOnline:Display: Unloading online subsystem: NULL
[2017.12.12-12.30.17:649][593]LogModuleManager: Shutting down and abandoning module XMPP (37)
[2017.12.12-12.30.17:649][593]LogModuleManager: Shutting down and abandoning module HTTP (35)
[2017.12.12-12.30.17:658][593]LogModuleManager: Shutting down and abandoning module SSL (34)
[2017.12.12-12.30.17:662][593]LogModuleManager: Shutting down and abandoning module AudioEditor (30)
[2017.12.12-12.30.17:662][593]LogModuleManager: Shutting down and abandoning module TextureCompressor (28)
[2017.12.12-12.30.17:662][593]LogModuleManager: Shutting down and abandoning module ShaderCore (26)
[2017.12.12-12.30.17:662][593]LogModuleManager: Shutting down and abandoning module Landscape (24)
[2017.12.12-12.30.17:662][593]LogModuleManager: Shutting down and abandoning module SlateRHIRenderer (22)
[2017.12.12-12.30.17:663][593]LogModuleManager: Shutting down and abandoning module OpenGLDrv (20)
[2017.12.12-12.30.17:663][593]LogModuleManager: Shutting down and abandoning module D3D11RHI (18)
[2017.12.12-12.30.17:663][593]LogModuleManager: Shutting down and abandoning module AnimGraphRuntime (16)
[2017.12.12-12.30.17:663][593]LogModuleManager: Shutting down and abandoning module Renderer (14)
[2017.12.12-12.30.17:663][593]LogModuleManager: Shutting down and abandoning module Engine (12)
[2017.12.12-12.30.17:663][593]LogModuleManager: Shutting down and abandoning module CoreUObject (10)
[2017.12.12-12.30.17:663][593]LogModuleManager: Shutting down and abandoning module NetworkFile (8)
[2017.12.12-12.30.17:663][593]LogModuleManager: Shutting down and abandoning module StreamingFile (6)
[2017.12.12-12.30.17:663][593]LogModuleManager: Shutting down and abandoning module SandboxFile (4)
[2017.12.12-12.30.17:663][593]LogModuleManager: Shutting down and abandoning module PakFile (2)
[2017.12.12-12.30.17:667][593]LogExit: Exiting.
[2017.12.12-12.30.17:671][593]Log file closed, 12/12/17 13:30:17
