Log file open, 12/16/17 17:32:11
LogInit:Display: Running engine for game: WalkonG2
LogPlatformFile: Not using cached read wrapper
LogInit:Display: RandInit(-808982340) SRandInit(-808982340).
LogTaskGraph: Started task graph with 5 named threads and 8 total threads with 1 sets of task threads.
LogStats: Stats thread started at 0.070741
LogInit: Using libcurl 7.47.1
LogInit:  - built for x86_64-pc-win32
LogInit:  - supports SSL with OpenSSL/1.0.2g
LogInit:  - supports HTTP deflate (compression) using libz 1.2.8
LogInit:  - other features:
LogInit:      CURL_VERSION_SSL
LogInit:      CURL_VERSION_LIBZ
LogInit:      CURL_VERSION_IPV6
LogInit:      CURL_VERSION_ASYNCHDNS
LogInit:      CURL_VERSION_LARGEFILE
LogInit:      CURL_VERSION_IDN
LogInit:  CurlRequestOptions (configurable via config and command line):
LogInit:  - bVerifyPeer = false  - Libcurl will NOT verify peer certificate
LogInit:  - bUseHttpProxy = false  - Libcurl will NOT use HTTP proxy
LogInit:  - bDontReuseConnections = false  - Libcurl will reuse connections
LogInit:  - CertBundlePath = nullptr  - Libcurl will use whatever was configured at build time.
LogOnline:Display: STEAM: Loading Steam SDK 1.32
LogInit: WinSock: version 1.1 (2.2), MaxSocks=32767, MaxUdp=65467
LogInit: Build: ++UE4+Release-4.15-CL-3450819
LogInit: Engine Version: 4.15.3-3450819+++UE4+Release-4.15
LogInit: Compatible Engine Version: 4.15.0-3299760+++UE4+Release-4.15
LogInit: Net CL: 3299760
LogDevObjectVersion: Number of dev versions registered: 14
LogDevObjectVersion:   Dev-Blueprints (B0D832E4-1F89-4F0D-ACCF-7EB736FD4AA2): 8
LogDevObjectVersion:   Dev-Build (E1C64328-A22C-4D53-A36C-8E866417BD8C): 0
LogDevObjectVersion:   Dev-Core (375EC13C-06E4-48FB-B500-84F0262A717E): 2
LogDevObjectVersion:   Dev-Editor (E4B068ED-F494-42E9-A231-DA0B2E46BB41): 14
LogDevObjectVersion:   Dev-Framework (CFFC743F-43B0-4480-9391-14DF171D2073): 22
LogDevObjectVersion:   Dev-Mobile (B02B49B5-BB20-44E9-A304-32B752E40360): 0
LogDevObjectVersion:   Dev-Networking (A4E4105C-59A1-49B5-A7C5-40C4547EDFEE): 0
LogDevObjectVersion:   Dev-Online (39C831C9-5AE6-47DC-9A44-9C173E1C8E7C): 0
LogDevObjectVersion:   Dev-Physics (78F01B33-EBEA-4F98-B9B4-84EACCB95AA2): 0
LogDevObjectVersion:   Dev-Platform (6631380F-2D4D-43E0-8009-CF276956A95A): 0
LogDevObjectVersion:   Dev-Rendering (12F88B9F-8875-4AFC-A67C-D90C383ABD29): 12
LogDevObjectVersion:   Dev-Sequencer (7B5AE74C-D270-4C10-A958-57980B212A5A): 3
LogDevObjectVersion:   Dev-VR (D7296918-1DD6-4BDD-9DE2-64A83CC13884): 0
LogDevObjectVersion:   Dev-LoadTimes (C2A15278-BFE7-4AFE-6C17-90FF531DF755): 1
LogInit: Compiled (64-bit): May 21 2017 11:02:34
LogInit: Compiled with Visual C++: 19.00.23026.00
LogInit: Build Configuration: Development
LogInit: Branch Name: ++UE4+Release-4.15
LogInit: Command line:  ArenaMap?listen -Game -windowed
LogInit: Base directory: C:/Program Files/Epic Games/UE_4.15/Engine/Binaries/Win64/
LogInit: Installed Engine Build: 1
LogInit: Presizing for max 8388607 objects, including 0 objects not considered by GC, pre-allocating 0 bytes for permanent pool.
LogInit: Object subsystem initialized
[2017.12.16-16.32.12:096][  0]LogInit: Selected Device Profile: [Windows]
[2017.12.16-16.32.12:096][  0]LogInit: Applying CVar settings loaded from the selected device profile: [Windows]
[2017.12.16-16.32.12:103][  0]LogInit: Computer: DEVPC
[2017.12.16-16.32.12:103][  0]LogInit: User: Aron
[2017.12.16-16.32.12:103][  0]LogInit: CPU Page size=65536, Cores=4
[2017.12.16-16.32.12:103][  0]LogInit: High frequency timer resolution =3.903991 MHz
[2017.12.16-16.32.12:103][  0]LogMemory: Memory total: Physical=15.9GB (16GB approx)
[2017.12.16-16.32.12:103][  0]LogMemory: Platform Memory Stats for Windows
[2017.12.16-16.32.12:103][  0]LogMemory: Process Physical Memory: 295.80 MB used, 295.80 MB peak
[2017.12.16-16.32.12:103][  0]LogMemory: Process Virtual Memory: 275.87 MB used, 275.87 MB peak
[2017.12.16-16.32.12:103][  0]LogMemory: Physical Memory: 4604.54 MB used,  11721.29 MB free, 16325.82 MB total
[2017.12.16-16.32.12:103][  0]LogMemory: Virtual Memory: 797.63 MB used,  11721.29 MB free, 134217728.00 MB total
[2017.12.16-16.32.12:179][  0]LogTextLocalizationManager: No translations for ('hr-HR') exist, falling back to 'en' for localization and internationalization data.
[2017.12.16-16.32.12:533][  0]LogD3D11RHI: D3D11 adapters:
[2017.12.16-16.32.12:557][  0]LogD3D11RHI:    0. 'AMD Radeon (TM) R9 390 Series' (Feature Level 11_0)
[2017.12.16-16.32.12:557][  0]LogD3D11RHI:       8168/0/8162 MB DedicatedVideo/DedicatedSystem/SharedSystem, Outputs:3, VendorId:0x1002
[2017.12.16-16.32.12:560][  0]LogD3D11RHI:    1. 'Microsoft Basic Render Driver' (Feature Level 11_0)
[2017.12.16-16.32.12:560][  0]LogD3D11RHI:       0/0/8162 MB DedicatedVideo/DedicatedSystem/SharedSystem, Outputs:0, VendorId:0x1414
[2017.12.16-16.32.12:560][  0]LogD3D11RHI: Chosen D3D11 Adapter: 0
[2017.12.16-16.32.12:564][  0]LogD3D11RHI: Creating new Direct3DDevice
[2017.12.16-16.32.12:564][  0]LogD3D11RHI:     GPU DeviceId: 0x67b0 (for the marketing name, search the web for "GPU Device Id")
[2017.12.16-16.32.12:564][  0]LogWindows: EnumDisplayDevices:
[2017.12.16-16.32.12:564][  0]LogWindows:    0. 'AMD Radeon (TM) R9 390 Series' (P:1 D:1)
[2017.12.16-16.32.12:564][  0]LogWindows:    1. 'AMD Radeon (TM) R9 390 Series' (P:0 D:1)
[2017.12.16-16.32.12:565][  0]LogWindows:    2. 'AMD Radeon (TM) R9 390 Series' (P:0 D:1)
[2017.12.16-16.32.12:565][  0]LogWindows:    3. 'AMD Radeon (TM) R9 390 Series' (P:0 D:0)
[2017.12.16-16.32.12:565][  0]LogWindows:    4. 'AMD Radeon (TM) R9 390 Series' (P:0 D:0)
[2017.12.16-16.32.12:565][  0]LogWindows:    5. 'AMD Radeon (TM) R9 390 Series' (P:0 D:0)
[2017.12.16-16.32.12:565][  0]LogWindows: DebugString: GetVideoDriverDetailsInvalid PrimaryIsNotTheChoosenAdapter GetVideoDriverDetailsInvalid PrimaryIsNotTheChoosenAdapter GetVideoDriverDetailsInvalid PrimaryIsNotTheChoosenAdapter GetVideoDriverDetailsInvalid PrimaryIsNotTheChoosenAdapter GetVideoDriverDetailsInvalid PrimaryIsNotTheChoosenAdapter GetVideoDriverDetailsInvalid PrimaryIsNotTheChoosenAdapter FoundDriverCount:0 
[2017.12.16-16.32.12:565][  0]LogD3D11RHI:     Adapter Name: AMD Radeon (TM) R9 390 Series
[2017.12.16-16.32.12:565][  0]LogD3D11RHI:   Driver Version: Unknown (internal:Unknown, unified:Unknown)
[2017.12.16-16.32.12:565][  0]LogD3D11RHI:      Driver Date: Unknown
[2017.12.16-16.32.12:565][  0]LogRHI: Texture pool is 1361 MB (70% of 1945 MB)
[2017.12.16-16.32.12:700][  0]LogD3D11RHI: Async texture creation enabled
[2017.12.16-16.32.12:713][  0]LogD3D11RHI: GPU Timing Frequency: 27.000000 (Debug: 2 1)
[2017.12.16-16.32.12:713][  0]LogShaderCompilers: Guid format shader working directory is 9 characters bigger than the processId version (E:/Buisness/Unreal/WalkonG2/WalkonG2/Intermediate/Shaders/WorkingDirectory/6588/).
[2017.12.16-16.32.12:713][  0]LogShaderCompilers: Cleaned the shader compiler working directory 'C:/Users/Aron/AppData/Local/Temp/UnrealShaderWorkingDir/E68FC04D48AEC0620E9E79A81371AB87/'.
[2017.12.16-16.32.12:713][  0]LogShaderCompilers:Display: Using Local Shader Compiler.
[2017.12.16-16.32.13:737][  0]LogTemp:Display: Loaded TP WindowsClientTargetPlatform
[2017.12.16-16.32.13:782][  0]LogTemp:Display: Loaded TP WindowsNoEditorTargetPlatform
[2017.12.16-16.32.13:827][  0]LogTemp:Display: Loaded TP WindowsServerTargetPlatform
[2017.12.16-16.32.13:866][  0]LogTemp:Display: Loaded TP WindowsTargetPlatform
[2017.12.16-16.32.13:866][  0]LogTargetPlatformManager:Display: Building Assets For Windows
[2017.12.16-16.32.14:223][  0]LogDerivedDataCache:Display: Max Cache Size: 512 MB
[2017.12.16-16.32.14:253][  0]LogDerivedDataCache: Loaded boot cache 0.03s 49MB C:/Users/Aron/AppData/Local/UnrealEngine/4.15/DerivedDataCache/Boot.ddc.
[2017.12.16-16.32.14:253][  0]LogDerivedDataCache:Display: Loaded Boot cache: C:/Users/Aron/AppData/Local/UnrealEngine/4.15/DerivedDataCache/Boot.ddc
[2017.12.16-16.32.14:253][  0]LogDerivedDataCache: FDerivedDataBackendGraph:  Pak pak cache file E:/Buisness/Unreal/WalkonG2/WalkonG2/DerivedDataCache/DDC.ddp not found, will not use a pak cache.
[2017.12.16-16.32.14:253][  0]LogDerivedDataCache: Unable to find inner node Pak for hierarchical cache Hierarchy.
[2017.12.16-16.32.14:253][  0]LogDerivedDataCache: FDerivedDataBackendGraph:  CompressedPak pak cache file E:/Buisness/Unreal/WalkonG2/WalkonG2/DerivedDataCache/Compressed.ddp not found, will not use a pak cache.
[2017.12.16-16.32.14:253][  0]LogDerivedDataCache: Unable to find inner node CompressedPak for hierarchical cache Hierarchy.
[2017.12.16-16.32.14:266][  0]LogDerivedDataCache:Display: Pak cache opened for reading ../../../Engine/DerivedDataCache/Compressed.ddp.
[2017.12.16-16.32.14:279][  0]LogDerivedDataCache: Using Local data cache path C:/Users/Aron/AppData/Local/UnrealEngine/Common/DerivedDataCache: Writable
[2017.12.16-16.32.14:286][  0]LogSlate: Using Freetype 2.6.0
[2017.12.16-16.32.14:286][  0]LogSlate: SlateFontCache - WITH_FREETYPE: 1, WITH_HARFBUZZ: 1
[2017.12.16-16.32.14:286][  0]LogSlate: SlateFontCache - WITH_FREETYPE: 1, WITH_HARFBUZZ: 1
[2017.12.16-16.32.14:605][  0]LogAssetRegistry: FAssetRegistry took 0.0001 seconds to start up
[2017.12.16-16.32.14:615][  0]LogPackageLocalizationCache: Processed 3 localized package path(s) for 1 prioritized culture(s) in 0.009418 seconds
[2017.12.16-16.32.14:626][  0]LogInit: Selected Device Profile: [Windows]
[2017.12.16-16.32.14:627][  0]LogContentStreaming: Texture pool size is 1000.00 MB
[2017.12.16-16.32.14:788][  0]LogMeshUtilities: Using QuadricMeshReduction for automatic static mesh reduction
[2017.12.16-16.32.14:825][  0]LogSimplygon: Simplygon DLL not present - disabling.
[2017.12.16-16.32.14:863][  0]LogMeshUtilities: Using SimplygonSwarm for distributed automatic mesh merging
[2017.12.16-16.32.14:863][  0]LogMeshUtilities: No automatic skeletal mesh reduction module available
[2017.12.16-16.32.14:863][  0]LogMeshUtilities: No automatic mesh merging module available
[2017.12.16-16.32.15:239][  0]LogNetVersion: GetLocalNetworkVersion: CL: 3299760, ProjectName: walkong2, ProjectVersion: , EngineNetworkVersion: 2, GameNetworkVersion: 0, NetworkChecksum: 2522600614
[2017.12.16-16.32.15:920][  0]LogMoviePlayer: Initializing movie player
[2017.12.16-16.32.16:100][  0]LogWindowsTextInputMethodSystem:Display: IME system now deactivated.
[2017.12.16-16.32.16:587][  0]SourceControl: Info Source control is disabled
[2017.12.16-16.32.16:588][  0]SourceControl: Info Source control is disabled
[2017.12.16-16.32.16:631][  0]SourceControl: Info Source control is disabled
[2017.12.16-16.32.17:174][  0]LogUObjectArray: 34415 objects as part of root set at end of initial load.
[2017.12.16-16.32.17:174][  0]LogUObjectAllocator: 7853176 out of 0 bytes used by permanent object pool.
[2017.12.16-16.32.17:174][  0]LogUObjectArray: CloseDisregardForGC: 0/0 objects in disregard for GC pool
[2017.12.16-16.32.17:256][  0]LogEngine: Initializing Engine...
[2017.12.16-16.32.17:258][  0]LogHMD: Failed to initialize OpenVR with code 110
[2017.12.16-16.32.17:332][  0]LogStats: UGameplayTagsManager::ConstructGameplayTagTree: Construct from data asset -  0.000 s
[2017.12.16-16.32.17:332][  0]LogStats: UGameplayTagsManager::ConstructGameplayTagTree: GameplayTagTreeChangedEvent.Broadcast -  0.000 s
[2017.12.16-16.32.17:339][  0]LogInit: XAudio2 using 'Speakers (Realtek High Definition Audio)' : 2 channels at 48 kHz using 32 bits per sample (channel mask 0x3)
[2017.12.16-16.32.17:348][  0]LogInit: FAudioDevice initialized.
[2017.12.16-16.32.17:380][  0]LogDerivedDataCache: Saved boot cache 0.02s 49MB C:/Users/Aron/AppData/Local/UnrealEngine/4.15/DerivedDataCache/Boot.ddc.
[2017.12.16-16.32.17:382][  0]LogInit: Texture streaming: Enabled
[2017.12.16-16.32.17:390][  0]LogMaterial: Uniform references updated for custom material expression Custom.
[2017.12.16-16.32.17:648][  0]LogLinker: Can't find file '/Game/Mannequin/Character/Textures/UE4_LOGO_CARD'
[2017.12.16-16.32.17:649][  0]LogLinker: Can't find file '/Game/Mannequin/Character/Textures/UE4_LOGO_CARD'
[2017.12.16-16.32.17:835][  0]LogInit:Display: Game Engine Initialized.
[2017.12.16-16.32.17:973][  0]LogInit:Display: Starting Game.
[2017.12.16-16.32.18:017][  0]LogPackageName: SearchForPackageOnDisk took   0.045s to resolve ArenaMap.umap.
[2017.12.16-16.32.18:017][  0]LogNet: Browse: /Game/Maps/ArenaMap?Name=Player?listen
[2017.12.16-16.32.18:017][  0]LogLoad: LoadMap: /Game/Maps/ArenaMap?Name=Player?listen
[2017.12.16-16.32.18:035][  0]LogMemory: Platform Memory Stats for Windows
[2017.12.16-16.32.18:035][  0]LogMemory: Process Physical Memory: 741.36 MB used, 752.58 MB peak
[2017.12.16-16.32.18:035][  0]LogMemory: Process Virtual Memory: 833.67 MB used, 833.67 MB peak
[2017.12.16-16.32.18:035][  0]LogMemory: Physical Memory: 5160.38 MB used,  11165.44 MB free, 16325.82 MB total
[2017.12.16-16.32.18:035][  0]LogMemory: Virtual Memory: 1628.71 MB used,  11165.44 MB free, 134217728.00 MB total
[2017.12.16-16.32.18:035][  0]LogMemory: 
[2017.12.16-16.32.18:035][  0]Allocator Stats for TBB: (not implemented)
[2017.12.16-16.32.19:746][  0]LogLinker:Warning: Can't find file '/Game/StarterContent/Particles/P_Fire'
[2017.12.16-16.32.19:746][  0]LoadErrors: Info Failed to load /Game/StarterContent/Particles/P_Fire.P_Fire Referenced by CharacterMesh0
[2017.12.16-16.32.19:746][  0]LogUObjectGlobals:Warning: Failed to load '/Game/StarterContent/Particles/P_Fire': Can't find file '/Game/StarterContent/Particles/P_Fire'
[2017.12.16-16.32.19:746][  0]LogLinker:Warning: Can't find file for asset '/Game/StarterContent/Particles/P_Fire' while loading NULL.
[2017.12.16-16.32.19:746][  0]LoadErrors: Info Failed to load /Game/StarterContent/Particles/P_Fire.P_Fire Referenced by CharacterMesh0
[2017.12.16-16.32.19:747][  0]LogUObjectGlobals:Warning: Failed to load '/Game/StarterContent/Particles/P_Fire': Can't find file for asset '/Game/StarterContent/Particles/P_Fire' while loading NULL.
[2017.12.16-16.32.19:750][  0]LogLinker:Warning: Can't find file '/Game/StarterContent/Particles/P_Fire'
[2017.12.16-16.32.19:750][  0]LoadErrors: Info Failed to load /Game/StarterContent/Particles/P_Fire.P_Fire Referenced by Fire_GEN_VARIABLE
[2017.12.16-16.32.19:750][  0]LogUObjectGlobals:Warning: Failed to load '/Game/StarterContent/Particles/P_Fire': Can't find file '/Game/StarterContent/Particles/P_Fire'
[2017.12.16-16.32.19:751][  0]LogLinker:Warning: Can't find file for asset '/Game/StarterContent/Particles/P_Fire' while loading NULL.
[2017.12.16-16.32.19:751][  0]LoadErrors: Info Failed to load /Game/StarterContent/Particles/P_Fire.P_Fire Referenced by Fire_GEN_VARIABLE
[2017.12.16-16.32.19:751][  0]LogUObjectGlobals:Warning: Failed to load '/Game/StarterContent/Particles/P_Fire': Can't find file for asset '/Game/StarterContent/Particles/P_Fire' while loading NULL.
[2017.12.16-16.32.23:652][  0]LogAIModule: Creating AISystem for world ArenaMap
[2017.12.16-16.32.23:652][  0]LogLoad: Game class is 'GameplayGM_C'
[2017.12.16-16.32.23:652][  0]LogNet:Display: SteamNetDriver_0 bound to port 7777
[2017.12.16-16.32.23:653][  0]PacketHandlerLog: Loaded PacketHandler component: Engine.EngineHandlerComponentFactory (StatelessConnectHandlerComponent)
[2017.12.16-16.32.23:653][  0]LogNet: GameNetDriver SteamNetDriver_0 IpNetDriver listening on port 7777
[2017.12.16-16.32.23:658][  0]LogWorld: Bringing World /Game/Maps/ArenaMap.ArenaMap up for play (max tick rate 0) at 2017.12.16-17.32.23
[2017.12.16-16.32.23:759][  0]LogOnline:Warning: STEAM: Can't create more than one instance of Steam online subsystem!
[2017.12.16-16.32.23:760][  0]LogWorld: Bringing up level for play took: 0.106871
[2017.12.16-16.32.23:762][  0]LogOnline:Warning: STEAM: No game present to join for session (Game)
[2017.12.16-16.32.23:765][  0]LogGameMode:Display: Match State Changed from EnteringMap to WaitingToStart
[2017.12.16-16.32.23:765][  0]LogGameState: Match State Changed from EnteringMap to WaitingToStart
[2017.12.16-16.32.23:765][  0]LogGameMode:Display: Match State Changed from WaitingToStart to InProgress
[2017.12.16-16.32.23:809][  0]LogBlueprintUserMessages: [ErikaBP_C_0] GameplayPC
[2017.12.16-16.32.23:809][  0]LogBlueprintUserMessages: [ErikaBP_C_0] Material ALL
[2017.12.16-16.32.23:809][  0]LogBlueprintUserMessages: [ErikaBP_C_0] Material SERVER
[2017.12.16-16.32.23:815][  0]LogBlueprintUserMessages: [ErikaBP_C_0] MATERIAL debug
[2017.12.16-16.32.23:815][  0]LogBlueprintUserMessages: [ErikaBP_C_0] Material ALL
[2017.12.16-16.32.23:819][  0]LogGameState: Match State Changed from WaitingToStart to InProgress
[2017.12.16-16.32.23:819][  0]LogLoad: Took 5.801882 seconds to LoadMap(/Game/Maps/ArenaMap)
[2017.12.16-16.32.23:829][  0]LogSlate: Took 0.000497 seconds to synchronously load lazily loaded font '../../../Engine/Content/Slate/Fonts/Roboto-Regular.ttf' (155K)
[2017.12.16-16.32.24:085][  0]LogRenderer: Reallocating scene render targets to support 1280x720 NumSamples 1 (Frame:2).
[2017.12.16-16.32.24:085][  0]LogLoad: (Engine Initialization) Total time: 13.77 seconds
[2017.12.16-16.32.24:085][  0]LogLoad: (Engine Initialization) Total Blueprint compile time: 1.30 seconds
[2017.12.16-16.32.24:085][  0]LogExternalProfiler: Found external profiler: VSPerf
[2017.12.16-16.32.24:085][  0]LogExternalProfiler: Using external profiler: VSPerf
[2017.12.16-16.32.24:109][  0]LogSteamController: SteamController could not be initialized with vdf file 'C:/Program Files/Epic Games/UE_4.15/Engine/Plugins/Runtime/Steam/SteamController/Content/Controller.vdf'.
[2017.12.16-16.32.24:110][  0]LogOcInput: OculusInput pre-init called
[2017.12.16-16.32.55:598][946]LogBlueprintUserMessages: [ArrowProjectile_C_0] strange
[2017.12.16-16.32.55:600][946]LogBlueprintUserMessages: [ArrowProjectile_C_0] None
[2017.12.16-16.32.55:600][946]LogBlueprintUserMessages: [ArrowProjectile_C_0] hiiiiiiiiiiiiiiiiiiiiiiiii
[2017.12.16-16.33.09:762][820]LogBlueprintUserMessages: [ArrowProjectile_C_1] strange
[2017.12.16-16.33.09:762][820]LogBlueprintUserMessages: [ArrowProjectile_C_1] None
[2017.12.16-16.33.09:762][820]LogBlueprintUserMessages: [ArrowProjectile_C_1] hiiiiiiiiiiiiiiiiiiiiiiiii
[2017.12.16-16.34.48:297][920]LogWindowsTextInputMethodSystem:Display: IME system now deactivated.
[2017.12.16-16.34.48:301][920]LogOnline:Warning: STEAM: Can't destroy a null online session (Game)
[2017.12.16-16.34.48:301][920]LogOnline:Warning: STEAM: No game present to leave for session (Game)
[2017.12.16-16.34.48:303][920]LogEngine: All Windows Closed
[2017.12.16-16.34.48:303][920]LogWindows: FPlatformMisc::RequestExit(0)
[2017.12.16-16.34.48:303][921]LogMoviePlayer: Shutting down movie player
[2017.12.16-16.34.48:310][921]LogNet: World NetDriver shutdown SteamNetDriver_0 [GameNetDriver]
[2017.12.16-16.34.48:310][921]LogNet: DestroyNamedNetDriver SteamNetDriver_0 [GameNetDriver]
[2017.12.16-16.34.48:310][921]LogExit: GameNetDriver SteamNetDriver_0 shut down
[2017.12.16-16.34.48:327][921]LogExit: Preparing to exit.
[2017.12.16-16.34.48:438][921]LogExit: Game engine shut down
[2017.12.16-16.34.48:489][921]LogObj: Freed 0b from 0 cluster array pools.
[2017.12.16-16.34.48:489][921]LogExit: Object subsystem successfully closed.
[2017.12.16-16.34.48:502][921]LogD3D11RHI: Shutdown
[2017.12.16-16.34.48:502][921]LogD3D11RHI: CleanupD3DDevice
[2017.12.16-16.34.48:552][921]LogD3D11RHI: ~FD3D11DynamicRHI
[2017.12.16-16.34.48:557][921]LogModuleManager: Shutting down and abandoning module SequenceRecorderSections (268)
[2017.12.16-16.34.48:557][921]LogModuleManager: Shutting down and abandoning module SequenceRecorder (266)
[2017.12.16-16.34.48:557][921]LogModuleManager: Shutting down and abandoning module AutomationController (264)
[2017.12.16-16.34.48:557][921]LogModuleManager: Shutting down and abandoning module AutomationWorker (262)
[2017.12.16-16.34.48:557][921]LogModuleManager: Shutting down and abandoning module AIModule (260)
[2017.12.16-16.34.48:557][921]LogModuleManager: Shutting down and abandoning module GameplayDebugger (259)
[2017.12.16-16.34.48:557][921]LogModuleManager: Shutting down and abandoning module AITestSuite (257)
[2017.12.16-16.34.48:557][921]LogModuleManager: Shutting down and abandoning module WmfMediaFactory (254)
[2017.12.16-16.34.48:557][921]LogModuleManager: Shutting down and abandoning module MfMediaFactory (252)
[2017.12.16-16.34.48:557][921]LogModuleManager: Shutting down and abandoning module AvfMediaFactory (250)
[2017.12.16-16.34.48:557][921]LogModuleManager: Shutting down and abandoning module AndroidMediaFactory (248)
[2017.12.16-16.34.48:557][921]LogModuleManager: Shutting down and abandoning module Media (247)
[2017.12.16-16.34.48:557][921]LogModuleManager: Shutting down and abandoning module CharacterAI (244)
[2017.12.16-16.34.48:557][921]LogModuleManager: Shutting down and abandoning module SessionServices (242)
[2017.12.16-16.34.48:557][921]LogModuleManager: Shutting down and abandoning module MovieSceneCapture (240)
[2017.12.16-16.34.48:557][921]LogModuleManager: Shutting down and abandoning module GeometryCache (238)
[2017.12.16-16.34.48:557][921]LogModuleManager: Shutting down and abandoning module GeometryCacheEd (237)
[2017.12.16-16.34.48:557][921]LogModuleManager: Shutting down and abandoning module Niagara (234)
[2017.12.16-16.34.48:557][921]LogModuleManager: Shutting down and abandoning module StreamingPauseRendering (232)
[2017.12.16-16.34.48:557][921]LogModuleManager: Shutting down and abandoning module PortalServices (230)
[2017.12.16-16.34.48:557][921]LogModuleManager: Shutting down and abandoning module PortalRpc (228)
[2017.12.16-16.34.48:557][921]LogModuleManager: Shutting down and abandoning module MessagingRpc (226)
[2017.12.16-16.34.48:557][921]LogModuleManager: Shutting down and abandoning module ProfilerService (224)
[2017.12.16-16.34.48:675][921]LogModuleManager: Shutting down and abandoning module TaskGraph (222)
[2017.12.16-16.34.48:675][921]LogModuleManager: Shutting down and abandoning module SteamVRController (220)
[2017.12.16-16.34.48:675][921]LogModuleManager: Shutting down and abandoning module SteamVR (218)
[2017.12.16-16.34.48:675][921]LogModuleManager: Shutting down and abandoning module SteamController (216)
[2017.12.16-16.34.48:675][921]LogModuleManager: Shutting down and abandoning module ProceduralMeshComponent (214)
[2017.12.16-16.34.48:675][921]LogModuleManager: Shutting down and abandoning module OculusLibrary (212)
[2017.12.16-16.34.48:675][921]LogModuleManager: Shutting down and abandoning module OculusInput (210)
[2017.12.16-16.34.48:675][921]LogModuleManager: Shutting down and abandoning module MobilePatchingUtils (208)
[2017.12.16-16.34.48:675][921]LogModuleManager: Shutting down and abandoning module CustomMeshComponent (206)
[2017.12.16-16.34.48:675][921]LogModuleManager: Shutting down and abandoning module CableComponent (204)
[2017.12.16-16.34.48:675][921]LogModuleManager: Shutting down and abandoning module ArchVisCharacter (202)
[2017.12.16-16.34.48:675][921]LogModuleManager: Shutting down and abandoning module HTML5Networking (198)
[2017.12.16-16.34.48:675][921]LogModuleManager: Shutting down and abandoning module VisualStudioSourceCodeAccess (196)
[2017.12.16-16.34.48:675][921]LogModuleManager: Shutting down and abandoning module DesktopPlatform (195)
[2017.12.16-16.34.48:675][921]LogModuleManager: Shutting down and abandoning module HotReload (193)
[2017.12.16-16.34.48:675][921]LogDirectoryWatcher: A directory notification for 'E:/Buisness/Unreal/WalkonG2/WalkonG2/Binaries/Win64' was aborted.
[2017.12.16-16.34.48:675][921]LogModuleManager: Shutting down and abandoning module DirectoryWatcher (192)
[2017.12.16-16.34.48:675][921]LogModuleManager: Shutting down and abandoning module UObjectPlugin (188)
[2017.12.16-16.34.48:675][921]LogModuleManager: Shutting down and abandoning module SubversionSourceControl (186)
[2017.12.16-16.34.48:675][921]LogModuleManager: Shutting down and abandoning module PerforceSourceControl (184)
[2017.12.16-16.34.48:675][921]LogModuleManager: Shutting down and abandoning module SourceControl (183)
[2017.12.16-16.34.48:675][921]LogModuleManager: Shutting down and abandoning module PhysXVehiclesEditor (180)
[2017.12.16-16.34.48:675][921]LogModuleManager: Shutting down and abandoning module PhysXVehicles (178)
[2017.12.16-16.34.48:675][921]LogModuleManager: Shutting down and abandoning module LocationServicesBPLibrary (176)
[2017.12.16-16.34.48:675][921]LogModuleManager: Shutting down and abandoning module UdpMessaging (174)
[2017.12.16-16.34.48:675][921]LogModuleManager: Shutting down and abandoning module TcpMessaging (172)
[2017.12.16-16.34.48:675][921]LogModuleManager: Shutting down and abandoning module GameplayTagsEditor (170)
[2017.12.16-16.34.48:675][921]LogModuleManager: Shutting down and abandoning module FacialAnimation (168)
[2017.12.16-16.34.48:675][921]LogModuleManager: Shutting down and abandoning module LightPropagationVolumeRuntime (166)
[2017.12.16-16.34.48:675][921]LogModuleManager: Shutting down and abandoning module Paper2D (164)
[2017.12.16-16.34.48:675][921]LogModuleManager: Shutting down and abandoning module WindowsMoviePlayer (162)
[2017.12.16-16.34.48:675][921]LogModuleManager: Shutting down and abandoning module WmfMedia (160)
[2017.12.16-16.34.48:676][921]LogModuleManager: Shutting down and abandoning module MfMedia (158)
[2017.12.16-16.34.48:676][921]LogModuleManager: Shutting down and abandoning module MediaAssets (156)
[2017.12.16-16.34.48:676][921]LogModuleManager: Shutting down and abandoning module GameLiveStreaming (154)
[2017.12.16-16.34.48:676][921]LogModuleManager: Shutting down and abandoning module VREditor (152)
[2017.12.16-16.34.48:676][921]LogModuleManager: Shutting down and abandoning module GameplayTasksEditor (150)
[2017.12.16-16.34.48:676][921]LogModuleManager: Shutting down and abandoning module BehaviorTreeEditor (148)
[2017.12.16-16.34.48:676][921]LogModuleManager: Shutting down and abandoning module FunctionalTesting (146)
[2017.12.16-16.34.48:676][921]LogModuleManager: Shutting down and abandoning module CollisionAnalyzer (144)
[2017.12.16-16.34.48:676][921]LogModuleManager: Shutting down and abandoning module UMG (142)
[2017.12.16-16.34.48:676][921]LogModuleManager: Shutting down and abandoning module UMGEditor (141)
[2017.12.16-16.34.48:676][921]LogModuleManager: Shutting down and abandoning module Sequencer (140)
[2017.12.16-16.34.48:676][921]LogModuleManager: Shutting down and abandoning module AssetTools (138)
[2017.12.16-16.34.48:677][921]LogModuleManager: Shutting down and abandoning module MessageLog (137)
[2017.12.16-16.34.48:677][921]LogModuleManager: Shutting down and abandoning module WorkspaceMenuStructure (136)
[2017.12.16-16.34.48:677][921]LogModuleManager: Shutting down and abandoning module SlateReflector (130)
[2017.12.16-16.34.48:677][921]LogModuleManager: Shutting down and abandoning module Slate (128)
[2017.12.16-16.34.48:677][921]LogModuleManager: Shutting down and abandoning module EditorStyle (126)
[2017.12.16-16.34.48:678][921]LogModuleManager: Shutting down and abandoning module Messaging (124)
[2017.12.16-16.34.48:678][921]LogModuleManager: Shutting down and abandoning module SourceCodeAccess (122)
[2017.12.16-16.34.48:678][921]LogModuleManager: Shutting down and abandoning module HeadMountedDisplay (120)
[2017.12.16-16.34.48:678][921]LogModuleManager: Shutting down and abandoning module XAudio2 (118)
[2017.12.16-16.34.48:678][921]LogModuleManager: Shutting down and abandoning module Networking (116)
[2017.12.16-16.34.48:678][921]LogModuleManager: Shutting down and abandoning module Core (114)
[2017.12.16-16.34.48:678][921]LogModuleManager: Shutting down and abandoning module KismetCompiler (112)
[2017.12.16-16.34.48:678][921]LogModuleManager: Shutting down and abandoning module PhysXFormats (110)
[2017.12.16-16.34.48:678][921]LogModuleManager: Shutting down and abandoning module MeshUtilities (108)
[2017.12.16-16.34.48:678][921]LogModuleManager: Shutting down and abandoning module SimplygonSwarm (107)
[2017.12.16-16.34.48:678][921]LogModuleManager: Shutting down and abandoning module SimplygonMeshReduction (105)
[2017.12.16-16.34.48:678][921]LogModuleManager: Shutting down and abandoning module QuadricMeshReduction (103)
[2017.12.16-16.34.48:678][921]LogModuleManager: Shutting down and abandoning module PropertyEditor (101)
[2017.12.16-16.34.48:678][921]LogModuleManager: Shutting down and abandoning module AssetRegistry (98)
[2017.12.16-16.34.48:678][921]LogModuleManager: Shutting down and abandoning module DerivedDataCache (96)
[2017.12.16-16.34.48:725][921]LogDerivedDataCache: Shutdown
[2017.12.16-16.34.48:725][921]LogModuleManager: Shutting down and abandoning module TargetPlatform (94)
[2017.12.16-16.34.48:725][921]LogModuleManager: Shutting down and abandoning module VulkanShaderFormat (93)
[2017.12.16-16.34.48:725][921]LogModuleManager: Shutting down and abandoning module ShaderFormatOpenGL (91)
[2017.12.16-16.34.48:725][921]LogModuleManager: Shutting down and abandoning module ShaderFormatD3D (89)
[2017.12.16-16.34.48:725][921]LogModuleManager: Shutting down and abandoning module MetalShaderFormat (87)
[2017.12.16-16.34.48:725][921]LogModuleManager: Shutting down and abandoning module TextureFormatUncompressed (85)
[2017.12.16-16.34.48:725][921]LogModuleManager: Shutting down and abandoning module TextureFormatPVR (83)
[2017.12.16-16.34.48:725][921]LogModuleManager: Shutting down and abandoning module TextureFormatDXT (81)
[2017.12.16-16.34.48:725][921]LogModuleManager: Shutting down and abandoning module TextureFormatIntelISPCTexComp (79)
[2017.12.16-16.34.48:725][921]LogModuleManager: Shutting down and abandoning module TextureFormatASTC (77)
[2017.12.16-16.34.48:725][921]LogModuleManager: Shutting down and abandoning module ImageWrapper (76)
[2017.12.16-16.34.48:725][921]LogModuleManager: Shutting down and abandoning module TextureFormatAndroid (73)
[2017.12.16-16.34.48:725][921]LogModuleManager: Shutting down and abandoning module AudioFormatOpus (71)
[2017.12.16-16.34.48:725][921]LogModuleManager: Shutting down and abandoning module AudioFormatOgg (69)
[2017.12.16-16.34.48:725][921]LogModuleManager: Shutting down and abandoning module AudioFormatADPCM (67)
[2017.12.16-16.34.48:725][921]LogModuleManager: Shutting down and abandoning module WindowsTargetPlatform (65)
[2017.12.16-16.34.48:725][921]LogModuleManager: Shutting down and abandoning module WindowsServerTargetPlatform (63)
[2017.12.16-16.34.48:725][921]LogModuleManager: Shutting down and abandoning module WindowsNoEditorTargetPlatform (61)
[2017.12.16-16.34.48:725][921]LogModuleManager: Shutting down and abandoning module WindowsClientTargetPlatform (59)
[2017.12.16-16.34.48:725][921]LogModuleManager: Shutting down and abandoning module InputCore (56)
[2017.12.16-16.34.48:725][921]LogModuleManager: Shutting down and abandoning module Settings (54)
[2017.12.16-16.34.48:725][921]LogModuleManager: Shutting down and abandoning module OculusRift (52)
[2017.12.16-16.34.48:725][921]LogModuleManager: Shutting down and abandoning module GearVR (50)
[2017.12.16-16.34.48:725][921]LogModuleManager: Shutting down and abandoning module ExampleDeviceProfileSelector (48)
[2017.12.16-16.34.48:725][921]LogModuleManager: Shutting down and abandoning module OnlineBlueprintSupport (46)
[2017.12.16-16.34.48:725][921]LogModuleManager: Shutting down and abandoning module OnlineSubsystem (42)
[2017.12.16-16.34.48:725][921]LogOnline:Display: STEAM: OnlineSubsystemSteam::Shutdown()
[2017.12.16-16.34.48:761][921]LogOnline:Display: Unloading online subsystem: STEAM
[2017.12.16-16.34.48:761][921]LogOnline:Display: STEAM: OnlineSubsystemSteam::Shutdown()
[2017.12.16-16.34.48:761][921]LogOnline:Display: Unloading online subsystem: NULL
[2017.12.16-16.34.48:761][921]LogModuleManager: Shutting down and abandoning module XMPP (37)
[2017.12.16-16.34.48:761][921]LogModuleManager: Shutting down and abandoning module HTTP (35)
[2017.12.16-16.34.48:794][921]LogModuleManager: Shutting down and abandoning module SSL (34)
[2017.12.16-16.34.48:795][921]LogModuleManager: Shutting down and abandoning module AudioEditor (30)
[2017.12.16-16.34.48:795][921]LogModuleManager: Shutting down and abandoning module TextureCompressor (28)
[2017.12.16-16.34.48:795][921]LogModuleManager: Shutting down and abandoning module ShaderCore (26)
[2017.12.16-16.34.48:795][921]LogModuleManager: Shutting down and abandoning module Landscape (24)
[2017.12.16-16.34.48:795][921]LogModuleManager: Shutting down and abandoning module SlateRHIRenderer (22)
[2017.12.16-16.34.48:795][921]LogModuleManager: Shutting down and abandoning module OpenGLDrv (20)
[2017.12.16-16.34.48:795][921]LogModuleManager: Shutting down and abandoning module D3D11RHI (18)
[2017.12.16-16.34.48:795][921]LogModuleManager: Shutting down and abandoning module AnimGraphRuntime (16)
[2017.12.16-16.34.48:795][921]LogModuleManager: Shutting down and abandoning module Renderer (14)
[2017.12.16-16.34.48:795][921]LogModuleManager: Shutting down and abandoning module Engine (12)
[2017.12.16-16.34.48:795][921]LogModuleManager: Shutting down and abandoning module CoreUObject (10)
[2017.12.16-16.34.48:795][921]LogModuleManager: Shutting down and abandoning module NetworkFile (8)
[2017.12.16-16.34.48:795][921]LogModuleManager: Shutting down and abandoning module StreamingFile (6)
[2017.12.16-16.34.48:795][921]LogModuleManager: Shutting down and abandoning module SandboxFile (4)
[2017.12.16-16.34.48:795][921]LogModuleManager: Shutting down and abandoning module PakFile (2)
[2017.12.16-16.34.48:797][921]LogExit: Exiting.
[2017.12.16-16.34.48:798][921]Log file closed, 12/16/17 17:34:48
