Log file open, 12/11/17 18:12:10
LogInit:Display: Running engine for game: WalkonG2
LogPlatformFile: Not using cached read wrapper
LogInit:Display: RandInit(585363520) SRandInit(585363520).
LogTaskGraph: Started task graph with 5 named threads and 8 total threads with 1 sets of task threads.
LogStats: Stats thread started at 0.070205
LogInit: Using libcurl 7.47.1
LogInit:  - built for x86_64-pc-win32
LogInit:  - supports SSL with OpenSSL/1.0.2g
LogInit:  - supports HTTP deflate (compression) using libz 1.2.8
LogInit:  - other features:
LogInit:      CURL_VERSION_SSL
LogInit:      CURL_VERSION_LIBZ
LogInit:      CURL_VERSION_IPV6
LogInit:      CURL_VERSION_ASYNCHDNS
LogInit:      CURL_VERSION_LARGEFILE
LogInit:      CURL_VERSION_IDN
LogInit:  CurlRequestOptions (configurable via config and command line):
LogInit:  - bVerifyPeer = false  - Libcurl will NOT verify peer certificate
LogInit:  - bUseHttpProxy = false  - Libcurl will NOT use HTTP proxy
LogInit:  - bDontReuseConnections = false  - Libcurl will reuse connections
LogInit:  - CertBundlePath = nullptr  - Libcurl will use whatever was configured at build time.
LogInit: Build: ++UE4+Release-4.15-CL-3450819
LogInit: Engine Version: 4.15.3-3450819+++UE4+Release-4.15
LogInit: Compatible Engine Version: 4.15.0-3299760+++UE4+Release-4.15
LogInit: Net CL: 3299760
LogDevObjectVersion: Number of dev versions registered: 14
LogDevObjectVersion:   Dev-Blueprints (B0D832E4-1F89-4F0D-ACCF-7EB736FD4AA2): 8
LogDevObjectVersion:   Dev-Build (E1C64328-A22C-4D53-A36C-8E866417BD8C): 0
LogDevObjectVersion:   Dev-Core (375EC13C-06E4-48FB-B500-84F0262A717E): 2
LogDevObjectVersion:   Dev-Editor (E4B068ED-F494-42E9-A231-DA0B2E46BB41): 14
LogDevObjectVersion:   Dev-Framework (CFFC743F-43B0-4480-9391-14DF171D2073): 22
LogDevObjectVersion:   Dev-Mobile (B02B49B5-BB20-44E9-A304-32B752E40360): 0
LogDevObjectVersion:   Dev-Networking (A4E4105C-59A1-49B5-A7C5-40C4547EDFEE): 0
LogDevObjectVersion:   Dev-Online (39C831C9-5AE6-47DC-9A44-9C173E1C8E7C): 0
LogDevObjectVersion:   Dev-Physics (78F01B33-EBEA-4F98-B9B4-84EACCB95AA2): 0
LogDevObjectVersion:   Dev-Platform (6631380F-2D4D-43E0-8009-CF276956A95A): 0
LogDevObjectVersion:   Dev-Rendering (12F88B9F-8875-4AFC-A67C-D90C383ABD29): 12
LogDevObjectVersion:   Dev-Sequencer (7B5AE74C-D270-4C10-A958-57980B212A5A): 3
LogDevObjectVersion:   Dev-VR (D7296918-1DD6-4BDD-9DE2-64A83CC13884): 0
LogDevObjectVersion:   Dev-LoadTimes (C2A15278-BFE7-4AFE-6C17-90FF531DF755): 1
LogInit: Compiled (64-bit): May 21 2017 11:02:34
LogInit: Compiled with Visual C++: 19.00.23026.00
LogInit: Build Configuration: Development
LogInit: Branch Name: ++UE4+Release-4.15
LogInit: Command line:  /Temp/Autosaves/Game/Maps/UEDPCCastleMap01 -game -PIEVIACONSOLE -ResX=1280 -ResY=720  -Multiprocess -messaging -SessionName="Play in Standalone Game" -windowed 
LogInit: Base directory: C:/Program Files/Epic Games/UE_4.15/Engine/Binaries/Win64/
LogInit: Installed Engine Build: 1
LogInit: Presizing for max 8388607 objects, including 0 objects not considered by GC, pre-allocating 0 bytes for permanent pool.
LogInit: Object subsystem initialized
[2017.12.11-17.12.11:227][  0]LogInit: Selected Device Profile: [Windows]
[2017.12.11-17.12.11:227][  0]LogInit: Applying CVar settings loaded from the selected device profile: [Windows]
[2017.12.11-17.12.11:230][  0]LogInit: Computer: DEVPC
[2017.12.11-17.12.11:230][  0]LogInit: User: Aron
[2017.12.11-17.12.11:230][  0]LogInit: CPU Page size=65536, Cores=4
[2017.12.11-17.12.11:230][  0]LogInit: High frequency timer resolution =3.903996 MHz
[2017.12.11-17.12.11:230][  0]LogMemory: Memory total: Physical=15.9GB (16GB approx)
[2017.12.11-17.12.11:230][  0]LogMemory: Platform Memory Stats for Windows
[2017.12.11-17.12.11:230][  0]LogMemory: Process Physical Memory: 263.12 MB used, 263.12 MB peak
[2017.12.11-17.12.11:230][  0]LogMemory: Process Virtual Memory: 262.37 MB used, 262.37 MB peak
[2017.12.11-17.12.11:230][  0]LogMemory: Physical Memory: 4994.95 MB used,  11330.88 MB free, 16325.82 MB total
[2017.12.11-17.12.11:230][  0]LogMemory: Virtual Memory: 678.52 MB used,  11330.88 MB free, 134217728.00 MB total
[2017.12.11-17.12.11:297][  0]LogTextLocalizationManager: No translations for ('hr-HR') exist, falling back to 'en' for localization and internationalization data.
[2017.12.11-17.12.11:665][  0]LogD3D11RHI: D3D11 adapters:
[2017.12.11-17.12.11:680][  0]LogD3D11RHI:    0. 'AMD Radeon (TM) R9 390 Series' (Feature Level 11_0)
[2017.12.11-17.12.11:680][  0]LogD3D11RHI:       8168/0/8162 MB DedicatedVideo/DedicatedSystem/SharedSystem, Outputs:3, VendorId:0x1002
[2017.12.11-17.12.11:681][  0]LogD3D11RHI:    1. 'Microsoft Basic Render Driver' (Feature Level 11_0)
[2017.12.11-17.12.11:681][  0]LogD3D11RHI:       0/0/8162 MB DedicatedVideo/DedicatedSystem/SharedSystem, Outputs:0, VendorId:0x1414
[2017.12.11-17.12.11:681][  0]LogD3D11RHI: Chosen D3D11 Adapter: 0
[2017.12.11-17.12.11:685][  0]LogD3D11RHI: Creating new Direct3DDevice
[2017.12.11-17.12.11:685][  0]LogD3D11RHI:     GPU DeviceId: 0x67b0 (for the marketing name, search the web for "GPU Device Id")
[2017.12.11-17.12.11:685][  0]LogWindows: EnumDisplayDevices:
[2017.12.11-17.12.11:685][  0]LogWindows:    0. 'AMD Radeon (TM) R9 390 Series' (P:1 D:1)
[2017.12.11-17.12.11:685][  0]LogWindows:    1. 'AMD Radeon (TM) R9 390 Series' (P:0 D:1)
[2017.12.11-17.12.11:685][  0]LogWindows:    2. 'AMD Radeon (TM) R9 390 Series' (P:0 D:1)
[2017.12.11-17.12.11:685][  0]LogWindows:    3. 'AMD Radeon (TM) R9 390 Series' (P:0 D:0)
[2017.12.11-17.12.11:685][  0]LogWindows:    4. 'AMD Radeon (TM) R9 390 Series' (P:0 D:0)
[2017.12.11-17.12.11:685][  0]LogWindows:    5. 'AMD Radeon (TM) R9 390 Series' (P:0 D:0)
[2017.12.11-17.12.11:685][  0]LogWindows: DebugString: GetVideoDriverDetailsInvalid PrimaryIsNotTheChoosenAdapter GetVideoDriverDetailsInvalid PrimaryIsNotTheChoosenAdapter GetVideoDriverDetailsInvalid PrimaryIsNotTheChoosenAdapter GetVideoDriverDetailsInvalid PrimaryIsNotTheChoosenAdapter GetVideoDriverDetailsInvalid PrimaryIsNotTheChoosenAdapter GetVideoDriverDetailsInvalid PrimaryIsNotTheChoosenAdapter FoundDriverCount:0 
[2017.12.11-17.12.11:685][  0]LogD3D11RHI:     Adapter Name: AMD Radeon (TM) R9 390 Series
[2017.12.11-17.12.11:685][  0]LogD3D11RHI:   Driver Version: Unknown (internal:Unknown, unified:Unknown)
[2017.12.11-17.12.11:685][  0]LogD3D11RHI:      Driver Date: Unknown
[2017.12.11-17.12.11:685][  0]LogRHI: Texture pool is 1361 MB (70% of 1945 MB)
[2017.12.11-17.12.11:704][  0]LogD3D11RHI: Async texture creation enabled
[2017.12.11-17.12.11:716][  0]LogD3D11RHI: GPU Timing Frequency: 27.000000 (Debug: 2 1)
[2017.12.11-17.12.11:717][  0]LogShaderCompilers: Guid format shader working directory is 8 characters bigger than the processId version (E:/Buisness/Unreal/WalkonG2/WalkonG2/Intermediate/Shaders/WorkingDirectory/11344/).
[2017.12.11-17.12.11:717][  0]LogShaderCompilers: Cleaned the shader compiler working directory 'C:/Users/Aron/AppData/Local/Temp/UnrealShaderWorkingDir/781F9F8344E2232EC78A5BBE5FCFEB8D/'.
[2017.12.11-17.12.11:717][  0]LogShaderCompilers:Display: Using Local Shader Compiler.
[2017.12.11-17.12.12:561][  0]LogTemp:Display: Loaded TP WindowsClientTargetPlatform
[2017.12.11-17.12.12:603][  0]LogTemp:Display: Loaded TP WindowsNoEditorTargetPlatform
[2017.12.11-17.12.12:646][  0]LogTemp:Display: Loaded TP WindowsServerTargetPlatform
[2017.12.11-17.12.12:682][  0]LogTemp:Display: Loaded TP WindowsTargetPlatform
[2017.12.11-17.12.12:682][  0]LogTargetPlatformManager:Display: Building Assets For Windows
[2017.12.11-17.12.13:009][  0]LogDerivedDataCache:Display: Max Cache Size: 512 MB
[2017.12.11-17.12.13:041][  0]LogDerivedDataCache: Loaded boot cache 0.03s 50MB C:/Users/Aron/AppData/Local/UnrealEngine/4.15/DerivedDataCache/Boot.ddc.
[2017.12.11-17.12.13:041][  0]LogDerivedDataCache:Display: Loaded Boot cache: C:/Users/Aron/AppData/Local/UnrealEngine/4.15/DerivedDataCache/Boot.ddc
[2017.12.11-17.12.13:041][  0]LogDerivedDataCache: FDerivedDataBackendGraph:  Pak pak cache file E:/Buisness/Unreal/WalkonG2/WalkonG2/DerivedDataCache/DDC.ddp not found, will not use a pak cache.
[2017.12.11-17.12.13:041][  0]LogDerivedDataCache: Unable to find inner node Pak for hierarchical cache Hierarchy.
[2017.12.11-17.12.13:041][  0]LogDerivedDataCache: FDerivedDataBackendGraph:  CompressedPak pak cache file E:/Buisness/Unreal/WalkonG2/WalkonG2/DerivedDataCache/Compressed.ddp not found, will not use a pak cache.
[2017.12.11-17.12.13:041][  0]LogDerivedDataCache: Unable to find inner node CompressedPak for hierarchical cache Hierarchy.
[2017.12.11-17.12.13:055][  0]LogDerivedDataCache:Display: Pak cache opened for reading ../../../Engine/DerivedDataCache/Compressed.ddp.
[2017.12.11-17.12.13:068][  0]LogDerivedDataCache: Using Local data cache path C:/Users/Aron/AppData/Local/UnrealEngine/Common/DerivedDataCache: Writable
[2017.12.11-17.12.13:075][  0]LogSlate: Using Freetype 2.6.0
[2017.12.11-17.12.13:075][  0]LogSlate: SlateFontCache - WITH_FREETYPE: 1, WITH_HARFBUZZ: 1
[2017.12.11-17.12.13:075][  0]LogSlate: SlateFontCache - WITH_FREETYPE: 1, WITH_HARFBUZZ: 1
[2017.12.11-17.12.13:267][  0]LogAssetRegistry: FAssetRegistry took 0.0001 seconds to start up
[2017.12.11-17.12.13:270][  0]LogPackageLocalizationCache: Processed 3 localized package path(s) for 1 prioritized culture(s) in 0.002654 seconds
[2017.12.11-17.12.13:281][  0]LogInit: Selected Device Profile: [Windows]
[2017.12.11-17.12.13:282][  0]LogContentStreaming: Texture pool size is 1000.00 MB
[2017.12.11-17.12.13:442][  0]LogMeshUtilities: Using QuadricMeshReduction for automatic static mesh reduction
[2017.12.11-17.12.13:475][  0]LogSimplygon: Simplygon DLL not present - disabling.
[2017.12.11-17.12.13:510][  0]LogMeshUtilities: Using SimplygonSwarm for distributed automatic mesh merging
[2017.12.11-17.12.13:510][  0]LogMeshUtilities: No automatic skeletal mesh reduction module available
[2017.12.11-17.12.13:510][  0]LogMeshUtilities: No automatic mesh merging module available
[2017.12.11-17.12.13:876][  0]LogNetVersion: GetLocalNetworkVersion: CL: 3299760, ProjectName: walkong2, ProjectVersion: , EngineNetworkVersion: 2, GameNetworkVersion: 0, NetworkChecksum: 2522600614
[2017.12.11-17.12.13:923][  0]LogInit: WinSock: version 1.1 (2.2), MaxSocks=32767, MaxUdp=65467
[2017.12.11-17.12.14:529][  0]LogMoviePlayer: Initializing movie player
[2017.12.11-17.12.14:663][  0]LogWindowsTextInputMethodSystem:Display: IME system now deactivated.
[2017.12.11-17.12.14:907][  0]LogTcpMessaging: Initializing TcpMessaging bridge
[2017.12.11-17.12.14:937][  0]LogUdpMessaging: Initializing bridge on interface 0.0.0.0:0 to multicast group 230.0.0.1:6666.
[2017.12.11-17.12.15:264][  0]SourceControl: Info Source control is disabled
[2017.12.11-17.12.15:264][  0]SourceControl: Info Source control is disabled
[2017.12.11-17.12.15:300][  0]SourceControl: Info Source control is disabled
[2017.12.11-17.12.15:800][  0]LogUObjectArray: 34408 objects as part of root set at end of initial load.
[2017.12.11-17.12.15:801][  0]LogUObjectAllocator: 7639328 out of 0 bytes used by permanent object pool.
[2017.12.11-17.12.15:801][  0]LogUObjectArray: CloseDisregardForGC: 0/0 objects in disregard for GC pool
[2017.12.11-17.12.15:880][  0]LogEngine: Initializing Engine...
[2017.12.11-17.12.15:881][  0]LogHMD: Failed to initialize OpenVR with code 110
[2017.12.11-17.12.15:956][  0]LogStats: UGameplayTagsManager::ConstructGameplayTagTree: Construct from data asset -  0.000 s
[2017.12.11-17.12.15:956][  0]LogStats: UGameplayTagsManager::ConstructGameplayTagTree: GameplayTagTreeChangedEvent.Broadcast -  0.000 s
[2017.12.11-17.12.15:964][  0]LogInit: XAudio2 using 'Speakers (Realtek High Definition Audio)' : 2 channels at 48 kHz using 32 bits per sample (channel mask 0x3)
[2017.12.11-17.12.15:977][  0]LogInit: FAudioDevice initialized.
[2017.12.11-17.12.15:991][  0]LogInit: Texture streaming: Enabled
[2017.12.11-17.12.16:003][  0]LogMaterial: Uniform references updated for custom material expression Custom.
[2017.12.11-17.12.16:258][  0]LogInit:Display: Game Engine Initialized.
[2017.12.11-17.12.16:390][  0]LogInit:Display: Starting Game.
[2017.12.11-17.12.16:390][  0]LogNet: Browse: /Temp/Autosaves/Game/Maps/UEDPCCastleMap01?Name=Player
[2017.12.11-17.12.16:390][  0]LogLoad: LoadMap: /Temp/Autosaves/Game/Maps/UEDPCCastleMap01?Name=Player
[2017.12.11-17.12.16:404][  0]LogMemory: Platform Memory Stats for Windows
[2017.12.11-17.12.16:404][  0]LogMemory: Process Physical Memory: 645.76 MB used, 671.63 MB peak
[2017.12.11-17.12.16:404][  0]LogMemory: Process Virtual Memory: 739.71 MB used, 739.72 MB peak
[2017.12.11-17.12.16:404][  0]LogMemory: Physical Memory: 5338.82 MB used,  10987.00 MB free, 16325.82 MB total
[2017.12.11-17.12.16:404][  0]LogMemory: Virtual Memory: 1439.69 MB used,  10987.00 MB free, 134217728.00 MB total
[2017.12.11-17.12.16:404][  0]LogMemory: 
[2017.12.11-17.12.16:404][  0]Allocator Stats for TBB: (not implemented)
[2017.12.11-17.12.16:409][  0]LogLinker: Can't find file '/Game/Mannequin/Character/Textures/UE4_LOGO_CARD'
[2017.12.11-17.12.16:409][  0]LogLinker: Can't find file '/Game/Mannequin/Character/Textures/UE4_LOGO_CARD'
[2017.12.11-17.12.16:548][  0]LogBlueprint:Warning: [Compiler 0_Base] Warning InputAction Event references unknown Action 'ResetVR' for  InputAction ResetVR
[2017.12.11-17.12.16:548][  0]LogBlueprint:Warning: [Compiler 0_Base] Warning Input Axis Event references unknown Axis 'LookUpRate' for  InputAxis LookUpRate
[2017.12.11-17.12.16:548][  0]LogBlueprint:Warning: [Compiler 0_Base] Warning Input Axis Event references unknown Axis 'TurnRate' for  InputAxis TurnRate
[2017.12.11-17.12.16:549][  0]LogBlueprint:Warning: [Compiler 0_Base] Warning InputAction Event references unknown Action 'Jump' for  InputAction Jump
[2017.12.11-17.12.16:549][  0]LogBlueprint:Warning: [Compiler 0_Base] Warning Input Axis Event references unknown Axis 'LookUp' for  InputAxis LookUp
[2017.12.11-17.12.16:549][  0]LogBlueprint:Warning: [Compiler 0_Base] Warning Input Axis Event references unknown Axis 'MoveRight' for  InputAxis MoveRight
[2017.12.11-17.12.16:549][  0]LogBlueprint:Warning: [Compiler 0_Base] Warning Input Axis Event references unknown Axis 'MoveForward' for  InputAxis MoveForward
[2017.12.11-17.12.16:549][  0]LogBlueprint:Warning: [Compiler 0_Base] Warning Input Axis Event references unknown Axis 'Turn' for  InputAxis Turn
[2017.12.11-17.12.16:551][  0]LogBlueprint:Warning: [Compiler 0_Base] Warning [0006.81] Compile of 0_Base successful, but with 8 Warning(s) [in 4 ms] (/Game/Blueprints/characters/0_Base.0_Base)
[2017.12.11-17.12.16:551][  0]LogBlueprint:Warning: [Compiler 0_Base] Warning [0006.81] Compile of 0_Base successful, but with 9 Warning(s) [in 0 ms] (/Game/Blueprints/characters/0_Base.0_Base)
[2017.12.11-17.12.16:551][  0]LogBlueprint:Warning: [Compiler 0_Base] Warning [0006.81] Compile of 0_Base successful, but with 10 Warning(s) [in 0 ms] (/Game/Blueprints/characters/0_Base.0_Base)
[2017.12.11-17.12.16:646][  0]LogLinker:Warning: Can't find file '/Game/StarterContent/Particles/P_Fire'
[2017.12.11-17.12.16:646][  0]LoadErrors: Info Failed to load /Game/StarterContent/Particles/P_Fire.P_Fire Referenced by CharacterMesh0
[2017.12.11-17.12.16:646][  0]LogUObjectGlobals:Warning: Failed to load '/Game/StarterContent/Particles/P_Fire': Can't find file '/Game/StarterContent/Particles/P_Fire'
[2017.12.11-17.12.16:646][  0]LogLinker:Warning: Can't find file for asset '/Game/StarterContent/Particles/P_Fire' while loading NULL.
[2017.12.11-17.12.16:646][  0]LoadErrors: Info Failed to load /Game/StarterContent/Particles/P_Fire.P_Fire Referenced by CharacterMesh0
[2017.12.11-17.12.16:646][  0]LogUObjectGlobals:Warning: Failed to load '/Game/StarterContent/Particles/P_Fire': Can't find file for asset '/Game/StarterContent/Particles/P_Fire' while loading NULL.
[2017.12.11-17.12.16:647][  0]LogLinker:Warning: Can't find file '/Game/StarterContent/Particles/P_Fire'
[2017.12.11-17.12.16:647][  0]LoadErrors: Info Failed to load /Game/StarterContent/Particles/P_Fire.P_Fire Referenced by Fire_GEN_VARIABLE
[2017.12.11-17.12.16:647][  0]LogUObjectGlobals:Warning: Failed to load '/Game/StarterContent/Particles/P_Fire': Can't find file '/Game/StarterContent/Particles/P_Fire'
[2017.12.11-17.12.16:647][  0]LogLinker:Warning: Can't find file for asset '/Game/StarterContent/Particles/P_Fire' while loading NULL.
[2017.12.11-17.12.16:647][  0]LoadErrors: Info Failed to load /Game/StarterContent/Particles/P_Fire.P_Fire Referenced by Fire_GEN_VARIABLE
[2017.12.11-17.12.16:647][  0]LogUObjectGlobals:Warning: Failed to load '/Game/StarterContent/Particles/P_Fire': Can't find file for asset '/Game/StarterContent/Particles/P_Fire' while loading NULL.
[2017.12.11-17.12.16:649][  0]LogLinker:Warning: Can't find file '/Game/StarterContent/Particles/P_Fire'
[2017.12.11-17.12.16:649][  0]LoadErrors: Info Failed to load /Game/StarterContent/Particles/P_Fire.P_Fire Referenced by CharacterMesh0
[2017.12.11-17.12.16:649][  0]LogUObjectGlobals:Warning: Failed to load '/Game/StarterContent/Particles/P_Fire': Can't find file '/Game/StarterContent/Particles/P_Fire'
[2017.12.11-17.12.16:649][  0]LogLinker:Warning: Can't find file for asset '/Game/StarterContent/Particles/P_Fire' while loading NULL.
[2017.12.11-17.12.16:649][  0]LoadErrors: Info Failed to load /Game/StarterContent/Particles/P_Fire.P_Fire Referenced by CharacterMesh0
[2017.12.11-17.12.16:649][  0]LogUObjectGlobals:Warning: Failed to load '/Game/StarterContent/Particles/P_Fire': Can't find file for asset '/Game/StarterContent/Particles/P_Fire' while loading NULL.
[2017.12.11-17.12.16:654][  0]LogLinker:Warning: Can't find file '/Game/StarterContent/Particles/P_Fire'
[2017.12.11-17.12.16:654][  0]LoadErrors: Info Failed to load /Game/StarterContent/Particles/P_Fire.P_Fire Referenced by Fire_GEN_VARIABLE
[2017.12.11-17.12.16:654][  0]LogUObjectGlobals:Warning: Failed to load '/Game/StarterContent/Particles/P_Fire': Can't find file '/Game/StarterContent/Particles/P_Fire'
[2017.12.11-17.12.16:654][  0]LogLinker:Warning: Can't find file for asset '/Game/StarterContent/Particles/P_Fire' while loading NULL.
[2017.12.11-17.12.16:654][  0]LoadErrors: Info Failed to load /Game/StarterContent/Particles/P_Fire.P_Fire Referenced by Fire_GEN_VARIABLE
[2017.12.11-17.12.16:654][  0]LogUObjectGlobals:Warning: Failed to load '/Game/StarterContent/Particles/P_Fire': Can't find file for asset '/Game/StarterContent/Particles/P_Fire' while loading NULL.
[2017.12.11-17.12.16:876][  0]LogBlueprint:Warning: [Compiler PaladinBP] Warning InputAction Event references unknown Action 'FirstAbility' for  InputAction FirstAbility
[2017.12.11-17.12.16:877][  0]LogBlueprint:Warning: [Compiler PaladinBP] Warning InputAction Event references unknown Action 'ScoreList' for  InputAction ScoreList
[2017.12.11-17.12.16:877][  0]LogBlueprint:Warning: [Compiler PaladinBP] Warning InputAction Event references unknown Action 'WriteKey' for  InputAction WriteKey
[2017.12.11-17.12.16:877][  0]LogBlueprint:Warning: [Compiler PaladinBP] Warning InputAction Event references unknown Action 'Kick' for  InputAction Kick
[2017.12.11-17.12.16:878][  0]LogBlueprint:Warning: [Compiler PaladinBP] Warning InputAction Event references unknown Action 'ChangePlayer' for  InputAction ChangePlayer
[2017.12.11-17.12.16:880][  0]LogBlueprint:Warning: [Compiler PaladinBP] Warning InputAction Event references unknown Action 'HardAttack' for  InputAction HardAttack
[2017.12.11-17.12.16:880][  0]LogBlueprint:Warning: [Compiler PaladinBP] Warning InputAction Event references unknown Action 'Attack' for  InputAction Attack
[2017.12.11-17.12.16:883][  0]LogBlueprint:Warning: [Compiler PaladinBP] Warning InputAction Event references unknown Action 'Block' for  InputAction Block
[2017.12.11-17.12.16:883][  0]LogBlueprint:Warning: [Compiler PaladinBP] Warning InputAction Event references unknown Action 'Crouch' for  InputAction Crouch
[2017.12.11-17.12.16:884][  0]LogBlueprint:Warning: [Compiler PaladinBP] Warning InputAction Event references unknown Action 'Sprint' for  InputAction Sprint
[2017.12.11-17.12.16:884][  0]LogBlueprint:Warning: [Compiler PaladinBP] Warning Input Axis Event references unknown Axis 'LookUp' for  InputAxis LookUp
[2017.12.11-17.12.16:884][  0]LogBlueprint:Warning: [Compiler PaladinBP] Warning Input Axis Event references unknown Axis 'Turn' for  InputAxis Turn
[2017.12.11-17.12.16:884][  0]LogBlueprint:Warning: [Compiler PaladinBP] Warning Input Axis Event references unknown Axis 'MoveRight' for  InputAxis MoveRight
[2017.12.11-17.12.16:885][  0]LogBlueprint:Warning: [Compiler PaladinBP] Warning Input Axis Event references unknown Axis 'MoveForward' for  InputAxis MoveForward
[2017.12.11-17.12.16:904][  0]LogBlueprint:Warning: [Compiler PaladinBP] Warning [0007.16] Compile of PaladinBP successful, but with 14 Warning(s) [in 49 ms] (/Game/Characters/Paladin/PaladinBP.PaladinBP)
[2017.12.11-17.12.16:906][  0]LogBlueprint:Warning: [Compiler PaladinBP] Warning [0007.16] Compile of PaladinBP successful, but with 15 Warning(s) [in 0 ms] (/Game/Characters/Paladin/PaladinBP.PaladinBP)
[2017.12.11-17.12.16:906][  0]LogBlueprint:Warning: [Compiler PaladinBP] Warning [0007.16] Compile of PaladinBP successful, but with 16 Warning(s) [in 0 ms] (/Game/Characters/Paladin/PaladinBP.PaladinBP)
[2017.12.11-17.12.16:966][  0]LogLinker:Warning: Can't find file '/Engine/BasicShapes/RedMaterial'
[2017.12.11-17.12.16:966][  0]LogUObjectGlobals:Warning: Failed to load '/Engine/BasicShapes/RedMaterial': Can't find file '/Engine/BasicShapes/RedMaterial'
[2017.12.11-17.12.16:966][  0]LogLinker:Warning: Can't find file for asset '/Engine/BasicShapes/RedMaterial' while loading NULL.
[2017.12.11-17.12.16:966][  0]LogUObjectGlobals:Warning: Failed to load '/Engine/BasicShapes/RedMaterial': Can't find file for asset '/Engine/BasicShapes/RedMaterial' while loading NULL.
[2017.12.11-17.12.16:973][  0]LogLinker:Warning: Can't find file '/Engine/BasicShapes/RedMaterial'
[2017.12.11-17.12.16:973][  0]LoadErrors: Info Failed to load /Engine/BasicShapes/RedMaterial.RedMaterial Referenced by K2Node_VariableSet_3548
[2017.12.11-17.12.16:973][  0]LogUObjectGlobals:Warning: Failed to load '/Engine/BasicShapes/RedMaterial': Can't find file '/Engine/BasicShapes/RedMaterial'
[2017.12.11-17.12.16:973][  0]LogLinker:Warning: Can't find file for asset '/Engine/BasicShapes/RedMaterial' while loading NULL.
[2017.12.11-17.12.16:973][  0]LoadErrors: Info Failed to load /Engine/BasicShapes/RedMaterial.RedMaterial Referenced by K2Node_VariableSet_3548
[2017.12.11-17.12.16:973][  0]LogUObjectGlobals:Warning: Failed to load '/Engine/BasicShapes/RedMaterial': Can't find file for asset '/Engine/BasicShapes/RedMaterial' while loading NULL.
[2017.12.11-17.12.17:045][  0]LogLinker:Warning: Can't find file '/Game/StarterContent/UE4_LOGO_CARD'
[2017.12.11-17.12.17:045][  0]LogUObjectGlobals:Warning: Failed to load '/Game/StarterContent/UE4_LOGO_CARD': Can't find file '/Game/StarterContent/UE4_LOGO_CARD'
[2017.12.11-17.12.17:046][  0]LogLinker:Warning: Can't find file for asset '/Game/StarterContent/UE4_LOGO_CARD' while loading NULL.
[2017.12.11-17.12.17:046][  0]LogUObjectGlobals:Warning: Failed to load '/Game/StarterContent/UE4_LOGO_CARD': Can't find file for asset '/Game/StarterContent/UE4_LOGO_CARD' while loading NULL.
[2017.12.11-17.12.17:049][  0]LogLinker:Warning: Can't find file '/Game/StarterContent/UE4_LOGO_CARD'
[2017.12.11-17.12.17:049][  0]LoadErrors: Info Failed to load /Game/StarterContent/UE4_LOGO_CARD.UE4_LOGO_CARD Referenced by K2Node_SetFieldsInStruct_0
[2017.12.11-17.12.17:049][  0]LogUObjectGlobals:Warning: Failed to load '/Game/StarterContent/UE4_LOGO_CARD': Can't find file '/Game/StarterContent/UE4_LOGO_CARD'
[2017.12.11-17.12.17:049][  0]LogLinker:Warning: Can't find file for asset '/Game/StarterContent/UE4_LOGO_CARD' while loading NULL.
[2017.12.11-17.12.17:049][  0]LoadErrors: Info Failed to load /Game/StarterContent/UE4_LOGO_CARD.UE4_LOGO_CARD Referenced by K2Node_SetFieldsInStruct_0
[2017.12.11-17.12.17:049][  0]LogUObjectGlobals:Warning: Failed to load '/Game/StarterContent/UE4_LOGO_CARD': Can't find file for asset '/Game/StarterContent/UE4_LOGO_CARD' while loading NULL.
[2017.12.11-17.12.17:092][  0]LogBlueprint:Warning: [Compiler CombatPaladinBP] Warning InputAction Event references unknown Action 'Attack' for  InputAction Attack
[2017.12.11-17.12.17:092][  0]LogBlueprint:Warning: [Compiler CombatPaladinBP] Warning Input Axis Event references unknown Axis 'MoveForward' for  InputAxis MoveForward
[2017.12.11-17.12.17:092][  0]LogBlueprint:Warning: [Compiler CombatPaladinBP] Warning Input Axis Event references unknown Axis 'Turn' for  InputAxis Turn
[2017.12.11-17.12.17:092][  0]LogBlueprint:Warning: [Compiler CombatPaladinBP] Warning Input Axis Event references unknown Axis 'LookUp' for  InputAxis LookUp
[2017.12.11-17.12.17:093][  0]LogBlueprint:Warning: [Compiler CombatPaladinBP] Warning Input Axis Event references unknown Axis 'MoveRight' for  InputAxis MoveRight
[2017.12.11-17.12.17:094][  0]LogBlueprint:Warning: [Compiler CombatPaladinBP] Warning [0007.35] Compile of CombatPaladinBP successful, but with 5 Warning(s) [in 3 ms] (/Game/Characters/CombatPaladin/CombatPaladinBP.CombatPaladinBP)
[2017.12.11-17.12.17:094][  0]LogBlueprint:Warning: [Compiler CombatPaladinBP] Warning [0007.35] Compile of CombatPaladinBP successful, but with 6 Warning(s) [in 0 ms] (/Game/Characters/CombatPaladin/CombatPaladinBP.CombatPaladinBP)
[2017.12.11-17.12.17:094][  0]LogBlueprint:Warning: [Compiler CombatPaladinBP] Warning [0007.35] Compile of CombatPaladinBP successful, but with 7 Warning(s) [in 0 ms] (/Game/Characters/CombatPaladin/CombatPaladinBP.CombatPaladinBP)
[2017.12.11-17.12.17:107][  0]LogLinker:Warning: Can't find file '/Engine/BasicShapes/RedMaterial'
[2017.12.11-17.12.17:107][  0]LogUObjectGlobals:Warning: Failed to load '/Engine/BasicShapes/RedMaterial': Can't find file '/Engine/BasicShapes/RedMaterial'
[2017.12.11-17.12.17:107][  0]LogLinker:Warning: Can't find file for asset '/Engine/BasicShapes/RedMaterial' while loading NULL.
[2017.12.11-17.12.17:107][  0]LogUObjectGlobals:Warning: Failed to load '/Engine/BasicShapes/RedMaterial': Can't find file for asset '/Engine/BasicShapes/RedMaterial' while loading NULL.
[2017.12.11-17.12.17:111][  0]LogLinker:Warning: Can't find file '/Engine/BasicShapes/RedMaterial'
[2017.12.11-17.12.17:111][  0]LoadErrors: Info Failed to load /Engine/BasicShapes/RedMaterial.RedMaterial Referenced by K2Node_VariableSet_3548
[2017.12.11-17.12.17:111][  0]LogUObjectGlobals:Warning: Failed to load '/Engine/BasicShapes/RedMaterial': Can't find file '/Engine/BasicShapes/RedMaterial'
[2017.12.11-17.12.17:111][  0]LogLinker:Warning: Can't find file for asset '/Engine/BasicShapes/RedMaterial' while loading NULL.
[2017.12.11-17.12.17:111][  0]LoadErrors: Info Failed to load /Engine/BasicShapes/RedMaterial.RedMaterial Referenced by K2Node_VariableSet_3548
[2017.12.11-17.12.17:111][  0]LogUObjectGlobals:Warning: Failed to load '/Engine/BasicShapes/RedMaterial': Can't find file for asset '/Engine/BasicShapes/RedMaterial' while loading NULL.
[2017.12.11-17.12.17:212][  0]LogBlueprint:Warning: [Compiler ErikaBP] Warning InputAction Event references unknown Action 'Kick' for  InputAction Kick
[2017.12.11-17.12.17:215][  0]LogBlueprint:Warning: [Compiler ErikaBP] Warning InputAction Event references unknown Action 'ScoreList' for  InputAction ScoreList
[2017.12.11-17.12.17:215][  0]LogBlueprint:Warning: [Compiler ErikaBP] Warning InputAction Event references unknown Action 'WriteKey' for  InputAction WriteKey
[2017.12.11-17.12.17:216][  0]LogBlueprint:Warning: [Compiler ErikaBP] Warning InputAction Event references unknown Action 'FirstAbility' for  InputAction FirstAbility
[2017.12.11-17.12.17:217][  0]LogBlueprint:Warning: [Compiler ErikaBP] Warning InputAction Event references unknown Action 'ChangePlayer' for  InputAction ChangePlayer
[2017.12.11-17.12.17:220][  0]LogBlueprint:Warning: [Compiler ErikaBP] Warning InputAction Event references unknown Action 'Sprint' for  InputAction Sprint
[2017.12.11-17.12.17:220][  0]LogBlueprint:Warning: [Compiler ErikaBP] Warning InputAction Event references unknown Action 'ChangeWeapon' for  InputAction ChangeWeapon
[2017.12.11-17.12.17:222][  0]LogBlueprint:Warning: [Compiler ErikaBP] Warning InputAction Event references unknown Action 'Attack' for  InputAction Attack
[2017.12.11-17.12.17:222][  0]LogBlueprint:Warning: [Compiler ErikaBP] Warning Input Axis Event references unknown Axis 'Turn' for  InputAxis Turn
[2017.12.11-17.12.17:222][  0]LogBlueprint:Warning: [Compiler ErikaBP] Warning Input Axis Event references unknown Axis 'LookUp' for  InputAxis LookUp
[2017.12.11-17.12.17:222][  0]LogBlueprint:Warning: [Compiler ErikaBP] Warning Input Axis Event references unknown Axis 'MoveRight' for  InputAxis MoveRight
[2017.12.11-17.12.17:223][  0]LogBlueprint:Warning: [Compiler ErikaBP] Warning Input Axis Event references unknown Axis 'MoveForward' for  InputAxis MoveForward
[2017.12.11-17.12.17:241][  0]LogBlueprint:Warning: [Compiler ErikaBP] Warning [0007.50] Compile of ErikaBP successful, but with 12 Warning(s) [in 47 ms] (/Game/Characters/Erika/ErikaBP.ErikaBP)
[2017.12.11-17.12.17:246][  0]LogBlueprint:Warning: [Compiler ErikaBP] Warning [0007.50] Compile of ErikaBP successful, but with 13 Warning(s) [in 4 ms] (/Game/Characters/Erika/ErikaBP.ErikaBP)
[2017.12.11-17.12.17:246][  0]LogBlueprint:Warning: [Compiler ErikaBP] Warning [0007.50] Compile of ErikaBP successful, but with 14 Warning(s) [in 0 ms] (/Game/Characters/Erika/ErikaBP.ErikaBP)
[2017.12.11-17.12.17:248][  0]LogLinker:Warning: Can't find file '/Game/Assets/Chest/Chest'
[2017.12.11-17.12.17:248][  0]LogUObjectGlobals:Warning: Failed to load '/Game/Assets/Chest/Chest': Can't find file '/Game/Assets/Chest/Chest'
[2017.12.11-17.12.17:248][  0]LogLinker:Warning: Can't find file for asset '/Game/Assets/Chest/Chest' while loading NULL.
[2017.12.11-17.12.17:248][  0]LogUObjectGlobals:Warning: Failed to load '/Game/Assets/Chest/Chest': Can't find file for asset '/Game/Assets/Chest/Chest' while loading NULL.
[2017.12.11-17.12.17:248][  0]LogLinker:Warning: Can't find file '/Game/Assets/Spear/spear'
[2017.12.11-17.12.17:248][  0]LogUObjectGlobals:Warning: Failed to load '/Game/Assets/Spear/spear': Can't find file '/Game/Assets/Spear/spear'
[2017.12.11-17.12.17:248][  0]LogLinker:Warning: Can't find file for asset '/Game/Assets/Spear/spear' while loading NULL.
[2017.12.11-17.12.17:248][  0]LogUObjectGlobals:Warning: Failed to load '/Game/Assets/Spear/spear': Can't find file for asset '/Game/Assets/Spear/spear' while loading NULL.
[2017.12.11-17.12.17:248][  0]LogLinker:Warning: Can't find file '/Game/Assets/Sword01/sword01'
[2017.12.11-17.12.17:248][  0]LogUObjectGlobals:Warning: Failed to load '/Game/Assets/Sword01/sword01': Can't find file '/Game/Assets/Sword01/sword01'
[2017.12.11-17.12.17:248][  0]LogLinker:Warning: Can't find file for asset '/Game/Assets/Sword01/sword01' while loading NULL.
[2017.12.11-17.12.17:248][  0]LogUObjectGlobals:Warning: Failed to load '/Game/Assets/Sword01/sword01': Can't find file for asset '/Game/Assets/Sword01/sword01' while loading NULL.
[2017.12.11-17.12.17:248][  0]LogLinker:Warning: Can't find file '/Game/Assets/Chest/Chest'
[2017.12.11-17.12.17:249][  0]LoadErrors: Info Failed to load /Game/Assets/Chest/Chest.Chest Referenced by StaticMesh_GEN_VARIABLE
[2017.12.11-17.12.17:249][  0]LogUObjectGlobals:Warning: Failed to load '/Game/Assets/Chest/Chest': Can't find file '/Game/Assets/Chest/Chest'
[2017.12.11-17.12.17:249][  0]LogLinker:Warning: Can't find file for asset '/Game/Assets/Chest/Chest' while loading NULL.
[2017.12.11-17.12.17:249][  0]LoadErrors: Info Failed to load /Game/Assets/Chest/Chest.Chest Referenced by StaticMesh_GEN_VARIABLE
[2017.12.11-17.12.17:249][  0]LogUObjectGlobals:Warning: Failed to load '/Game/Assets/Chest/Chest': Can't find file for asset '/Game/Assets/Chest/Chest' while loading NULL.
[2017.12.11-17.12.17:249][  0]LogLinker:Warning: Can't find file '/Game/Assets/Sword01/sword01'
[2017.12.11-17.12.17:249][  0]LoadErrors: Info Failed to load /Game/Assets/Sword01/sword01.sword01 Referenced by sword01_GEN_VARIABLE
[2017.12.11-17.12.17:249][  0]LogUObjectGlobals:Warning: Failed to load '/Game/Assets/Sword01/sword01': Can't find file '/Game/Assets/Sword01/sword01'
[2017.12.11-17.12.17:249][  0]LogLinker:Warning: Can't find file for asset '/Game/Assets/Sword01/sword01' while loading NULL.
[2017.12.11-17.12.17:249][  0]LoadErrors: Info Failed to load /Game/Assets/Sword01/sword01.sword01 Referenced by sword01_GEN_VARIABLE
[2017.12.11-17.12.17:249][  0]LogUObjectGlobals:Warning: Failed to load '/Game/Assets/Sword01/sword01': Can't find file for asset '/Game/Assets/Sword01/sword01' while loading NULL.
[2017.12.11-17.12.17:249][  0]LogLinker:Warning: Can't find file '/Game/Assets/Spear/spear'
[2017.12.11-17.12.17:249][  0]LoadErrors: Info Failed to load /Game/Assets/Spear/spear.spear Referenced by spear_GEN_VARIABLE
[2017.12.11-17.12.17:249][  0]LogUObjectGlobals:Warning: Failed to load '/Game/Assets/Spear/spear': Can't find file '/Game/Assets/Spear/spear'
[2017.12.11-17.12.17:249][  0]LogLinker:Warning: Can't find file for asset '/Game/Assets/Spear/spear' while loading NULL.
[2017.12.11-17.12.17:249][  0]LoadErrors: Info Failed to load /Game/Assets/Spear/spear.spear Referenced by spear_GEN_VARIABLE
[2017.12.11-17.12.17:249][  0]LogUObjectGlobals:Warning: Failed to load '/Game/Assets/Spear/spear': Can't find file for asset '/Game/Assets/Spear/spear' while loading NULL.
[2017.12.11-17.12.17:249][  0]LogLinker:Warning: Can't find file '/Game/Assets/Spear/spear'
[2017.12.11-17.12.17:249][  0]LoadErrors: Info Failed to load /Game/Assets/Spear/spear.spear Referenced by StaticMesh1_GEN_VARIABLE
[2017.12.11-17.12.17:249][  0]LogUObjectGlobals:Warning: Failed to load '/Game/Assets/Spear/spear': Can't find file '/Game/Assets/Spear/spear'
[2017.12.11-17.12.17:249][  0]LogLinker:Warning: Can't find file for asset '/Game/Assets/Spear/spear' while loading NULL.
[2017.12.11-17.12.17:249][  0]LoadErrors: Info Failed to load /Game/Assets/Spear/spear.spear Referenced by StaticMesh1_GEN_VARIABLE
[2017.12.11-17.12.17:249][  0]LogUObjectGlobals:Warning: Failed to load '/Game/Assets/Spear/spear': Can't find file for asset '/Game/Assets/Spear/spear' while loading NULL.
[2017.12.11-17.12.17:250][  0]LogLinker:Warning: Can't find file '/Game/Assets/Spear/spear'
[2017.12.11-17.12.17:250][  0]LoadErrors: Info Failed to load /Game/Assets/Spear/spear.spear Referenced by StaticMesh2_GEN_VARIABLE
[2017.12.11-17.12.17:250][  0]LogUObjectGlobals:Warning: Failed to load '/Game/Assets/Spear/spear': Can't find file '/Game/Assets/Spear/spear'
[2017.12.11-17.12.17:250][  0]LogLinker:Warning: Can't find file for asset '/Game/Assets/Spear/spear' while loading NULL.
[2017.12.11-17.12.17:250][  0]LoadErrors: Info Failed to load /Game/Assets/Spear/spear.spear Referenced by StaticMesh2_GEN_VARIABLE
[2017.12.11-17.12.17:250][  0]LogUObjectGlobals:Warning: Failed to load '/Game/Assets/Spear/spear': Can't find file for asset '/Game/Assets/Spear/spear' while loading NULL.
[2017.12.11-17.12.17:283][  0]LogBlueprint:Warning: [Compiler ErikaBP] Warning InputAction Event references unknown Action 'Kick' for  InputAction Kick
[2017.12.11-17.12.17:286][  0]LogBlueprint:Warning: [Compiler ErikaBP] Warning InputAction Event references unknown Action 'ScoreList' for  InputAction ScoreList
[2017.12.11-17.12.17:286][  0]LogBlueprint:Warning: [Compiler ErikaBP] Warning InputAction Event references unknown Action 'WriteKey' for  InputAction WriteKey
[2017.12.11-17.12.17:287][  0]LogBlueprint:Warning: [Compiler ErikaBP] Warning InputAction Event references unknown Action 'FirstAbility' for  InputAction FirstAbility
[2017.12.11-17.12.17:288][  0]LogBlueprint:Warning: [Compiler ErikaBP] Warning InputAction Event references unknown Action 'ChangePlayer' for  InputAction ChangePlayer
[2017.12.11-17.12.17:291][  0]LogBlueprint:Warning: [Compiler ErikaBP] Warning InputAction Event references unknown Action 'Sprint' for  InputAction Sprint
[2017.12.11-17.12.17:291][  0]LogBlueprint:Warning: [Compiler ErikaBP] Warning InputAction Event references unknown Action 'ChangeWeapon' for  InputAction ChangeWeapon
[2017.12.11-17.12.17:293][  0]LogBlueprint:Warning: [Compiler ErikaBP] Warning InputAction Event references unknown Action 'Attack' for  InputAction Attack
[2017.12.11-17.12.17:293][  0]LogBlueprint:Warning: [Compiler ErikaBP] Warning Input Axis Event references unknown Axis 'Turn' for  InputAxis Turn
[2017.12.11-17.12.17:293][  0]LogBlueprint:Warning: [Compiler ErikaBP] Warning Input Axis Event references unknown Axis 'LookUp' for  InputAxis LookUp
[2017.12.11-17.12.17:293][  0]LogBlueprint:Warning: [Compiler ErikaBP] Warning Input Axis Event references unknown Axis 'MoveRight' for  InputAxis MoveRight
[2017.12.11-17.12.17:293][  0]LogBlueprint:Warning: [Compiler ErikaBP] Warning Input Axis Event references unknown Axis 'MoveForward' for  InputAxis MoveForward
[2017.12.11-17.12.17:312][  0]LogBlueprint:Warning: [Compiler ErikaBP] Warning [0007.57] Compile of ErikaBP successful, but with 12 Warning(s) [in 48 ms] (/Game/Characters/Erika/ErikaBP.ErikaBP)
[2017.12.11-17.12.17:312][  0]LogBlueprint:Warning: [Compiler ErikaBP] Warning [0007.57] Compile of ErikaBP successful, but with 13 Warning(s) [in 0 ms] (/Game/Characters/Erika/ErikaBP.ErikaBP)
[2017.12.11-17.12.17:317][  0]LogBlueprint:Warning: [Compiler ErikaBP] Warning [0007.57] Compile of ErikaBP successful, but with 14 Warning(s) [in 4 ms] (/Game/Characters/Erika/ErikaBP.ErikaBP)
[2017.12.11-17.12.17:438][  0]LogBlueprint:Warning: [Compiler 0_Base] Warning InputAction Event references unknown Action 'ResetVR' for  InputAction ResetVR
[2017.12.11-17.12.17:438][  0]LogBlueprint:Warning: [Compiler 0_Base] Warning Input Axis Event references unknown Axis 'LookUpRate' for  InputAxis LookUpRate
[2017.12.11-17.12.17:438][  0]LogBlueprint:Warning: [Compiler 0_Base] Warning Input Axis Event references unknown Axis 'TurnRate' for  InputAxis TurnRate
[2017.12.11-17.12.17:438][  0]LogBlueprint:Warning: [Compiler 0_Base] Warning InputAction Event references unknown Action 'Jump' for  InputAction Jump
[2017.12.11-17.12.17:438][  0]LogBlueprint:Warning: [Compiler 0_Base] Warning Input Axis Event references unknown Axis 'LookUp' for  InputAxis LookUp
[2017.12.11-17.12.17:438][  0]LogBlueprint:Warning: [Compiler 0_Base] Warning Input Axis Event references unknown Axis 'MoveRight' for  InputAxis MoveRight
[2017.12.11-17.12.17:438][  0]LogBlueprint:Warning: [Compiler 0_Base] Warning Input Axis Event references unknown Axis 'MoveForward' for  InputAxis MoveForward
[2017.12.11-17.12.17:439][  0]LogBlueprint:Warning: [Compiler 0_Base] Warning Input Axis Event references unknown Axis 'Turn' for  InputAxis Turn
[2017.12.11-17.12.17:441][  0]LogBlueprint:Warning: [Compiler 0_Base] Warning [0007.70] Compile of 0_Base successful, but with 8 Warning(s) [in 4 ms] (/Game/Blueprints/characters/0_Base.0_Base)
[2017.12.11-17.12.17:441][  0]LogBlueprint:Warning: [Compiler 0_Base] Warning [0007.70] Compile of 0_Base successful, but with 9 Warning(s) [in 0 ms] (/Game/Blueprints/characters/0_Base.0_Base)
[2017.12.11-17.12.17:441][  0]LogBlueprint:Warning: [Compiler 0_Base] Warning [0007.70] Compile of 0_Base successful, but with 10 Warning(s) [in 0 ms] (/Game/Blueprints/characters/0_Base.0_Base)
[2017.12.11-17.12.17:568][  0]LogBlueprint:Warning: [Compiler PaladinBP] Warning InputAction Event references unknown Action 'FirstAbility' for  InputAction FirstAbility
[2017.12.11-17.12.17:569][  0]LogBlueprint:Warning: [Compiler PaladinBP] Warning InputAction Event references unknown Action 'ScoreList' for  InputAction ScoreList
[2017.12.11-17.12.17:570][  0]LogBlueprint:Warning: [Compiler PaladinBP] Warning InputAction Event references unknown Action 'WriteKey' for  InputAction WriteKey
[2017.12.11-17.12.17:570][  0]LogBlueprint:Warning: [Compiler PaladinBP] Warning InputAction Event references unknown Action 'Kick' for  InputAction Kick
[2017.12.11-17.12.17:570][  0]LogBlueprint:Warning: [Compiler PaladinBP] Warning InputAction Event references unknown Action 'ChangePlayer' for  InputAction ChangePlayer
[2017.12.11-17.12.17:572][  0]LogBlueprint:Warning: [Compiler PaladinBP] Warning InputAction Event references unknown Action 'HardAttack' for  InputAction HardAttack
[2017.12.11-17.12.17:572][  0]LogBlueprint:Warning: [Compiler PaladinBP] Warning InputAction Event references unknown Action 'Attack' for  InputAction Attack
[2017.12.11-17.12.17:575][  0]LogBlueprint:Warning: [Compiler PaladinBP] Warning InputAction Event references unknown Action 'Block' for  InputAction Block
[2017.12.11-17.12.17:576][  0]LogBlueprint:Warning: [Compiler PaladinBP] Warning InputAction Event references unknown Action 'Crouch' for  InputAction Crouch
[2017.12.11-17.12.17:576][  0]LogBlueprint:Warning: [Compiler PaladinBP] Warning InputAction Event references unknown Action 'Sprint' for  InputAction Sprint
[2017.12.11-17.12.17:576][  0]LogBlueprint:Warning: [Compiler PaladinBP] Warning Input Axis Event references unknown Axis 'LookUp' for  InputAxis LookUp
[2017.12.11-17.12.17:576][  0]LogBlueprint:Warning: [Compiler PaladinBP] Warning Input Axis Event references unknown Axis 'Turn' for  InputAxis Turn
[2017.12.11-17.12.17:577][  0]LogBlueprint:Warning: [Compiler PaladinBP] Warning Input Axis Event references unknown Axis 'MoveRight' for  InputAxis MoveRight
[2017.12.11-17.12.17:577][  0]LogBlueprint:Warning: [Compiler PaladinBP] Warning Input Axis Event references unknown Axis 'MoveForward' for  InputAxis MoveForward
[2017.12.11-17.12.17:596][  0]LogBlueprint:Warning: [Compiler PaladinBP] Warning [0007.85] Compile of PaladinBP successful, but with 14 Warning(s) [in 49 ms] (/Game/Characters/Paladin/PaladinBP.PaladinBP)
[2017.12.11-17.12.17:596][  0]LogBlueprint:Warning: [Compiler PaladinBP] Warning [0007.85] Compile of PaladinBP successful, but with 15 Warning(s) [in 0 ms] (/Game/Characters/Paladin/PaladinBP.PaladinBP)
[2017.12.11-17.12.17:599][  0]LogBlueprint:Warning: [Compiler PaladinBP] Warning [0007.85] Compile of PaladinBP successful, but with 16 Warning(s) [in 3 ms] (/Game/Characters/Paladin/PaladinBP.PaladinBP)
[2017.12.11-17.12.17:658][  0]LogBlueprint:Warning: [Compiler CombatPaladinBP] Warning InputAction Event references unknown Action 'Attack' for  InputAction Attack
[2017.12.11-17.12.17:658][  0]LogBlueprint:Warning: [Compiler CombatPaladinBP] Warning Input Axis Event references unknown Axis 'MoveForward' for  InputAxis MoveForward
[2017.12.11-17.12.17:658][  0]LogBlueprint:Warning: [Compiler CombatPaladinBP] Warning Input Axis Event references unknown Axis 'Turn' for  InputAxis Turn
[2017.12.11-17.12.17:658][  0]LogBlueprint:Warning: [Compiler CombatPaladinBP] Warning Input Axis Event references unknown Axis 'LookUp' for  InputAxis LookUp
[2017.12.11-17.12.17:659][  0]LogBlueprint:Warning: [Compiler CombatPaladinBP] Warning Input Axis Event references unknown Axis 'MoveRight' for  InputAxis MoveRight
[2017.12.11-17.12.17:660][  0]LogBlueprint:Warning: [Compiler CombatPaladinBP] Warning [0007.92] Compile of CombatPaladinBP successful, but with 5 Warning(s) [in 4 ms] (/Game/Characters/CombatPaladin/CombatPaladinBP.CombatPaladinBP)
[2017.12.11-17.12.17:660][  0]LogBlueprint:Warning: [Compiler CombatPaladinBP] Warning [0007.92] Compile of CombatPaladinBP successful, but with 6 Warning(s) [in 0 ms] (/Game/Characters/CombatPaladin/CombatPaladinBP.CombatPaladinBP)
[2017.12.11-17.12.17:661][  0]LogBlueprint:Warning: [Compiler CombatPaladinBP] Warning [0007.92] Compile of CombatPaladinBP successful, but with 7 Warning(s) [in 0 ms] (/Game/Characters/CombatPaladin/CombatPaladinBP.CombatPaladinBP)
[2017.12.11-17.12.18:056][  0]LogAIModule: Creating AISystem for world CastleMap01
[2017.12.11-17.12.18:056][  0]LogLoad: Game class is 'GameplayGM_C'
[2017.12.11-17.12.18:063][  0]LogWorld: Bringing World /Temp/Autosaves/Game/Maps/UEDPCCastleMap01.CastleMap01 up for play (max tick rate 0) at 2017.12.11-18.12.18
[2017.12.11-17.12.18:070][  0]LogWorld: Bringing up level for play took: 0.012358
[2017.12.11-17.12.18:071][  0]LogGameMode:Display: Match State Changed from EnteringMap to WaitingToStart
[2017.12.11-17.12.18:071][  0]LogGameState: Match State Changed from EnteringMap to WaitingToStart
[2017.12.11-17.12.18:071][  0]LogGameMode:Display: Match State Changed from WaitingToStart to InProgress
[2017.12.11-17.12.18:077][  0]LogScript:Warning: UGameplayStatics::BeginSpawningActorFromClass: can not spawn an actor from a NULL class
[2017.12.11-17.12.18:079][  0]LogGameState: Match State Changed from WaitingToStart to InProgress
[2017.12.11-17.12.18:079][  0]LogLoad: Took 1.689876 seconds to LoadMap(/Temp/Autosaves/Game/Maps/UEDPCCastleMap01)
[2017.12.11-17.12.18:080][  0]LogSlate: Took 0.000093 seconds to synchronously load lazily loaded font '../../../Engine/Content/Slate/Fonts/Roboto-Regular.ttf' (155K)
[2017.12.11-17.12.18:262][  0]LogRenderer: Reallocating scene render targets to support 1280x720 NumSamples 1 (Frame:2).
[2017.12.11-17.12.18:262][  0]LogLoad: (Engine Initialization) Total time: 8.52 seconds
[2017.12.11-17.12.18:262][  0]LogLoad: (Engine Initialization) Total Blueprint compile time: 0.92 seconds
[2017.12.11-17.12.18:262][  0]LogExternalProfiler: Found external profiler: VSPerf
[2017.12.11-17.12.18:262][  0]LogExternalProfiler: Using external profiler: VSPerf
[2017.12.11-17.12.18:279][  0]LogOcInput: OculusInput pre-init called
[2017.12.11-17.12.18:279][  0]LoadErrors:Error: Error /Game/Blueprints/AllLevels/GameInfoInstance : Failed import for ByteProperty /Game/UI/MainMenu/ProfileMenu.ProfileMenu_C:WelcomeMessageVis
[2017.12.11-17.12.28:023][597]LogWindowsTextInputMethodSystem:Display: IME system now deactivated.
[2017.12.11-17.12.28:031][597]LogScript:Warning: Accessed None trying to read property K2Node_DynamicCast_AsGame_Info_Instance
	GameplayGM_C /Temp/Autosaves/Game/Maps/UEDPCCastleMap01.CastleMap01:PersistentLevel.GameplayGM_C_0
	Function /Game/Blueprints/Gameplay/GameplayGM.GameplayGM_C:ExecuteUbergraph_GameplayGM:02DB
[2017.12.11-17.12.28:031][597]LogScript:Warning: Script call stack:
	Function /Game/Blueprints/Gameplay/GameplayGM.GameplayGM_C:K2_OnLogout
	Function /Game/Blueprints/Gameplay/GameplayGM.GameplayGM_C:ExecuteUbergraph_GameplayGM

[2017.12.11-17.12.28:031][597]LogEngine: All Windows Closed
[2017.12.11-17.12.28:031][597]LogWindows: FPlatformMisc::RequestExit(0)
[2017.12.11-17.12.28:031][598]LogMoviePlayer: Shutting down movie player
[2017.12.11-17.12.28:889][598]LogExit: Preparing to exit.
[2017.12.11-17.12.30:101][598]LogExit: Game engine shut down
[2017.12.11-17.12.30:176][598]LogObj: Freed 0b from 0 cluster array pools.
[2017.12.11-17.12.30:176][598]LogExit: Object subsystem successfully closed.
[2017.12.11-17.12.30:193][598]LogD3D11RHI: Shutdown
[2017.12.11-17.12.30:193][598]LogD3D11RHI: CleanupD3DDevice
[2017.12.11-17.12.30:240][598]LogD3D11RHI: ~FD3D11DynamicRHI
[2017.12.11-17.12.30:245][598]LogModuleManager: Shutting down and abandoning module SequenceRecorderSections (264)
[2017.12.11-17.12.30:245][598]LogModuleManager: Shutting down and abandoning module SequenceRecorder (262)
[2017.12.11-17.12.30:245][598]LogModuleManager: Shutting down and abandoning module AutomationController (260)
[2017.12.11-17.12.30:245][598]LogModuleManager: Shutting down and abandoning module AutomationWorker (258)
[2017.12.11-17.12.30:245][598]LogModuleManager: Shutting down and abandoning module AIModule (256)
[2017.12.11-17.12.30:245][598]LogModuleManager: Shutting down and abandoning module GameplayDebugger (255)
[2017.12.11-17.12.30:245][598]LogModuleManager: Shutting down and abandoning module AITestSuite (253)
[2017.12.11-17.12.30:245][598]LogModuleManager: Shutting down and abandoning module WmfMediaFactory (250)
[2017.12.11-17.12.30:245][598]LogModuleManager: Shutting down and abandoning module MfMediaFactory (248)
[2017.12.11-17.12.30:245][598]LogModuleManager: Shutting down and abandoning module AvfMediaFactory (246)
[2017.12.11-17.12.30:245][598]LogModuleManager: Shutting down and abandoning module AndroidMediaFactory (244)
[2017.12.11-17.12.30:245][598]LogModuleManager: Shutting down and abandoning module Media (243)
[2017.12.11-17.12.30:245][598]LogModuleManager: Shutting down and abandoning module CharacterAI (240)
[2017.12.11-17.12.30:245][598]LogModuleManager: Shutting down and abandoning module SessionServices (238)
[2017.12.11-17.12.30:245][598]LogModuleManager: Shutting down and abandoning module MovieSceneCapture (236)
[2017.12.11-17.12.30:245][598]LogModuleManager: Shutting down and abandoning module GeometryCache (234)
[2017.12.11-17.12.30:245][598]LogModuleManager: Shutting down and abandoning module GeometryCacheEd (233)
[2017.12.11-17.12.30:245][598]LogModuleManager: Shutting down and abandoning module Niagara (230)
[2017.12.11-17.12.30:245][598]LogModuleManager: Shutting down and abandoning module StreamingPauseRendering (228)
[2017.12.11-17.12.30:245][598]LogModuleManager: Shutting down and abandoning module PortalServices (226)
[2017.12.11-17.12.30:245][598]LogModuleManager: Shutting down and abandoning module PortalRpc (224)
[2017.12.11-17.12.30:245][598]LogModuleManager: Shutting down and abandoning module MessagingRpc (222)
[2017.12.11-17.12.30:245][598]LogModuleManager: Shutting down and abandoning module ProfilerService (220)
[2017.12.11-17.12.30:368][598]LogModuleManager: Shutting down and abandoning module TaskGraph (218)
[2017.12.11-17.12.30:368][598]LogModuleManager: Shutting down and abandoning module SteamVRController (216)
[2017.12.11-17.12.30:368][598]LogModuleManager: Shutting down and abandoning module SteamVR (214)
[2017.12.11-17.12.30:368][598]LogModuleManager: Shutting down and abandoning module ProceduralMeshComponent (212)
[2017.12.11-17.12.30:368][598]LogModuleManager: Shutting down and abandoning module OculusLibrary (210)
[2017.12.11-17.12.30:368][598]LogModuleManager: Shutting down and abandoning module OculusInput (208)
[2017.12.11-17.12.30:368][598]LogModuleManager: Shutting down and abandoning module MobilePatchingUtils (206)
[2017.12.11-17.12.30:368][598]LogModuleManager: Shutting down and abandoning module CustomMeshComponent (204)
[2017.12.11-17.12.30:368][598]LogModuleManager: Shutting down and abandoning module CableComponent (202)
[2017.12.11-17.12.30:368][598]LogModuleManager: Shutting down and abandoning module ArchVisCharacter (200)
[2017.12.11-17.12.30:368][598]LogModuleManager: Shutting down and abandoning module HTML5Networking (196)
[2017.12.11-17.12.30:368][598]LogModuleManager: Shutting down and abandoning module VisualStudioSourceCodeAccess (194)
[2017.12.11-17.12.30:368][598]LogModuleManager: Shutting down and abandoning module DesktopPlatform (193)
[2017.12.11-17.12.30:368][598]LogModuleManager: Shutting down and abandoning module HotReload (191)
[2017.12.11-17.12.30:369][598]LogModuleManager: Shutting down and abandoning module DirectoryWatcher (190)
[2017.12.11-17.12.30:369][598]LogModuleManager: Shutting down and abandoning module UObjectPlugin (186)
[2017.12.11-17.12.30:369][598]LogModuleManager: Shutting down and abandoning module SubversionSourceControl (184)
[2017.12.11-17.12.30:369][598]LogModuleManager: Shutting down and abandoning module PerforceSourceControl (182)
[2017.12.11-17.12.30:369][598]LogModuleManager: Shutting down and abandoning module SourceControl (181)
[2017.12.11-17.12.30:369][598]LogModuleManager: Shutting down and abandoning module PhysXVehiclesEditor (178)
[2017.12.11-17.12.30:369][598]LogModuleManager: Shutting down and abandoning module PhysXVehicles (176)
[2017.12.11-17.12.30:369][598]LogModuleManager: Shutting down and abandoning module LocationServicesBPLibrary (174)
[2017.12.11-17.12.30:369][598]LogModuleManager: Shutting down and abandoning module UdpMessaging (172)
[2017.12.11-17.12.30:469][598]LogModuleManager: Shutting down and abandoning module TcpMessaging (170)
[2017.12.11-17.12.30:913][598]LogModuleManager: Shutting down and abandoning module GameplayTagsEditor (168)
[2017.12.11-17.12.30:913][598]LogModuleManager: Shutting down and abandoning module FacialAnimation (166)
[2017.12.11-17.12.30:913][598]LogModuleManager: Shutting down and abandoning module LightPropagationVolumeRuntime (164)
[2017.12.11-17.12.30:913][598]LogModuleManager: Shutting down and abandoning module Paper2D (162)
[2017.12.11-17.12.30:913][598]LogModuleManager: Shutting down and abandoning module WindowsMoviePlayer (160)
[2017.12.11-17.12.30:913][598]LogModuleManager: Shutting down and abandoning module WmfMedia (158)
[2017.12.11-17.12.30:914][598]LogModuleManager: Shutting down and abandoning module MfMedia (156)
[2017.12.11-17.12.30:914][598]LogModuleManager: Shutting down and abandoning module MediaAssets (154)
[2017.12.11-17.12.30:914][598]LogModuleManager: Shutting down and abandoning module GameLiveStreaming (152)
[2017.12.11-17.12.30:914][598]LogModuleManager: Shutting down and abandoning module VREditor (150)
[2017.12.11-17.12.30:914][598]LogModuleManager: Shutting down and abandoning module GameplayTasksEditor (148)
[2017.12.11-17.12.30:914][598]LogModuleManager: Shutting down and abandoning module BehaviorTreeEditor (146)
[2017.12.11-17.12.30:914][598]LogModuleManager: Shutting down and abandoning module FunctionalTesting (144)
[2017.12.11-17.12.30:914][598]LogModuleManager: Shutting down and abandoning module CollisionAnalyzer (142)
[2017.12.11-17.12.30:914][598]LogModuleManager: Shutting down and abandoning module UMG (140)
[2017.12.11-17.12.30:914][598]LogModuleManager: Shutting down and abandoning module UMGEditor (139)
[2017.12.11-17.12.30:914][598]LogModuleManager: Shutting down and abandoning module Sequencer (138)
[2017.12.11-17.12.30:914][598]LogModuleManager: Shutting down and abandoning module AssetTools (136)
[2017.12.11-17.12.30:914][598]LogModuleManager: Shutting down and abandoning module MessageLog (135)
[2017.12.11-17.12.30:914][598]LogModuleManager: Shutting down and abandoning module WorkspaceMenuStructure (134)
[2017.12.11-17.12.30:914][598]LogModuleManager: Shutting down and abandoning module SlateReflector (128)
[2017.12.11-17.12.30:914][598]LogModuleManager: Shutting down and abandoning module Slate (126)
[2017.12.11-17.12.30:914][598]LogModuleManager: Shutting down and abandoning module EditorStyle (124)
[2017.12.11-17.12.30:916][598]LogModuleManager: Shutting down and abandoning module Messaging (122)
[2017.12.11-17.12.30:916][598]LogModuleManager: Shutting down and abandoning module SourceCodeAccess (120)
[2017.12.11-17.12.30:916][598]LogModuleManager: Shutting down and abandoning module HeadMountedDisplay (118)
[2017.12.11-17.12.30:916][598]LogModuleManager: Shutting down and abandoning module XAudio2 (116)
[2017.12.11-17.12.30:916][598]LogModuleManager: Shutting down and abandoning module Networking (114)
[2017.12.11-17.12.30:916][598]LogModuleManager: Shutting down and abandoning module Core (110)
[2017.12.11-17.12.30:916][598]LogModuleManager: Shutting down and abandoning module KismetCompiler (108)
[2017.12.11-17.12.30:916][598]LogModuleManager: Shutting down and abandoning module PhysXFormats (106)
[2017.12.11-17.12.30:916][598]LogModuleManager: Shutting down and abandoning module MeshUtilities (104)
[2017.12.11-17.12.30:916][598]LogModuleManager: Shutting down and abandoning module SimplygonSwarm (103)
[2017.12.11-17.12.30:916][598]LogModuleManager: Shutting down and abandoning module SimplygonMeshReduction (101)
[2017.12.11-17.12.30:916][598]LogModuleManager: Shutting down and abandoning module QuadricMeshReduction (99)
[2017.12.11-17.12.30:916][598]LogModuleManager: Shutting down and abandoning module PropertyEditor (97)
[2017.12.11-17.12.30:916][598]LogModuleManager: Shutting down and abandoning module AssetRegistry (94)
[2017.12.11-17.12.30:916][598]LogModuleManager: Shutting down and abandoning module DerivedDataCache (92)
[2017.12.11-17.12.31:070][598]LogDerivedDataCache: Shutdown
[2017.12.11-17.12.31:070][598]LogModuleManager: Shutting down and abandoning module TargetPlatform (90)
[2017.12.11-17.12.31:070][598]LogModuleManager: Shutting down and abandoning module VulkanShaderFormat (89)
[2017.12.11-17.12.31:070][598]LogModuleManager: Shutting down and abandoning module ShaderFormatOpenGL (87)
[2017.12.11-17.12.31:070][598]LogModuleManager: Shutting down and abandoning module ShaderFormatD3D (85)
[2017.12.11-17.12.31:070][598]LogModuleManager: Shutting down and abandoning module MetalShaderFormat (83)
[2017.12.11-17.12.31:070][598]LogModuleManager: Shutting down and abandoning module TextureFormatUncompressed (81)
[2017.12.11-17.12.31:070][598]LogModuleManager: Shutting down and abandoning module TextureFormatPVR (79)
[2017.12.11-17.12.31:070][598]LogModuleManager: Shutting down and abandoning module TextureFormatDXT (77)
[2017.12.11-17.12.31:070][598]LogModuleManager: Shutting down and abandoning module TextureFormatIntelISPCTexComp (75)
[2017.12.11-17.12.31:070][598]LogModuleManager: Shutting down and abandoning module TextureFormatASTC (73)
[2017.12.11-17.12.31:070][598]LogModuleManager: Shutting down and abandoning module ImageWrapper (72)
[2017.12.11-17.12.31:070][598]LogModuleManager: Shutting down and abandoning module TextureFormatAndroid (69)
[2017.12.11-17.12.31:070][598]LogModuleManager: Shutting down and abandoning module AudioFormatOpus (67)
[2017.12.11-17.12.31:070][598]LogModuleManager: Shutting down and abandoning module AudioFormatOgg (65)
[2017.12.11-17.12.31:070][598]LogModuleManager: Shutting down and abandoning module AudioFormatADPCM (63)
[2017.12.11-17.12.31:070][598]LogModuleManager: Shutting down and abandoning module WindowsTargetPlatform (61)
[2017.12.11-17.12.31:070][598]LogModuleManager: Shutting down and abandoning module WindowsServerTargetPlatform (59)
[2017.12.11-17.12.31:070][598]LogModuleManager: Shutting down and abandoning module WindowsNoEditorTargetPlatform (57)
[2017.12.11-17.12.31:070][598]LogModuleManager: Shutting down and abandoning module WindowsClientTargetPlatform (55)
[2017.12.11-17.12.31:070][598]LogModuleManager: Shutting down and abandoning module InputCore (52)
[2017.12.11-17.12.31:070][598]LogModuleManager: Shutting down and abandoning module Settings (50)
[2017.12.11-17.12.31:070][598]LogModuleManager: Shutting down and abandoning module OculusRift (48)
[2017.12.11-17.12.31:070][598]LogModuleManager: Shutting down and abandoning module GearVR (46)
[2017.12.11-17.12.31:070][598]LogModuleManager: Shutting down and abandoning module ExampleDeviceProfileSelector (44)
[2017.12.11-17.12.31:070][598]LogModuleManager: Shutting down and abandoning module OnlineBlueprintSupport (42)
[2017.12.11-17.12.31:070][598]LogModuleManager: Shutting down and abandoning module OnlineSubsystem (38)
[2017.12.11-17.12.31:070][598]LogOnline:Display: Unloading online subsystem: NULL
[2017.12.11-17.12.31:070][598]LogModuleManager: Shutting down and abandoning module XMPP (37)
[2017.12.11-17.12.31:070][598]LogModuleManager: Shutting down and abandoning module HTTP (35)
[2017.12.11-17.12.31:099][598]LogModuleManager: Shutting down and abandoning module SSL (34)
[2017.12.11-17.12.31:100][598]LogModuleManager: Shutting down and abandoning module AudioEditor (30)
[2017.12.11-17.12.31:100][598]LogModuleManager: Shutting down and abandoning module TextureCompressor (28)
[2017.12.11-17.12.31:100][598]LogModuleManager: Shutting down and abandoning module ShaderCore (26)
[2017.12.11-17.12.31:100][598]LogModuleManager: Shutting down and abandoning module Landscape (24)
[2017.12.11-17.12.31:100][598]LogModuleManager: Shutting down and abandoning module SlateRHIRenderer (22)
[2017.12.11-17.12.31:100][598]LogModuleManager: Shutting down and abandoning module OpenGLDrv (20)
[2017.12.11-17.12.31:100][598]LogModuleManager: Shutting down and abandoning module D3D11RHI (18)
[2017.12.11-17.12.31:100][598]LogModuleManager: Shutting down and abandoning module AnimGraphRuntime (16)
[2017.12.11-17.12.31:100][598]LogModuleManager: Shutting down and abandoning module Renderer (14)
[2017.12.11-17.12.31:100][598]LogModuleManager: Shutting down and abandoning module Engine (12)
[2017.12.11-17.12.31:100][598]LogModuleManager: Shutting down and abandoning module CoreUObject (10)
[2017.12.11-17.12.31:100][598]LogModuleManager: Shutting down and abandoning module NetworkFile (8)
[2017.12.11-17.12.31:100][598]LogModuleManager: Shutting down and abandoning module StreamingFile (6)
[2017.12.11-17.12.31:100][598]LogModuleManager: Shutting down and abandoning module SandboxFile (4)
[2017.12.11-17.12.31:100][598]LogModuleManager: Shutting down and abandoning module PakFile (2)
[2017.12.11-17.12.31:101][598]LogExit: Exiting.
[2017.12.11-17.12.31:103][598]Log file closed, 12/11/17 18:12:31
