Log file open, 12/11/17 18:37:49
LogInit:Display: Running engine for game: WalkonG2
LogPlatformFile: Not using cached read wrapper
LogInit:Display: RandInit(-1994710345) SRandInit(-1994710345).
LogTaskGraph: Started task graph with 5 named threads and 8 total threads with 1 sets of task threads.
LogStats: Stats thread started at 0.071954
LogInit: Using libcurl 7.47.1
LogInit:  - built for x86_64-pc-win32
LogInit:  - supports SSL with OpenSSL/1.0.2g
LogInit:  - supports HTTP deflate (compression) using libz 1.2.8
LogInit:  - other features:
LogInit:      CURL_VERSION_SSL
LogInit:      CURL_VERSION_LIBZ
LogInit:      CURL_VERSION_IPV6
LogInit:      CURL_VERSION_ASYNCHDNS
LogInit:      CURL_VERSION_LARGEFILE
LogInit:      CURL_VERSION_IDN
LogInit:  CurlRequestOptions (configurable via config and command line):
LogInit:  - bVerifyPeer = false  - Libcurl will NOT verify peer certificate
LogInit:  - bUseHttpProxy = false  - Libcurl will NOT use HTTP proxy
LogInit:  - bDontReuseConnections = false  - Libcurl will reuse connections
LogInit:  - CertBundlePath = nullptr  - Libcurl will use whatever was configured at build time.
LogOnline:Display: STEAM: Loading Steam SDK 1.32
LogOnline:Warning: STEAM: Steam API disabled!
LogOnline:Display: STEAM: OnlineSubsystemSteam::Shutdown()
LogInit: WinSock: version 1.1 (2.2), MaxSocks=32767, MaxUdp=65467
LogInit: Build: ++UE4+Release-4.15-CL-3450819
LogInit: Engine Version: 4.15.3-3450819+++UE4+Release-4.15
LogInit: Compatible Engine Version: 4.15.0-3299760+++UE4+Release-4.15
LogInit: Net CL: 3299760
LogDevObjectVersion: Number of dev versions registered: 14
LogDevObjectVersion:   Dev-Blueprints (B0D832E4-1F89-4F0D-ACCF-7EB736FD4AA2): 8
LogDevObjectVersion:   Dev-Build (E1C64328-A22C-4D53-A36C-8E866417BD8C): 0
LogDevObjectVersion:   Dev-Core (375EC13C-06E4-48FB-B500-84F0262A717E): 2
LogDevObjectVersion:   Dev-Editor (E4B068ED-F494-42E9-A231-DA0B2E46BB41): 14
LogDevObjectVersion:   Dev-Framework (CFFC743F-43B0-4480-9391-14DF171D2073): 22
LogDevObjectVersion:   Dev-Mobile (B02B49B5-BB20-44E9-A304-32B752E40360): 0
LogDevObjectVersion:   Dev-Networking (A4E4105C-59A1-49B5-A7C5-40C4547EDFEE): 0
LogDevObjectVersion:   Dev-Online (39C831C9-5AE6-47DC-9A44-9C173E1C8E7C): 0
LogDevObjectVersion:   Dev-Physics (78F01B33-EBEA-4F98-B9B4-84EACCB95AA2): 0
LogDevObjectVersion:   Dev-Platform (6631380F-2D4D-43E0-8009-CF276956A95A): 0
LogDevObjectVersion:   Dev-Rendering (12F88B9F-8875-4AFC-A67C-D90C383ABD29): 12
LogDevObjectVersion:   Dev-Sequencer (7B5AE74C-D270-4C10-A958-57980B212A5A): 3
LogDevObjectVersion:   Dev-VR (D7296918-1DD6-4BDD-9DE2-64A83CC13884): 0
LogDevObjectVersion:   Dev-LoadTimes (C2A15278-BFE7-4AFE-6C17-90FF531DF755): 1
LogInit: Compiled (64-bit): May 21 2017 11:02:34
LogInit: Compiled with Visual C++: 19.00.23026.00
LogInit: Build Configuration: Development
LogInit: Branch Name: ++UE4+Release-4.15
LogInit: Command line:  
LogInit: Base directory: C:/Program Files/Epic Games/UE_4.15/Engine/Binaries/Win64/
LogInit: Installed Engine Build: 1
LogInit: Presizing for max 8388607 objects, including 0 objects not considered by GC, pre-allocating 0 bytes for permanent pool.
LogInit: Object subsystem initialized
[2017.12.11-17.37.50:773][  0]LogInit: Selected Device Profile: [Windows]
[2017.12.11-17.37.50:773][  0]LogInit: Applying CVar settings loaded from the selected device profile: [Windows]
[2017.12.11-17.37.50:779][  0]LogInit: Computer: DEVPC
[2017.12.11-17.37.50:779][  0]LogInit: User: Aron
[2017.12.11-17.37.50:779][  0]LogInit: CPU Page size=65536, Cores=4
[2017.12.11-17.37.50:779][  0]LogInit: High frequency timer resolution =3.903996 MHz
[2017.12.11-17.37.50:779][  0]LogMemory: Memory total: Physical=15.9GB (16GB approx)
[2017.12.11-17.37.50:779][  0]LogMemory: Platform Memory Stats for Windows
[2017.12.11-17.37.50:779][  0]LogMemory: Process Physical Memory: 264.22 MB used, 264.22 MB peak
[2017.12.11-17.37.50:779][  0]LogMemory: Process Virtual Memory: 262.73 MB used, 262.73 MB peak
[2017.12.11-17.37.50:779][  0]LogMemory: Physical Memory: 5909.88 MB used,  10415.95 MB free, 16325.82 MB total
[2017.12.11-17.37.50:779][  0]LogMemory: Virtual Memory: 681.63 MB used,  10415.95 MB free, 134217728.00 MB total
[2017.12.11-17.37.50:842][  0]LogTextLocalizationManager: No translations for ('hr-HR') exist, falling back to 'en' for localization and internationalization data.
[2017.12.11-17.37.51:327][  0]LogD3D11RHI: D3D11 adapters:
[2017.12.11-17.37.51:343][  0]LogD3D11RHI:    0. 'AMD Radeon (TM) R9 390 Series' (Feature Level 11_0)
[2017.12.11-17.37.51:343][  0]LogD3D11RHI:       8168/0/8162 MB DedicatedVideo/DedicatedSystem/SharedSystem, Outputs:3, VendorId:0x1002
[2017.12.11-17.37.51:344][  0]LogD3D11RHI:    1. 'Microsoft Basic Render Driver' (Feature Level 11_0)
[2017.12.11-17.37.51:344][  0]LogD3D11RHI:       0/0/8162 MB DedicatedVideo/DedicatedSystem/SharedSystem, Outputs:0, VendorId:0x1414
[2017.12.11-17.37.51:344][  0]LogD3D11RHI: Chosen D3D11 Adapter: 0
[2017.12.11-17.37.51:348][  0]LogD3D11RHI: Creating new Direct3DDevice
[2017.12.11-17.37.51:348][  0]LogD3D11RHI:     GPU DeviceId: 0x67b0 (for the marketing name, search the web for "GPU Device Id")
[2017.12.11-17.37.51:348][  0]LogWindows: EnumDisplayDevices:
[2017.12.11-17.37.51:348][  0]LogWindows:    0. 'AMD Radeon (TM) R9 390 Series' (P:1 D:1)
[2017.12.11-17.37.51:348][  0]LogWindows:    1. 'AMD Radeon (TM) R9 390 Series' (P:0 D:1)
[2017.12.11-17.37.51:348][  0]LogWindows:    2. 'AMD Radeon (TM) R9 390 Series' (P:0 D:1)
[2017.12.11-17.37.51:348][  0]LogWindows:    3. 'AMD Radeon (TM) R9 390 Series' (P:0 D:0)
[2017.12.11-17.37.51:348][  0]LogWindows:    4. 'AMD Radeon (TM) R9 390 Series' (P:0 D:0)
[2017.12.11-17.37.51:348][  0]LogWindows:    5. 'AMD Radeon (TM) R9 390 Series' (P:0 D:0)
[2017.12.11-17.37.51:348][  0]LogWindows: DebugString: GetVideoDriverDetailsInvalid PrimaryIsNotTheChoosenAdapter GetVideoDriverDetailsInvalid PrimaryIsNotTheChoosenAdapter GetVideoDriverDetailsInvalid PrimaryIsNotTheChoosenAdapter GetVideoDriverDetailsInvalid PrimaryIsNotTheChoosenAdapter GetVideoDriverDetailsInvalid PrimaryIsNotTheChoosenAdapter GetVideoDriverDetailsInvalid PrimaryIsNotTheChoosenAdapter FoundDriverCount:0 
[2017.12.11-17.37.51:348][  0]LogD3D11RHI:     Adapter Name: AMD Radeon (TM) R9 390 Series
[2017.12.11-17.37.51:348][  0]LogD3D11RHI:   Driver Version: Unknown (internal:Unknown, unified:Unknown)
[2017.12.11-17.37.51:348][  0]LogD3D11RHI:      Driver Date: Unknown
[2017.12.11-17.37.51:348][  0]LogRHI: Texture pool is 1361 MB (70% of 1945 MB)
[2017.12.11-17.37.51:366][  0]LogD3D11RHI: Async texture creation enabled
[2017.12.11-17.37.51:381][  0]LogD3D11RHI: GPU Timing Frequency: 27.000000 (Debug: 2 1)
[2017.12.11-17.37.51:381][  0]LogShaderCompilers: Guid format shader working directory is 9 characters bigger than the processId version (E:/Buisness/Unreal/WalkonG2/WalkonG2/Intermediate/Shaders/WorkingDirectory/4268/).
[2017.12.11-17.37.51:381][  0]LogShaderCompilers: Cleaned the shader compiler working directory 'C:/Users/Aron/AppData/Local/Temp/UnrealShaderWorkingDir/07A14A574552B4FC0B5F25B0B80E61F8/'.
[2017.12.11-17.37.51:381][  0]LogShaderCompilers:Display: Using Local Shader Compiler.
[2017.12.11-17.37.52:252][  0]LogTemp:Display: Loaded TP AllDesktopTargetPlatform
[2017.12.11-17.37.52:297][  0]LogTemp:Display: Loaded TP MacClientTargetPlatform
[2017.12.11-17.37.52:340][  0]LogTemp:Display: Loaded TP MacNoEditorTargetPlatform
[2017.12.11-17.37.52:385][  0]LogTemp:Display: Loaded TP MacServerTargetPlatform
[2017.12.11-17.37.52:429][  0]LogTemp:Display: Loaded TP MacTargetPlatform
[2017.12.11-17.37.52:472][  0]LogTemp:Display: Loaded TP WindowsClientTargetPlatform
[2017.12.11-17.37.52:515][  0]LogTemp:Display: Loaded TP WindowsNoEditorTargetPlatform
[2017.12.11-17.37.52:559][  0]LogTemp:Display: Loaded TP WindowsServerTargetPlatform
[2017.12.11-17.37.52:594][  0]LogTemp:Display: Loaded TP WindowsTargetPlatform
[2017.12.11-17.37.52:636][  0]LogTemp:Display: Loaded TP AndroidTargetPlatform
[2017.12.11-17.37.52:678][  0]LogTemp:Display: Loaded TP Android_ASTCTargetPlatform
[2017.12.11-17.37.52:721][  0]LogTemp:Display: Loaded TP Android_ATCTargetPlatform
[2017.12.11-17.37.52:763][  0]LogTemp:Display: Loaded TP Android_DXTTargetPlatform
[2017.12.11-17.37.52:805][  0]LogTemp:Display: Loaded TP Android_ETC1TargetPlatform
[2017.12.11-17.37.52:847][  0]LogTemp:Display: Loaded TP Android_ETC2TargetPlatform
[2017.12.11-17.37.52:932][  0]LogTemp:Display: Loaded TP Android_MultiTargetPlatform
[2017.12.11-17.37.52:932][  0]LogTemp:Display: Loaded TP Android_PVRTCTargetPlatform
[2017.12.11-17.37.52:963][  0]LogTemp:Display: Loaded TP HTML5TargetPlatform
[2017.12.11-17.37.53:045][  0]LogTemp:Display: Loaded TP IOSTargetPlatform
[2017.12.11-17.37.53:071][  0]LogTemp:Display: Loaded TP TVOSTargetPlatform
[2017.12.11-17.37.53:113][  0]LogTemp:Display: Loaded TP LinuxClientTargetPlatform
[2017.12.11-17.37.53:155][  0]LogTemp:Display: Loaded TP LinuxNoEditorTargetPlatform
[2017.12.11-17.37.53:198][  0]LogTemp:Display: Loaded TP LinuxServerTargetPlatform
[2017.12.11-17.37.53:241][  0]LogTemp:Display: Loaded TP LinuxTargetPlatform
[2017.12.11-17.37.53:241][  0]LogTargetPlatformManager:Display: Building Assets For Windows
[2017.12.11-17.37.53:589][  0]LogDerivedDataCache:Display: Max Cache Size: 512 MB
[2017.12.11-17.37.53:621][  0]LogDerivedDataCache: Loaded boot cache 0.03s 50MB C:/Users/Aron/AppData/Local/UnrealEngine/4.15/DerivedDataCache/Boot.ddc.
[2017.12.11-17.37.53:621][  0]LogDerivedDataCache:Display: Loaded Boot cache: C:/Users/Aron/AppData/Local/UnrealEngine/4.15/DerivedDataCache/Boot.ddc
[2017.12.11-17.37.53:621][  0]LogDerivedDataCache: FDerivedDataBackendGraph:  Pak pak cache file E:/Buisness/Unreal/WalkonG2/WalkonG2/DerivedDataCache/DDC.ddp not found, will not use a pak cache.
[2017.12.11-17.37.53:621][  0]LogDerivedDataCache: Unable to find inner node Pak for hierarchical cache Hierarchy.
[2017.12.11-17.37.53:622][  0]LogDerivedDataCache: FDerivedDataBackendGraph:  CompressedPak pak cache file E:/Buisness/Unreal/WalkonG2/WalkonG2/DerivedDataCache/Compressed.ddp not found, will not use a pak cache.
[2017.12.11-17.37.53:622][  0]LogDerivedDataCache: Unable to find inner node CompressedPak for hierarchical cache Hierarchy.
[2017.12.11-17.37.53:634][  0]LogDerivedDataCache:Display: Pak cache opened for reading ../../../Engine/DerivedDataCache/Compressed.ddp.
[2017.12.11-17.37.53:647][  0]LogDerivedDataCache: Using Local data cache path C:/Users/Aron/AppData/Local/UnrealEngine/Common/DerivedDataCache: Writable
[2017.12.11-17.37.53:653][  0]LogSlate: Using Freetype 2.6.0
[2017.12.11-17.37.53:654][  0]LogSlate: SlateFontCache - WITH_FREETYPE: 1, WITH_HARFBUZZ: 1
[2017.12.11-17.37.53:654][  0]LogSlate: SlateFontCache - WITH_FREETYPE: 1, WITH_HARFBUZZ: 1
[2017.12.11-17.37.53:869][  0]LogInit: Selected Device Profile: [Windows]
[2017.12.11-17.37.53:871][  0]LogContentStreaming: Texture pool size is 0.00 MB
[2017.12.11-17.37.54:049][  0]LogMeshUtilities: Using QuadricMeshReduction for automatic static mesh reduction
[2017.12.11-17.37.54:084][  0]LogSimplygon: Simplygon DLL not present - disabling.
[2017.12.11-17.37.54:120][  0]LogMeshUtilities: Using SimplygonSwarm for distributed automatic mesh merging
[2017.12.11-17.37.54:120][  0]LogMeshUtilities: No automatic skeletal mesh reduction module available
[2017.12.11-17.37.54:120][  0]LogMeshUtilities: No automatic mesh merging module available
[2017.12.11-17.37.54:534][  0]LogNetVersion: GetLocalNetworkVersion: CL: 3299760, ProjectName: walkong2, ProjectVersion: , EngineNetworkVersion: 2, GameNetworkVersion: 0, NetworkChecksum: 2522600614
[2017.12.11-17.37.54:574][  0]LogAssetRegistry: FAssetRegistry took 0.0210 seconds to start up
[2017.12.11-17.37.54:603][  0]LogPackageLocalizationCache: Processed 3 localized package path(s) for 1 prioritized culture(s) in 0.012259 seconds
[2017.12.11-17.37.54:608][  0]LogUObjectArray: 32500 objects as part of root set at end of initial load.
[2017.12.11-17.37.54:608][  0]LogUObjectAllocator: 7290880 out of 0 bytes used by permanent object pool.
[2017.12.11-17.37.54:608][  0]LogUObjectArray: CloseDisregardForGC: 0/0 objects in disregard for GC pool
[2017.12.11-17.37.55:875][  0]LogTcpMessaging: Initializing TcpMessaging bridge
[2017.12.11-17.37.55:908][  0]LogUdpMessaging: Initializing bridge on interface 0.0.0.0:0 to multicast group 230.0.0.1:6666.
[2017.12.11-17.37.56:333][  0]LogMaterial: Uniform references updated for custom material expression Custom.
[2017.12.11-17.37.56:635][  0]SourceControl: Info Source control is disabled
[2017.12.11-17.37.56:636][  0]SourceControl: Info Source control is disabled
[2017.12.11-17.37.56:673][  0]SourceControl: Info Source control is disabled
[2017.12.11-17.37.56:710][  0]SourceControl: Info Source control is disabled
[2017.12.11-17.37.57:668][  0]LogEngine: Initializing Engine...
[2017.12.11-17.37.57:669][  0]LogHMD: Failed to initialize OpenVR with code 110
[2017.12.11-17.37.57:751][  0]LogStats: UGameplayTagsManager::ConstructGameplayTagTree: Construct from data asset -  0.000 s
[2017.12.11-17.37.57:751][  0]LogStats: UGameplayTagsManager::ConstructGameplayTagTree: GameplayTagTreeChangedEvent.Broadcast -  0.000 s
[2017.12.11-17.37.57:850][  0]LogAIModule: Creating AISystem for world Untitled
[2017.12.11-17.37.57:857][  0]LogInit: XAudio2 using 'Speakers (Realtek High Definition Audio)' : 2 channels at 48 kHz using 32 bits per sample (channel mask 0x3)
[2017.12.11-17.37.57:870][  0]LogInit: FAudioDevice initialized.
[2017.12.11-17.37.57:890][  0]LogDerivedDataCache: Saved boot cache 0.02s 50MB C:/Users/Aron/AppData/Local/UnrealEngine/4.15/DerivedDataCache/Boot.ddc.
[2017.12.11-17.37.57:893][  0]LogInit: Texture streaming: Enabled
[2017.12.11-17.37.57:965][  0]LogEngineSessionManager: EngineSessionManager initialized
[2017.12.11-17.37.58:035][  0]LogInit: Transaction tracking system initialized
[2017.12.11-17.37.58:310][  0]BlueprintLog: New page: Editor Load
[2017.12.11-17.37.59:009][  0]LocalizationService: Info Localization service is disabled
[2017.12.11-17.37.59:533][  0]LogConsoleResponse:Display: 
[2017.12.11-17.37.59:626][  0]LogCook:Display: Max memory allowance for cook 16384mb min free memory 0mb
[2017.12.11-17.37.59:626][  0]LogCook:Display: Mobile HDR setting 1
[2017.12.11-17.38.00:113][  0]LogFileCache: Scanning file cache for directory 'E:/Buisness/Unreal/WalkonG2/WalkonG2/Content/' took 0.01s
[2017.12.11-17.38.00:433][  0]SourceControl: Info Source control is disabled
[2017.12.11-17.38.00:433][  0]Cmd: MAP LOAD FILE="E:/Buisness/Unreal/WalkonG2/WalkonG2/Content/Maps/MainMenu.umap" TEMPLATE=0 SHOWPROGRESS=1 FEATURELEVEL=3
[2017.12.11-17.38.00:433][  0]LightingResults: New page: Lighting Build
[2017.12.11-17.38.00:466][  0]MapCheck: New page: Map Check
[2017.12.11-17.38.00:466][  0]LightingResults: New page: Lighting Build
[2017.12.11-17.38.00:522][  0]LogLinker: Can't find file '/Game/Mannequin/Character/Textures/UE4_LOGO_CARD'
[2017.12.11-17.38.00:522][  0]LogLinker: Can't find file '/Game/Mannequin/Character/Textures/UE4_LOGO_CARD'
[2017.12.11-17.38.00:696][  0]LogLinker:Warning: Can't find file '/Game/Maps/MainMenu_BuiltData'
[2017.12.11-17.38.00:696][  0]LogLinker:Warning: Can't find file for asset '/Game/Maps/MainMenu_BuiltData' while loading E:/Buisness/Unreal/WalkonG2/WalkonG2/Content/Maps/MainMenu.umap.
[2017.12.11-17.38.00:696][  0]LoadErrors:Error: Error /Game/Maps/MainMenu : Can't find file for asset. /Game/Maps/MainMenu_BuiltData
[2017.12.11-17.38.00:696][  0]LogLinker:Warning: Can't find file '/Game/Maps/MainMenu_BuiltData'
[2017.12.11-17.38.00:696][  0]LogLinker:Warning: Can't find file for asset '/Game/Maps/MainMenu_BuiltData' while loading E:/Buisness/Unreal/WalkonG2/WalkonG2/Content/Maps/MainMenu.umap.
[2017.12.11-17.38.00:696][  0]LoadErrors:Error: Error /Game/Maps/MainMenu : Can't find file for asset. /Game/Maps/MainMenu_BuiltData
[2017.12.11-17.38.00:696][  0]LogLinker:Warning: Can't find file '/Game/Maps/MainMenu_BuiltData'
[2017.12.11-17.38.00:696][  0]LogLinker:Warning: Can't find file for asset '/Game/Maps/MainMenu_BuiltData' while loading NULL.
[2017.12.11-17.38.00:696][  0]LogLinker:Warning: Can't find file '/Game/Maps/MainMenu_BuiltData'
[2017.12.11-17.38.00:696][  0]LogLinker:Warning: Can't find file for asset '/Game/Maps/MainMenu_BuiltData' while loading NULL.
[2017.12.11-17.38.00:703][  0]LogLinker:Warning: Can't find file '/Game/Maps/MainMenu_BuiltData'
[2017.12.11-17.38.00:704][  0]LoadErrors: Info Failed to load /Game/Maps/MainMenu_BuiltData.MainMenu_BuiltData Referenced by PersistentLevel
[2017.12.11-17.38.00:704][  0]LogLinker:Warning: Can't find file for asset '/Game/Maps/MainMenu_BuiltData' while loading NULL.
[2017.12.11-17.38.00:704][  0]LoadErrors: Info Failed to load /Game/Maps/MainMenu_BuiltData.MainMenu_BuiltData Referenced by PersistentLevel
[2017.12.11-17.38.00:813][  0]LogAIModule: Creating AISystem for world MainMenu
[2017.12.11-17.38.00:826][  0]LogEditorServer: Finished looking for orphan Actors (0.000 secs)
[2017.12.11-17.38.00:826][  0]Cmd: MAP CHECKDEP NOCLEARLOG
[2017.12.11-17.38.00:852][  0]MapCheck: Info Map check complete: 0 Error(s), 0 Warning(s), took 26.459ms to complete.
[2017.12.11-17.38.00:852][  0]LogFileHelpers: Loading map 'MainMenu' took 0.420
[2017.12.11-17.38.00:963][  0]LogWindowsTextInputMethodSystem:Display: IME system now deactivated.
[2017.12.11-17.38.01:070][  0]LogCollectionManager: Loaded 0 collections in 0.001024 seconds
[2017.12.11-17.38.01:184][  0]LogFileCache: Scanning file cache for directory 'E:/Buisness/Unreal/WalkonG2/WalkonG2/Saved/Collections/' took 0.01s
[2017.12.11-17.38.01:184][  0]LogFileCache: Scanning file cache for directory 'E:/Buisness/Unreal/WalkonG2/WalkonG2/Content/Developers/Aron/Collections/' took 0.01s
[2017.12.11-17.38.01:184][  0]LogFileCache: Scanning file cache for directory 'E:/Buisness/Unreal/WalkonG2/WalkonG2/Content/Collections/' took 0.01s
[2017.12.11-17.38.01:184][  0]LogCollectionManager: Rebuilt the GUID cache for 0 collections in 0.000001 seconds
[2017.12.11-17.38.01:191][  0]LogContentBrowser: Native class hierarchy populated in 0.0069 seconds. Added 2247 classes and 456 folders.
[2017.12.11-17.38.01:244][  0]LogContentBrowser: Native class hierarchy updated for 'WidgetCarousel' in 0.0007 seconds. Added 0 classes and 0 folders.
[2017.12.11-17.38.01:268][  0]LogContentBrowser: Native class hierarchy updated for 'AddContentDialog' in 0.0007 seconds. Added 0 classes and 0 folders.
[2017.12.11-17.38.01:304][  0]LogContentBrowser: Native class hierarchy updated for 'SceneOutliner' in 0.0008 seconds. Added 1 classes and 2 folders.
[2017.12.11-17.38.01:376][  0]LogCrashTracker: Crashtracker disabled due to settings.
[2017.12.11-17.38.01:392][  0]LogDirectoryWatcher:Warning: Failed to begin reading directory changes for E:/Buisness/Unreal/WalkonG2/WalkonG2/Plugins/. Error: The system cannot find the file specified. (0x00000002)
[2017.12.11-17.38.01:397][  0]LogUObjectGlobals:Warning: Failed to find object 'Class None.'
[2017.12.11-17.38.01:453][  0]LogContentBrowser: Native class hierarchy updated for 'HierarchicalLODOutliner' in 0.0007 seconds. Added 1 classes and 2 folders.
[2017.12.11-17.38.01:453][  0]LogLoad: (Engine Initialization) Total time: 12.30 seconds
[2017.12.11-17.38.01:453][  0]LogLoad: (Engine Initialization) Total Blueprint compile time: 0.17 seconds
[2017.12.11-17.38.01:453][  0]LogExternalProfiler: Found external profiler: VSPerf
[2017.12.11-17.38.01:453][  0]LogExternalProfiler: Using external profiler: VSPerf
[2017.12.11-17.38.01:577][  0]LogSteamController: SteamController is not available
[2017.12.11-17.38.01:578][  0]LogOcInput: OculusInput pre-init called
[2017.12.11-17.38.01:578][  0]LoadErrors:Error: Error /Game/Blueprints/AllLevels/GameInfoInstance : Failed import for ByteProperty /Game/UI/MainMenu/ProfileMenu.ProfileMenu_C:WelcomeMessageVis
[2017.12.11-17.38.01:597][  0]LogContentStreaming: Texture pool size now 1000 MB
[2017.12.11-17.38.01:616][  0]LogSlate: Took 0.000151 seconds to synchronously load lazily loaded font '../../../Engine/Content/Slate/Fonts/Roboto-Regular.ttf' (155K)
[2017.12.11-17.38.01:618][  0]LogSlate: Took 0.000124 seconds to synchronously load lazily loaded font '../../../Engine/Content/Slate/Fonts/Roboto-Bold.ttf' (160K)
[2017.12.11-17.38.01:622][  0]LogSlate: Took 0.000120 seconds to synchronously load lazily loaded font '../../../Engine/Content/Editor/Slate/Fonts/FontAwesome.ttf' (139K)
[2017.12.11-17.38.01:753][  0]LogSlate: Took 0.000198 seconds to synchronously load lazily loaded font '../../../Engine/Content/Slate/Fonts/Roboto-Light.ttf' (159K)
[2017.12.11-17.38.01:787][  0]LogRenderer: Reallocating scene render targets to support 1208x576 NumSamples 1 (Frame:2).
[2017.12.11-17.38.01:864][  1]LogAssetRegistry: Asset discovery search completed in 7.3112 seconds
[2017.12.11-17.38.01:864][  1]LogCollectionManager: Rebuilt the object cache for 0 collections in 0.000002 seconds (found 0 objects)
[2017.12.11-17.38.01:864][  1]LogCollectionManager: Fixed up redirectors for 0 collections in 0.000016 seconds (updated 0 objects)
[2017.12.11-17.39.56:079][696]LogDirectoryWatcher: A directory notification for '../../../Engine/Plugins/' was aborted.
[2017.12.11-17.39.57:036][811]LogTemp: Repeting last play command: Standalone Game
[2017.12.11-17.39.57:102][811]LogSlate: Took 0.000108 seconds to synchronously load lazily loaded font '../../../Engine/Content/Slate/Fonts/Roboto-Light.ttf' (159K)
[2017.12.11-17.39.57:111][811]Cmd: OBJ SAVEPACKAGE PACKAGE="/Game/Maps/MainMenu" FILE="E:/Buisness/Unreal/WalkonG2/WalkonG2/Saved/Autosaves/Game/Maps/UEDPCMainMenu.umap" SILENT=true AUTOSAVING=true KEEPDIRTY=true
[2017.12.11-17.39.57:156][811]LogSavePackage: Save=41.51ms
[2017.12.11-17.39.57:156][811]LogSavePackage: Moving 'E:/Buisness/Unreal/WalkonG2/WalkonG2/Saved/UEDPCMainMenu2B3507844FB56A446A0F9FB1A1D4463C.tmp' to 'E:/Buisness/Unreal/WalkonG2/WalkonG2/Saved/Autosaves/Game/Maps/UEDPCMainMenu.umap'
[2017.12.11-17.39.57:157][811]LogSavePackage:Display: Finished SavePackage E:/Buisness/Unreal/WalkonG2/WalkonG2/Saved/Autosaves/Game/Maps/UEDPCMainMenu.umap
[2017.12.11-17.39.57:164][811]LogEditorTransaction: Undo Spawn Play From Here Start
