Log file open, 12/11/17 19:15:26
LogInit:Display: Running engine for game: WalkonG2
LogPlatformFile: Not using cached read wrapper
LogInit:Display: RandInit(-1776447989) SRandInit(-1776447989).
LogTaskGraph: Started task graph with 5 named threads and 8 total threads with 1 sets of task threads.
LogStats: Stats thread started at 0.074534
LogInit: Using libcurl 7.47.1
LogInit:  - built for x86_64-pc-win32
LogInit:  - supports SSL with OpenSSL/1.0.2g
LogInit:  - supports HTTP deflate (compression) using libz 1.2.8
LogInit:  - other features:
LogInit:      CURL_VERSION_SSL
LogInit:      CURL_VERSION_LIBZ
LogInit:      CURL_VERSION_IPV6
LogInit:      CURL_VERSION_ASYNCHDNS
LogInit:      CURL_VERSION_LARGEFILE
LogInit:      CURL_VERSION_IDN
LogInit:  CurlRequestOptions (configurable via config and command line):
LogInit:  - bVerifyPeer = false  - Libcurl will NOT verify peer certificate
LogInit:  - bUseHttpProxy = false  - Libcurl will NOT use HTTP proxy
LogInit:  - bDontReuseConnections = false  - Libcurl will reuse connections
LogInit:  - CertBundlePath = nullptr  - Libcurl will use whatever was configured at build time.
LogOnline:Display: STEAM: Loading Steam SDK 1.32
LogInit: WinSock: version 1.1 (2.2), MaxSocks=32767, MaxUdp=65467
LogInit: Build: ++UE4+Release-4.15-CL-3450819
LogInit: Engine Version: 4.15.3-3450819+++UE4+Release-4.15
LogInit: Compatible Engine Version: 4.15.0-3299760+++UE4+Release-4.15
LogInit: Net CL: 3299760
LogDevObjectVersion: Number of dev versions registered: 14
LogDevObjectVersion:   Dev-Blueprints (B0D832E4-1F89-4F0D-ACCF-7EB736FD4AA2): 8
LogDevObjectVersion:   Dev-Build (E1C64328-A22C-4D53-A36C-8E866417BD8C): 0
LogDevObjectVersion:   Dev-Core (375EC13C-06E4-48FB-B500-84F0262A717E): 2
LogDevObjectVersion:   Dev-Editor (E4B068ED-F494-42E9-A231-DA0B2E46BB41): 14
LogDevObjectVersion:   Dev-Framework (CFFC743F-43B0-4480-9391-14DF171D2073): 22
LogDevObjectVersion:   Dev-Mobile (B02B49B5-BB20-44E9-A304-32B752E40360): 0
LogDevObjectVersion:   Dev-Networking (A4E4105C-59A1-49B5-A7C5-40C4547EDFEE): 0
LogDevObjectVersion:   Dev-Online (39C831C9-5AE6-47DC-9A44-9C173E1C8E7C): 0
LogDevObjectVersion:   Dev-Physics (78F01B33-EBEA-4F98-B9B4-84EACCB95AA2): 0
LogDevObjectVersion:   Dev-Platform (6631380F-2D4D-43E0-8009-CF276956A95A): 0
LogDevObjectVersion:   Dev-Rendering (12F88B9F-8875-4AFC-A67C-D90C383ABD29): 12
LogDevObjectVersion:   Dev-Sequencer (7B5AE74C-D270-4C10-A958-57980B212A5A): 3
LogDevObjectVersion:   Dev-VR (D7296918-1DD6-4BDD-9DE2-64A83CC13884): 0
LogDevObjectVersion:   Dev-LoadTimes (C2A15278-BFE7-4AFE-6C17-90FF531DF755): 1
LogInit: Compiled (64-bit): May 21 2017 11:02:34
LogInit: Compiled with Visual C++: 19.00.23026.00
LogInit: Build Configuration: Development
LogInit: Branch Name: ++UE4+Release-4.15
LogInit: Command line:  -game
LogInit: Base directory: C:/Program Files/Epic Games/UE_4.15/Engine/Binaries/Win64/
LogInit: Installed Engine Build: 1
LogInit: Presizing for max 8388607 objects, including 0 objects not considered by GC, pre-allocating 0 bytes for permanent pool.
LogInit: Object subsystem initialized
[2017.12.11-18.15.27:279][  0]LogInit: Selected Device Profile: [Windows]
[2017.12.11-18.15.27:279][  0]LogInit: Applying CVar settings loaded from the selected device profile: [Windows]
[2017.12.11-18.15.27:286][  0]LogInit: Computer: DEVPC
[2017.12.11-18.15.27:286][  0]LogInit: User: Aron
[2017.12.11-18.15.27:286][  0]LogInit: CPU Page size=65536, Cores=4
[2017.12.11-18.15.27:286][  0]LogInit: High frequency timer resolution =3.903996 MHz
[2017.12.11-18.15.27:286][  0]LogMemory: Memory total: Physical=15.9GB (16GB approx)
[2017.12.11-18.15.27:286][  0]LogMemory: Platform Memory Stats for Windows
[2017.12.11-18.15.27:286][  0]LogMemory: Process Physical Memory: 295.98 MB used, 295.98 MB peak
[2017.12.11-18.15.27:286][  0]LogMemory: Process Virtual Memory: 275.86 MB used, 275.86 MB peak
[2017.12.11-18.15.27:286][  0]LogMemory: Physical Memory: 4156.02 MB used,  12169.80 MB free, 16325.82 MB total
[2017.12.11-18.15.27:286][  0]LogMemory: Virtual Memory: 797.43 MB used,  12169.80 MB free, 134217728.00 MB total
[2017.12.11-18.15.27:376][  0]LogTextLocalizationManager: No translations for ('hr-HR') exist, falling back to 'en' for localization and internationalization data.
[2017.12.11-18.15.27:848][  0]LogD3D11RHI: D3D11 adapters:
[2017.12.11-18.15.27:879][  0]LogD3D11RHI:    0. 'AMD Radeon (TM) R9 390 Series' (Feature Level 11_0)
[2017.12.11-18.15.27:879][  0]LogD3D11RHI:       8168/0/8162 MB DedicatedVideo/DedicatedSystem/SharedSystem, Outputs:3, VendorId:0x1002
[2017.12.11-18.15.27:883][  0]LogD3D11RHI:    1. 'Microsoft Basic Render Driver' (Feature Level 11_0)
[2017.12.11-18.15.27:883][  0]LogD3D11RHI:       0/0/8162 MB DedicatedVideo/DedicatedSystem/SharedSystem, Outputs:0, VendorId:0x1414
[2017.12.11-18.15.27:883][  0]LogD3D11RHI: Chosen D3D11 Adapter: 0
[2017.12.11-18.15.27:890][  0]LogD3D11RHI: Creating new Direct3DDevice
[2017.12.11-18.15.27:890][  0]LogD3D11RHI:     GPU DeviceId: 0x67b0 (for the marketing name, search the web for "GPU Device Id")
[2017.12.11-18.15.27:890][  0]LogWindows: EnumDisplayDevices:
[2017.12.11-18.15.27:891][  0]LogWindows:    0. 'AMD Radeon (TM) R9 390 Series' (P:1 D:1)
[2017.12.11-18.15.27:891][  0]LogWindows:    1. 'AMD Radeon (TM) R9 390 Series' (P:0 D:1)
[2017.12.11-18.15.27:891][  0]LogWindows:    2. 'AMD Radeon (TM) R9 390 Series' (P:0 D:1)
[2017.12.11-18.15.27:891][  0]LogWindows:    3. 'AMD Radeon (TM) R9 390 Series' (P:0 D:0)
[2017.12.11-18.15.27:891][  0]LogWindows:    4. 'AMD Radeon (TM) R9 390 Series' (P:0 D:0)
[2017.12.11-18.15.27:891][  0]LogWindows:    5. 'AMD Radeon (TM) R9 390 Series' (P:0 D:0)
[2017.12.11-18.15.27:891][  0]LogWindows: DebugString: GetVideoDriverDetailsInvalid PrimaryIsNotTheChoosenAdapter GetVideoDriverDetailsInvalid PrimaryIsNotTheChoosenAdapter GetVideoDriverDetailsInvalid PrimaryIsNotTheChoosenAdapter GetVideoDriverDetailsInvalid PrimaryIsNotTheChoosenAdapter GetVideoDriverDetailsInvalid PrimaryIsNotTheChoosenAdapter GetVideoDriverDetailsInvalid PrimaryIsNotTheChoosenAdapter FoundDriverCount:0 
[2017.12.11-18.15.27:891][  0]LogD3D11RHI:     Adapter Name: AMD Radeon (TM) R9 390 Series
[2017.12.11-18.15.27:891][  0]LogD3D11RHI:   Driver Version: Unknown (internal:Unknown, unified:Unknown)
[2017.12.11-18.15.27:891][  0]LogD3D11RHI:      Driver Date: Unknown
[2017.12.11-18.15.27:891][  0]LogRHI: Texture pool is 1361 MB (70% of 1945 MB)
[2017.12.11-18.15.28:058][  0]LogD3D11RHI: Async texture creation enabled
[2017.12.11-18.15.28:071][  0]LogD3D11RHI: GPU Timing Frequency: 27.000000 (Debug: 2 1)
[2017.12.11-18.15.28:072][  0]LogShaderCompilers: Guid format shader working directory is 8 characters bigger than the processId version (E:/Buisness/Unreal/WalkonG2/WalkonG2/Intermediate/Shaders/WorkingDirectory/10508/).
[2017.12.11-18.15.28:072][  0]LogShaderCompilers: Cleaned the shader compiler working directory 'C:/Users/Aron/AppData/Local/Temp/UnrealShaderWorkingDir/F73C4A1842CB08895C78868EA0C7D5C1/'.
[2017.12.11-18.15.28:072][  0]LogShaderCompilers:Display: Using Local Shader Compiler.
[2017.12.11-18.15.29:207][  0]LogTemp:Display: Loaded TP WindowsClientTargetPlatform
[2017.12.11-18.15.29:267][  0]LogTemp:Display: Loaded TP WindowsNoEditorTargetPlatform
[2017.12.11-18.15.29:332][  0]LogTemp:Display: Loaded TP WindowsServerTargetPlatform
[2017.12.11-18.15.29:381][  0]LogTemp:Display: Loaded TP WindowsTargetPlatform
[2017.12.11-18.15.29:381][  0]LogTargetPlatformManager:Display: Building Assets For Windows
[2017.12.11-18.15.29:893][  0]LogDerivedDataCache:Display: Max Cache Size: 512 MB
[2017.12.11-18.15.29:952][  0]LogDerivedDataCache: Loaded boot cache 0.06s 50MB C:/Users/Aron/AppData/Local/UnrealEngine/4.15/DerivedDataCache/Boot.ddc.
[2017.12.11-18.15.29:952][  0]LogDerivedDataCache:Display: Loaded Boot cache: C:/Users/Aron/AppData/Local/UnrealEngine/4.15/DerivedDataCache/Boot.ddc
[2017.12.11-18.15.29:952][  0]LogDerivedDataCache: FDerivedDataBackendGraph:  Pak pak cache file E:/Buisness/Unreal/WalkonG2/WalkonG2/DerivedDataCache/DDC.ddp not found, will not use a pak cache.
[2017.12.11-18.15.29:952][  0]LogDerivedDataCache: Unable to find inner node Pak for hierarchical cache Hierarchy.
[2017.12.11-18.15.29:952][  0]LogDerivedDataCache: FDerivedDataBackendGraph:  CompressedPak pak cache file E:/Buisness/Unreal/WalkonG2/WalkonG2/DerivedDataCache/Compressed.ddp not found, will not use a pak cache.
[2017.12.11-18.15.29:952][  0]LogDerivedDataCache: Unable to find inner node CompressedPak for hierarchical cache Hierarchy.
[2017.12.11-18.15.29:969][  0]LogDerivedDataCache:Display: Pak cache opened for reading ../../../Engine/DerivedDataCache/Compressed.ddp.
[2017.12.11-18.15.29:983][  0]LogDerivedDataCache: Using Local data cache path C:/Users/Aron/AppData/Local/UnrealEngine/Common/DerivedDataCache: Writable
[2017.12.11-18.15.29:995][  0]LogSlate: Using Freetype 2.6.0
[2017.12.11-18.15.29:996][  0]LogSlate: SlateFontCache - WITH_FREETYPE: 1, WITH_HARFBUZZ: 1
[2017.12.11-18.15.29:996][  0]LogSlate: SlateFontCache - WITH_FREETYPE: 1, WITH_HARFBUZZ: 1
[2017.12.11-18.15.30:391][  0]LogAssetRegistry: FAssetRegistry took 0.0001 seconds to start up
[2017.12.11-18.15.30:406][  0]LogPackageLocalizationCache: Processed 3 localized package path(s) for 1 prioritized culture(s) in 0.015228 seconds
[2017.12.11-18.15.30:422][  0]LogInit: Selected Device Profile: [Windows]
[2017.12.11-18.15.30:423][  0]LogContentStreaming: Texture pool size is 1000.00 MB
[2017.12.11-18.15.30:634][  0]LogMeshUtilities: Using QuadricMeshReduction for automatic static mesh reduction
[2017.12.11-18.15.30:679][  0]LogSimplygon: Simplygon DLL not present - disabling.
[2017.12.11-18.15.30:730][  0]LogMeshUtilities: Using SimplygonSwarm for distributed automatic mesh merging
[2017.12.11-18.15.30:730][  0]LogMeshUtilities: No automatic skeletal mesh reduction module available
[2017.12.11-18.15.30:730][  0]LogMeshUtilities: No automatic mesh merging module available
[2017.12.11-18.15.31:158][  0]LogNetVersion: GetLocalNetworkVersion: CL: 3299760, ProjectName: walkong2, ProjectVersion: , EngineNetworkVersion: 2, GameNetworkVersion: 0, NetworkChecksum: 2522600614
[2017.12.11-18.15.31:970][  0]LogMoviePlayer: Initializing movie player
[2017.12.11-18.15.32:079][  0]LogWindowsTextInputMethodSystem:Display: IME system now deactivated.
[2017.12.11-18.15.32:657][  0]SourceControl: Info Source control is disabled
[2017.12.11-18.15.32:657][  0]SourceControl: Info Source control is disabled
[2017.12.11-18.15.32:698][  0]SourceControl: Info Source control is disabled
[2017.12.11-18.15.33:432][  0]LogUObjectArray: 34415 objects as part of root set at end of initial load.
[2017.12.11-18.15.33:432][  0]LogUObjectAllocator: 7853176 out of 0 bytes used by permanent object pool.
[2017.12.11-18.15.33:432][  0]LogUObjectArray: CloseDisregardForGC: 0/0 objects in disregard for GC pool
[2017.12.11-18.15.33:537][  0]LogEngine: Initializing Engine...
[2017.12.11-18.15.33:538][  0]LogHMD: Failed to initialize OpenVR with code 110
[2017.12.11-18.15.33:630][  0]LogStats: UGameplayTagsManager::ConstructGameplayTagTree: Construct from data asset -  0.000 s
[2017.12.11-18.15.33:630][  0]LogStats: UGameplayTagsManager::ConstructGameplayTagTree: GameplayTagTreeChangedEvent.Broadcast -  0.000 s
[2017.12.11-18.15.33:640][  0]LogInit: XAudio2 using 'Speakers (Realtek High Definition Audio)' : 2 channels at 48 kHz using 32 bits per sample (channel mask 0x3)
[2017.12.11-18.15.33:654][  0]LogInit: FAudioDevice initialized.
[2017.12.11-18.15.33:691][  0]LogDerivedDataCache: Saved boot cache 0.03s 50MB C:/Users/Aron/AppData/Local/UnrealEngine/4.15/DerivedDataCache/Boot.ddc.
[2017.12.11-18.15.33:695][  0]LogInit: Texture streaming: Enabled
[2017.12.11-18.15.33:709][  0]LogMaterial: Uniform references updated for custom material expression Custom.
[2017.12.11-18.15.34:057][  0]LogLinker: Can't find file '/Game/Mannequin/Character/Textures/UE4_LOGO_CARD'
[2017.12.11-18.15.34:057][  0]LogLinker: Can't find file '/Game/Mannequin/Character/Textures/UE4_LOGO_CARD'
[2017.12.11-18.15.34:306][  0]LogInit:Display: Game Engine Initialized.
[2017.12.11-18.15.34:467][  0]LogInit:Display: Starting Game.
[2017.12.11-18.15.34:467][  0]LogNet: Browse: /Game/Maps/MainMenu?Name=Player
[2017.12.11-18.15.34:467][  0]LogLoad: LoadMap: /Game/Maps/MainMenu?Name=Player
[2017.12.11-18.15.34:487][  0]LogMemory: Platform Memory Stats for Windows
[2017.12.11-18.15.34:487][  0]LogMemory: Process Physical Memory: 748.73 MB used, 751.63 MB peak
[2017.12.11-18.15.34:487][  0]LogMemory: Process Virtual Memory: 830.40 MB used, 830.41 MB peak
[2017.12.11-18.15.34:487][  0]LogMemory: Physical Memory: 4726.35 MB used,  11599.47 MB free, 16325.82 MB total
[2017.12.11-18.15.34:487][  0]LogMemory: Virtual Memory: 1627.06 MB used,  11599.47 MB free, 134217728.00 MB total
[2017.12.11-18.15.34:487][  0]LogMemory: 
[2017.12.11-18.15.34:487][  0]Allocator Stats for TBB: (not implemented)
[2017.12.11-18.15.34:616][  0]LogAIModule: Creating AISystem for world MainMenu
[2017.12.11-18.15.34:616][  0]LogLinker:Warning: Can't find file '/Game/ThirdPersonBP/Blueprints/ThirdPersonGameMode'
[2017.12.11-18.15.34:616][  0]LogUObjectGlobals:Warning: Failed to load '/Game/ThirdPersonBP/Blueprints/ThirdPersonGameMode': Can't find file '/Game/ThirdPersonBP/Blueprints/ThirdPersonGameMode'
[2017.12.11-18.15.34:616][  0]LogLinker:Warning: Can't find file '/Game/ThirdPersonBP/Blueprints/ThirdPersonGameMode'
[2017.12.11-18.15.34:616][  0]LogUObjectGlobals:Warning: Failed to load '/Game/ThirdPersonBP/Blueprints/ThirdPersonGameMode': Can't find file '/Game/ThirdPersonBP/Blueprints/ThirdPersonGameMode'
[2017.12.11-18.15.34:616][  0]LogUObjectGlobals:Warning: Failed to find object 'Class /Game/ThirdPersonBP/Blueprints/ThirdPersonGameMode.ThirdPersonGameMode_C'
[2017.12.11-18.15.34:616][  0]LogLoad: Game class is 'GameModeBase'
[2017.12.11-18.15.34:617][  0]LogWorld: Bringing World /Game/Maps/MainMenu.MainMenu up for play (max tick rate 0) at 2017.12.11-19.15.34
[2017.12.11-18.15.34:617][  0]LogWorld: Bringing up level for play took: 0.000490
[2017.12.11-18.15.34:621][  0]LogLoad: Took 0.153710 seconds to LoadMap(/Game/Maps/MainMenu)
[2017.12.11-18.15.34:840][  0]LogRenderer: Reallocating scene render targets to support 1280x720 NumSamples 1 (Frame:2).
[2017.12.11-18.15.34:840][  0]LogLoad: (Engine Initialization) Total time: 9.49 seconds
[2017.12.11-18.15.34:840][  0]LogLoad: (Engine Initialization) Total Blueprint compile time: 0.17 seconds
[2017.12.11-18.15.34:840][  0]LogExternalProfiler: Found external profiler: VSPerf
[2017.12.11-18.15.34:840][  0]LogExternalProfiler: Using external profiler: VSPerf
[2017.12.11-18.15.34:859][  0]LogSteamController: SteamController could not be initialized with vdf file 'C:/Program Files/Epic Games/UE_4.15/Engine/Plugins/Runtime/Steam/SteamController/Content/Controller.vdf'.
[2017.12.11-18.15.34:859][  0]LogOcInput: OculusInput pre-init called
[2017.12.11-18.15.34:859][  0]LoadErrors:Error: Error /Game/Blueprints/AllLevels/GameInfoInstance : Failed import for ByteProperty /Game/UI/MainMenu/ProfileMenu.ProfileMenu_C:WelcomeMessageVis
[2017.12.11-18.15.38:378][209]LogRenderer: Reallocating scene render targets to support 1920x1020 NumSamples 1 (Frame:213).
[2017.12.11-18.15.42:453][432]LogRenderer: Reallocating scene render targets to support 1280x720 NumSamples 1 (Frame:437).
[2017.12.11-18.15.43:563][499]LogRenderer: Reallocating scene render targets to support 1920x1080 NumSamples 1 (Frame:504).
[2017.12.11-18.16.27:896][247]Closing by request
[2017.12.11-18.16.27:896][247]LogWindows: FPlatformMisc::RequestExit(0)
[2017.12.11-18.16.27:897][248]LogMoviePlayer: Shutting down movie player
[2017.12.11-18.16.28:582][248]LogWindowsTextInputMethodSystem:Display: IME system now deactivated.
[2017.12.11-18.16.28:585][248]LogWindowsTextInputMethodSystem:Display: IME system now deactivated.
[2017.12.11-18.16.28:602][248]LogExit: Preparing to exit.
[2017.12.11-18.16.28:719][248]LogExit: Game engine shut down
[2017.12.11-18.16.28:765][248]LogObj: Freed 0b from 0 cluster array pools.
[2017.12.11-18.16.28:765][248]LogExit: Object subsystem successfully closed.
[2017.12.11-18.16.28:781][248]LogD3D11RHI: Shutdown
[2017.12.11-18.16.28:781][248]LogD3D11RHI: CleanupD3DDevice
[2017.12.11-18.16.28:825][248]LogD3D11RHI: ~FD3D11DynamicRHI
[2017.12.11-18.16.28:832][248]LogModuleManager: Shutting down and abandoning module SequenceRecorderSections (268)
[2017.12.11-18.16.28:832][248]LogModuleManager: Shutting down and abandoning module SequenceRecorder (266)
[2017.12.11-18.16.28:832][248]LogModuleManager: Shutting down and abandoning module AutomationController (264)
[2017.12.11-18.16.28:832][248]LogModuleManager: Shutting down and abandoning module AutomationWorker (262)
[2017.12.11-18.16.28:832][248]LogModuleManager: Shutting down and abandoning module AIModule (260)
[2017.12.11-18.16.28:832][248]LogModuleManager: Shutting down and abandoning module GameplayDebugger (259)
[2017.12.11-18.16.28:832][248]LogModuleManager: Shutting down and abandoning module AITestSuite (257)
[2017.12.11-18.16.28:832][248]LogModuleManager: Shutting down and abandoning module WmfMediaFactory (254)
[2017.12.11-18.16.28:832][248]LogModuleManager: Shutting down and abandoning module MfMediaFactory (252)
[2017.12.11-18.16.28:832][248]LogModuleManager: Shutting down and abandoning module AvfMediaFactory (250)
[2017.12.11-18.16.28:832][248]LogModuleManager: Shutting down and abandoning module AndroidMediaFactory (248)
[2017.12.11-18.16.28:832][248]LogModuleManager: Shutting down and abandoning module Media (247)
[2017.12.11-18.16.28:832][248]LogModuleManager: Shutting down and abandoning module CharacterAI (244)
[2017.12.11-18.16.28:832][248]LogModuleManager: Shutting down and abandoning module SessionServices (242)
[2017.12.11-18.16.28:832][248]LogModuleManager: Shutting down and abandoning module MovieSceneCapture (240)
[2017.12.11-18.16.28:832][248]LogModuleManager: Shutting down and abandoning module GeometryCache (238)
[2017.12.11-18.16.28:832][248]LogModuleManager: Shutting down and abandoning module GeometryCacheEd (237)
[2017.12.11-18.16.28:832][248]LogModuleManager: Shutting down and abandoning module Niagara (234)
[2017.12.11-18.16.28:832][248]LogModuleManager: Shutting down and abandoning module StreamingPauseRendering (232)
[2017.12.11-18.16.28:832][248]LogModuleManager: Shutting down and abandoning module PortalServices (230)
[2017.12.11-18.16.28:832][248]LogModuleManager: Shutting down and abandoning module PortalRpc (228)
[2017.12.11-18.16.28:832][248]LogModuleManager: Shutting down and abandoning module MessagingRpc (226)
[2017.12.11-18.16.28:832][248]LogModuleManager: Shutting down and abandoning module ProfilerService (224)
[2017.12.11-18.16.29:067][248]LogModuleManager: Shutting down and abandoning module TaskGraph (222)
[2017.12.11-18.16.29:067][248]LogModuleManager: Shutting down and abandoning module SteamVRController (220)
[2017.12.11-18.16.29:067][248]LogModuleManager: Shutting down and abandoning module SteamVR (218)
[2017.12.11-18.16.29:067][248]LogModuleManager: Shutting down and abandoning module SteamController (216)
[2017.12.11-18.16.29:067][248]LogModuleManager: Shutting down and abandoning module ProceduralMeshComponent (214)
[2017.12.11-18.16.29:067][248]LogModuleManager: Shutting down and abandoning module OculusLibrary (212)
[2017.12.11-18.16.29:067][248]LogModuleManager: Shutting down and abandoning module OculusInput (210)
[2017.12.11-18.16.29:067][248]LogModuleManager: Shutting down and abandoning module MobilePatchingUtils (208)
[2017.12.11-18.16.29:067][248]LogModuleManager: Shutting down and abandoning module CustomMeshComponent (206)
[2017.12.11-18.16.29:067][248]LogModuleManager: Shutting down and abandoning module CableComponent (204)
[2017.12.11-18.16.29:067][248]LogModuleManager: Shutting down and abandoning module ArchVisCharacter (202)
[2017.12.11-18.16.29:067][248]LogModuleManager: Shutting down and abandoning module HTML5Networking (198)
[2017.12.11-18.16.29:067][248]LogModuleManager: Shutting down and abandoning module VisualStudioSourceCodeAccess (196)
[2017.12.11-18.16.29:067][248]LogModuleManager: Shutting down and abandoning module DesktopPlatform (195)
[2017.12.11-18.16.29:067][248]LogModuleManager: Shutting down and abandoning module HotReload (193)
[2017.12.11-18.16.29:067][248]LogDirectoryWatcher: A directory notification for 'E:/Buisness/Unreal/WalkonG2/WalkonG2/Binaries/Win64' was aborted.
[2017.12.11-18.16.29:068][248]LogModuleManager: Shutting down and abandoning module DirectoryWatcher (192)
[2017.12.11-18.16.29:068][248]LogModuleManager: Shutting down and abandoning module UObjectPlugin (188)
[2017.12.11-18.16.29:068][248]LogModuleManager: Shutting down and abandoning module SubversionSourceControl (186)
[2017.12.11-18.16.29:068][248]LogModuleManager: Shutting down and abandoning module PerforceSourceControl (184)
[2017.12.11-18.16.29:068][248]LogModuleManager: Shutting down and abandoning module SourceControl (183)
[2017.12.11-18.16.29:068][248]LogModuleManager: Shutting down and abandoning module PhysXVehiclesEditor (180)
[2017.12.11-18.16.29:068][248]LogModuleManager: Shutting down and abandoning module PhysXVehicles (178)
[2017.12.11-18.16.29:068][248]LogModuleManager: Shutting down and abandoning module LocationServicesBPLibrary (176)
[2017.12.11-18.16.29:068][248]LogModuleManager: Shutting down and abandoning module UdpMessaging (174)
[2017.12.11-18.16.29:068][248]LogModuleManager: Shutting down and abandoning module TcpMessaging (172)
[2017.12.11-18.16.29:068][248]LogModuleManager: Shutting down and abandoning module GameplayTagsEditor (170)
[2017.12.11-18.16.29:068][248]LogModuleManager: Shutting down and abandoning module FacialAnimation (168)
[2017.12.11-18.16.29:068][248]LogModuleManager: Shutting down and abandoning module LightPropagationVolumeRuntime (166)
[2017.12.11-18.16.29:068][248]LogModuleManager: Shutting down and abandoning module Paper2D (164)
[2017.12.11-18.16.29:068][248]LogModuleManager: Shutting down and abandoning module WindowsMoviePlayer (162)
[2017.12.11-18.16.29:068][248]LogModuleManager: Shutting down and abandoning module WmfMedia (160)
[2017.12.11-18.16.29:068][248]LogModuleManager: Shutting down and abandoning module MfMedia (158)
[2017.12.11-18.16.29:068][248]LogModuleManager: Shutting down and abandoning module MediaAssets (156)
[2017.12.11-18.16.29:068][248]LogModuleManager: Shutting down and abandoning module GameLiveStreaming (154)
[2017.12.11-18.16.29:068][248]LogModuleManager: Shutting down and abandoning module VREditor (152)
[2017.12.11-18.16.29:068][248]LogModuleManager: Shutting down and abandoning module GameplayTasksEditor (150)
[2017.12.11-18.16.29:068][248]LogModuleManager: Shutting down and abandoning module BehaviorTreeEditor (148)
[2017.12.11-18.16.29:068][248]LogModuleManager: Shutting down and abandoning module FunctionalTesting (146)
[2017.12.11-18.16.29:068][248]LogModuleManager: Shutting down and abandoning module CollisionAnalyzer (144)
[2017.12.11-18.16.29:068][248]LogModuleManager: Shutting down and abandoning module UMG (142)
[2017.12.11-18.16.29:068][248]LogModuleManager: Shutting down and abandoning module UMGEditor (141)
[2017.12.11-18.16.29:068][248]LogModuleManager: Shutting down and abandoning module Sequencer (140)
[2017.12.11-18.16.29:068][248]LogModuleManager: Shutting down and abandoning module AssetTools (138)
[2017.12.11-18.16.29:069][248]LogModuleManager: Shutting down and abandoning module MessageLog (137)
[2017.12.11-18.16.29:069][248]LogModuleManager: Shutting down and abandoning module WorkspaceMenuStructure (136)
[2017.12.11-18.16.29:069][248]LogModuleManager: Shutting down and abandoning module SlateReflector (130)
[2017.12.11-18.16.29:069][248]LogModuleManager: Shutting down and abandoning module Slate (128)
[2017.12.11-18.16.29:069][248]LogModuleManager: Shutting down and abandoning module EditorStyle (126)
[2017.12.11-18.16.29:070][248]LogModuleManager: Shutting down and abandoning module Messaging (124)
[2017.12.11-18.16.29:070][248]LogModuleManager: Shutting down and abandoning module SourceCodeAccess (122)
[2017.12.11-18.16.29:070][248]LogModuleManager: Shutting down and abandoning module HeadMountedDisplay (120)
[2017.12.11-18.16.29:070][248]LogModuleManager: Shutting down and abandoning module XAudio2 (118)
[2017.12.11-18.16.29:070][248]LogModuleManager: Shutting down and abandoning module Networking (116)
[2017.12.11-18.16.29:070][248]LogModuleManager: Shutting down and abandoning module Core (114)
[2017.12.11-18.16.29:070][248]LogModuleManager: Shutting down and abandoning module KismetCompiler (112)
[2017.12.11-18.16.29:070][248]LogModuleManager: Shutting down and abandoning module PhysXFormats (110)
[2017.12.11-18.16.29:070][248]LogModuleManager: Shutting down and abandoning module MeshUtilities (108)
[2017.12.11-18.16.29:070][248]LogModuleManager: Shutting down and abandoning module SimplygonSwarm (107)
[2017.12.11-18.16.29:070][248]LogModuleManager: Shutting down and abandoning module SimplygonMeshReduction (105)
[2017.12.11-18.16.29:070][248]LogModuleManager: Shutting down and abandoning module QuadricMeshReduction (103)
[2017.12.11-18.16.29:070][248]LogModuleManager: Shutting down and abandoning module PropertyEditor (101)
[2017.12.11-18.16.29:070][248]LogModuleManager: Shutting down and abandoning module AssetRegistry (98)
[2017.12.11-18.16.29:070][248]LogModuleManager: Shutting down and abandoning module DerivedDataCache (96)
[2017.12.11-18.16.29:511][248]LogDerivedDataCache: Shutdown
[2017.12.11-18.16.29:511][248]LogModuleManager: Shutting down and abandoning module TargetPlatform (94)
[2017.12.11-18.16.29:511][248]LogModuleManager: Shutting down and abandoning module VulkanShaderFormat (93)
[2017.12.11-18.16.29:511][248]LogModuleManager: Shutting down and abandoning module ShaderFormatOpenGL (91)
[2017.12.11-18.16.29:511][248]LogModuleManager: Shutting down and abandoning module ShaderFormatD3D (89)
[2017.12.11-18.16.29:511][248]LogModuleManager: Shutting down and abandoning module MetalShaderFormat (87)
[2017.12.11-18.16.29:511][248]LogModuleManager: Shutting down and abandoning module TextureFormatUncompressed (85)
[2017.12.11-18.16.29:511][248]LogModuleManager: Shutting down and abandoning module TextureFormatPVR (83)
[2017.12.11-18.16.29:511][248]LogModuleManager: Shutting down and abandoning module TextureFormatDXT (81)
[2017.12.11-18.16.29:511][248]LogModuleManager: Shutting down and abandoning module TextureFormatIntelISPCTexComp (79)
[2017.12.11-18.16.29:511][248]LogModuleManager: Shutting down and abandoning module TextureFormatASTC (77)
[2017.12.11-18.16.29:511][248]LogModuleManager: Shutting down and abandoning module ImageWrapper (76)
[2017.12.11-18.16.29:511][248]LogModuleManager: Shutting down and abandoning module TextureFormatAndroid (73)
[2017.12.11-18.16.29:511][248]LogModuleManager: Shutting down and abandoning module AudioFormatOpus (71)
[2017.12.11-18.16.29:511][248]LogModuleManager: Shutting down and abandoning module AudioFormatOgg (69)
[2017.12.11-18.16.29:511][248]LogModuleManager: Shutting down and abandoning module AudioFormatADPCM (67)
[2017.12.11-18.16.29:511][248]LogModuleManager: Shutting down and abandoning module WindowsTargetPlatform (65)
[2017.12.11-18.16.29:511][248]LogModuleManager: Shutting down and abandoning module WindowsServerTargetPlatform (63)
[2017.12.11-18.16.29:511][248]LogModuleManager: Shutting down and abandoning module WindowsNoEditorTargetPlatform (61)
[2017.12.11-18.16.29:511][248]LogModuleManager: Shutting down and abandoning module WindowsClientTargetPlatform (59)
[2017.12.11-18.16.29:511][248]LogModuleManager: Shutting down and abandoning module InputCore (56)
[2017.12.11-18.16.29:511][248]LogModuleManager: Shutting down and abandoning module Settings (54)
[2017.12.11-18.16.29:511][248]LogModuleManager: Shutting down and abandoning module OculusRift (52)
[2017.12.11-18.16.29:511][248]LogModuleManager: Shutting down and abandoning module GearVR (50)
[2017.12.11-18.16.29:511][248]LogModuleManager: Shutting down and abandoning module ExampleDeviceProfileSelector (48)
[2017.12.11-18.16.29:511][248]LogModuleManager: Shutting down and abandoning module OnlineBlueprintSupport (46)
[2017.12.11-18.16.29:511][248]LogModuleManager: Shutting down and abandoning module OnlineSubsystem (42)
[2017.12.11-18.16.29:511][248]LogOnline:Display: STEAM: OnlineSubsystemSteam::Shutdown()
[2017.12.11-18.16.29:536][248]LogOnline:Display: Unloading online subsystem: STEAM
[2017.12.11-18.16.29:536][248]LogOnline:Display: STEAM: OnlineSubsystemSteam::Shutdown()
[2017.12.11-18.16.29:536][248]LogOnline:Display: Unloading online subsystem: NULL
[2017.12.11-18.16.29:536][248]LogModuleManager: Shutting down and abandoning module XMPP (37)
[2017.12.11-18.16.29:536][248]LogModuleManager: Shutting down and abandoning module HTTP (35)
[2017.12.11-18.16.29:568][248]LogModuleManager: Shutting down and abandoning module SSL (34)
[2017.12.11-18.16.29:570][248]LogModuleManager: Shutting down and abandoning module AudioEditor (30)
[2017.12.11-18.16.29:570][248]LogModuleManager: Shutting down and abandoning module TextureCompressor (28)
[2017.12.11-18.16.29:570][248]LogModuleManager: Shutting down and abandoning module ShaderCore (26)
[2017.12.11-18.16.29:570][248]LogModuleManager: Shutting down and abandoning module Landscape (24)
[2017.12.11-18.16.29:570][248]LogModuleManager: Shutting down and abandoning module SlateRHIRenderer (22)
[2017.12.11-18.16.29:570][248]LogModuleManager: Shutting down and abandoning module OpenGLDrv (20)
[2017.12.11-18.16.29:570][248]LogModuleManager: Shutting down and abandoning module D3D11RHI (18)
[2017.12.11-18.16.29:570][248]LogModuleManager: Shutting down and abandoning module AnimGraphRuntime (16)
[2017.12.11-18.16.29:570][248]LogModuleManager: Shutting down and abandoning module Renderer (14)
[2017.12.11-18.16.29:570][248]LogModuleManager: Shutting down and abandoning module Engine (12)
[2017.12.11-18.16.29:570][248]LogModuleManager: Shutting down and abandoning module CoreUObject (10)
[2017.12.11-18.16.29:570][248]LogModuleManager: Shutting down and abandoning module NetworkFile (8)
[2017.12.11-18.16.29:570][248]LogModuleManager: Shutting down and abandoning module StreamingFile (6)
[2017.12.11-18.16.29:570][248]LogModuleManager: Shutting down and abandoning module SandboxFile (4)
[2017.12.11-18.16.29:570][248]LogModuleManager: Shutting down and abandoning module PakFile (2)
[2017.12.11-18.16.29:572][248]LogExit: Exiting.
[2017.12.11-18.16.29:578][248]Log file closed, 12/11/17 19:16:29
