Log file open, 01/13/18 13:27:34
LogInit:Display: Running engine for game: WalkonG2
LogPlatformFile: Not using cached read wrapper
LogInit:Display: RandInit(231847753) SRandInit(231847753).
LogTaskGraph: Started task graph with 5 named threads and 8 total threads with 1 sets of task threads.
LogStats: Stats thread started at 0.073367
LogInit: Using libcurl 7.47.1
LogInit:  - built for x86_64-pc-win32
LogInit:  - supports SSL with OpenSSL/1.0.2g
LogInit:  - supports HTTP deflate (compression) using libz 1.2.8
LogInit:  - other features:
LogInit:      CURL_VERSION_SSL
LogInit:      CURL_VERSION_LIBZ
LogInit:      CURL_VERSION_IPV6
LogInit:      CURL_VERSION_ASYNCHDNS
LogInit:      CURL_VERSION_LARGEFILE
LogInit:      CURL_VERSION_IDN
LogInit:  CurlRequestOptions (configurable via config and command line):
LogInit:  - bVerifyPeer = false  - Libcurl will NOT verify peer certificate
LogInit:  - bUseHttpProxy = false  - Libcurl will NOT use HTTP proxy
LogInit:  - bDontReuseConnections = false  - Libcurl will reuse connections
LogInit:  - CertBundlePath = nullptr  - Libcurl will use whatever was configured at build time.
LogOnline:Display: STEAM: Loading Steam SDK 1.32
LogOnline:Warning: STEAM: Steamworks: SteamUtils() failed!
LogOnline:Warning: STEAM: Steamworks: SteamUser() failed!
LogOnline:Warning: STEAM: Steamworks: SteamFriends() failed!
LogOnline:Warning: STEAM: Steamworks: SteamRemoteStorage() failed!
LogOnline:Warning: STEAM: Steamworks: SteamUserStats() failed!
LogOnline:Warning: STEAM: Steamworks: SteamMatchmakingServers() failed!
LogOnline:Warning: STEAM: Steamworks: SteamApps() failed!
LogOnline:Warning: STEAM: Steamworks: SteamNetworking() failed!
LogOnline:Warning: STEAM: Steamworks: SteamMatchmaking() failed!
LogOnline:Display: STEAM: OnlineSubsystemSteam::Shutdown()
LogOnline:Warning: STEAM: Steam API failed to initialize!
LogOnline:Display: STEAM: OnlineSubsystemSteam::Shutdown()
LogInit: WinSock: version 1.1 (2.2), MaxSocks=32767, MaxUdp=65467
LogInit: Build: ++UE4+Release-4.15-CL-3450819
LogInit: Engine Version: 4.15.3-3450819+++UE4+Release-4.15
LogInit: Compatible Engine Version: 4.15.0-3299760+++UE4+Release-4.15
LogInit: Net CL: 3299760
LogDevObjectVersion: Number of dev versions registered: 14
LogDevObjectVersion:   Dev-Blueprints (B0D832E4-1F89-4F0D-ACCF-7EB736FD4AA2): 8
LogDevObjectVersion:   Dev-Build (E1C64328-A22C-4D53-A36C-8E866417BD8C): 0
LogDevObjectVersion:   Dev-Core (375EC13C-06E4-48FB-B500-84F0262A717E): 2
LogDevObjectVersion:   Dev-Editor (E4B068ED-F494-42E9-A231-DA0B2E46BB41): 14
LogDevObjectVersion:   Dev-Framework (CFFC743F-43B0-4480-9391-14DF171D2073): 22
LogDevObjectVersion:   Dev-Mobile (B02B49B5-BB20-44E9-A304-32B752E40360): 0
LogDevObjectVersion:   Dev-Networking (A4E4105C-59A1-49B5-A7C5-40C4547EDFEE): 0
LogDevObjectVersion:   Dev-Online (39C831C9-5AE6-47DC-9A44-9C173E1C8E7C): 0
LogDevObjectVersion:   Dev-Physics (78F01B33-EBEA-4F98-B9B4-84EACCB95AA2): 0
LogDevObjectVersion:   Dev-Platform (6631380F-2D4D-43E0-8009-CF276956A95A): 0
LogDevObjectVersion:   Dev-Rendering (12F88B9F-8875-4AFC-A67C-D90C383ABD29): 12
LogDevObjectVersion:   Dev-Sequencer (7B5AE74C-D270-4C10-A958-57980B212A5A): 3
LogDevObjectVersion:   Dev-VR (D7296918-1DD6-4BDD-9DE2-64A83CC13884): 0
LogDevObjectVersion:   Dev-LoadTimes (C2A15278-BFE7-4AFE-6C17-90FF531DF755): 1
LogInit: Compiled (64-bit): May 21 2017 11:02:34
LogInit: Compiled with Visual C++: 19.00.23026.00
LogInit: Build Configuration: Development
LogInit: Branch Name: ++UE4+Release-4.15
LogInit: Command line:  /Temp/Autosaves/Game/Maps/UEDPCMainMenu -game -PIEVIACONSOLE -ResX=1280 -ResY=720  -Multiprocess -messaging -SessionName="Play in Standalone Game" -windowed 
LogInit: Base directory: C:/Program Files/Epic Games/UE_4.15/Engine/Binaries/Win64/
LogInit: Installed Engine Build: 1
LogInit: Presizing for max 8388607 objects, including 0 objects not considered by GC, pre-allocating 0 bytes for permanent pool.
LogInit: Object subsystem initialized
[2018.01.13-12.27.35:002][  0]LogInit: Selected Device Profile: [Windows]
[2018.01.13-12.27.35:002][  0]LogInit: Applying CVar settings loaded from the selected device profile: [Windows]
[2018.01.13-12.27.35:005][  0]LogInit: Computer: DEVPC
[2018.01.13-12.27.35:005][  0]LogInit: User: Aron
[2018.01.13-12.27.35:005][  0]LogInit: CPU Page size=65536, Cores=4
[2018.01.13-12.27.35:005][  0]LogInit: High frequency timer resolution =3.903989 MHz
[2018.01.13-12.27.35:005][  0]LogMemory: Memory total: Physical=15.9GB (16GB approx)
[2018.01.13-12.27.35:005][  0]LogMemory: Platform Memory Stats for Windows
[2018.01.13-12.27.35:005][  0]LogMemory: Process Physical Memory: 266.64 MB used, 266.64 MB peak
[2018.01.13-12.27.35:005][  0]LogMemory: Process Virtual Memory: 262.67 MB used, 262.67 MB peak
[2018.01.13-12.27.35:005][  0]LogMemory: Physical Memory: 4420.26 MB used,  11905.56 MB free, 16325.82 MB total
[2018.01.13-12.27.35:005][  0]LogMemory: Virtual Memory: 681.62 MB used,  11905.56 MB free, 134217728.00 MB total
[2018.01.13-12.27.35:075][  0]LogTextLocalizationManager: No translations for ('hr-HR') exist, falling back to 'en' for localization and internationalization data.
[2018.01.13-12.27.35:454][  0]LogD3D11RHI: D3D11 adapters:
[2018.01.13-12.27.35:470][  0]LogD3D11RHI:    0. 'AMD Radeon (TM) R9 390 Series' (Feature Level 11_0)
[2018.01.13-12.27.35:470][  0]LogD3D11RHI:       8168/0/8162 MB DedicatedVideo/DedicatedSystem/SharedSystem, Outputs:3, VendorId:0x1002
[2018.01.13-12.27.35:472][  0]LogD3D11RHI:    1. 'Microsoft Basic Render Driver' (Feature Level 11_0)
[2018.01.13-12.27.35:472][  0]LogD3D11RHI:       0/0/8162 MB DedicatedVideo/DedicatedSystem/SharedSystem, Outputs:0, VendorId:0x1414
[2018.01.13-12.27.35:472][  0]LogD3D11RHI: Chosen D3D11 Adapter: 0
[2018.01.13-12.27.35:475][  0]LogD3D11RHI: Creating new Direct3DDevice
[2018.01.13-12.27.35:475][  0]LogD3D11RHI:     GPU DeviceId: 0x67b0 (for the marketing name, search the web for "GPU Device Id")
[2018.01.13-12.27.35:475][  0]LogWindows: EnumDisplayDevices:
[2018.01.13-12.27.35:475][  0]LogWindows:    0. 'AMD Radeon (TM) R9 390 Series' (P:1 D:1)
[2018.01.13-12.27.35:475][  0]LogWindows:    1. 'AMD Radeon (TM) R9 390 Series' (P:0 D:1)
[2018.01.13-12.27.35:475][  0]LogWindows:    2. 'AMD Radeon (TM) R9 390 Series' (P:0 D:1)
[2018.01.13-12.27.35:476][  0]LogWindows:    3. 'AMD Radeon (TM) R9 390 Series' (P:0 D:0)
[2018.01.13-12.27.35:476][  0]LogWindows:    4. 'AMD Radeon (TM) R9 390 Series' (P:0 D:0)
[2018.01.13-12.27.35:476][  0]LogWindows:    5. 'AMD Radeon (TM) R9 390 Series' (P:0 D:0)
[2018.01.13-12.27.35:476][  0]LogWindows: DebugString: GetVideoDriverDetailsInvalid PrimaryIsNotTheChoosenAdapter GetVideoDriverDetailsInvalid PrimaryIsNotTheChoosenAdapter GetVideoDriverDetailsInvalid PrimaryIsNotTheChoosenAdapter GetVideoDriverDetailsInvalid PrimaryIsNotTheChoosenAdapter GetVideoDriverDetailsInvalid PrimaryIsNotTheChoosenAdapter GetVideoDriverDetailsInvalid PrimaryIsNotTheChoosenAdapter FoundDriverCount:0 
[2018.01.13-12.27.35:476][  0]LogD3D11RHI:     Adapter Name: AMD Radeon (TM) R9 390 Series
[2018.01.13-12.27.35:476][  0]LogD3D11RHI:   Driver Version: Unknown (internal:Unknown, unified:Unknown)
[2018.01.13-12.27.35:476][  0]LogD3D11RHI:      Driver Date: Unknown
[2018.01.13-12.27.35:476][  0]LogRHI: Texture pool is 1361 MB (70% of 1945 MB)
[2018.01.13-12.27.35:496][  0]LogD3D11RHI: Async texture creation enabled
[2018.01.13-12.27.35:507][  0]LogD3D11RHI: GPU Timing Frequency: 27.000000 (Debug: 2 1)
[2018.01.13-12.27.35:508][  0]LogShaderCompilers: Guid format shader working directory is 7 characters bigger than the processId version (E:/Buisness/Unreal/WalkonG2aa/WalkonG2/Intermediate/Shaders/WorkingDirectory/7740/).
[2018.01.13-12.27.35:508][  0]LogShaderCompilers: Cleaned the shader compiler working directory 'C:/Users/Aron/AppData/Local/Temp/UnrealShaderWorkingDir/1171682649EE03A057846594E0FA87AB/'.
[2018.01.13-12.27.35:508][  0]LogShaderCompilers:Display: Using Local Shader Compiler.
[2018.01.13-12.27.36:393][  0]LogTemp:Display: Loaded TP WindowsClientTargetPlatform
[2018.01.13-12.27.36:438][  0]LogTemp:Display: Loaded TP WindowsNoEditorTargetPlatform
[2018.01.13-12.27.36:486][  0]LogTemp:Display: Loaded TP WindowsServerTargetPlatform
[2018.01.13-12.27.36:524][  0]LogTemp:Display: Loaded TP WindowsTargetPlatform
[2018.01.13-12.27.36:524][  0]LogTargetPlatformManager:Display: Building Assets For Windows
[2018.01.13-12.27.36:882][  0]LogDerivedDataCache:Display: Max Cache Size: 512 MB
[2018.01.13-12.27.36:915][  0]LogDerivedDataCache: Loaded boot cache 0.03s 50MB C:/Users/Aron/AppData/Local/UnrealEngine/4.15/DerivedDataCache/Boot.ddc.
[2018.01.13-12.27.36:915][  0]LogDerivedDataCache:Display: Loaded Boot cache: C:/Users/Aron/AppData/Local/UnrealEngine/4.15/DerivedDataCache/Boot.ddc
[2018.01.13-12.27.36:915][  0]LogDerivedDataCache: FDerivedDataBackendGraph:  Pak pak cache file E:/Buisness/Unreal/WalkonG2aa/WalkonG2/DerivedDataCache/DDC.ddp not found, will not use a pak cache.
[2018.01.13-12.27.36:915][  0]LogDerivedDataCache: Unable to find inner node Pak for hierarchical cache Hierarchy.
[2018.01.13-12.27.36:915][  0]LogDerivedDataCache: FDerivedDataBackendGraph:  CompressedPak pak cache file E:/Buisness/Unreal/WalkonG2aa/WalkonG2/DerivedDataCache/Compressed.ddp not found, will not use a pak cache.
[2018.01.13-12.27.36:915][  0]LogDerivedDataCache: Unable to find inner node CompressedPak for hierarchical cache Hierarchy.
[2018.01.13-12.27.36:928][  0]LogDerivedDataCache:Display: Pak cache opened for reading ../../../Engine/DerivedDataCache/Compressed.ddp.
[2018.01.13-12.27.36:941][  0]LogDerivedDataCache: Using Local data cache path C:/Users/Aron/AppData/Local/UnrealEngine/Common/DerivedDataCache: Writable
[2018.01.13-12.27.36:948][  0]LogSlate: Using Freetype 2.6.0
[2018.01.13-12.27.36:948][  0]LogSlate: SlateFontCache - WITH_FREETYPE: 1, WITH_HARFBUZZ: 1
[2018.01.13-12.27.36:948][  0]LogSlate: SlateFontCache - WITH_FREETYPE: 1, WITH_HARFBUZZ: 1
[2018.01.13-12.27.37:189][  0]LogAssetRegistry: FAssetRegistry took 0.0001 seconds to start up
[2018.01.13-12.27.37:191][  0]LogPackageLocalizationCache: Processed 3 localized package path(s) for 1 prioritized culture(s) in 0.002482 seconds
[2018.01.13-12.27.37:203][  0]LogInit: Selected Device Profile: [Windows]
[2018.01.13-12.27.37:204][  0]LogContentStreaming: Texture pool size is 1000.00 MB
[2018.01.13-12.27.37:369][  0]LogMeshUtilities: Using QuadricMeshReduction for automatic static mesh reduction
[2018.01.13-12.27.37:406][  0]LogSimplygon: Simplygon DLL not present - disabling.
[2018.01.13-12.27.37:461][  0]LogMeshUtilities: Using SimplygonSwarm for distributed automatic mesh merging
[2018.01.13-12.27.37:461][  0]LogMeshUtilities: No automatic skeletal mesh reduction module available
[2018.01.13-12.27.37:461][  0]LogMeshUtilities: No automatic mesh merging module available
[2018.01.13-12.27.37:841][  0]LogNetVersion: GetLocalNetworkVersion: CL: 3299760, ProjectName: walkong2, ProjectVersion: , EngineNetworkVersion: 2, GameNetworkVersion: 0, NetworkChecksum: 2522600614
[2018.01.13-12.27.38:565][  0]LogMoviePlayer: Initializing movie player
[2018.01.13-12.27.38:672][  0]LogWindowsTextInputMethodSystem:Display: IME system now deactivated.
[2018.01.13-12.27.38:899][  0]LogTcpMessaging: Initializing TcpMessaging bridge
[2018.01.13-12.27.38:932][  0]LogUdpMessaging: Initializing bridge on interface 0.0.0.0:0 to multicast group 230.0.0.1:6666.
[2018.01.13-12.27.39:284][  0]SourceControl: Info Source control is disabled
[2018.01.13-12.27.39:284][  0]SourceControl: Info Source control is disabled
[2018.01.13-12.27.39:323][  0]SourceControl: Info Source control is disabled
[2018.01.13-12.27.39:892][  0]LogUObjectArray: 34422 objects as part of root set at end of initial load.
[2018.01.13-12.27.39:892][  0]LogUObjectAllocator: 7864424 out of 0 bytes used by permanent object pool.
[2018.01.13-12.27.39:892][  0]LogUObjectArray: CloseDisregardForGC: 0/0 objects in disregard for GC pool
[2018.01.13-12.27.39:978][  0]LogEngine: Initializing Engine...
[2018.01.13-12.27.39:979][  0]LogHMD: Failed to initialize OpenVR with code 110
[2018.01.13-12.27.40:056][  0]LogStats: UGameplayTagsManager::ConstructGameplayTagTree: Construct from data asset -  0.000 s
[2018.01.13-12.27.40:056][  0]LogStats: UGameplayTagsManager::ConstructGameplayTagTree: GameplayTagTreeChangedEvent.Broadcast -  0.000 s
[2018.01.13-12.27.40:063][  0]LogInit: XAudio2 using 'Speakers (Realtek High Definition Audio)' : 2 channels at 48 kHz using 32 bits per sample (channel mask 0x3)
[2018.01.13-12.27.40:075][  0]LogInit: FAudioDevice initialized.
[2018.01.13-12.27.40:088][  0]LogInit: Texture streaming: Enabled
[2018.01.13-12.27.40:099][  0]LogMaterial: Uniform references updated for custom material expression Custom.
[2018.01.13-12.27.40:367][  0]LogLinker: Can't find file '/Game/Mannequin/Character/Textures/UE4_LOGO_CARD'
[2018.01.13-12.27.40:367][  0]LogLinker: Can't find file '/Game/Mannequin/Character/Textures/UE4_LOGO_CARD'
[2018.01.13-12.27.40:557][  0]LogInit:Display: Game Engine Initialized.
[2018.01.13-12.27.40:700][  0]LogInit:Display: Starting Game.
[2018.01.13-12.27.40:700][  0]LogNet: Browse: /Temp/Autosaves/Game/Maps/UEDPCMainMenu?Name=Player
[2018.01.13-12.27.40:700][  0]LogLoad: LoadMap: /Temp/Autosaves/Game/Maps/UEDPCMainMenu?Name=Player
[2018.01.13-12.27.40:720][  0]LogMemory: Platform Memory Stats for Windows
[2018.01.13-12.27.40:720][  0]LogMemory: Process Physical Memory: 720.96 MB used, 720.96 MB peak
[2018.01.13-12.27.40:720][  0]LogMemory: Process Virtual Memory: 814.62 MB used, 814.63 MB peak
[2018.01.13-12.27.40:720][  0]LogMemory: Physical Memory: 4817.59 MB used,  11508.23 MB free, 16325.82 MB total
[2018.01.13-12.27.40:720][  0]LogMemory: Virtual Memory: 1518.90 MB used,  11508.23 MB free, 134217728.00 MB total
[2018.01.13-12.27.40:720][  0]LogMemory: 
[2018.01.13-12.27.40:720][  0]Allocator Stats for TBB: (not implemented)
[2018.01.13-12.27.40:830][  0]LogAIModule: Creating AISystem for world MainMenu
[2018.01.13-12.27.40:830][  0]LogLinker:Warning: Can't find file '/Game/ThirdPersonBP/Blueprints/ThirdPersonGameMode'
[2018.01.13-12.27.40:830][  0]LogUObjectGlobals:Warning: Failed to load '/Game/ThirdPersonBP/Blueprints/ThirdPersonGameMode': Can't find file '/Game/ThirdPersonBP/Blueprints/ThirdPersonGameMode'
[2018.01.13-12.27.40:830][  0]LogLinker:Warning: Can't find file '/Game/ThirdPersonBP/Blueprints/ThirdPersonGameMode'
[2018.01.13-12.27.40:830][  0]LogUObjectGlobals:Warning: Failed to load '/Game/ThirdPersonBP/Blueprints/ThirdPersonGameMode': Can't find file '/Game/ThirdPersonBP/Blueprints/ThirdPersonGameMode'
[2018.01.13-12.27.40:830][  0]LogUObjectGlobals:Warning: Failed to find object 'Class /Game/ThirdPersonBP/Blueprints/ThirdPersonGameMode.ThirdPersonGameMode_C'
[2018.01.13-12.27.40:830][  0]LogLoad: Game class is 'GameModeBase'
[2018.01.13-12.27.40:831][  0]LogWorld: Bringing World /Temp/Autosaves/Game/Maps/UEDPCMainMenu.MainMenu up for play (max tick rate 0) at 2018.01.13-13.27.40
[2018.01.13-12.27.40:833][  0]LogWorld: Bringing up level for play took: 0.002264
[2018.01.13-12.27.40:858][  0]LogLoad: Took 0.158381 seconds to LoadMap(/Temp/Autosaves/Game/Maps/UEDPCMainMenu)
[2018.01.13-12.27.41:099][  0]LogRenderer: Reallocating scene render targets to support 1280x720 NumSamples 1 (Frame:2).
[2018.01.13-12.27.41:099][  0]LogLoad: (Engine Initialization) Total time: 7.88 seconds
[2018.01.13-12.27.41:099][  0]LogLoad: (Engine Initialization) Total Blueprint compile time: 0.14 seconds
[2018.01.13-12.27.41:099][  0]LogExternalProfiler: Found external profiler: VSPerf
[2018.01.13-12.27.41:099][  0]LogExternalProfiler: Using external profiler: VSPerf
[2018.01.13-12.27.41:117][  0]LogSteamController: SteamController is not available
[2018.01.13-12.27.41:117][  0]LogOcInput: OculusInput pre-init called
[2018.01.13-12.27.44:623][217]LogSlate: Took 0.000134 seconds to synchronously load lazily loaded font '../../../Engine/Content/Slate/Fonts/Roboto-Regular.ttf' (155K)
[2018.01.13-12.27.48:992][488]LogNetVersion: GetLocalNetworkVersion: CL: 3299760, ProjectName: walkong2, ProjectVersion: 1.0.0.0, EngineNetworkVersion: 2, GameNetworkVersion: 0, NetworkChecksum: 453732618
[2018.01.13-12.27.48:994][488]LogInit: WinSock: I am DevPC (192.168.1.14:0)
[2018.01.13-12.27.49:127][488]LogPackageName: SearchForPackageOnDisk took   0.046s to resolve Lobby.umap.
[2018.01.13-12.27.49:171][488]LogPackageName: SearchForPackageOnDisk took   0.043s to resolve Lobby.umap.
[2018.01.13-12.27.49:171][488]LogNet: Browse: /Game/Maps/Lobby?listen
[2018.01.13-12.27.49:171][488]LogLoad: LoadMap: /Game/Maps/Lobby?listen
[2018.01.13-12.27.49:185][488]LogMemory: Platform Memory Stats for Windows
[2018.01.13-12.27.49:185][488]LogMemory: Process Physical Memory: 731.94 MB used, 731.99 MB peak
[2018.01.13-12.27.49:185][488]LogMemory: Process Virtual Memory: 1015.07 MB used, 1015.07 MB peak
[2018.01.13-12.27.49:185][488]LogMemory: Physical Memory: 4805.71 MB used,  11520.11 MB free, 16325.82 MB total
[2018.01.13-12.27.49:185][488]LogMemory: Virtual Memory: 1765.36 MB used,  11520.11 MB free, 134217728.00 MB total
[2018.01.13-12.27.49:185][488]LogMemory: 
[2018.01.13-12.27.49:185][488]Allocator Stats for TBB: (not implemented)
[2018.01.13-12.27.52:085][488]LogAIModule: Creating AISystem for world Lobby
[2018.01.13-12.27.52:085][488]LogLoad: Game class is 'LobbyGM_C'
[2018.01.13-12.27.52:086][488]LogOnline:Warning: STEAM: Steamworks: SteamUtils() failed!
[2018.01.13-12.27.52:086][488]LogOnline:Warning: STEAM: Steamworks: SteamUser() failed!
[2018.01.13-12.27.52:086][488]LogOnline:Warning: STEAM: Steamworks: SteamFriends() failed!
[2018.01.13-12.27.52:086][488]LogOnline:Warning: STEAM: Steamworks: SteamRemoteStorage() failed!
[2018.01.13-12.27.52:086][488]LogOnline:Warning: STEAM: Steamworks: SteamUserStats() failed!
[2018.01.13-12.27.52:086][488]LogOnline:Warning: STEAM: Steamworks: SteamMatchmakingServers() failed!
[2018.01.13-12.27.52:086][488]LogOnline:Warning: STEAM: Steamworks: SteamApps() failed!
[2018.01.13-12.27.52:086][488]LogOnline:Warning: STEAM: Steamworks: SteamNetworking() failed!
[2018.01.13-12.27.52:086][488]LogOnline:Warning: STEAM: Steamworks: SteamMatchmaking() failed!
[2018.01.13-12.27.52:086][488]LogOnline:Display: STEAM: OnlineSubsystemSteam::Shutdown()
[2018.01.13-12.27.52:086][488]LogOnline:Warning: STEAM: Steam API failed to initialize!
[2018.01.13-12.27.52:086][488]LogOnline:Display: STEAM: OnlineSubsystemSteam::Shutdown()
[2018.01.13-12.27.52:087][488]LogInit: WinSock: Socket queue 131072 / 131072
[2018.01.13-12.27.52:087][488]PacketHandlerLog: Loaded PacketHandler component: Engine.EngineHandlerComponentFactory (StatelessConnectHandlerComponent)
[2018.01.13-12.27.52:087][488]LogNet: GameNetDriver IpNetDriver_0 IpNetDriver listening on port 7777
[2018.01.13-12.27.52:092][488]LogWorld: Bringing World /Game/Maps/Lobby.Lobby up for play (max tick rate 0) at 2018.01.13-13.27.52
[2018.01.13-12.27.52:093][488]LogWorld: Bringing up level for play took: 0.005010
[2018.01.13-12.27.52:123][488]LogGameMode:Display: Match State Changed from EnteringMap to WaitingToStart
[2018.01.13-12.27.52:123][488]LogGameState: Match State Changed from EnteringMap to WaitingToStart
[2018.01.13-12.27.52:123][488]LogGameMode:Display: Match State Changed from WaitingToStart to InProgress
[2018.01.13-12.27.52:123][488]LogGameState: Match State Changed from WaitingToStart to InProgress
[2018.01.13-12.27.52:123][488]LogLoad: Took 2.952401 seconds to LoadMap(/Game/Maps/Lobby)
[2018.01.13-12.28.00:818][ 26]PIE:Warning: Warning This widget does not support focus.  If this is a UserWidget, you should set bIsFocusable to true.
[2018.01.13-12.28.02:350][121]PIE:Warning: Warning This widget does not support focus.  If this is a UserWidget, you should set bIsFocusable to true.
[2018.01.13-12.28.04:124][231]PIE:Warning: Warning This widget does not support focus.  If this is a UserWidget, you should set bIsFocusable to true.
[2018.01.13-12.28.07:471][438]LogBlueprintUserMessages: [ErikaBP_C_0] LobbyPC
[2018.01.13-12.28.07:471][438]LogBlueprintUserMessages: [ErikaBP_C_0] FAIL
[2018.01.13-12.28.07:471][438]LogBlueprintUserMessages: [ErikaBP_C_0] sasdfafsdasdf
[2018.01.13-12.28.10:125][603]PIE:Warning: Warning This widget does not support focus.  If this is a UserWidget, you should set bIsFocusable to true.
[2018.01.13-12.28.10:674][637]LogBlueprintUserMessages: [ErikaBP_C_1] LobbyPC
[2018.01.13-12.28.10:674][637]LogBlueprintUserMessages: [ErikaBP_C_1] FAIL
[2018.01.13-12.28.10:674][637]LogBlueprintUserMessages: [ErikaBP_C_1] sasdfafsdasdf
[2018.01.13-12.28.17:512][ 61]LogGameMode:Display: Match State Changed from InProgress to LeavingMap
[2018.01.13-12.28.17:512][ 61]LogGameState: Match State Changed from InProgress to LeavingMap
[2018.01.13-12.28.17:530][ 61]LogGameMode: ProcessServerTravel: /Game/Maps/CastleMap01
[2018.01.13-12.28.17:530][ 61]LogWorld: SeamlessTravel to: /Game/Maps/CastleMap01
[2018.01.13-12.28.17:592][ 62]LogAIModule: Creating AISystem for world TravelMap
[2018.01.13-12.28.17:593][ 62]LogStats:     SeamlessTravel FlushLevelStreaming  -  0.001 s
[2018.01.13-12.28.17:593][ 62]LogWorld: Bringing World /Game/Maps/TravelMap.TravelMap up for play (max tick rate 0) at 2018.01.13-13.28.17
[2018.01.13-12.28.17:593][ 62]LogWorld: Bringing up level for play took: 0.000304
[2018.01.13-12.28.17:593][ 62]LogWorld: Sending NotifyLoadedWorld for LP: LocalPlayer_0 PC: LobbyPC_C_0
[2018.01.13-12.28.17:593][ 62]LogNet:Verbose: NotifyLoadedWorld Begin
[2018.01.13-12.28.17:593][ 62]LogNet:VeryVerbose: GetFunctionCallspace Server calling Server function: ServerNotifyLoadedWorld Local
[2018.01.13-12.28.17:593][ 62]LogNet:Verbose: NotifyLoadedWorld End
[2018.01.13-12.28.17:593][ 62]LogWorld: StartLoadingDestination to: /Game/Maps/CastleMap01
[2018.01.13-12.28.17:685][ 65]LogStreaming:Error: Couldn't find file for package /Game/StarterContent/Textures/T_MacroVariation requested by async loading code. NameToLoad: /Game/StarterContent/Textures/T_MacroVariation
[2018.01.13-12.28.17:741][ 67]LogStreaming:Error: Couldn't find file for package /Game/StarterContent/Textures/T_Metal_Steel_N requested by async loading code. NameToLoad: /Game/StarterContent/Textures/T_Metal_Steel_N
[2018.01.13-12.28.17:741][ 67]LogStreaming:Error: Couldn't find file for package /Game/StarterContent/Textures/T_Metal_Steel_D requested by async loading code. NameToLoad: /Game/StarterContent/Textures/T_Metal_Steel_D
[2018.01.13-12.28.17:742][ 67]LogLinker:Warning: Can't find file '/Game/StarterContent/Textures/T_MacroVariation'
[2018.01.13-12.28.17:742][ 67]LogUObjectGlobals:Warning: Failed to load '/Game/StarterContent/Textures/T_MacroVariation': Can't find file '/Game/StarterContent/Textures/T_MacroVariation'
[2018.01.13-12.28.17:742][ 67]LogLinker:Warning: Can't find file for asset '/Game/StarterContent/Textures/T_MacroVariation' while loading NULL.
[2018.01.13-12.28.17:742][ 67]LogUObjectGlobals:Warning: Failed to load '/Game/StarterContent/Textures/T_MacroVariation': Can't find file for asset '/Game/StarterContent/Textures/T_MacroVariation' while loading NULL.
[2018.01.13-12.28.17:742][ 67]LogLinker:Warning: Can't find file '/Game/StarterContent/Textures/T_Metal_Steel_D'
[2018.01.13-12.28.17:742][ 67]LogUObjectGlobals:Warning: Failed to load '/Game/StarterContent/Textures/T_Metal_Steel_D': Can't find file '/Game/StarterContent/Textures/T_Metal_Steel_D'
[2018.01.13-12.28.17:742][ 67]LogLinker:Warning: Can't find file for asset '/Game/StarterContent/Textures/T_Metal_Steel_D' while loading NULL.
[2018.01.13-12.28.17:742][ 67]LogUObjectGlobals:Warning: Failed to load '/Game/StarterContent/Textures/T_Metal_Steel_D': Can't find file for asset '/Game/StarterContent/Textures/T_Metal_Steel_D' while loading NULL.
[2018.01.13-12.28.17:742][ 67]LogLinker:Warning: Can't find file '/Game/StarterContent/Textures/T_Metal_Steel_N'
[2018.01.13-12.28.17:742][ 67]LogUObjectGlobals:Warning: Failed to load '/Game/StarterContent/Textures/T_Metal_Steel_N': Can't find file '/Game/StarterContent/Textures/T_Metal_Steel_N'
[2018.01.13-12.28.17:742][ 67]LogLinker:Warning: Can't find file for asset '/Game/StarterContent/Textures/T_Metal_Steel_N' while loading NULL.
[2018.01.13-12.28.17:742][ 67]LogUObjectGlobals:Warning: Failed to load '/Game/StarterContent/Textures/T_Metal_Steel_N': Can't find file for asset '/Game/StarterContent/Textures/T_Metal_Steel_N' while loading NULL.
[2018.01.13-12.28.17:744][ 67]LogLinker:Warning: Can't find file '/Game/StarterContent/Textures/T_Metal_Steel_D'
[2018.01.13-12.28.17:745][ 67]LoadErrors: Info Failed to load /Game/StarterContent/Textures/T_Metal_Steel_D.T_Metal_Steel_D Referenced by MaterialExpressionTextureSample_78
[2018.01.13-12.28.17:745][ 67]LogUObjectGlobals:Warning: Failed to load '/Game/StarterContent/Textures/T_Metal_Steel_D': Can't find file '/Game/StarterContent/Textures/T_Metal_Steel_D'
[2018.01.13-12.28.17:745][ 67]LogLinker:Warning: Can't find file for asset '/Game/StarterContent/Textures/T_Metal_Steel_D' while loading NULL.
[2018.01.13-12.28.17:745][ 67]LoadErrors: Info Failed to load /Game/StarterContent/Textures/T_Metal_Steel_D.T_Metal_Steel_D Referenced by MaterialExpressionTextureSample_78
[2018.01.13-12.28.17:745][ 67]LogUObjectGlobals:Warning: Failed to load '/Game/StarterContent/Textures/T_Metal_Steel_D': Can't find file for asset '/Game/StarterContent/Textures/T_Metal_Steel_D' while loading NULL.
[2018.01.13-12.28.17:745][ 67]LogLinker:Warning: Can't find file '/Game/StarterContent/Textures/T_Metal_Steel_N'
[2018.01.13-12.28.17:745][ 67]LoadErrors: Info Failed to load /Game/StarterContent/Textures/T_Metal_Steel_N.T_Metal_Steel_N Referenced by MaterialExpressionTextureSample_79
[2018.01.13-12.28.17:745][ 67]LogUObjectGlobals:Warning: Failed to load '/Game/StarterContent/Textures/T_Metal_Steel_N': Can't find file '/Game/StarterContent/Textures/T_Metal_Steel_N'
[2018.01.13-12.28.17:745][ 67]LogLinker:Warning: Can't find file for asset '/Game/StarterContent/Textures/T_Metal_Steel_N' while loading NULL.
[2018.01.13-12.28.17:745][ 67]LoadErrors: Info Failed to load /Game/StarterContent/Textures/T_Metal_Steel_N.T_Metal_Steel_N Referenced by MaterialExpressionTextureSample_79
[2018.01.13-12.28.17:745][ 67]LogUObjectGlobals:Warning: Failed to load '/Game/StarterContent/Textures/T_Metal_Steel_N': Can't find file for asset '/Game/StarterContent/Textures/T_Metal_Steel_N' while loading NULL.
[2018.01.13-12.28.17:745][ 67]LogLinker:Warning: Can't find file '/Game/StarterContent/Textures/T_MacroVariation'
[2018.01.13-12.28.17:745][ 67]LoadErrors: Info Failed to load /Game/StarterContent/Textures/T_MacroVariation.T_MacroVariation Referenced by MaterialExpressionTextureSample_81
[2018.01.13-12.28.17:745][ 67]LogUObjectGlobals:Warning: Failed to load '/Game/StarterContent/Textures/T_MacroVariation': Can't find file '/Game/StarterContent/Textures/T_MacroVariation'
[2018.01.13-12.28.17:745][ 67]LogLinker:Warning: Can't find file for asset '/Game/StarterContent/Textures/T_MacroVariation' while loading NULL.
[2018.01.13-12.28.17:745][ 67]LoadErrors: Info Failed to load /Game/StarterContent/Textures/T_MacroVariation.T_MacroVariation Referenced by MaterialExpressionTextureSample_81
[2018.01.13-12.28.17:746][ 67]LogUObjectGlobals:Warning: Failed to load '/Game/StarterContent/Textures/T_MacroVariation': Can't find file for asset '/Game/StarterContent/Textures/T_MacroVariation' while loading NULL.
[2018.01.13-12.28.17:746][ 67]LogLinker:Warning: Can't find file '/Game/StarterContent/Textures/T_MacroVariation'
[2018.01.13-12.28.17:746][ 67]LoadErrors: Info Failed to load /Game/StarterContent/Textures/T_MacroVariation.T_MacroVariation Referenced by MaterialExpressionTextureSample_82
[2018.01.13-12.28.17:746][ 67]LogUObjectGlobals:Warning: Failed to load '/Game/StarterContent/Textures/T_MacroVariation': Can't find file '/Game/StarterContent/Textures/T_MacroVariation'
[2018.01.13-12.28.17:746][ 67]LogLinker:Warning: Can't find file for asset '/Game/StarterContent/Textures/T_MacroVariation' while loading NULL.
[2018.01.13-12.28.17:746][ 67]LoadErrors: Info Failed to load /Game/StarterContent/Textures/T_MacroVariation.T_MacroVariation Referenced by MaterialExpressionTextureSample_82
[2018.01.13-12.28.17:746][ 67]LogUObjectGlobals:Warning: Failed to load '/Game/StarterContent/Textures/T_MacroVariation': Can't find file for asset '/Game/StarterContent/Textures/T_MacroVariation' while loading NULL.
[2018.01.13-12.28.17:746][ 67]LogLinker:Warning: Can't find file '/Game/StarterContent/Textures/T_MacroVariation'
[2018.01.13-12.28.17:746][ 67]LoadErrors: Info Failed to load /Game/StarterContent/Textures/T_MacroVariation.T_MacroVariation Referenced by MaterialExpressionTextureSample_83
[2018.01.13-12.28.17:746][ 67]LogUObjectGlobals:Warning: Failed to load '/Game/StarterContent/Textures/T_MacroVariation': Can't find file '/Game/StarterContent/Textures/T_MacroVariation'
[2018.01.13-12.28.17:746][ 67]LogLinker:Warning: Can't find file for asset '/Game/StarterContent/Textures/T_MacroVariation' while loading NULL.
[2018.01.13-12.28.17:746][ 67]LoadErrors: Info Failed to load /Game/StarterContent/Textures/T_MacroVariation.T_MacroVariation Referenced by MaterialExpressionTextureSample_83
[2018.01.13-12.28.17:746][ 67]LogUObjectGlobals:Warning: Failed to load '/Game/StarterContent/Textures/T_MacroVariation': Can't find file for asset '/Game/StarterContent/Textures/T_MacroVariation' while loading NULL.
[2018.01.13-12.28.17:749][ 67]LogMaterial: Missing cached shader map for material M_Metal_Steel, compiling. 
[2018.01.13-12.28.17:751][ 67]LogMaterial:Warning: Failed to compile Material /Game/Assets/M_Metal_Steel.M_Metal_Steel for platform PCD3D_SM5, Default Material will be used in game.
[2018.01.13-12.28.17:751][ 67]LogMaterial:Warning: 	(Node TextureSample) TextureSample> Missing input texture
[2018.01.13-12.28.18:322][ 70]LogAIModule: Creating AISystem for world CastleMap01
[2018.01.13-12.28.18:322][ 70]LogLoad: Game class is 'GameplayGM_C'
[2018.01.13-12.28.18:323][ 70]LogStats:     SeamlessTravel FlushLevelStreaming  -  0.001 s
[2018.01.13-12.28.18:328][ 70]LogWorld: Bringing World /Game/Maps/CastleMap01.CastleMap01 up for play (max tick rate 0) at 2018.01.13-13.28.18
[2018.01.13-12.28.18:329][ 70]LogWorld: Bringing up level for play took: 0.005448
[2018.01.13-12.28.18:329][ 70]LogWorld: Sending NotifyLoadedWorld for LP: LocalPlayer_0 PC: LobbyPC_C_0
[2018.01.13-12.28.18:329][ 70]LogNet:Verbose: NotifyLoadedWorld Begin
[2018.01.13-12.28.18:329][ 70]LogNet:VeryVerbose: GetFunctionCallspace Server calling Server function: ServerNotifyLoadedWorld Local
[2018.01.13-12.28.18:329][ 70]LogNet:Verbose: NotifyLoadedWorld End
[2018.01.13-12.28.18:329][ 70]LogWorld: ----SeamlessTravel finished in 0.80 seconds ------
[2018.01.13-12.28.18:329][ 70]LogGameMode: >> GameMode::HandleSeamlessTravelPlayer: LobbyPC_C_0 
[2018.01.13-12.28.18:329][ 70]LogGameMode: << GameMode::HandleSeamlessTravelPlayer: GameplayPC_C_0
[2018.01.13-12.28.18:329][ 70]LogGameMode:Display: Match State Changed from EnteringMap to WaitingToStart
[2018.01.13-12.28.18:329][ 70]LogGameState: Match State Changed from EnteringMap to WaitingToStart
[2018.01.13-12.28.18:329][ 70]LogGameMode:Display: Match State Changed from WaitingToStart to InProgress
[2018.01.13-12.28.18:333][ 70]LogBlueprintUserMessages: [ErikaBP_C_0] GameplayPC
[2018.01.13-12.28.18:333][ 70]LogBlueprintUserMessages: [ErikaBP_C_0] Material ALL
[2018.01.13-12.28.18:333][ 70]LogBlueprintUserMessages: [ErikaBP_C_0] Material SERVER
[2018.01.13-12.28.18:334][ 70]LogBlueprintUserMessages: [ErikaBP_C_0] MATERIAL debug
[2018.01.13-12.28.18:334][ 70]LogBlueprintUserMessages: [ErikaBP_C_0] Material ALL
[2018.01.13-12.28.18:335][ 70]LogGameState: Match State Changed from WaitingToStart to InProgress
[2018.01.13-12.28.33:848][ 32]LogBlueprintUserMessages: [CubeArrows3] CAST FAILED:: no adding arrows
[2018.01.13-12.28.36:508][197]LogBlueprintUserMessages: [CubeArrows3] CAST FAILED:: no adding arrows
[2018.01.13-12.28.42:186][549]LogBlueprintUserMessages: [CubeArrows3] CAST FAILED:: no adding arrows
[2018.01.13-12.28.53:283][237]LogBlueprintUserMessages: [GameplayPC_C_0] TeamChanged
[2018.01.13-12.28.55:897][399]LogScript:Warning: Accessed None trying to read property CrosshairWidget
	ArcherBP_C /Game/Maps/CastleMap01.CastleMap01:PersistentLevel.ArcherBP_C_0
	Function /Game/Characters/Erika/ArcherBP.ArcherBP_C:RemoveCrosshair:000A
[2018.01.13-12.28.55:897][399]LogScript:Warning: Script call stack:
	Function /Game/Characters/Erika/ArcherBP.ArcherBP_C:ReceivePossessed
	Function /Game/Characters/Erika/ArcherBP.ArcherBP_C:ExecuteUbergraph_ArcherBP
	Function /Game/Characters/Erika/ArcherBP.ArcherBP_C:Initialization
	Function /Game/Characters/Erika/ArcherBP.ArcherBP_C:OnRep_IsAim
	Function /Game/Characters/Erika/ArcherBP.ArcherBP_C:RemoveAimWidget
	Function /Game/Characters/Erika/ArcherBP.ArcherBP_C:ExecuteUbergraph_ArcherBP
	Function /Game/Characters/Erika/ArcherBP.ArcherBP_C:RemoveCrosshair

[2018.01.13-12.29.10:251][289]LogBlueprintUserMessages: [GameplayPC_C_0] TeamChanged
[2018.01.13-12.29.11:156][345]LogScript:Warning: Accessed None trying to read property CrosshairWidget
	ArcherBP_C /Game/Maps/CastleMap01.CastleMap01:PersistentLevel.ArcherBP_C_1
	Function /Game/Characters/Erika/ArcherBP.ArcherBP_C:RemoveCrosshair:000A
[2018.01.13-12.29.11:156][345]LogScript:Warning: Script call stack:
	Function /Game/Characters/Erika/ArcherBP.ArcherBP_C:ReceivePossessed
	Function /Game/Characters/Erika/ArcherBP.ArcherBP_C:ExecuteUbergraph_ArcherBP
	Function /Game/Characters/Erika/ArcherBP.ArcherBP_C:Initialization
	Function /Game/Characters/Erika/ArcherBP.ArcherBP_C:OnRep_IsAim
	Function /Game/Characters/Erika/ArcherBP.ArcherBP_C:RemoveAimWidget
	Function /Game/Characters/Erika/ArcherBP.ArcherBP_C:ExecuteUbergraph_ArcherBP
	Function /Game/Characters/Erika/ArcherBP.ArcherBP_C:RemoveCrosshair

[2018.01.13-12.29.29:171][458]LogPackageName: SearchForPackageOnDisk took   0.045s to resolve MainMenu.umap.
[2018.01.13-12.29.29:171][458]LogGameMode:Display: Match State Changed from InProgress to LeavingMap
[2018.01.13-12.29.29:171][458]LogGameState: Match State Changed from InProgress to LeavingMap
[2018.01.13-12.29.29:215][458]LogPackageName: SearchForPackageOnDisk took   0.043s to resolve MainMenu.umap.
[2018.01.13-12.29.29:215][458]LogNet: Browse: /Game/Maps/MainMenu
[2018.01.13-12.29.29:215][458]LogLoad: LoadMap: /Game/Maps/MainMenu
[2018.01.13-12.29.29:215][458]LogNet: World NetDriver shutdown IpNetDriver_0 [GameNetDriver]
[2018.01.13-12.29.29:215][458]LogNet: DestroyNamedNetDriver IpNetDriver_0 [GameNetDriver]
[2018.01.13-12.29.29:215][458]LogExit: GameNetDriver IpNetDriver_0 shut down
[2018.01.13-12.29.29:262][458]LogMemory: Platform Memory Stats for Windows
[2018.01.13-12.29.29:262][458]LogMemory: Process Physical Memory: 903.77 MB used, 948.23 MB peak
[2018.01.13-12.29.29:262][458]LogMemory: Process Virtual Memory: 1450.38 MB used, 1493.60 MB peak
[2018.01.13-12.29.29:262][458]LogMemory: Physical Memory: 5027.62 MB used,  11298.20 MB free, 16325.82 MB total
[2018.01.13-12.29.29:262][458]LogMemory: Virtual Memory: 2201.59 MB used,  11298.20 MB free, 134217728.00 MB total
[2018.01.13-12.29.29:262][458]LogMemory: 
[2018.01.13-12.29.29:262][458]Allocator Stats for TBB: (not implemented)
[2018.01.13-12.29.29:271][458]LogAIModule: Creating AISystem for world MainMenu
[2018.01.13-12.29.29:271][458]LogLoad: Game class is 'GameModeBase'
[2018.01.13-12.29.29:272][458]LogWorld: Bringing World /Game/Maps/MainMenu.MainMenu up for play (max tick rate 0) at 2018.01.13-13.29.29
[2018.01.13-12.29.29:272][458]LogWorld: Bringing up level for play took: 0.000303
[2018.01.13-12.29.29:274][458]LogLoad: Took 0.059402 seconds to LoadMap(/Game/Maps/MainMenu)
[2018.01.13-12.29.31:243][581]Closing by request
[2018.01.13-12.29.31:243][581]LogWindows: FPlatformMisc::RequestExit(0)
[2018.01.13-12.29.31:244][582]LogMoviePlayer: Shutting down movie player
[2018.01.13-12.29.32:053][582]LogWindowsTextInputMethodSystem:Display: IME system now deactivated.
[2018.01.13-12.29.32:064][582]LogWindowsTextInputMethodSystem:Display: IME system now deactivated.
[2018.01.13-12.29.32:069][582]LogExit: Preparing to exit.
[2018.01.13-12.29.33:134][582]LogExit: Game engine shut down
[2018.01.13-12.29.33:205][582]LogObj: Freed 0b from 0 cluster array pools.
[2018.01.13-12.29.33:205][582]LogExit: Object subsystem successfully closed.
[2018.01.13-12.29.33:217][582]LogD3D11RHI: Shutdown
[2018.01.13-12.29.33:217][582]LogD3D11RHI: CleanupD3DDevice
[2018.01.13-12.29.33:271][582]LogD3D11RHI: ~FD3D11DynamicRHI
[2018.01.13-12.29.33:281][582]LogModuleManager: Shutting down and abandoning module SequenceRecorderSections (272)
[2018.01.13-12.29.33:281][582]LogModuleManager: Shutting down and abandoning module SequenceRecorder (270)
[2018.01.13-12.29.33:281][582]LogModuleManager: Shutting down and abandoning module AutomationController (268)
[2018.01.13-12.29.33:281][582]LogModuleManager: Shutting down and abandoning module AutomationWorker (266)
[2018.01.13-12.29.33:281][582]LogModuleManager: Shutting down and abandoning module Voice (264)
[2018.01.13-12.29.33:281][582]LogModuleManager: Shutting down and abandoning module AIModule (262)
[2018.01.13-12.29.33:281][582]LogModuleManager: Shutting down and abandoning module GameplayDebugger (261)
[2018.01.13-12.29.33:281][582]LogModuleManager: Shutting down and abandoning module AITestSuite (259)
[2018.01.13-12.29.33:281][582]LogModuleManager: Shutting down and abandoning module WmfMediaFactory (256)
[2018.01.13-12.29.33:281][582]LogModuleManager: Shutting down and abandoning module MfMediaFactory (254)
[2018.01.13-12.29.33:281][582]LogModuleManager: Shutting down and abandoning module AvfMediaFactory (252)
[2018.01.13-12.29.33:281][582]LogModuleManager: Shutting down and abandoning module AndroidMediaFactory (250)
[2018.01.13-12.29.33:281][582]LogModuleManager: Shutting down and abandoning module Media (249)
[2018.01.13-12.29.33:281][582]LogModuleManager: Shutting down and abandoning module CharacterAI (246)
[2018.01.13-12.29.33:281][582]LogModuleManager: Shutting down and abandoning module SessionServices (244)
[2018.01.13-12.29.33:281][582]LogModuleManager: Shutting down and abandoning module MovieSceneCapture (242)
[2018.01.13-12.29.33:281][582]LogModuleManager: Shutting down and abandoning module GeometryCache (240)
[2018.01.13-12.29.33:281][582]LogModuleManager: Shutting down and abandoning module GeometryCacheEd (239)
[2018.01.13-12.29.33:281][582]LogModuleManager: Shutting down and abandoning module Niagara (236)
[2018.01.13-12.29.33:281][582]LogModuleManager: Shutting down and abandoning module StreamingPauseRendering (234)
[2018.01.13-12.29.33:281][582]LogModuleManager: Shutting down and abandoning module PortalServices (232)
[2018.01.13-12.29.33:281][582]LogModuleManager: Shutting down and abandoning module PortalRpc (230)
[2018.01.13-12.29.33:281][582]LogModuleManager: Shutting down and abandoning module MessagingRpc (228)
[2018.01.13-12.29.33:281][582]LogModuleManager: Shutting down and abandoning module ProfilerService (226)
[2018.01.13-12.29.33:346][582]LogModuleManager: Shutting down and abandoning module TaskGraph (224)
[2018.01.13-12.29.33:347][582]LogModuleManager: Shutting down and abandoning module SteamVRController (222)
[2018.01.13-12.29.33:347][582]LogModuleManager: Shutting down and abandoning module SteamVR (220)
[2018.01.13-12.29.33:347][582]LogModuleManager: Shutting down and abandoning module SteamController (218)
[2018.01.13-12.29.33:347][582]LogModuleManager: Shutting down and abandoning module ProceduralMeshComponent (216)
[2018.01.13-12.29.33:347][582]LogModuleManager: Shutting down and abandoning module OculusLibrary (214)
[2018.01.13-12.29.33:347][582]LogModuleManager: Shutting down and abandoning module OculusInput (212)
[2018.01.13-12.29.33:347][582]LogModuleManager: Shutting down and abandoning module MobilePatchingUtils (210)
[2018.01.13-12.29.33:347][582]LogModuleManager: Shutting down and abandoning module CustomMeshComponent (208)
[2018.01.13-12.29.33:347][582]LogModuleManager: Shutting down and abandoning module CableComponent (206)
[2018.01.13-12.29.33:347][582]LogModuleManager: Shutting down and abandoning module ArchVisCharacter (204)
[2018.01.13-12.29.33:347][582]LogModuleManager: Shutting down and abandoning module HTML5Networking (202)
[2018.01.13-12.29.33:347][582]LogModuleManager: Shutting down and abandoning module VisualStudioSourceCodeAccess (200)
[2018.01.13-12.29.33:347][582]LogModuleManager: Shutting down and abandoning module DesktopPlatform (199)
[2018.01.13-12.29.33:347][582]LogModuleManager: Shutting down and abandoning module HotReload (197)
[2018.01.13-12.29.33:347][582]LogDirectoryWatcher: A directory notification for 'E:/Buisness/Unreal/WalkonG2aa/WalkonG2/Binaries/Win64' was aborted.
[2018.01.13-12.29.33:347][582]LogModuleManager: Shutting down and abandoning module DirectoryWatcher (196)
[2018.01.13-12.29.33:348][582]LogModuleManager: Shutting down and abandoning module UObjectPlugin (192)
[2018.01.13-12.29.33:348][582]LogModuleManager: Shutting down and abandoning module SubversionSourceControl (190)
[2018.01.13-12.29.33:348][582]LogModuleManager: Shutting down and abandoning module PerforceSourceControl (188)
[2018.01.13-12.29.33:348][582]LogModuleManager: Shutting down and abandoning module SourceControl (187)
[2018.01.13-12.29.33:349][582]LogModuleManager: Shutting down and abandoning module WalkonG2 (184)
[2018.01.13-12.29.33:349][582]LogModuleManager: Shutting down and abandoning module PhysXVehiclesEditor (182)
[2018.01.13-12.29.33:349][582]LogModuleManager: Shutting down and abandoning module PhysXVehicles (180)
[2018.01.13-12.29.33:349][582]LogModuleManager: Shutting down and abandoning module LocationServicesBPLibrary (178)
[2018.01.13-12.29.33:349][582]LogModuleManager: Shutting down and abandoning module UdpMessaging (176)
[2018.01.13-12.29.33:449][582]LogModuleManager: Shutting down and abandoning module TcpMessaging (174)
[2018.01.13-12.29.33:940][582]LogModuleManager: Shutting down and abandoning module GameplayTagsEditor (172)
[2018.01.13-12.29.33:943][582]LogModuleManager: Shutting down and abandoning module FacialAnimation (170)
[2018.01.13-12.29.33:943][582]LogModuleManager: Shutting down and abandoning module LightPropagationVolumeRuntime (168)
[2018.01.13-12.29.33:943][582]LogModuleManager: Shutting down and abandoning module Paper2D (166)
[2018.01.13-12.29.33:943][582]LogModuleManager: Shutting down and abandoning module WindowsMoviePlayer (164)
[2018.01.13-12.29.33:943][582]LogModuleManager: Shutting down and abandoning module WmfMedia (162)
[2018.01.13-12.29.33:946][582]LogModuleManager: Shutting down and abandoning module MfMedia (160)
[2018.01.13-12.29.33:946][582]LogModuleManager: Shutting down and abandoning module MediaAssets (158)
[2018.01.13-12.29.33:946][582]LogModuleManager: Shutting down and abandoning module GameLiveStreaming (156)
[2018.01.13-12.29.33:946][582]LogModuleManager: Shutting down and abandoning module VREditor (154)
[2018.01.13-12.29.33:946][582]LogModuleManager: Shutting down and abandoning module GameplayTasksEditor (152)
[2018.01.13-12.29.33:946][582]LogModuleManager: Shutting down and abandoning module BehaviorTreeEditor (150)
[2018.01.13-12.29.33:947][582]LogModuleManager: Shutting down and abandoning module FunctionalTesting (148)
[2018.01.13-12.29.33:947][582]LogModuleManager: Shutting down and abandoning module CollisionAnalyzer (146)
[2018.01.13-12.29.33:948][582]LogModuleManager: Shutting down and abandoning module UMG (144)
[2018.01.13-12.29.33:948][582]LogModuleManager: Shutting down and abandoning module UMGEditor (143)
[2018.01.13-12.29.33:948][582]LogModuleManager: Shutting down and abandoning module Sequencer (142)
[2018.01.13-12.29.33:949][582]LogModuleManager: Shutting down and abandoning module AssetTools (140)
[2018.01.13-12.29.33:951][582]LogModuleManager: Shutting down and abandoning module MessageLog (139)
[2018.01.13-12.29.33:951][582]LogModuleManager: Shutting down and abandoning module WorkspaceMenuStructure (138)
[2018.01.13-12.29.33:951][582]LogModuleManager: Shutting down and abandoning module SlateReflector (132)
[2018.01.13-12.29.33:952][582]LogModuleManager: Shutting down and abandoning module Slate (130)
[2018.01.13-12.29.33:952][582]LogModuleManager: Shutting down and abandoning module EditorStyle (128)
[2018.01.13-12.29.33:959][582]LogModuleManager: Shutting down and abandoning module Messaging (126)
[2018.01.13-12.29.33:959][582]LogModuleManager: Shutting down and abandoning module SourceCodeAccess (124)
[2018.01.13-12.29.33:959][582]LogModuleManager: Shutting down and abandoning module HeadMountedDisplay (122)
[2018.01.13-12.29.33:959][582]LogModuleManager: Shutting down and abandoning module XAudio2 (120)
[2018.01.13-12.29.33:959][582]LogModuleManager: Shutting down and abandoning module Networking (118)
[2018.01.13-12.29.33:959][582]LogModuleManager: Shutting down and abandoning module Core (116)
[2018.01.13-12.29.33:959][582]LogModuleManager: Shutting down and abandoning module KismetCompiler (114)
[2018.01.13-12.29.33:959][582]LogModuleManager: Shutting down and abandoning module PhysXFormats (112)
[2018.01.13-12.29.33:959][582]LogModuleManager: Shutting down and abandoning module MeshUtilities (110)
[2018.01.13-12.29.33:959][582]LogModuleManager: Shutting down and abandoning module SimplygonSwarm (109)
[2018.01.13-12.29.33:959][582]LogModuleManager: Shutting down and abandoning module SimplygonMeshReduction (107)
[2018.01.13-12.29.33:960][582]LogModuleManager: Shutting down and abandoning module QuadricMeshReduction (105)
[2018.01.13-12.29.33:960][582]LogModuleManager: Shutting down and abandoning module PropertyEditor (103)
[2018.01.13-12.29.33:960][582]LogModuleManager: Shutting down and abandoning module AssetRegistry (100)
[2018.01.13-12.29.33:960][582]LogModuleManager: Shutting down and abandoning module DerivedDataCache (98)
[2018.01.13-12.29.34:013][582]LogDerivedDataCache: Shutdown
[2018.01.13-12.29.34:013][582]LogModuleManager: Shutting down and abandoning module TargetPlatform (96)
[2018.01.13-12.29.34:013][582]LogModuleManager: Shutting down and abandoning module VulkanShaderFormat (95)
[2018.01.13-12.29.34:013][582]LogModuleManager: Shutting down and abandoning module ShaderFormatOpenGL (93)
[2018.01.13-12.29.34:013][582]LogModuleManager: Shutting down and abandoning module ShaderFormatD3D (91)
[2018.01.13-12.29.34:013][582]LogModuleManager: Shutting down and abandoning module MetalShaderFormat (89)
[2018.01.13-12.29.34:014][582]LogModuleManager: Shutting down and abandoning module TextureFormatUncompressed (87)
[2018.01.13-12.29.34:014][582]LogModuleManager: Shutting down and abandoning module TextureFormatPVR (85)
[2018.01.13-12.29.34:014][582]LogModuleManager: Shutting down and abandoning module TextureFormatDXT (83)
[2018.01.13-12.29.34:014][582]LogModuleManager: Shutting down and abandoning module TextureFormatIntelISPCTexComp (81)
[2018.01.13-12.29.34:014][582]LogModuleManager: Shutting down and abandoning module TextureFormatASTC (79)
[2018.01.13-12.29.34:015][582]LogModuleManager: Shutting down and abandoning module ImageWrapper (78)
[2018.01.13-12.29.34:015][582]LogModuleManager: Shutting down and abandoning module TextureFormatAndroid (75)
[2018.01.13-12.29.34:015][582]LogModuleManager: Shutting down and abandoning module AudioFormatOpus (73)
[2018.01.13-12.29.34:015][582]LogModuleManager: Shutting down and abandoning module AudioFormatOgg (71)
[2018.01.13-12.29.34:015][582]LogModuleManager: Shutting down and abandoning module AudioFormatADPCM (69)
[2018.01.13-12.29.34:015][582]LogModuleManager: Shutting down and abandoning module WindowsTargetPlatform (67)
[2018.01.13-12.29.34:015][582]LogModuleManager: Shutting down and abandoning module WindowsServerTargetPlatform (65)
[2018.01.13-12.29.34:015][582]LogModuleManager: Shutting down and abandoning module WindowsNoEditorTargetPlatform (63)
[2018.01.13-12.29.34:015][582]LogModuleManager: Shutting down and abandoning module WindowsClientTargetPlatform (61)
[2018.01.13-12.29.34:015][582]LogModuleManager: Shutting down and abandoning module InputCore (58)
[2018.01.13-12.29.34:015][582]LogModuleManager: Shutting down and abandoning module Settings (56)
[2018.01.13-12.29.34:015][582]LogModuleManager: Shutting down and abandoning module OculusRift (54)
[2018.01.13-12.29.34:015][582]LogModuleManager: Shutting down and abandoning module GearVR (52)
[2018.01.13-12.29.34:015][582]LogModuleManager: Shutting down and abandoning module ExampleDeviceProfileSelector (50)
[2018.01.13-12.29.34:015][582]LogModuleManager: Shutting down and abandoning module OnlineBlueprintSupport (48)
[2018.01.13-12.29.34:015][582]LogModuleManager: Shutting down and abandoning module OnlineSubsystem (44)
[2018.01.13-12.29.34:015][582]LogOnline:Display: OSS: FOnlineSubsystemNull::Shutdown()
[2018.01.13-12.29.34:016][582]LogOnline:Display: Unloading online subsystem: STEAM
[2018.01.13-12.29.34:016][582]LogOnline:Display: Unloading online subsystem: NULL
[2018.01.13-12.29.34:016][582]LogModuleManager: Shutting down and abandoning module XMPP (37)
[2018.01.13-12.29.34:017][582]LogModuleManager: Shutting down and abandoning module HTTP (35)
[2018.01.13-12.29.34:035][582]LogModuleManager: Shutting down and abandoning module SSL (34)
[2018.01.13-12.29.34:038][582]LogModuleManager: Shutting down and abandoning module AudioEditor (30)
[2018.01.13-12.29.34:039][582]LogModuleManager: Shutting down and abandoning module TextureCompressor (28)
[2018.01.13-12.29.34:040][582]LogModuleManager: Shutting down and abandoning module ShaderCore (26)
[2018.01.13-12.29.34:040][582]LogModuleManager: Shutting down and abandoning module Landscape (24)
[2018.01.13-12.29.34:040][582]LogModuleManager: Shutting down and abandoning module SlateRHIRenderer (22)
[2018.01.13-12.29.34:042][582]LogModuleManager: Shutting down and abandoning module OpenGLDrv (20)
[2018.01.13-12.29.34:042][582]LogModuleManager: Shutting down and abandoning module D3D11RHI (18)
[2018.01.13-12.29.34:042][582]LogModuleManager: Shutting down and abandoning module AnimGraphRuntime (16)
[2018.01.13-12.29.34:042][582]LogModuleManager: Shutting down and abandoning module Renderer (14)
[2018.01.13-12.29.34:043][582]LogModuleManager: Shutting down and abandoning module Engine (12)
[2018.01.13-12.29.34:043][582]LogModuleManager: Shutting down and abandoning module CoreUObject (10)
[2018.01.13-12.29.34:043][582]LogModuleManager: Shutting down and abandoning module NetworkFile (8)
[2018.01.13-12.29.34:043][582]LogModuleManager: Shutting down and abandoning module StreamingFile (6)
[2018.01.13-12.29.34:043][582]LogModuleManager: Shutting down and abandoning module SandboxFile (4)
[2018.01.13-12.29.34:043][582]LogModuleManager: Shutting down and abandoning module PakFile (2)
[2018.01.13-12.29.34:046][582]LogExit: Exiting.
[2018.01.13-12.29.34:051][582]Log file closed, 01/13/18 13:29:34
