Log file open, 12/23/17 13:32:08
LogInit:Display: Running engine for game: WalkonG2
LogPlatformFile: Not using cached read wrapper
LogInit:Display: RandInit(2024064006) SRandInit(2024064006).
LogTaskGraph: Started task graph with 5 named threads and 8 total threads with 1 sets of task threads.
LogStats: Stats thread started at 0.069874
LogInit: Using libcurl 7.47.1
LogInit:  - built for x86_64-pc-win32
LogInit:  - supports SSL with OpenSSL/1.0.2g
LogInit:  - supports HTTP deflate (compression) using libz 1.2.8
LogInit:  - other features:
LogInit:      CURL_VERSION_SSL
LogInit:      CURL_VERSION_LIBZ
LogInit:      CURL_VERSION_IPV6
LogInit:      CURL_VERSION_ASYNCHDNS
LogInit:      CURL_VERSION_LARGEFILE
LogInit:      CURL_VERSION_IDN
LogInit:  CurlRequestOptions (configurable via config and command line):
LogInit:  - bVerifyPeer = false  - Libcurl will NOT verify peer certificate
LogInit:  - bUseHttpProxy = false  - Libcurl will NOT use HTTP proxy
LogInit:  - bDontReuseConnections = false  - Libcurl will reuse connections
LogInit:  - CertBundlePath = nullptr  - Libcurl will use whatever was configured at build time.
LogOnline:Display: STEAM: Loading Steam SDK 1.32
LogOnline:Warning: STEAM: Steam API disabled!
LogOnline:Display: STEAM: OnlineSubsystemSteam::Shutdown()
LogInit: WinSock: version 1.1 (2.2), MaxSocks=32767, MaxUdp=65467
LogInit: Build: ++UE4+Release-4.15-CL-3450819
LogInit: Engine Version: 4.15.3-3450819+++UE4+Release-4.15
LogInit: Compatible Engine Version: 4.15.0-3299760+++UE4+Release-4.15
LogInit: Net CL: 3299760
LogDevObjectVersion: Number of dev versions registered: 14
LogDevObjectVersion:   Dev-Blueprints (B0D832E4-1F89-4F0D-ACCF-7EB736FD4AA2): 8
LogDevObjectVersion:   Dev-Build (E1C64328-A22C-4D53-A36C-8E866417BD8C): 0
LogDevObjectVersion:   Dev-Core (375EC13C-06E4-48FB-B500-84F0262A717E): 2
LogDevObjectVersion:   Dev-Editor (E4B068ED-F494-42E9-A231-DA0B2E46BB41): 14
LogDevObjectVersion:   Dev-Framework (CFFC743F-43B0-4480-9391-14DF171D2073): 22
LogDevObjectVersion:   Dev-Mobile (B02B49B5-BB20-44E9-A304-32B752E40360): 0
LogDevObjectVersion:   Dev-Networking (A4E4105C-59A1-49B5-A7C5-40C4547EDFEE): 0
LogDevObjectVersion:   Dev-Online (39C831C9-5AE6-47DC-9A44-9C173E1C8E7C): 0
LogDevObjectVersion:   Dev-Physics (78F01B33-EBEA-4F98-B9B4-84EACCB95AA2): 0
LogDevObjectVersion:   Dev-Platform (6631380F-2D4D-43E0-8009-CF276956A95A): 0
LogDevObjectVersion:   Dev-Rendering (12F88B9F-8875-4AFC-A67C-D90C383ABD29): 12
LogDevObjectVersion:   Dev-Sequencer (7B5AE74C-D270-4C10-A958-57980B212A5A): 3
LogDevObjectVersion:   Dev-VR (D7296918-1DD6-4BDD-9DE2-64A83CC13884): 0
LogDevObjectVersion:   Dev-LoadTimes (C2A15278-BFE7-4AFE-6C17-90FF531DF755): 1
LogInit: Compiled (64-bit): May 21 2017 11:02:34
LogInit: Compiled with Visual C++: 19.00.23026.00
LogInit: Build Configuration: Development
LogInit: Branch Name: ++UE4+Release-4.15
LogInit: Command line: 
LogInit: Base directory: C:/Program Files/Epic Games/UE_4.15/Engine/Binaries/Win64/
LogInit: Installed Engine Build: 1
LogInit: Presizing for max 8388607 objects, including 0 objects not considered by GC, pre-allocating 0 bytes for permanent pool.
LogInit: Object subsystem initialized
[2017.12.23-12.32.09:453][  0]LogInit: Selected Device Profile: [Windows]
[2017.12.23-12.32.09:453][  0]LogInit: Applying CVar settings loaded from the selected device profile: [Windows]
[2017.12.23-12.32.09:482][  0]LogInit: Computer: DEVPC
[2017.12.23-12.32.09:482][  0]LogInit: User: Aron
[2017.12.23-12.32.09:482][  0]LogInit: CPU Page size=65536, Cores=4
[2017.12.23-12.32.09:482][  0]LogInit: High frequency timer resolution =3.903991 MHz
[2017.12.23-12.32.09:482][  0]LogMemory: Memory total: Physical=15.9GB (16GB approx)
[2017.12.23-12.32.09:482][  0]LogMemory: Platform Memory Stats for Windows
[2017.12.23-12.32.09:482][  0]LogMemory: Process Physical Memory: 264.56 MB used, 264.56 MB peak
[2017.12.23-12.32.09:482][  0]LogMemory: Process Virtual Memory: 262.75 MB used, 262.75 MB peak
[2017.12.23-12.32.09:482][  0]LogMemory: Physical Memory: 5653.14 MB used,  10672.68 MB free, 16325.82 MB total
[2017.12.23-12.32.09:482][  0]LogMemory: Virtual Memory: 681.62 MB used,  10672.68 MB free, 134217728.00 MB total
[2017.12.23-12.32.09:585][  0]LogTextLocalizationManager: No translations for ('hr-HR') exist, falling back to 'en' for localization and internationalization data.
[2017.12.23-12.32.10:088][  0]LogD3D11RHI: D3D11 adapters:
[2017.12.23-12.32.10:104][  0]LogD3D11RHI:    0. 'AMD Radeon (TM) R9 390 Series' (Feature Level 11_0)
[2017.12.23-12.32.10:104][  0]LogD3D11RHI:       8168/0/8162 MB DedicatedVideo/DedicatedSystem/SharedSystem, Outputs:3, VendorId:0x1002
[2017.12.23-12.32.10:106][  0]LogD3D11RHI:    1. 'Microsoft Basic Render Driver' (Feature Level 11_0)
[2017.12.23-12.32.10:106][  0]LogD3D11RHI:       0/0/8162 MB DedicatedVideo/DedicatedSystem/SharedSystem, Outputs:0, VendorId:0x1414
[2017.12.23-12.32.10:106][  0]LogD3D11RHI: Chosen D3D11 Adapter: 0
[2017.12.23-12.32.10:109][  0]LogD3D11RHI: Creating new Direct3DDevice
[2017.12.23-12.32.10:109][  0]LogD3D11RHI:     GPU DeviceId: 0x67b0 (for the marketing name, search the web for "GPU Device Id")
[2017.12.23-12.32.10:109][  0]LogWindows: EnumDisplayDevices:
[2017.12.23-12.32.10:109][  0]LogWindows:    0. 'AMD Radeon (TM) R9 390 Series' (P:1 D:1)
[2017.12.23-12.32.10:110][  0]LogWindows:    1. 'AMD Radeon (TM) R9 390 Series' (P:0 D:1)
[2017.12.23-12.32.10:110][  0]LogWindows:    2. 'AMD Radeon (TM) R9 390 Series' (P:0 D:1)
[2017.12.23-12.32.10:110][  0]LogWindows:    3. 'AMD Radeon (TM) R9 390 Series' (P:0 D:0)
[2017.12.23-12.32.10:110][  0]LogWindows:    4. 'AMD Radeon (TM) R9 390 Series' (P:0 D:0)
[2017.12.23-12.32.10:110][  0]LogWindows:    5. 'AMD Radeon (TM) R9 390 Series' (P:0 D:0)
[2017.12.23-12.32.10:110][  0]LogWindows: DebugString: GetVideoDriverDetailsInvalid PrimaryIsNotTheChoosenAdapter GetVideoDriverDetailsInvalid PrimaryIsNotTheChoosenAdapter GetVideoDriverDetailsInvalid PrimaryIsNotTheChoosenAdapter GetVideoDriverDetailsInvalid PrimaryIsNotTheChoosenAdapter GetVideoDriverDetailsInvalid PrimaryIsNotTheChoosenAdapter GetVideoDriverDetailsInvalid PrimaryIsNotTheChoosenAdapter FoundDriverCount:0 
[2017.12.23-12.32.10:110][  0]LogD3D11RHI:     Adapter Name: AMD Radeon (TM) R9 390 Series
[2017.12.23-12.32.10:110][  0]LogD3D11RHI:   Driver Version: Unknown (internal:Unknown, unified:Unknown)
[2017.12.23-12.32.10:110][  0]LogD3D11RHI:      Driver Date: Unknown
[2017.12.23-12.32.10:110][  0]LogRHI: Texture pool is 1361 MB (70% of 1945 MB)
[2017.12.23-12.32.10:129][  0]LogD3D11RHI: Async texture creation enabled
[2017.12.23-12.32.10:142][  0]LogD3D11RHI: GPU Timing Frequency: 27.000000 (Debug: 2 1)
[2017.12.23-12.32.10:142][  0]LogShaderCompilers: Guid format shader working directory is 9 characters bigger than the processId version (E:/Buisness/Unreal/WalkonG2/WalkonG2/Intermediate/Shaders/WorkingDirectory/7380/).
[2017.12.23-12.32.10:143][  0]LogShaderCompilers: Cleaned the shader compiler working directory 'C:/Users/Aron/AppData/Local/Temp/UnrealShaderWorkingDir/07F448BE4732BB37D05C529BAA29230B/'.
[2017.12.23-12.32.10:143][  0]LogShaderCompilers:Display: Using Local Shader Compiler.
[2017.12.23-12.32.11:019][  0]LogTemp:Display: Loaded TP AllDesktopTargetPlatform
[2017.12.23-12.32.11:064][  0]LogTemp:Display: Loaded TP MacClientTargetPlatform
[2017.12.23-12.32.11:112][  0]LogTemp:Display: Loaded TP MacNoEditorTargetPlatform
[2017.12.23-12.32.11:161][  0]LogTemp:Display: Loaded TP MacServerTargetPlatform
[2017.12.23-12.32.11:206][  0]LogTemp:Display: Loaded TP MacTargetPlatform
[2017.12.23-12.32.11:250][  0]LogTemp:Display: Loaded TP WindowsClientTargetPlatform
[2017.12.23-12.32.11:294][  0]LogTemp:Display: Loaded TP WindowsNoEditorTargetPlatform
[2017.12.23-12.32.11:357][  0]LogTemp:Display: Loaded TP WindowsServerTargetPlatform
[2017.12.23-12.32.11:393][  0]LogTemp:Display: Loaded TP WindowsTargetPlatform
[2017.12.23-12.32.11:436][  0]LogTemp:Display: Loaded TP AndroidTargetPlatform
[2017.12.23-12.32.11:480][  0]LogTemp:Display: Loaded TP Android_ASTCTargetPlatform
[2017.12.23-12.32.11:522][  0]LogTemp:Display: Loaded TP Android_ATCTargetPlatform
[2017.12.23-12.32.11:565][  0]LogTemp:Display: Loaded TP Android_DXTTargetPlatform
[2017.12.23-12.32.11:610][  0]LogTemp:Display: Loaded TP Android_ETC1TargetPlatform
[2017.12.23-12.32.11:653][  0]LogTemp:Display: Loaded TP Android_ETC2TargetPlatform
[2017.12.23-12.32.11:742][  0]LogTemp:Display: Loaded TP Android_MultiTargetPlatform
[2017.12.23-12.32.11:742][  0]LogTemp:Display: Loaded TP Android_PVRTCTargetPlatform
[2017.12.23-12.32.11:774][  0]LogTemp:Display: Loaded TP HTML5TargetPlatform
[2017.12.23-12.32.11:859][  0]LogTemp:Display: Loaded TP IOSTargetPlatform
[2017.12.23-12.32.11:887][  0]LogTemp:Display: Loaded TP TVOSTargetPlatform
[2017.12.23-12.32.11:964][  0]LogTemp:Display: Loaded TP LinuxClientTargetPlatform
[2017.12.23-12.32.12:006][  0]LogTemp:Display: Loaded TP LinuxNoEditorTargetPlatform
[2017.12.23-12.32.12:050][  0]LogTemp:Display: Loaded TP LinuxServerTargetPlatform
[2017.12.23-12.32.12:094][  0]LogTemp:Display: Loaded TP LinuxTargetPlatform
[2017.12.23-12.32.12:094][  0]LogTargetPlatformManager:Display: Building Assets For Windows
[2017.12.23-12.32.12:464][  0]LogDerivedDataCache:Display: Max Cache Size: 512 MB
[2017.12.23-12.32.12:499][  0]LogDerivedDataCache: Loaded boot cache 0.03s 50MB C:/Users/Aron/AppData/Local/UnrealEngine/4.15/DerivedDataCache/Boot.ddc.
[2017.12.23-12.32.12:499][  0]LogDerivedDataCache:Display: Loaded Boot cache: C:/Users/Aron/AppData/Local/UnrealEngine/4.15/DerivedDataCache/Boot.ddc
[2017.12.23-12.32.12:499][  0]LogDerivedDataCache: FDerivedDataBackendGraph:  Pak pak cache file E:/Buisness/Unreal/WalkonG2/WalkonG2/DerivedDataCache/DDC.ddp not found, will not use a pak cache.
[2017.12.23-12.32.12:499][  0]LogDerivedDataCache: Unable to find inner node Pak for hierarchical cache Hierarchy.
[2017.12.23-12.32.12:499][  0]LogDerivedDataCache: FDerivedDataBackendGraph:  CompressedPak pak cache file E:/Buisness/Unreal/WalkonG2/WalkonG2/DerivedDataCache/Compressed.ddp not found, will not use a pak cache.
[2017.12.23-12.32.12:499][  0]LogDerivedDataCache: Unable to find inner node CompressedPak for hierarchical cache Hierarchy.
[2017.12.23-12.32.12:514][  0]LogDerivedDataCache:Display: Pak cache opened for reading ../../../Engine/DerivedDataCache/Compressed.ddp.
[2017.12.23-12.32.12:527][  0]LogDerivedDataCache: Using Local data cache path C:/Users/Aron/AppData/Local/UnrealEngine/Common/DerivedDataCache: Writable
[2017.12.23-12.32.12:533][  0]LogSlate: Using Freetype 2.6.0
[2017.12.23-12.32.12:534][  0]LogSlate: SlateFontCache - WITH_FREETYPE: 1, WITH_HARFBUZZ: 1
[2017.12.23-12.32.12:534][  0]LogSlate: SlateFontCache - WITH_FREETYPE: 1, WITH_HARFBUZZ: 1
[2017.12.23-12.32.12:758][  0]LogInit: Selected Device Profile: [Windows]
[2017.12.23-12.32.12:760][  0]LogContentStreaming: Texture pool size is 0.00 MB
[2017.12.23-12.32.12:926][  0]LogMeshUtilities: Using QuadricMeshReduction for automatic static mesh reduction
[2017.12.23-12.32.12:963][  0]LogSimplygon: Simplygon DLL not present - disabling.
[2017.12.23-12.32.13:001][  0]LogMeshUtilities: Using SimplygonSwarm for distributed automatic mesh merging
[2017.12.23-12.32.13:001][  0]LogMeshUtilities: No automatic skeletal mesh reduction module available
[2017.12.23-12.32.13:001][  0]LogMeshUtilities: No automatic mesh merging module available
[2017.12.23-12.32.13:453][  0]LogNetVersion: GetLocalNetworkVersion: CL: 3299760, ProjectName: walkong2, ProjectVersion: , EngineNetworkVersion: 2, GameNetworkVersion: 0, NetworkChecksum: 2522600614
[2017.12.23-12.32.13:495][  0]LogAssetRegistry: FAssetRegistry took 0.0224 seconds to start up
[2017.12.23-12.32.13:531][  0]LogPackageLocalizationCache: Processed 3 localized package path(s) for 1 prioritized culture(s) in 0.017933 seconds
[2017.12.23-12.32.13:535][  0]LogUObjectArray: 32500 objects as part of root set at end of initial load.
[2017.12.23-12.32.13:535][  0]LogUObjectAllocator: 7290880 out of 0 bytes used by permanent object pool.
[2017.12.23-12.32.13:535][  0]LogUObjectArray: CloseDisregardForGC: 0/0 objects in disregard for GC pool
[2017.12.23-12.32.14:965][  0]LogTcpMessaging: Initializing TcpMessaging bridge
[2017.12.23-12.32.14:998][  0]LogUdpMessaging: Initializing bridge on interface 0.0.0.0:0 to multicast group 230.0.0.1:6666.
[2017.12.23-12.32.15:459][  0]LogMaterial: Uniform references updated for custom material expression Custom.
[2017.12.23-12.32.15:771][  0]SourceControl: Info Source control is disabled
[2017.12.23-12.32.17:572][  0]LogEngine: Initializing Engine...
[2017.12.23-12.32.17:574][  0]LogHMD: Failed to initialize OpenVR with code 110
[2017.12.23-12.32.17:699][  0]LogStats: UGameplayTagsManager::ConstructGameplayTagTree: Construct from data asset -  0.000 s
[2017.12.23-12.32.17:699][  0]LogStats: UGameplayTagsManager::ConstructGameplayTagTree: GameplayTagTreeChangedEvent.Broadcast -  0.000 s
[2017.12.23-12.32.17:831][  0]LogAIModule: Creating AISystem for world Untitled
[2017.12.23-12.32.17:839][  0]LogInit: XAudio2 using 'Speakers (Realtek High Definition Audio)' : 2 channels at 48 kHz using 32 bits per sample (channel mask 0x3)
[2017.12.23-12.32.17:852][  0]LogInit: FAudioDevice initialized.
[2017.12.23-12.32.17:874][  0]LogDerivedDataCache: Saved boot cache 0.02s 50MB C:/Users/Aron/AppData/Local/UnrealEngine/4.15/DerivedDataCache/Boot.ddc.
[2017.12.23-12.32.17:876][  0]LogInit: Texture streaming: Enabled
[2017.12.23-12.32.17:951][  0]LogEngineSessionManager: EngineSessionManager initialized
[2017.12.23-12.32.18:027][  0]LogInit: Transaction tracking system initialized
[2017.12.23-12.32.18:329][  0]BlueprintLog: New page: Editor Load
[2017.12.23-12.32.19:165][  0]LocalizationService: Info Localization service is disabled
[2017.12.23-12.32.19:761][  0]LogConsoleResponse:Display: 
[2017.12.23-12.32.19:865][  0]LogCook:Display: Max memory allowance for cook 16384mb min free memory 0mb
[2017.12.23-12.32.19:865][  0]LogCook:Display: Mobile HDR setting 1
[2017.12.23-12.32.20:143][  0]LogFileCache: Scanning file cache for directory 'E:/Buisness/Unreal/WalkonG2/WalkonG2/Content/' took 0.01s
[2017.12.23-12.32.21:047][  0]Cmd: MAP LOAD FILE="E:/Buisness/Unreal/WalkonG2/WalkonG2/Content/Maps/MainMenu.umap" TEMPLATE=0 SHOWPROGRESS=1 FEATURELEVEL=3
[2017.12.23-12.32.21:059][  0]LightingResults: New page: Lighting Build
[2017.12.23-12.32.21:116][  0]MapCheck: New page: Map Check
[2017.12.23-12.32.21:116][  0]LightingResults: New page: Lighting Build
[2017.12.23-12.32.21:402][  0]LogLinker: Can't find file '/Game/Mannequin/Character/Textures/UE4_LOGO_CARD'
[2017.12.23-12.32.21:402][  0]LogLinker: Can't find file '/Game/Mannequin/Character/Textures/UE4_LOGO_CARD'
[2017.12.23-12.32.22:028][  0]LogAIModule: Creating AISystem for world MainMenu
[2017.12.23-12.32.22:042][  0]LogEditorServer: Finished looking for orphan Actors (0.000 secs)
[2017.12.23-12.32.22:043][  0]Cmd: MAP CHECKDEP NOCLEARLOG
[2017.12.23-12.32.22:069][  0]MapCheck: Info Map check complete: 0 Error(s), 0 Warning(s), took 26.765ms to complete.
[2017.12.23-12.32.22:069][  0]LogFileHelpers: Loading map 'MainMenu' took 1.023
[2017.12.23-12.32.22:221][  0]LogWindowsTextInputMethodSystem:Display: IME system now deactivated.
[2017.12.23-12.32.22:413][  0]LogCollectionManager: Loaded 0 collections in 0.001101 seconds
[2017.12.23-12.32.22:507][  0]LogFileCache: Scanning file cache for directory 'E:/Buisness/Unreal/WalkonG2/WalkonG2/Saved/Collections/' took 0.01s
[2017.12.23-12.32.22:507][  0]LogFileCache: Scanning file cache for directory 'E:/Buisness/Unreal/WalkonG2/WalkonG2/Content/Developers/Aron/Collections/' took 0.01s
[2017.12.23-12.32.22:507][  0]LogFileCache: Scanning file cache for directory 'E:/Buisness/Unreal/WalkonG2/WalkonG2/Content/Collections/' took 0.01s
[2017.12.23-12.32.22:507][  0]LogCollectionManager: Rebuilt the GUID cache for 0 collections in 0.000001 seconds
[2017.12.23-12.32.22:517][  0]LogContentBrowser: Native class hierarchy populated in 0.0083 seconds. Added 2247 classes and 456 folders.
[2017.12.23-12.32.22:573][  0]LogContentBrowser: Native class hierarchy updated for 'WidgetCarousel' in 0.0007 seconds. Added 0 classes and 0 folders.
[2017.12.23-12.32.22:647][  0]LogContentBrowser: Native class hierarchy updated for 'AddContentDialog' in 0.0008 seconds. Added 0 classes and 0 folders.
[2017.12.23-12.32.22:691][  0]LogContentBrowser: Native class hierarchy updated for 'SceneOutliner' in 0.0008 seconds. Added 1 classes and 2 folders.
[2017.12.23-12.32.22:827][  0]LogCrashTracker: Crashtracker disabled due to settings.
[2017.12.23-12.32.22:835][  0]LogUObjectGlobals:Warning: Failed to find object 'Class None.'
[2017.12.23-12.32.22:913][  0]LogContentBrowser: Native class hierarchy updated for 'HierarchicalLODOutliner' in 0.0007 seconds. Added 1 classes and 2 folders.
[2017.12.23-12.32.22:913][  0]LogLoad: (Engine Initialization) Total time: 15.61 seconds
[2017.12.23-12.32.22:913][  0]LogLoad: (Engine Initialization) Total Blueprint compile time: 0.24 seconds
[2017.12.23-12.32.22:913][  0]LogExternalProfiler: Found external profiler: VSPerf
[2017.12.23-12.32.22:913][  0]LogExternalProfiler: Using external profiler: VSPerf
[2017.12.23-12.32.22:927][  0]LogSteamController: SteamController is not available
[2017.12.23-12.32.22:927][  0]LogOcInput: OculusInput pre-init called
[2017.12.23-12.32.22:948][  0]SourceControl: Info On branch master
[2017.12.23-12.32.22:948][  0]SourceControl: Info Your branch is up to date with 'origin/master'.
[2017.12.23-12.32.22:948][  0]SourceControl: Info Changes not staged for commit:
[2017.12.23-12.32.22:948][  0]SourceControl: Info   (use "git add/rm <file>..." to update what will be committed)
[2017.12.23-12.32.22:948][  0]SourceControl: Info   (use "git checkout -- <file>..." to discard changes in working directory)
[2017.12.23-12.32.22:948][  0]SourceControl: Info 	modified:   WalkonG2/Intermediate/CachedAssetRegistry.bin
[2017.12.23-12.32.22:948][  0]SourceControl: Info 	modified:   WalkonG2/Saved/AutoScreenshot.png
[2017.12.23-12.32.22:948][  0]SourceControl: Info 	modified:   WalkonG2/Saved/Autosaves/PackageRestoreData.json
[2017.12.23-12.32.22:948][  0]SourceControl: Info 	modified:   WalkonG2/Saved/Config/Windows/Editor.ini
[2017.12.23-12.32.22:948][  0]SourceControl: Info 	modified:   WalkonG2/Saved/Config/Windows/EditorPerProjectUserSettings.ini
[2017.12.23-12.32.22:948][  0]SourceControl: Info 	modified:   WalkonG2/Saved/Config/Windows/Engine.ini
[2017.12.23-12.32.22:948][  0]SourceControl: Info 	deleted:    WalkonG2/Saved/Logs/UE4CC-Windows-1923B801474FA6E189E7CBBD38F12DDB/CrashReportClient.ini
[2017.12.23-12.32.22:948][  0]SourceControl: Info 	deleted:    WalkonG2/Saved/Logs/UE4CC-Windows-F0C75AE5416E120196AFC2898AD4702D/CrashReportClient.ini
[2017.12.23-12.32.22:948][  0]SourceControl: Info 	deleted:    WalkonG2/Saved/Logs/WalkonG2-backup-2017.12.18-17.12.41.log
[2017.12.23-12.32.22:948][  0]SourceControl: Info 	modified:   WalkonG2/Saved/Logs/WalkonG2.log
[2017.12.23-12.32.22:949][  0]SourceControl: Info Untracked files:
[2017.12.23-12.32.22:949][  0]SourceControl: Info   (use "git add <file>..." to include in what will be committed)
[2017.12.23-12.32.22:949][  0]SourceControl: Info 	WalkonG2/Saved/Logs/UE4CC-Windows-B7028FC1464D090CB3FD2BAD910B5455/
[2017.12.23-12.32.22:949][  0]SourceControl: Info no changes added to commit (use "git add" and/or "git commit -a")
[2017.12.23-12.32.22:949][  0]LogContentStreaming: Texture pool size now 1000 MB
[2017.12.23-12.32.22:950][  0]LogSlate: Took 0.000150 seconds to synchronously load lazily loaded font '../../../Engine/Content/Slate/Fonts/Roboto-Regular.ttf' (155K)
[2017.12.23-12.32.22:952][  0]LogSlate: Took 0.000121 seconds to synchronously load lazily loaded font '../../../Engine/Content/Slate/Fonts/Roboto-Bold.ttf' (160K)
[2017.12.23-12.32.22:958][  0]LogSlate: Took 0.001210 seconds to synchronously load lazily loaded font '../../../Engine/Content/Editor/Slate/Fonts/FontAwesome.ttf' (139K)
[2017.12.23-12.32.23:074][  0]LogSlate: Took 0.001116 seconds to synchronously load lazily loaded font '../../../Engine/Content/Slate/Fonts/Roboto-Light.ttf' (159K)
[2017.12.23-12.32.23:153][  0]LogRenderer: Reallocating scene render targets to support 1208x576 NumSamples 1 (Frame:2).
[2017.12.23-12.32.23:182][  1]LogAssetRegistry: Asset discovery search completed in 9.7090 seconds
[2017.12.23-12.32.23:182][  1]LogCollectionManager: Rebuilt the object cache for 0 collections in 0.000004 seconds (found 0 objects)
[2017.12.23-12.32.23:182][  1]LogCollectionManager: Fixed up redirectors for 0 collections in 0.000016 seconds (updated 0 objects)
[2017.12.23-12.32.23:943][ 82]LogSlate: Took 0.000174 seconds to synchronously load lazily loaded font '../../../Engine/Content/Slate/Fonts/Roboto-Light.ttf' (159K)
[2017.12.23-12.32.32:713][357]LogSlate: Took 0.000087 seconds to synchronously load lazily loaded font '../../../Engine/Content/Slate/Fonts/Roboto-Light.ttf' (159K)
[2017.12.23-12.32.33:114][357]LogContentBrowser: Native class hierarchy updated for 'BlueprintGraph' in 0.0011 seconds. Added 112 classes and 0 folders.
[2017.12.23-12.32.34:124][357]LogLinker:Warning: Can't find file '/Game/StarterContent/Textures/T_MacroVariation'
[2017.12.23-12.32.34:125][357]LogLinker:Warning: Can't find file for asset '/Game/StarterContent/Textures/T_MacroVariation' while loading E:/Buisness/Unreal/WalkonG2/WalkonG2/Content/Assets/M_Metal_Steel.uasset.
[2017.12.23-12.32.34:125][357]LoadErrors:Error: Error /Game/Assets/M_Metal_Steel : Can't find file for asset. /Game/StarterContent/Textures/T_MacroVariation
[2017.12.23-12.32.34:125][357]LogLinker:Warning: Can't find file '/Game/StarterContent/Textures/T_Metal_Steel_D'
[2017.12.23-12.32.34:126][357]LogLinker:Warning: Can't find file for asset '/Game/StarterContent/Textures/T_Metal_Steel_D' while loading E:/Buisness/Unreal/WalkonG2/WalkonG2/Content/Assets/M_Metal_Steel.uasset.
[2017.12.23-12.32.34:126][357]LoadErrors:Error: Error /Game/Assets/M_Metal_Steel : Can't find file for asset. /Game/StarterContent/Textures/T_Metal_Steel_D
[2017.12.23-12.32.34:126][357]LogLinker:Warning: Can't find file '/Game/StarterContent/Textures/T_Metal_Steel_N'
[2017.12.23-12.32.34:126][357]LogLinker:Warning: Can't find file for asset '/Game/StarterContent/Textures/T_Metal_Steel_N' while loading E:/Buisness/Unreal/WalkonG2/WalkonG2/Content/Assets/M_Metal_Steel.uasset.
[2017.12.23-12.32.34:127][357]LoadErrors:Error: Error /Game/Assets/M_Metal_Steel : Can't find file for asset. /Game/StarterContent/Textures/T_Metal_Steel_N
[2017.12.23-12.32.34:127][357]LogLinker:Warning: Can't find file '/Game/StarterContent/Textures/T_MacroVariation'
[2017.12.23-12.32.34:128][357]LogLinker:Warning: Can't find file for asset '/Game/StarterContent/Textures/T_MacroVariation' while loading E:/Buisness/Unreal/WalkonG2/WalkonG2/Content/Assets/M_Metal_Steel.uasset.
[2017.12.23-12.32.34:128][357]LogLinker:Warning: Can't find file '/Game/StarterContent/Textures/T_Metal_Steel_D'
[2017.12.23-12.32.34:128][357]LogLinker:Warning: Can't find file for asset '/Game/StarterContent/Textures/T_Metal_Steel_D' while loading E:/Buisness/Unreal/WalkonG2/WalkonG2/Content/Assets/M_Metal_Steel.uasset.
[2017.12.23-12.32.34:129][357]LogLinker:Warning: Can't find file '/Game/StarterContent/Textures/T_Metal_Steel_N'
[2017.12.23-12.32.34:129][357]LogLinker:Warning: Can't find file for asset '/Game/StarterContent/Textures/T_Metal_Steel_N' while loading E:/Buisness/Unreal/WalkonG2/WalkonG2/Content/Assets/M_Metal_Steel.uasset.
[2017.12.23-12.32.34:224][357]LogLinker:Warning: Can't find file '/Game/StarterContent/Textures/T_Metal_Steel_D'
[2017.12.23-12.32.34:224][357]LoadErrors: Info Failed to load /Game/StarterContent/Textures/T_Metal_Steel_D.T_Metal_Steel_D Referenced by MaterialExpressionTextureSample_78
[2017.12.23-12.32.34:225][357]LogLinker:Warning: Can't find file for asset '/Game/StarterContent/Textures/T_Metal_Steel_D' while loading NULL.
[2017.12.23-12.32.34:225][357]LogLinker:Warning: Can't find file '/Game/StarterContent/Textures/T_Metal_Steel_N'
[2017.12.23-12.32.34:225][357]LoadErrors: Info Failed to load /Game/StarterContent/Textures/T_Metal_Steel_N.T_Metal_Steel_N Referenced by MaterialExpressionTextureSample_79
[2017.12.23-12.32.34:225][357]LogLinker:Warning: Can't find file for asset '/Game/StarterContent/Textures/T_Metal_Steel_N' while loading NULL.
[2017.12.23-12.32.34:225][357]LogLinker:Warning: Can't find file '/Game/StarterContent/Textures/T_MacroVariation'
[2017.12.23-12.32.34:225][357]LoadErrors: Info Failed to load /Game/StarterContent/Textures/T_MacroVariation.T_MacroVariation Referenced by MaterialExpressionTextureSample_81
[2017.12.23-12.32.34:226][357]LogLinker:Warning: Can't find file for asset '/Game/StarterContent/Textures/T_MacroVariation' while loading NULL.
[2017.12.23-12.32.34:226][357]LogLinker:Warning: Can't find file '/Game/StarterContent/Textures/T_MacroVariation'
[2017.12.23-12.32.34:226][357]LoadErrors: Info Failed to load /Game/StarterContent/Textures/T_MacroVariation.T_MacroVariation Referenced by MaterialExpressionTextureSample_82
[2017.12.23-12.32.34:226][357]LogLinker:Warning: Can't find file for asset '/Game/StarterContent/Textures/T_MacroVariation' while loading NULL.
[2017.12.23-12.32.34:226][357]LogLinker:Warning: Can't find file '/Game/StarterContent/Textures/T_MacroVariation'
[2017.12.23-12.32.34:226][357]LoadErrors: Info Failed to load /Game/StarterContent/Textures/T_MacroVariation.T_MacroVariation Referenced by MaterialExpressionTextureSample_83
[2017.12.23-12.32.34:226][357]LogLinker:Warning: Can't find file for asset '/Game/StarterContent/Textures/T_MacroVariation' while loading NULL.
[2017.12.23-12.32.34:305][357]LogMaterial: Missing cached shader map for material M_Metal_Steel, compiling. 
[2017.12.23-12.32.34:306][357]LogMaterial:Warning: Failed to compile Material /Game/Assets/M_Metal_Steel.M_Metal_Steel for platform PCD3D_SM5, Default Material will be used in game.
[2017.12.23-12.32.34:306][357]LogMaterial:Warning: 	(Node TextureSample) TextureSample> Missing input texture
[2017.12.23-12.32.36:518][357]LogContentBrowser: Native class hierarchy updated for 'SkeletonEditor' in 0.0008 seconds. Added 1 classes and 2 folders.
[2017.12.23-12.32.36:661][357]LogActorComponent: RegisterComponentWithWorld: (/Engine/Transient.World_12:PersistentLevel.Actor_0.DebugSkelMeshComponent_0) Already registered. Aborting.
[2017.12.23-12.32.36:794][357]LogSkeletalMesh: USkeletalMeshComponent::InitArticulated : Bodies already created (/Engine/Transient.World_12:PersistentLevel.Actor_0.DebugSkelMeshComponent_0) - call TermArticulated first.
[2017.12.23-12.32.36:922][357]LogActorComponent: RegisterComponentWithWorld: (/Engine/Transient.World_15:PersistentLevel.Actor_1.DebugSkelMeshComponent_2) Already registered. Aborting.
[2017.12.23-12.32.37:024][357]LogSkeletalMesh: USkeletalMeshComponent::InitArticulated : Bodies already created (/Engine/Transient.World_15:PersistentLevel.Actor_1.DebugSkelMeshComponent_2) - call TermArticulated first.
[2017.12.23-12.32.37:104][357]LogBlueprintUserMessages: [CubeArrows_C_0] CAST FAILED:: no adding arrows
[2017.12.23-12.32.37:104][357]LogBlueprintUserMessages: [CubeArrows_C_0] CAST FAILED:: no adding arrows
[2017.12.23-12.32.37:104][357]LogBlueprintUserMessages: [CubeArrows_C_0] CAST FAILED:: no adding arrows
[2017.12.23-12.32.37:104][357]LogBlueprintUserMessages: [CubeArrows_C_0] CAST FAILED:: no adding arrows
[2017.12.23-12.32.37:104][357]LogBlueprintUserMessages: [CubeArrows_C_0] CAST FAILED:: no adding arrows
[2017.12.23-12.32.37:104][357]LogBlueprintUserMessages: [CubeArrows_C_0] CAST FAILED:: no adding arrows
[2017.12.23-12.32.37:104][357]LogBlueprintUserMessages: [CubeArrows_C_0] CAST FAILED:: no adding arrows
[2017.12.23-12.32.37:104][357]LogBlueprintUserMessages: [CubeArrows_C_0] CAST FAILED:: no adding arrows
[2017.12.23-12.32.37:104][357]LogBlueprintUserMessages: [CubeArrows_C_0] CAST FAILED:: no adding arrows
[2017.12.23-12.32.37:123][357]LogSlate: Took 0.001459 seconds to synchronously load lazily loaded font '../../../Engine/Content/Editor/Slate/Fonts/Roboto-BoldCondensed.ttf' (158K)
[2017.12.23-12.32.37:712][358]LogSlate: Took 0.001060 seconds to synchronously load lazily loaded font '../../../Engine/Content/Editor/Slate/Fonts/Roboto-Italic.ttf' (157K)
[2017.12.23-12.34.28:264][569]LogActorComponent: UnregisterComponent: (/Engine/Transient.EditorFloorComp) Not registered. Aborting.
[2017.12.23-12.34.28:761][588]LogActorComponent: UnregisterComponent: (/Engine/Transient.EditorFloorComp) Not registered. Aborting.
[2017.12.23-12.34.29:210][606]LogActorComponent: UnregisterComponent: (/Engine/Transient.EditorFloorComp) Not registered. Aborting.
