Log file open, 12/11/17 20:06:53
LogInit:Display: Running engine for game: WalkonG2
LogPlatformFile: Not using cached read wrapper
LogInit:Display: RandInit(1685729327) SRandInit(1685729327).
LogTaskGraph: Started task graph with 5 named threads and 8 total threads with 1 sets of task threads.
LogStats: Stats thread started at 0.068513
LogInit: Using libcurl 7.47.1
LogInit:  - built for x86_64-pc-win32
LogInit:  - supports SSL with OpenSSL/1.0.2g
LogInit:  - supports HTTP deflate (compression) using libz 1.2.8
LogInit:  - other features:
LogInit:      CURL_VERSION_SSL
LogInit:      CURL_VERSION_LIBZ
LogInit:      CURL_VERSION_IPV6
LogInit:      CURL_VERSION_ASYNCHDNS
LogInit:      CURL_VERSION_LARGEFILE
LogInit:      CURL_VERSION_IDN
LogInit:  CurlRequestOptions (configurable via config and command line):
LogInit:  - bVerifyPeer = false  - Libcurl will NOT verify peer certificate
LogInit:  - bUseHttpProxy = false  - Libcurl will NOT use HTTP proxy
LogInit:  - bDontReuseConnections = false  - Libcurl will reuse connections
LogInit:  - CertBundlePath = nullptr  - Libcurl will use whatever was configured at build time.
LogOnline:Display: STEAM: Loading Steam SDK 1.32
LogInit: WinSock: version 1.1 (2.2), MaxSocks=32767, MaxUdp=65467
LogInit: Build: ++UE4+Release-4.15-CL-3450819
LogInit: Engine Version: 4.15.3-3450819+++UE4+Release-4.15
LogInit: Compatible Engine Version: 4.15.0-3299760+++UE4+Release-4.15
LogInit: Net CL: 3299760
LogDevObjectVersion: Number of dev versions registered: 14
LogDevObjectVersion:   Dev-Blueprints (B0D832E4-1F89-4F0D-ACCF-7EB736FD4AA2): 8
LogDevObjectVersion:   Dev-Build (E1C64328-A22C-4D53-A36C-8E866417BD8C): 0
LogDevObjectVersion:   Dev-Core (375EC13C-06E4-48FB-B500-84F0262A717E): 2
LogDevObjectVersion:   Dev-Editor (E4B068ED-F494-42E9-A231-DA0B2E46BB41): 14
LogDevObjectVersion:   Dev-Framework (CFFC743F-43B0-4480-9391-14DF171D2073): 22
LogDevObjectVersion:   Dev-Mobile (B02B49B5-BB20-44E9-A304-32B752E40360): 0
LogDevObjectVersion:   Dev-Networking (A4E4105C-59A1-49B5-A7C5-40C4547EDFEE): 0
LogDevObjectVersion:   Dev-Online (39C831C9-5AE6-47DC-9A44-9C173E1C8E7C): 0
LogDevObjectVersion:   Dev-Physics (78F01B33-EBEA-4F98-B9B4-84EACCB95AA2): 0
LogDevObjectVersion:   Dev-Platform (6631380F-2D4D-43E0-8009-CF276956A95A): 0
LogDevObjectVersion:   Dev-Rendering (12F88B9F-8875-4AFC-A67C-D90C383ABD29): 12
LogDevObjectVersion:   Dev-Sequencer (7B5AE74C-D270-4C10-A958-57980B212A5A): 3
LogDevObjectVersion:   Dev-VR (D7296918-1DD6-4BDD-9DE2-64A83CC13884): 0
LogDevObjectVersion:   Dev-LoadTimes (C2A15278-BFE7-4AFE-6C17-90FF531DF755): 1
LogInit: Compiled (64-bit): May 21 2017 11:02:34
LogInit: Compiled with Visual C++: 19.00.23026.00
LogInit: Build Configuration: Development
LogInit: Branch Name: ++UE4+Release-4.15
LogInit: Command line:  -game
LogInit: Base directory: C:/Program Files/Epic Games/UE_4.15/Engine/Binaries/Win64/
LogInit: Installed Engine Build: 1
LogInit: Presizing for max 8388607 objects, including 0 objects not considered by GC, pre-allocating 0 bytes for permanent pool.
LogInit: Object subsystem initialized
[2017.12.11-19.06.55:113][  0]LogInit: Selected Device Profile: [Windows]
[2017.12.11-19.06.55:113][  0]LogInit: Applying CVar settings loaded from the selected device profile: [Windows]
[2017.12.11-19.06.55:128][  0]LogInit: Computer: DEVPC
[2017.12.11-19.06.55:128][  0]LogInit: User: Aron
[2017.12.11-19.06.55:128][  0]LogInit: CPU Page size=65536, Cores=4
[2017.12.11-19.06.55:128][  0]LogInit: High frequency timer resolution =3.903996 MHz
[2017.12.11-19.06.55:129][  0]LogMemory: Memory total: Physical=15.9GB (16GB approx)
[2017.12.11-19.06.55:129][  0]LogMemory: Platform Memory Stats for Windows
[2017.12.11-19.06.55:129][  0]LogMemory: Process Physical Memory: 295.86 MB used, 295.86 MB peak
[2017.12.11-19.06.55:129][  0]LogMemory: Process Virtual Memory: 275.68 MB used, 275.68 MB peak
[2017.12.11-19.06.55:129][  0]LogMemory: Physical Memory: 3842.20 MB used,  12483.62 MB free, 16325.82 MB total
[2017.12.11-19.06.55:129][  0]LogMemory: Virtual Memory: 797.43 MB used,  12483.62 MB free, 134217728.00 MB total
[2017.12.11-19.06.55:225][  0]LogTextLocalizationManager: No translations for ('hr-HR') exist, falling back to 'en' for localization and internationalization data.
[2017.12.11-19.06.55:607][  0]LogD3D11RHI: D3D11 adapters:
[2017.12.11-19.06.55:629][  0]LogD3D11RHI:    0. 'AMD Radeon (TM) R9 390 Series' (Feature Level 11_0)
[2017.12.11-19.06.55:629][  0]LogD3D11RHI:       8168/0/8162 MB DedicatedVideo/DedicatedSystem/SharedSystem, Outputs:3, VendorId:0x1002
[2017.12.11-19.06.55:632][  0]LogD3D11RHI:    1. 'Microsoft Basic Render Driver' (Feature Level 11_0)
[2017.12.11-19.06.55:632][  0]LogD3D11RHI:       0/0/8162 MB DedicatedVideo/DedicatedSystem/SharedSystem, Outputs:0, VendorId:0x1414
[2017.12.11-19.06.55:632][  0]LogD3D11RHI: Chosen D3D11 Adapter: 0
[2017.12.11-19.06.55:636][  0]LogD3D11RHI: Creating new Direct3DDevice
[2017.12.11-19.06.55:636][  0]LogD3D11RHI:     GPU DeviceId: 0x67b0 (for the marketing name, search the web for "GPU Device Id")
[2017.12.11-19.06.55:636][  0]LogWindows: EnumDisplayDevices:
[2017.12.11-19.06.55:636][  0]LogWindows:    0. 'AMD Radeon (TM) R9 390 Series' (P:1 D:1)
[2017.12.11-19.06.55:636][  0]LogWindows:    1. 'AMD Radeon (TM) R9 390 Series' (P:0 D:1)
[2017.12.11-19.06.55:637][  0]LogWindows:    2. 'AMD Radeon (TM) R9 390 Series' (P:0 D:1)
[2017.12.11-19.06.55:637][  0]LogWindows:    3. 'AMD Radeon (TM) R9 390 Series' (P:0 D:0)
[2017.12.11-19.06.55:637][  0]LogWindows:    4. 'AMD Radeon (TM) R9 390 Series' (P:0 D:0)
[2017.12.11-19.06.55:637][  0]LogWindows:    5. 'AMD Radeon (TM) R9 390 Series' (P:0 D:0)
[2017.12.11-19.06.55:637][  0]LogWindows: DebugString: GetVideoDriverDetailsInvalid PrimaryIsNotTheChoosenAdapter GetVideoDriverDetailsInvalid PrimaryIsNotTheChoosenAdapter GetVideoDriverDetailsInvalid PrimaryIsNotTheChoosenAdapter GetVideoDriverDetailsInvalid PrimaryIsNotTheChoosenAdapter GetVideoDriverDetailsInvalid PrimaryIsNotTheChoosenAdapter GetVideoDriverDetailsInvalid PrimaryIsNotTheChoosenAdapter FoundDriverCount:0 
[2017.12.11-19.06.55:637][  0]LogD3D11RHI:     Adapter Name: AMD Radeon (TM) R9 390 Series
[2017.12.11-19.06.55:637][  0]LogD3D11RHI:   Driver Version: Unknown (internal:Unknown, unified:Unknown)
[2017.12.11-19.06.55:637][  0]LogD3D11RHI:      Driver Date: Unknown
[2017.12.11-19.06.55:637][  0]LogRHI: Texture pool is 1361 MB (70% of 1945 MB)
[2017.12.11-19.06.55:781][  0]LogD3D11RHI: Async texture creation enabled
[2017.12.11-19.06.55:794][  0]LogD3D11RHI: GPU Timing Frequency: 27.000000 (Debug: 2 1)
[2017.12.11-19.06.55:795][  0]LogShaderCompilers: Guid format shader working directory is 8 characters bigger than the processId version (E:/Buisness/Unreal/WalkonG2/WalkonG2/Intermediate/Shaders/WorkingDirectory/11700/).
[2017.12.11-19.06.55:795][  0]LogShaderCompilers: Cleaned the shader compiler working directory 'C:/Users/Aron/AppData/Local/Temp/UnrealShaderWorkingDir/A19FF1C5492521277B23C9A47E544543/'.
[2017.12.11-19.06.55:795][  0]LogShaderCompilers:Display: Using Local Shader Compiler.
[2017.12.11-19.06.56:857][  0]LogTemp:Display: Loaded TP WindowsClientTargetPlatform
[2017.12.11-19.06.56:905][  0]LogTemp:Display: Loaded TP WindowsNoEditorTargetPlatform
[2017.12.11-19.06.56:956][  0]LogTemp:Display: Loaded TP WindowsServerTargetPlatform
[2017.12.11-19.06.56:996][  0]LogTemp:Display: Loaded TP WindowsTargetPlatform
[2017.12.11-19.06.56:996][  0]LogTargetPlatformManager:Display: Building Assets For Windows
[2017.12.11-19.06.57:412][  0]LogDerivedDataCache:Display: Max Cache Size: 512 MB
[2017.12.11-19.06.57:615][  0]LogDerivedDataCache: Loaded boot cache 0.20s 50MB C:/Users/Aron/AppData/Local/UnrealEngine/4.15/DerivedDataCache/Boot.ddc.
[2017.12.11-19.06.57:615][  0]LogDerivedDataCache:Display: Loaded Boot cache: C:/Users/Aron/AppData/Local/UnrealEngine/4.15/DerivedDataCache/Boot.ddc
[2017.12.11-19.06.57:615][  0]LogDerivedDataCache: FDerivedDataBackendGraph:  Pak pak cache file E:/Buisness/Unreal/WalkonG2/WalkonG2/DerivedDataCache/DDC.ddp not found, will not use a pak cache.
[2017.12.11-19.06.57:615][  0]LogDerivedDataCache: Unable to find inner node Pak for hierarchical cache Hierarchy.
[2017.12.11-19.06.57:615][  0]LogDerivedDataCache: FDerivedDataBackendGraph:  CompressedPak pak cache file E:/Buisness/Unreal/WalkonG2/WalkonG2/DerivedDataCache/Compressed.ddp not found, will not use a pak cache.
[2017.12.11-19.06.57:615][  0]LogDerivedDataCache: Unable to find inner node CompressedPak for hierarchical cache Hierarchy.
[2017.12.11-19.06.57:632][  0]LogDerivedDataCache:Display: Pak cache opened for reading ../../../Engine/DerivedDataCache/Compressed.ddp.
[2017.12.11-19.06.57:645][  0]LogDerivedDataCache: Using Local data cache path C:/Users/Aron/AppData/Local/UnrealEngine/Common/DerivedDataCache: Writable
[2017.12.11-19.06.57:654][  0]LogSlate: Using Freetype 2.6.0
[2017.12.11-19.06.57:655][  0]LogSlate: SlateFontCache - WITH_FREETYPE: 1, WITH_HARFBUZZ: 1
[2017.12.11-19.06.57:655][  0]LogSlate: SlateFontCache - WITH_FREETYPE: 1, WITH_HARFBUZZ: 1
[2017.12.11-19.06.58:210][  0]LogAssetRegistry: FAssetRegistry took 0.0001 seconds to start up
[2017.12.11-19.06.58:220][  0]LogPackageLocalizationCache: Processed 3 localized package path(s) for 1 prioritized culture(s) in 0.009914 seconds
[2017.12.11-19.06.58:233][  0]LogInit: Selected Device Profile: [Windows]
[2017.12.11-19.06.58:234][  0]LogContentStreaming: Texture pool size is 1000.00 MB
[2017.12.11-19.06.58:413][  0]LogMeshUtilities: Using QuadricMeshReduction for automatic static mesh reduction
[2017.12.11-19.06.58:454][  0]LogSimplygon: Simplygon DLL not present - disabling.
[2017.12.11-19.06.58:496][  0]LogMeshUtilities: Using SimplygonSwarm for distributed automatic mesh merging
[2017.12.11-19.06.58:496][  0]LogMeshUtilities: No automatic skeletal mesh reduction module available
[2017.12.11-19.06.58:496][  0]LogMeshUtilities: No automatic mesh merging module available
[2017.12.11-19.06.58:919][  0]LogNetVersion: GetLocalNetworkVersion: CL: 3299760, ProjectName: walkong2, ProjectVersion: , EngineNetworkVersion: 2, GameNetworkVersion: 0, NetworkChecksum: 2522600614
[2017.12.11-19.06.59:715][  0]LogMoviePlayer: Initializing movie player
[2017.12.11-19.07.00:328][  0]SourceControl: Info Source control is disabled
[2017.12.11-19.07.00:328][  0]SourceControl: Info Source control is disabled
[2017.12.11-19.07.00:372][  0]SourceControl: Info Source control is disabled
[2017.12.11-19.07.00:999][  0]LogUObjectArray: 34415 objects as part of root set at end of initial load.
[2017.12.11-19.07.00:999][  0]LogUObjectAllocator: 7853176 out of 0 bytes used by permanent object pool.
[2017.12.11-19.07.00:999][  0]LogUObjectArray: CloseDisregardForGC: 0/0 objects in disregard for GC pool
[2017.12.11-19.07.01:096][  0]LogEngine: Initializing Engine...
[2017.12.11-19.07.01:097][  0]LogHMD: Failed to initialize OpenVR with code 110
[2017.12.11-19.07.01:177][  0]LogStats: UGameplayTagsManager::ConstructGameplayTagTree: Construct from data asset -  0.000 s
[2017.12.11-19.07.01:177][  0]LogStats: UGameplayTagsManager::ConstructGameplayTagTree: GameplayTagTreeChangedEvent.Broadcast -  0.000 s
[2017.12.11-19.07.01:186][  0]LogInit: XAudio2 using 'Speakers (Realtek High Definition Audio)' : 2 channels at 48 kHz using 32 bits per sample (channel mask 0x3)
[2017.12.11-19.07.01:197][  0]LogInit: FAudioDevice initialized.
[2017.12.11-19.07.01:231][  0]LogDerivedDataCache: Saved boot cache 0.02s 50MB C:/Users/Aron/AppData/Local/UnrealEngine/4.15/DerivedDataCache/Boot.ddc.
[2017.12.11-19.07.01:233][  0]LogInit: Texture streaming: Enabled
[2017.12.11-19.07.01:245][  0]LogMaterial: Uniform references updated for custom material expression Custom.
[2017.12.11-19.07.01:710][  0]LogLinker: Can't find file '/Game/Mannequin/Character/Textures/UE4_LOGO_CARD'
[2017.12.11-19.07.01:710][  0]LogLinker: Can't find file '/Game/Mannequin/Character/Textures/UE4_LOGO_CARD'
[2017.12.11-19.07.02:157][  0]LogInit:Display: Game Engine Initialized.
[2017.12.11-19.07.02:308][  0]LogInit:Display: Starting Game.
[2017.12.11-19.07.02:308][  0]LogNet: Browse: /Game/Maps/MainMenu?Name=Player
[2017.12.11-19.07.02:309][  0]LogLoad: LoadMap: /Game/Maps/MainMenu?Name=Player
[2017.12.11-19.07.02:334][  0]LogMemory: Platform Memory Stats for Windows
[2017.12.11-19.07.02:334][  0]LogMemory: Process Physical Memory: 751.68 MB used, 751.68 MB peak
[2017.12.11-19.07.02:334][  0]LogMemory: Process Virtual Memory: 833.08 MB used, 833.09 MB peak
[2017.12.11-19.07.02:334][  0]LogMemory: Physical Memory: 4415.42 MB used,  11910.40 MB free, 16325.82 MB total
[2017.12.11-19.07.02:334][  0]LogMemory: Virtual Memory: 1629.76 MB used,  11910.40 MB free, 134217728.00 MB total
[2017.12.11-19.07.02:334][  0]LogMemory: 
[2017.12.11-19.07.02:334][  0]Allocator Stats for TBB: (not implemented)
[2017.12.11-19.07.02:485][  0]LogAIModule: Creating AISystem for world MainMenu
[2017.12.11-19.07.02:486][  0]LogLinker:Warning: Can't find file '/Game/ThirdPersonBP/Blueprints/ThirdPersonGameMode'
[2017.12.11-19.07.02:486][  0]LogUObjectGlobals:Warning: Failed to load '/Game/ThirdPersonBP/Blueprints/ThirdPersonGameMode': Can't find file '/Game/ThirdPersonBP/Blueprints/ThirdPersonGameMode'
[2017.12.11-19.07.02:486][  0]LogLinker:Warning: Can't find file '/Game/ThirdPersonBP/Blueprints/ThirdPersonGameMode'
[2017.12.11-19.07.02:486][  0]LogUObjectGlobals:Warning: Failed to load '/Game/ThirdPersonBP/Blueprints/ThirdPersonGameMode': Can't find file '/Game/ThirdPersonBP/Blueprints/ThirdPersonGameMode'
[2017.12.11-19.07.02:486][  0]LogUObjectGlobals:Warning: Failed to find object 'Class /Game/ThirdPersonBP/Blueprints/ThirdPersonGameMode.ThirdPersonGameMode_C'
[2017.12.11-19.07.02:486][  0]LogLoad: Game class is 'GameModeBase'
[2017.12.11-19.07.02:488][  0]LogWorld: Bringing World /Game/Maps/MainMenu.MainMenu up for play (max tick rate 0) at 2017.12.11-20.07.02
[2017.12.11-19.07.02:489][  0]LogWorld: Bringing up level for play took: 0.001408
[2017.12.11-19.07.02:520][  0]LogLoad: Took 0.211480 seconds to LoadMap(/Game/Maps/MainMenu)
[2017.12.11-19.07.02:743][  0]LogRenderer: Reallocating scene render targets to support 1280x720 NumSamples 1 (Frame:2).
[2017.12.11-19.07.02:743][  0]LogLoad: (Engine Initialization) Total time: 10.26 seconds
[2017.12.11-19.07.02:743][  0]LogLoad: (Engine Initialization) Total Blueprint compile time: 0.15 seconds
[2017.12.11-19.07.02:743][  0]LogExternalProfiler: Found external profiler: VSPerf
[2017.12.11-19.07.02:743][  0]LogExternalProfiler: Using external profiler: VSPerf
[2017.12.11-19.07.02:764][  0]LogSteamController: SteamController could not be initialized with vdf file 'C:/Program Files/Epic Games/UE_4.15/Engine/Plugins/Runtime/Steam/SteamController/Content/Controller.vdf'.
[2017.12.11-19.07.02:764][  0]LogOcInput: OculusInput pre-init called
[2017.12.11-19.07.02:780][  0]LoadErrors:Error: Error /Game/Blueprints/AllLevels/GameInfoInstance : Failed import for ByteProperty /Game/UI/MainMenu/ProfileMenu.ProfileMenu_C:WelcomeMessageVis
[2017.12.11-19.07.05:268][152]LogRenderer: Reallocating scene render targets to support 1920x1080 NumSamples 1 (Frame:155).
[2017.12.11-19.07.12:198][581]LogSlate: Took 0.001456 seconds to synchronously load lazily loaded font '../../../Engine/Content/Slate/Fonts/Roboto-Regular.ttf' (155K)
[2017.12.11-19.07.28:991][622]LogNetVersion: GetLocalNetworkVersion: CL: 3299760, ProjectName: walkong2, ProjectVersion: 1.0.0.0, EngineNetworkVersion: 2, GameNetworkVersion: 0, NetworkChecksum: 453732618
[2017.12.11-19.07.28:998][622]LogInit: WinSock: I am DevPC (192.168.0.16:0)
[2017.12.11-19.07.29:339][622]LogPackageName: SearchForPackageOnDisk took   0.209s to resolve Lobby.umap.
[2017.12.11-19.07.29:384][622]LogPackageName: SearchForPackageOnDisk took   0.045s to resolve Lobby.umap.
[2017.12.11-19.07.29:384][622]LogNet: Browse: /Game/Maps/Lobby?listen
[2017.12.11-19.07.29:384][622]LogLoad: LoadMap: /Game/Maps/Lobby?listen
[2017.12.11-19.07.29:400][622]LogMemory: Platform Memory Stats for Windows
[2017.12.11-19.07.29:400][622]LogMemory: Process Physical Memory: 771.39 MB used, 771.39 MB peak
[2017.12.11-19.07.29:400][622]LogMemory: Process Virtual Memory: 1176.91 MB used, 1333.13 MB peak
[2017.12.11-19.07.29:400][622]LogMemory: Physical Memory: 4336.36 MB used,  11989.46 MB free, 16325.82 MB total
[2017.12.11-19.07.29:400][622]LogMemory: Virtual Memory: 2079.61 MB used,  11989.46 MB free, 134217728.00 MB total
[2017.12.11-19.07.29:400][622]LogMemory: 
[2017.12.11-19.07.29:400][622]Allocator Stats for TBB: (not implemented)
[2017.12.11-19.07.29:898][622]LogLinker:Warning: Can't find file '/Game/StarterContent/Particles/P_Fire'
[2017.12.11-19.07.29:898][622]LoadErrors: Info Failed to load /Game/StarterContent/Particles/P_Fire.P_Fire Referenced by WidgetTree
[2017.12.11-19.07.29:898][622]LogUObjectGlobals:Warning: Failed to load '/Game/StarterContent/Particles/P_Fire': Can't find file '/Game/StarterContent/Particles/P_Fire'
[2017.12.11-19.07.29:898][622]LogLinker:Warning: Can't find file for asset '/Game/StarterContent/Particles/P_Fire' while loading NULL.
[2017.12.11-19.07.29:898][622]LoadErrors: Info Failed to load /Game/StarterContent/Particles/P_Fire.P_Fire Referenced by WidgetTree
[2017.12.11-19.07.29:898][622]LogUObjectGlobals:Warning: Failed to load '/Game/StarterContent/Particles/P_Fire': Can't find file for asset '/Game/StarterContent/Particles/P_Fire' while loading NULL.
[2017.12.11-19.07.29:918][622]LogLinker:Warning: Can't find file '/Game/StarterContent/Particles/P_Fire'
[2017.12.11-19.07.29:918][622]LoadErrors: Info Failed to load /Game/StarterContent/Particles/P_Fire.P_Fire Referenced by Fire_GEN_VARIABLE
[2017.12.11-19.07.29:918][622]LogUObjectGlobals:Warning: Failed to load '/Game/StarterContent/Particles/P_Fire': Can't find file '/Game/StarterContent/Particles/P_Fire'
[2017.12.11-19.07.29:918][622]LogLinker:Warning: Can't find file for asset '/Game/StarterContent/Particles/P_Fire' while loading NULL.
[2017.12.11-19.07.29:918][622]LoadErrors: Info Failed to load /Game/StarterContent/Particles/P_Fire.P_Fire Referenced by Fire_GEN_VARIABLE
[2017.12.11-19.07.29:918][622]LogUObjectGlobals:Warning: Failed to load '/Game/StarterContent/Particles/P_Fire': Can't find file for asset '/Game/StarterContent/Particles/P_Fire' while loading NULL.
[2017.12.11-19.07.29:920][622]LogLinker:Warning: Can't find file '/Game/StarterContent/Particles/P_Fire'
[2017.12.11-19.07.29:920][622]LoadErrors: Info Failed to load /Game/StarterContent/Particles/P_Fire.P_Fire Referenced by WidgetTree
[2017.12.11-19.07.29:920][622]LogUObjectGlobals:Warning: Failed to load '/Game/StarterContent/Particles/P_Fire': Can't find file '/Game/StarterContent/Particles/P_Fire'
[2017.12.11-19.07.29:920][622]LogLinker:Warning: Can't find file for asset '/Game/StarterContent/Particles/P_Fire' while loading NULL.
[2017.12.11-19.07.29:920][622]LoadErrors: Info Failed to load /Game/StarterContent/Particles/P_Fire.P_Fire Referenced by WidgetTree
[2017.12.11-19.07.29:920][622]LogUObjectGlobals:Warning: Failed to load '/Game/StarterContent/Particles/P_Fire': Can't find file for asset '/Game/StarterContent/Particles/P_Fire' while loading NULL.
[2017.12.11-19.07.29:939][622]LogLinker:Warning: Can't find file '/Game/StarterContent/Particles/P_Fire'
[2017.12.11-19.07.29:939][622]LoadErrors: Info Failed to load /Game/StarterContent/Particles/P_Fire.P_Fire Referenced by Fire_GEN_VARIABLE
[2017.12.11-19.07.29:939][622]LogUObjectGlobals:Warning: Failed to load '/Game/StarterContent/Particles/P_Fire': Can't find file '/Game/StarterContent/Particles/P_Fire'
[2017.12.11-19.07.29:939][622]LogLinker:Warning: Can't find file for asset '/Game/StarterContent/Particles/P_Fire' while loading NULL.
[2017.12.11-19.07.29:939][622]LoadErrors: Info Failed to load /Game/StarterContent/Particles/P_Fire.P_Fire Referenced by Fire_GEN_VARIABLE
[2017.12.11-19.07.29:939][622]LogUObjectGlobals:Warning: Failed to load '/Game/StarterContent/Particles/P_Fire': Can't find file for asset '/Game/StarterContent/Particles/P_Fire' while loading NULL.
[2017.12.11-19.07.31:349][622]LogLinker:Warning: Can't find file '/Engine/BasicShapes/RedMaterial'
[2017.12.11-19.07.31:349][622]LoadErrors: Info Failed to load /Engine/BasicShapes/RedMaterial.RedMaterial Referenced by WidgetTree
[2017.12.11-19.07.31:349][622]LogUObjectGlobals:Warning: Failed to load '/Engine/BasicShapes/RedMaterial': Can't find file '/Engine/BasicShapes/RedMaterial'
[2017.12.11-19.07.31:350][622]LogLinker:Warning: Can't find file for asset '/Engine/BasicShapes/RedMaterial' while loading NULL.
[2017.12.11-19.07.31:350][622]LoadErrors: Info Failed to load /Engine/BasicShapes/RedMaterial.RedMaterial Referenced by WidgetTree
[2017.12.11-19.07.31:350][622]LogUObjectGlobals:Warning: Failed to load '/Engine/BasicShapes/RedMaterial': Can't find file for asset '/Engine/BasicShapes/RedMaterial' while loading NULL.
[2017.12.11-19.07.31:372][622]LogLinker:Warning: Can't find file '/Engine/BasicShapes/RedMaterial'
[2017.12.11-19.07.31:372][622]LoadErrors: Info Failed to load /Engine/BasicShapes/RedMaterial.RedMaterial Referenced by K2Node_VariableSet_3548
[2017.12.11-19.07.31:372][622]LogUObjectGlobals:Warning: Failed to load '/Engine/BasicShapes/RedMaterial': Can't find file '/Engine/BasicShapes/RedMaterial'
[2017.12.11-19.07.31:372][622]LogLinker:Warning: Can't find file for asset '/Engine/BasicShapes/RedMaterial' while loading NULL.
[2017.12.11-19.07.31:372][622]LoadErrors: Info Failed to load /Engine/BasicShapes/RedMaterial.RedMaterial Referenced by K2Node_VariableSet_3548
[2017.12.11-19.07.31:373][622]LogUObjectGlobals:Warning: Failed to load '/Engine/BasicShapes/RedMaterial': Can't find file for asset '/Engine/BasicShapes/RedMaterial' while loading NULL.
[2017.12.11-19.07.31:855][622]LogLinker:Warning: Can't find file '/Engine/BasicShapes/RedMaterial'
[2017.12.11-19.07.31:855][622]LoadErrors: Info Failed to load /Engine/BasicShapes/RedMaterial.RedMaterial Referenced by WorldSettings_1
[2017.12.11-19.07.31:856][622]LogUObjectGlobals:Warning: Failed to load '/Engine/BasicShapes/RedMaterial': Can't find file '/Engine/BasicShapes/RedMaterial'
[2017.12.11-19.07.31:856][622]LogLinker:Warning: Can't find file for asset '/Engine/BasicShapes/RedMaterial' while loading NULL.
[2017.12.11-19.07.31:856][622]LoadErrors: Info Failed to load /Engine/BasicShapes/RedMaterial.RedMaterial Referenced by WorldSettings_1
[2017.12.11-19.07.31:856][622]LogUObjectGlobals:Warning: Failed to load '/Engine/BasicShapes/RedMaterial': Can't find file for asset '/Engine/BasicShapes/RedMaterial' while loading NULL.
[2017.12.11-19.07.31:871][622]LogLinker:Warning: Can't find file '/Engine/BasicShapes/RedMaterial'
[2017.12.11-19.07.31:871][622]LoadErrors: Info Failed to load /Engine/BasicShapes/RedMaterial.RedMaterial Referenced by K2Node_VariableSet_3548
[2017.12.11-19.07.31:871][622]LogUObjectGlobals:Warning: Failed to load '/Engine/BasicShapes/RedMaterial': Can't find file '/Engine/BasicShapes/RedMaterial'
[2017.12.11-19.07.31:871][622]LogLinker:Warning: Can't find file for asset '/Engine/BasicShapes/RedMaterial' while loading NULL.
[2017.12.11-19.07.31:871][622]LoadErrors: Info Failed to load /Engine/BasicShapes/RedMaterial.RedMaterial Referenced by K2Node_VariableSet_3548
[2017.12.11-19.07.31:872][622]LogUObjectGlobals:Warning: Failed to load '/Engine/BasicShapes/RedMaterial': Can't find file for asset '/Engine/BasicShapes/RedMaterial' while loading NULL.
[2017.12.11-19.07.31:919][622]LogLinker:Warning: Can't find file '/Game/StarterContent/UE4_LOGO_CARD'
[2017.12.11-19.07.31:919][622]LoadErrors: Info Failed to load /Game/StarterContent/UE4_LOGO_CARD.UE4_LOGO_CARD Referenced by WorldSettings_1
[2017.12.11-19.07.31:919][622]LogUObjectGlobals:Warning: Failed to load '/Game/StarterContent/UE4_LOGO_CARD': Can't find file '/Game/StarterContent/UE4_LOGO_CARD'
[2017.12.11-19.07.31:919][622]LogLinker:Warning: Can't find file for asset '/Game/StarterContent/UE4_LOGO_CARD' while loading NULL.
[2017.12.11-19.07.31:919][622]LoadErrors: Info Failed to load /Game/StarterContent/UE4_LOGO_CARD.UE4_LOGO_CARD Referenced by WorldSettings_1
[2017.12.11-19.07.31:919][622]LogUObjectGlobals:Warning: Failed to load '/Game/StarterContent/UE4_LOGO_CARD': Can't find file for asset '/Game/StarterContent/UE4_LOGO_CARD' while loading NULL.
[2017.12.11-19.07.31:923][622]LogLinker:Warning: Can't find file '/Game/StarterContent/UE4_LOGO_CARD'
[2017.12.11-19.07.31:923][622]LoadErrors: Info Failed to load /Game/StarterContent/UE4_LOGO_CARD.UE4_LOGO_CARD Referenced by K2Node_SetFieldsInStruct_0
[2017.12.11-19.07.31:923][622]LogUObjectGlobals:Warning: Failed to load '/Game/StarterContent/UE4_LOGO_CARD': Can't find file '/Game/StarterContent/UE4_LOGO_CARD'
[2017.12.11-19.07.31:923][622]LogLinker:Warning: Can't find file for asset '/Game/StarterContent/UE4_LOGO_CARD' while loading NULL.
[2017.12.11-19.07.31:923][622]LoadErrors: Info Failed to load /Game/StarterContent/UE4_LOGO_CARD.UE4_LOGO_CARD Referenced by K2Node_SetFieldsInStruct_0
[2017.12.11-19.07.31:924][622]LogUObjectGlobals:Warning: Failed to load '/Game/StarterContent/UE4_LOGO_CARD': Can't find file for asset '/Game/StarterContent/UE4_LOGO_CARD' while loading NULL.
[2017.12.11-19.07.33:758][622]LogAIModule: Creating AISystem for world Lobby
[2017.12.11-19.07.33:758][622]LogLoad: Game class is 'LobbyGM_C'
[2017.12.11-19.07.33:761][622]LogNet:Display: SteamNetDriver_0 bound to port 7777
[2017.12.11-19.07.33:761][622]PacketHandlerLog: Loaded PacketHandler component: Engine.EngineHandlerComponentFactory (StatelessConnectHandlerComponent)
[2017.12.11-19.07.33:762][622]LogNet: GameNetDriver SteamNetDriver_0 IpNetDriver listening on port 7777
[2017.12.11-19.07.33:766][622]LogWorld: Bringing World /Game/Maps/Lobby.Lobby up for play (max tick rate 0) at 2017.12.11-20.07.33
[2017.12.11-19.07.33:766][622]LogWorld: Bringing up level for play took: 0.003596
[2017.12.11-19.07.33:799][622]LogGameMode:Display: Match State Changed from EnteringMap to WaitingToStart
[2017.12.11-19.07.33:799][622]LogGameState: Match State Changed from EnteringMap to WaitingToStart
[2017.12.11-19.07.33:799][622]LogGameMode:Display: Match State Changed from WaitingToStart to InProgress
[2017.12.11-19.07.33:799][622]LogGameState: Match State Changed from WaitingToStart to InProgress
[2017.12.11-19.07.33:799][622]LogLoad: Took 4.415311 seconds to LoadMap(/Game/Maps/Lobby)
[2017.12.11-19.07.39:208][955]PIE:Warning: Warning This widget does not support focus.  If this is a UserWidget, you should set bIsFocusable to true.
[2017.12.11-19.07.40:195][ 16]LogBlueprintUserMessages: [ErikaBP_C_0] LobbyPC
[2017.12.11-19.07.40:196][ 16]LogBlueprintUserMessages: [ErikaBP_C_0] sasdfafsdasdf
[2017.12.11-19.08.03:182][441]LogGameMode:Display: Match State Changed from InProgress to LeavingMap
[2017.12.11-19.08.03:182][441]LogGameState: Match State Changed from InProgress to LeavingMap
[2017.12.11-19.08.03:216][441]LogGameMode: ProcessServerTravel: /Game/Maps/CastleMap01
[2017.12.11-19.08.03:216][441]LogWorld: SeamlessTravel to: /Game/Maps/CastleMap01
[2017.12.11-19.08.03:303][443]LogAIModule: Creating AISystem for world TravelMap
[2017.12.11-19.08.03:304][443]LogStats:     SeamlessTravel FlushLevelStreaming  -  0.001 s
[2017.12.11-19.08.03:304][443]LogWorld: Bringing World /Game/Maps/TravelMap.TravelMap up for play (max tick rate 0) at 2017.12.11-20.08.03
[2017.12.11-19.08.03:304][443]LogWorld: Bringing up level for play took: 0.000288
[2017.12.11-19.08.03:304][443]LogWorld: Sending NotifyLoadedWorld for LP: LocalPlayer_0 PC: LobbyPC_C_0
[2017.12.11-19.08.03:304][443]LogNet:Verbose: NotifyLoadedWorld Begin
[2017.12.11-19.08.03:304][443]LogNet:VeryVerbose: GetFunctionCallspace Server calling Server function: ServerNotifyLoadedWorld Local
[2017.12.11-19.08.03:304][443]LogNet:Verbose: NotifyLoadedWorld End
[2017.12.11-19.08.03:304][443]LogWorld: StartLoadingDestination to: /Game/Maps/CastleMap01
[2017.12.11-19.08.03:545][451]LogStreaming:Error: Couldn't find file for package /Game/StarterContent/Textures/T_MacroVariation requested by async loading code. NameToLoad: /Game/StarterContent/Textures/T_MacroVariation
[2017.12.11-19.08.03:555][452]LogStreaming:Error: Couldn't find file for package /Game/StarterContent/Textures/T_Metal_Steel_N requested by async loading code. NameToLoad: /Game/StarterContent/Textures/T_Metal_Steel_N
[2017.12.11-19.08.03:555][452]LogStreaming:Error: Couldn't find file for package /Game/StarterContent/Textures/T_Metal_Steel_D requested by async loading code. NameToLoad: /Game/StarterContent/Textures/T_Metal_Steel_D
[2017.12.11-19.08.03:555][452]LogLinker:Warning: Can't find file '/Game/StarterContent/Textures/T_MacroVariation'
[2017.12.11-19.08.03:555][452]LogUObjectGlobals:Warning: Failed to load '/Game/StarterContent/Textures/T_MacroVariation': Can't find file '/Game/StarterContent/Textures/T_MacroVariation'
[2017.12.11-19.08.03:555][452]LogLinker:Warning: Can't find file for asset '/Game/StarterContent/Textures/T_MacroVariation' while loading NULL.
[2017.12.11-19.08.03:555][452]LogUObjectGlobals:Warning: Failed to load '/Game/StarterContent/Textures/T_MacroVariation': Can't find file for asset '/Game/StarterContent/Textures/T_MacroVariation' while loading NULL.
[2017.12.11-19.08.03:555][452]LogLinker:Warning: Can't find file '/Game/StarterContent/Textures/T_Metal_Steel_D'
[2017.12.11-19.08.03:555][452]LogUObjectGlobals:Warning: Failed to load '/Game/StarterContent/Textures/T_Metal_Steel_D': Can't find file '/Game/StarterContent/Textures/T_Metal_Steel_D'
[2017.12.11-19.08.03:555][452]LogLinker:Warning: Can't find file for asset '/Game/StarterContent/Textures/T_Metal_Steel_D' while loading NULL.
[2017.12.11-19.08.03:555][452]LogUObjectGlobals:Warning: Failed to load '/Game/StarterContent/Textures/T_Metal_Steel_D': Can't find file for asset '/Game/StarterContent/Textures/T_Metal_Steel_D' while loading NULL.
[2017.12.11-19.08.03:555][452]LogLinker:Warning: Can't find file '/Game/StarterContent/Textures/T_Metal_Steel_N'
[2017.12.11-19.08.03:555][452]LogUObjectGlobals:Warning: Failed to load '/Game/StarterContent/Textures/T_Metal_Steel_N': Can't find file '/Game/StarterContent/Textures/T_Metal_Steel_N'
[2017.12.11-19.08.03:556][452]LogLinker:Warning: Can't find file for asset '/Game/StarterContent/Textures/T_Metal_Steel_N' while loading NULL.
[2017.12.11-19.08.03:556][452]LogUObjectGlobals:Warning: Failed to load '/Game/StarterContent/Textures/T_Metal_Steel_N': Can't find file for asset '/Game/StarterContent/Textures/T_Metal_Steel_N' while loading NULL.
[2017.12.11-19.08.03:562][452]LogLinker:Warning: Can't find file '/Game/StarterContent/Textures/T_Metal_Steel_D'
[2017.12.11-19.08.03:562][452]LoadErrors: Info Failed to load /Game/StarterContent/Textures/T_Metal_Steel_D.T_Metal_Steel_D Referenced by MaterialExpressionTextureSample_78
[2017.12.11-19.08.03:562][452]LogUObjectGlobals:Warning: Failed to load '/Game/StarterContent/Textures/T_Metal_Steel_D': Can't find file '/Game/StarterContent/Textures/T_Metal_Steel_D'
[2017.12.11-19.08.03:562][452]LogLinker:Warning: Can't find file for asset '/Game/StarterContent/Textures/T_Metal_Steel_D' while loading NULL.
[2017.12.11-19.08.03:562][452]LoadErrors: Info Failed to load /Game/StarterContent/Textures/T_Metal_Steel_D.T_Metal_Steel_D Referenced by MaterialExpressionTextureSample_78
[2017.12.11-19.08.03:562][452]LogUObjectGlobals:Warning: Failed to load '/Game/StarterContent/Textures/T_Metal_Steel_D': Can't find file for asset '/Game/StarterContent/Textures/T_Metal_Steel_D' while loading NULL.
[2017.12.11-19.08.03:562][452]LogLinker:Warning: Can't find file '/Game/StarterContent/Textures/T_Metal_Steel_N'
[2017.12.11-19.08.03:562][452]LoadErrors: Info Failed to load /Game/StarterContent/Textures/T_Metal_Steel_N.T_Metal_Steel_N Referenced by MaterialExpressionTextureSample_79
[2017.12.11-19.08.03:562][452]LogUObjectGlobals:Warning: Failed to load '/Game/StarterContent/Textures/T_Metal_Steel_N': Can't find file '/Game/StarterContent/Textures/T_Metal_Steel_N'
[2017.12.11-19.08.03:562][452]LogLinker:Warning: Can't find file for asset '/Game/StarterContent/Textures/T_Metal_Steel_N' while loading NULL.
[2017.12.11-19.08.03:562][452]LoadErrors: Info Failed to load /Game/StarterContent/Textures/T_Metal_Steel_N.T_Metal_Steel_N Referenced by MaterialExpressionTextureSample_79
[2017.12.11-19.08.03:562][452]LogUObjectGlobals:Warning: Failed to load '/Game/StarterContent/Textures/T_Metal_Steel_N': Can't find file for asset '/Game/StarterContent/Textures/T_Metal_Steel_N' while loading NULL.
[2017.12.11-19.08.03:562][452]LogLinker:Warning: Can't find file '/Game/StarterContent/Textures/T_MacroVariation'
[2017.12.11-19.08.03:562][452]LoadErrors: Info Failed to load /Game/StarterContent/Textures/T_MacroVariation.T_MacroVariation Referenced by MaterialExpressionTextureSample_81
[2017.12.11-19.08.03:562][452]LogUObjectGlobals:Warning: Failed to load '/Game/StarterContent/Textures/T_MacroVariation': Can't find file '/Game/StarterContent/Textures/T_MacroVariation'
[2017.12.11-19.08.03:562][452]LogLinker:Warning: Can't find file for asset '/Game/StarterContent/Textures/T_MacroVariation' while loading NULL.
[2017.12.11-19.08.03:562][452]LoadErrors: Info Failed to load /Game/StarterContent/Textures/T_MacroVariation.T_MacroVariation Referenced by MaterialExpressionTextureSample_81
[2017.12.11-19.08.03:562][452]LogUObjectGlobals:Warning: Failed to load '/Game/StarterContent/Textures/T_MacroVariation': Can't find file for asset '/Game/StarterContent/Textures/T_MacroVariation' while loading NULL.
[2017.12.11-19.08.03:562][452]LogLinker:Warning: Can't find file '/Game/StarterContent/Textures/T_MacroVariation'
[2017.12.11-19.08.03:562][452]LoadErrors: Info Failed to load /Game/StarterContent/Textures/T_MacroVariation.T_MacroVariation Referenced by MaterialExpressionTextureSample_82
[2017.12.11-19.08.03:562][452]LogUObjectGlobals:Warning: Failed to load '/Game/StarterContent/Textures/T_MacroVariation': Can't find file '/Game/StarterContent/Textures/T_MacroVariation'
[2017.12.11-19.08.03:562][452]LogLinker:Warning: Can't find file for asset '/Game/StarterContent/Textures/T_MacroVariation' while loading NULL.
[2017.12.11-19.08.03:562][452]LoadErrors: Info Failed to load /Game/StarterContent/Textures/T_MacroVariation.T_MacroVariation Referenced by MaterialExpressionTextureSample_82
[2017.12.11-19.08.03:562][452]LogUObjectGlobals:Warning: Failed to load '/Game/StarterContent/Textures/T_MacroVariation': Can't find file for asset '/Game/StarterContent/Textures/T_MacroVariation' while loading NULL.
[2017.12.11-19.08.03:562][452]LogLinker:Warning: Can't find file '/Game/StarterContent/Textures/T_MacroVariation'
[2017.12.11-19.08.03:562][452]LoadErrors: Info Failed to load /Game/StarterContent/Textures/T_MacroVariation.T_MacroVariation Referenced by MaterialExpressionTextureSample_83
[2017.12.11-19.08.03:562][452]LogUObjectGlobals:Warning: Failed to load '/Game/StarterContent/Textures/T_MacroVariation': Can't find file '/Game/StarterContent/Textures/T_MacroVariation'
[2017.12.11-19.08.03:562][452]LogLinker:Warning: Can't find file for asset '/Game/StarterContent/Textures/T_MacroVariation' while loading NULL.
[2017.12.11-19.08.03:562][452]LoadErrors: Info Failed to load /Game/StarterContent/Textures/T_MacroVariation.T_MacroVariation Referenced by MaterialExpressionTextureSample_83
[2017.12.11-19.08.03:562][452]LogUObjectGlobals:Warning: Failed to load '/Game/StarterContent/Textures/T_MacroVariation': Can't find file for asset '/Game/StarterContent/Textures/T_MacroVariation' while loading NULL.
[2017.12.11-19.08.03:564][452]LogMaterial: Missing cached shader map for material M_Metal_Steel, compiling. 
[2017.12.11-19.08.03:564][452]LogMaterial:Warning: Failed to compile Material /Game/Assets/M_Metal_Steel.M_Metal_Steel for platform PCD3D_SM5, Default Material will be used in game.
[2017.12.11-19.08.03:564][452]LogMaterial:Warning: 	(Node TextureSample) TextureSample> Missing input texture
[2017.12.11-19.08.04:096][458]LogAIModule: Creating AISystem for world CastleMap01
[2017.12.11-19.08.04:096][458]LogLoad: Game class is 'GameplayGM_C'
[2017.12.11-19.08.04:097][458]LogStats:     SeamlessTravel FlushLevelStreaming  -  0.001 s
[2017.12.11-19.08.04:101][458]LogWorld: Bringing World /Game/Maps/CastleMap01.CastleMap01 up for play (max tick rate 0) at 2017.12.11-20.08.04
[2017.12.11-19.08.04:101][458]LogWorld: Bringing up level for play took: 0.004118
[2017.12.11-19.08.04:101][458]LogWorld: Sending NotifyLoadedWorld for LP: LocalPlayer_0 PC: LobbyPC_C_0
[2017.12.11-19.08.04:101][458]LogNet:Verbose: NotifyLoadedWorld Begin
[2017.12.11-19.08.04:101][458]LogNet:VeryVerbose: GetFunctionCallspace Server calling Server function: ServerNotifyLoadedWorld Local
[2017.12.11-19.08.04:101][458]LogNet:Verbose: NotifyLoadedWorld End
[2017.12.11-19.08.04:101][458]LogWorld: ----SeamlessTravel finished in 0.89 seconds ------
[2017.12.11-19.08.04:101][458]LogGameMode: >> GameMode::HandleSeamlessTravelPlayer: LobbyPC_C_0 
[2017.12.11-19.08.04:102][458]LogGameMode: << GameMode::HandleSeamlessTravelPlayer: GameplayPC_C_0
[2017.12.11-19.08.04:102][458]LogGameMode:Display: Match State Changed from EnteringMap to WaitingToStart
[2017.12.11-19.08.04:102][458]LogGameState: Match State Changed from EnteringMap to WaitingToStart
[2017.12.11-19.08.04:102][458]LogGameMode:Display: Match State Changed from WaitingToStart to InProgress
[2017.12.11-19.08.04:105][458]LogBlueprintUserMessages: [ErikaBP_C_0] GameplayPC
[2017.12.11-19.08.04:107][458]LogGameState: Match State Changed from WaitingToStart to InProgress
[2017.12.11-19.08.21:924][563]LogBlueprintUserMessages: [GameplayPC_C_0] TeamChanged
[2017.12.11-19.08.39:841][671]LogPackageName: SearchForPackageOnDisk took   0.046s to resolve MainMenu.umap.
[2017.12.11-19.08.39:846][671]LogGameMode:Display: Match State Changed from InProgress to LeavingMap
[2017.12.11-19.08.39:846][671]LogGameState: Match State Changed from InProgress to LeavingMap
[2017.12.11-19.08.39:891][671]LogPackageName: SearchForPackageOnDisk took   0.045s to resolve MainMenu.umap.
[2017.12.11-19.08.39:891][671]LogNet: Browse: /Game/Maps/MainMenu
[2017.12.11-19.08.39:891][671]LogLoad: LoadMap: /Game/Maps/MainMenu
[2017.12.11-19.08.39:891][671]LogNet: World NetDriver shutdown SteamNetDriver_0 [GameNetDriver]
[2017.12.11-19.08.39:891][671]LogNet: DestroyNamedNetDriver SteamNetDriver_0 [GameNetDriver]
[2017.12.11-19.08.39:892][671]LogExit: GameNetDriver SteamNetDriver_0 shut down
[2017.12.11-19.08.39:933][671]LogMemory: Platform Memory Stats for Windows
[2017.12.11-19.08.39:933][671]LogMemory: Process Physical Memory: 959.19 MB used, 970.04 MB peak
[2017.12.11-19.08.39:933][671]LogMemory: Process Virtual Memory: 1580.16 MB used, 1590.47 MB peak
[2017.12.11-19.08.39:933][671]LogMemory: Physical Memory: 4536.66 MB used,  11789.16 MB free, 16325.82 MB total
[2017.12.11-19.08.39:933][671]LogMemory: Virtual Memory: 2407.07 MB used,  11789.16 MB free, 134217728.00 MB total
[2017.12.11-19.08.39:933][671]LogMemory: 
[2017.12.11-19.08.39:933][671]Allocator Stats for TBB: (not implemented)
[2017.12.11-19.08.39:943][671]LogAIModule: Creating AISystem for world MainMenu
[2017.12.11-19.08.39:943][671]LogLoad: Game class is 'GameModeBase'
[2017.12.11-19.08.39:944][671]LogWorld: Bringing World /Game/Maps/MainMenu.MainMenu up for play (max tick rate 0) at 2017.12.11-20.08.39
[2017.12.11-19.08.39:944][671]LogWorld: Bringing up level for play took: 0.000328
[2017.12.11-19.08.39:946][671]LogLoad: Took 0.055004 seconds to LoadMap(/Game/Maps/MainMenu)
[2017.12.11-19.08.41:252][750]LogPackageName: SearchForPackageOnDisk took   0.046s, but failed to resolve Doungeon.umap.
[2017.12.11-19.08.41:298][750]LogPackageName: SearchForPackageOnDisk took   0.046s, but failed to resolve Doungeon.umap.
[2017.12.11-19.08.41:298][750]LogNet: Browse: /Game/Maps/MainMenu
[2017.12.11-19.08.41:298][750]LogNet:Warning: Travel Failure: [InvalidURL]: Invalid URL: /Game/Maps/MainMenu
[2017.12.11-19.08.41:298][750]LogNet: TravelFailure: InvalidURL, Reason for Failure: 'Invalid URL: /Game/Maps/MainMenu'
[2017.12.11-19.08.41:299][750]LogNet:Warning: Travel Failure: [ClientTravelFailure]: Invalid URL: /Game/Maps/MainMenu
[2017.12.11-19.08.41:299][750]LogNet: TravelFailure: ClientTravelFailure, Reason for Failure: 'Invalid URL: /Game/Maps/MainMenu'
[2017.12.11-19.08.41:306][751]LogNet: Browse: /Game/Maps/MainMenu?closed
[2017.12.11-19.08.41:306][751]LogNet: Failed; returning to Entry
[2017.12.11-19.08.41:306][751]LogLoad: LoadMap: /Game/Maps/MainMenu?closed
[2017.12.11-19.08.41:330][751]LogMemory: Platform Memory Stats for Windows
[2017.12.11-19.08.41:330][751]LogMemory: Process Physical Memory: 920.02 MB used, 970.04 MB peak
[2017.12.11-19.08.41:330][751]LogMemory: Process Virtual Memory: 1578.68 MB used, 1605.18 MB peak
[2017.12.11-19.08.41:330][751]LogMemory: Physical Memory: 4472.63 MB used,  11853.20 MB free, 16325.82 MB total
[2017.12.11-19.08.41:330][751]LogMemory: Virtual Memory: 2427.95 MB used,  11853.20 MB free, 134217728.00 MB total
[2017.12.11-19.08.41:330][751]LogMemory: 
[2017.12.11-19.08.41:330][751]Allocator Stats for TBB: (not implemented)
[2017.12.11-19.08.41:334][751]LogAIModule: Creating AISystem for world MainMenu
[2017.12.11-19.08.41:335][751]LogLoad: Game class is 'GameModeBase'
[2017.12.11-19.08.41:336][751]LogWorld: Bringing World /Game/Maps/MainMenu.MainMenu up for play (max tick rate 0) at 2017.12.11-20.08.41
[2017.12.11-19.08.41:336][751]LogWorld: Bringing up level for play took: 0.000314
[2017.12.11-19.08.41:338][751]LogLoad: Took 0.031517 seconds to LoadMap(/Game/Maps/MainMenu)
[2017.12.11-19.08.51:334][371]Closing by request
[2017.12.11-19.08.51:334][371]LogWindows: FPlatformMisc::RequestExit(0)
[2017.12.11-19.08.51:334][372]LogMoviePlayer: Shutting down movie player
[2017.12.11-19.08.52:167][372]LogWindowsTextInputMethodSystem:Display: IME system now deactivated.
[2017.12.11-19.08.52:187][372]LogExit: Preparing to exit.
[2017.12.11-19.08.52:257][372]LogExit: Game engine shut down
[2017.12.11-19.08.52:296][372]LogObj: Freed 0b from 0 cluster array pools.
[2017.12.11-19.08.52:296][372]LogExit: Object subsystem successfully closed.
[2017.12.11-19.08.52:301][372]LogD3D11RHI: Shutdown
[2017.12.11-19.08.52:301][372]LogD3D11RHI: CleanupD3DDevice
[2017.12.11-19.08.52:359][372]LogD3D11RHI: ~FD3D11DynamicRHI
[2017.12.11-19.08.52:365][372]LogModuleManager: Shutting down and abandoning module SequenceRecorderSections (268)
[2017.12.11-19.08.52:365][372]LogModuleManager: Shutting down and abandoning module SequenceRecorder (266)
[2017.12.11-19.08.52:365][372]LogModuleManager: Shutting down and abandoning module AutomationController (264)
[2017.12.11-19.08.52:365][372]LogModuleManager: Shutting down and abandoning module AutomationWorker (262)
[2017.12.11-19.08.52:365][372]LogModuleManager: Shutting down and abandoning module AIModule (260)
[2017.12.11-19.08.52:365][372]LogModuleManager: Shutting down and abandoning module GameplayDebugger (259)
[2017.12.11-19.08.52:367][372]LogModuleManager: Shutting down and abandoning module AITestSuite (257)
[2017.12.11-19.08.52:367][372]LogModuleManager: Shutting down and abandoning module WmfMediaFactory (254)
[2017.12.11-19.08.52:367][372]LogModuleManager: Shutting down and abandoning module MfMediaFactory (252)
[2017.12.11-19.08.52:367][372]LogModuleManager: Shutting down and abandoning module AvfMediaFactory (250)
[2017.12.11-19.08.52:367][372]LogModuleManager: Shutting down and abandoning module AndroidMediaFactory (248)
[2017.12.11-19.08.52:367][372]LogModuleManager: Shutting down and abandoning module Media (247)
[2017.12.11-19.08.52:367][372]LogModuleManager: Shutting down and abandoning module CharacterAI (244)
[2017.12.11-19.08.52:367][372]LogModuleManager: Shutting down and abandoning module SessionServices (242)
[2017.12.11-19.08.52:367][372]LogModuleManager: Shutting down and abandoning module MovieSceneCapture (240)
[2017.12.11-19.08.52:367][372]LogModuleManager: Shutting down and abandoning module GeometryCache (238)
[2017.12.11-19.08.52:367][372]LogModuleManager: Shutting down and abandoning module GeometryCacheEd (237)
[2017.12.11-19.08.52:367][372]LogModuleManager: Shutting down and abandoning module Niagara (234)
[2017.12.11-19.08.52:367][372]LogModuleManager: Shutting down and abandoning module StreamingPauseRendering (232)
[2017.12.11-19.08.52:367][372]LogModuleManager: Shutting down and abandoning module PortalServices (230)
[2017.12.11-19.08.52:367][372]LogModuleManager: Shutting down and abandoning module PortalRpc (228)
[2017.12.11-19.08.52:367][372]LogModuleManager: Shutting down and abandoning module MessagingRpc (226)
[2017.12.11-19.08.52:367][372]LogModuleManager: Shutting down and abandoning module ProfilerService (224)
[2017.12.11-19.08.52:456][372]LogModuleManager: Shutting down and abandoning module TaskGraph (222)
[2017.12.11-19.08.52:456][372]LogModuleManager: Shutting down and abandoning module SteamVRController (220)
[2017.12.11-19.08.52:456][372]LogModuleManager: Shutting down and abandoning module SteamVR (218)
[2017.12.11-19.08.52:456][372]LogModuleManager: Shutting down and abandoning module SteamController (216)
[2017.12.11-19.08.52:456][372]LogModuleManager: Shutting down and abandoning module ProceduralMeshComponent (214)
[2017.12.11-19.08.52:456][372]LogModuleManager: Shutting down and abandoning module OculusLibrary (212)
[2017.12.11-19.08.52:456][372]LogModuleManager: Shutting down and abandoning module OculusInput (210)
[2017.12.11-19.08.52:456][372]LogModuleManager: Shutting down and abandoning module MobilePatchingUtils (208)
[2017.12.11-19.08.52:456][372]LogModuleManager: Shutting down and abandoning module CustomMeshComponent (206)
[2017.12.11-19.08.52:456][372]LogModuleManager: Shutting down and abandoning module CableComponent (204)
[2017.12.11-19.08.52:456][372]LogModuleManager: Shutting down and abandoning module ArchVisCharacter (202)
[2017.12.11-19.08.52:456][372]LogModuleManager: Shutting down and abandoning module HTML5Networking (198)
[2017.12.11-19.08.52:456][372]LogModuleManager: Shutting down and abandoning module VisualStudioSourceCodeAccess (196)
[2017.12.11-19.08.52:456][372]LogModuleManager: Shutting down and abandoning module DesktopPlatform (195)
[2017.12.11-19.08.52:456][372]LogModuleManager: Shutting down and abandoning module HotReload (193)
[2017.12.11-19.08.52:456][372]LogDirectoryWatcher: A directory notification for 'E:/Buisness/Unreal/WalkonG2/WalkonG2/Binaries/Win64' was aborted.
[2017.12.11-19.08.52:457][372]LogModuleManager: Shutting down and abandoning module DirectoryWatcher (192)
[2017.12.11-19.08.52:457][372]LogModuleManager: Shutting down and abandoning module UObjectPlugin (188)
[2017.12.11-19.08.52:457][372]LogModuleManager: Shutting down and abandoning module SubversionSourceControl (186)
[2017.12.11-19.08.52:457][372]LogModuleManager: Shutting down and abandoning module PerforceSourceControl (184)
[2017.12.11-19.08.52:457][372]LogModuleManager: Shutting down and abandoning module SourceControl (183)
[2017.12.11-19.08.52:457][372]LogModuleManager: Shutting down and abandoning module PhysXVehiclesEditor (180)
[2017.12.11-19.08.52:457][372]LogModuleManager: Shutting down and abandoning module PhysXVehicles (178)
[2017.12.11-19.08.52:457][372]LogModuleManager: Shutting down and abandoning module LocationServicesBPLibrary (176)
[2017.12.11-19.08.52:457][372]LogModuleManager: Shutting down and abandoning module UdpMessaging (174)
[2017.12.11-19.08.52:457][372]LogModuleManager: Shutting down and abandoning module TcpMessaging (172)
[2017.12.11-19.08.52:457][372]LogModuleManager: Shutting down and abandoning module GameplayTagsEditor (170)
[2017.12.11-19.08.52:457][372]LogModuleManager: Shutting down and abandoning module FacialAnimation (168)
[2017.12.11-19.08.52:457][372]LogModuleManager: Shutting down and abandoning module LightPropagationVolumeRuntime (166)
[2017.12.11-19.08.52:457][372]LogModuleManager: Shutting down and abandoning module Paper2D (164)
[2017.12.11-19.08.52:457][372]LogModuleManager: Shutting down and abandoning module WindowsMoviePlayer (162)
[2017.12.11-19.08.52:457][372]LogModuleManager: Shutting down and abandoning module WmfMedia (160)
[2017.12.11-19.08.52:457][372]LogModuleManager: Shutting down and abandoning module MfMedia (158)
[2017.12.11-19.08.52:457][372]LogModuleManager: Shutting down and abandoning module MediaAssets (156)
[2017.12.11-19.08.52:457][372]LogModuleManager: Shutting down and abandoning module GameLiveStreaming (154)
[2017.12.11-19.08.52:457][372]LogModuleManager: Shutting down and abandoning module VREditor (152)
[2017.12.11-19.08.52:457][372]LogModuleManager: Shutting down and abandoning module GameplayTasksEditor (150)
[2017.12.11-19.08.52:457][372]LogModuleManager: Shutting down and abandoning module BehaviorTreeEditor (148)
[2017.12.11-19.08.52:457][372]LogModuleManager: Shutting down and abandoning module FunctionalTesting (146)
[2017.12.11-19.08.52:457][372]LogModuleManager: Shutting down and abandoning module CollisionAnalyzer (144)
[2017.12.11-19.08.52:457][372]LogModuleManager: Shutting down and abandoning module UMG (142)
[2017.12.11-19.08.52:457][372]LogModuleManager: Shutting down and abandoning module UMGEditor (141)
[2017.12.11-19.08.52:457][372]LogModuleManager: Shutting down and abandoning module Sequencer (140)
[2017.12.11-19.08.52:457][372]LogModuleManager: Shutting down and abandoning module AssetTools (138)
[2017.12.11-19.08.52:457][372]LogModuleManager: Shutting down and abandoning module MessageLog (137)
[2017.12.11-19.08.52:457][372]LogModuleManager: Shutting down and abandoning module WorkspaceMenuStructure (136)
[2017.12.11-19.08.52:457][372]LogModuleManager: Shutting down and abandoning module SlateReflector (130)
[2017.12.11-19.08.52:458][372]LogModuleManager: Shutting down and abandoning module Slate (128)
[2017.12.11-19.08.52:458][372]LogModuleManager: Shutting down and abandoning module EditorStyle (126)
[2017.12.11-19.08.52:459][372]LogModuleManager: Shutting down and abandoning module Messaging (124)
[2017.12.11-19.08.52:459][372]LogModuleManager: Shutting down and abandoning module SourceCodeAccess (122)
[2017.12.11-19.08.52:459][372]LogModuleManager: Shutting down and abandoning module HeadMountedDisplay (120)
[2017.12.11-19.08.52:459][372]LogModuleManager: Shutting down and abandoning module XAudio2 (118)
[2017.12.11-19.08.52:459][372]LogModuleManager: Shutting down and abandoning module Networking (116)
[2017.12.11-19.08.52:459][372]LogModuleManager: Shutting down and abandoning module Core (114)
[2017.12.11-19.08.52:459][372]LogModuleManager: Shutting down and abandoning module KismetCompiler (112)
[2017.12.11-19.08.52:459][372]LogModuleManager: Shutting down and abandoning module PhysXFormats (110)
[2017.12.11-19.08.52:459][372]LogModuleManager: Shutting down and abandoning module MeshUtilities (108)
[2017.12.11-19.08.52:459][372]LogModuleManager: Shutting down and abandoning module SimplygonSwarm (107)
[2017.12.11-19.08.52:459][372]LogModuleManager: Shutting down and abandoning module SimplygonMeshReduction (105)
[2017.12.11-19.08.52:459][372]LogModuleManager: Shutting down and abandoning module QuadricMeshReduction (103)
[2017.12.11-19.08.52:459][372]LogModuleManager: Shutting down and abandoning module PropertyEditor (101)
[2017.12.11-19.08.52:459][372]LogModuleManager: Shutting down and abandoning module AssetRegistry (98)
[2017.12.11-19.08.52:459][372]LogModuleManager: Shutting down and abandoning module DerivedDataCache (96)
[2017.12.11-19.08.52:711][372]LogDerivedDataCache: Shutdown
[2017.12.11-19.08.52:711][372]LogModuleManager: Shutting down and abandoning module TargetPlatform (94)
[2017.12.11-19.08.52:711][372]LogModuleManager: Shutting down and abandoning module VulkanShaderFormat (93)
[2017.12.11-19.08.52:711][372]LogModuleManager: Shutting down and abandoning module ShaderFormatOpenGL (91)
[2017.12.11-19.08.52:711][372]LogModuleManager: Shutting down and abandoning module ShaderFormatD3D (89)
[2017.12.11-19.08.52:711][372]LogModuleManager: Shutting down and abandoning module MetalShaderFormat (87)
[2017.12.11-19.08.52:711][372]LogModuleManager: Shutting down and abandoning module TextureFormatUncompressed (85)
[2017.12.11-19.08.52:711][372]LogModuleManager: Shutting down and abandoning module TextureFormatPVR (83)
[2017.12.11-19.08.52:711][372]LogModuleManager: Shutting down and abandoning module TextureFormatDXT (81)
[2017.12.11-19.08.52:711][372]LogModuleManager: Shutting down and abandoning module TextureFormatIntelISPCTexComp (79)
[2017.12.11-19.08.52:711][372]LogModuleManager: Shutting down and abandoning module TextureFormatASTC (77)
[2017.12.11-19.08.52:711][372]LogModuleManager: Shutting down and abandoning module ImageWrapper (76)
[2017.12.11-19.08.52:711][372]LogModuleManager: Shutting down and abandoning module TextureFormatAndroid (73)
[2017.12.11-19.08.52:711][372]LogModuleManager: Shutting down and abandoning module AudioFormatOpus (71)
[2017.12.11-19.08.52:711][372]LogModuleManager: Shutting down and abandoning module AudioFormatOgg (69)
[2017.12.11-19.08.52:711][372]LogModuleManager: Shutting down and abandoning module AudioFormatADPCM (67)
[2017.12.11-19.08.52:711][372]LogModuleManager: Shutting down and abandoning module WindowsTargetPlatform (65)
[2017.12.11-19.08.52:711][372]LogModuleManager: Shutting down and abandoning module WindowsServerTargetPlatform (63)
[2017.12.11-19.08.52:711][372]LogModuleManager: Shutting down and abandoning module WindowsNoEditorTargetPlatform (61)
[2017.12.11-19.08.52:711][372]LogModuleManager: Shutting down and abandoning module WindowsClientTargetPlatform (59)
[2017.12.11-19.08.52:711][372]LogModuleManager: Shutting down and abandoning module InputCore (56)
[2017.12.11-19.08.52:711][372]LogModuleManager: Shutting down and abandoning module Settings (54)
[2017.12.11-19.08.52:711][372]LogModuleManager: Shutting down and abandoning module OculusRift (52)
[2017.12.11-19.08.52:711][372]LogModuleManager: Shutting down and abandoning module GearVR (50)
[2017.12.11-19.08.52:711][372]LogModuleManager: Shutting down and abandoning module ExampleDeviceProfileSelector (48)
[2017.12.11-19.08.52:711][372]LogModuleManager: Shutting down and abandoning module OnlineBlueprintSupport (46)
[2017.12.11-19.08.52:711][372]LogModuleManager: Shutting down and abandoning module OnlineSubsystem (42)
[2017.12.11-19.08.52:711][372]LogOnline:Display: STEAM: OnlineSubsystemSteam::Shutdown()
[2017.12.11-19.08.52:838][372]LogOnline:Display: Unloading online subsystem: STEAM
[2017.12.11-19.08.52:838][372]LogOnline:Display: STEAM: OnlineSubsystemSteam::Shutdown()
[2017.12.11-19.08.52:838][372]LogOnline:Display: Unloading online subsystem: NULL
[2017.12.11-19.08.52:838][372]LogModuleManager: Shutting down and abandoning module XMPP (37)
[2017.12.11-19.08.52:838][372]LogModuleManager: Shutting down and abandoning module HTTP (35)
[2017.12.11-19.08.52:857][372]LogModuleManager: Shutting down and abandoning module SSL (34)
[2017.12.11-19.08.52:860][372]LogModuleManager: Shutting down and abandoning module AudioEditor (30)
[2017.12.11-19.08.52:860][372]LogModuleManager: Shutting down and abandoning module TextureCompressor (28)
[2017.12.11-19.08.52:860][372]LogModuleManager: Shutting down and abandoning module ShaderCore (26)
[2017.12.11-19.08.52:860][372]LogModuleManager: Shutting down and abandoning module Landscape (24)
[2017.12.11-19.08.52:860][372]LogModuleManager: Shutting down and abandoning module SlateRHIRenderer (22)
[2017.12.11-19.08.52:862][372]LogModuleManager: Shutting down and abandoning module OpenGLDrv (20)
[2017.12.11-19.08.52:862][372]LogModuleManager: Shutting down and abandoning module D3D11RHI (18)
[2017.12.11-19.08.52:862][372]LogModuleManager: Shutting down and abandoning module AnimGraphRuntime (16)
[2017.12.11-19.08.52:862][372]LogModuleManager: Shutting down and abandoning module Renderer (14)
[2017.12.11-19.08.52:862][372]LogModuleManager: Shutting down and abandoning module Engine (12)
[2017.12.11-19.08.52:862][372]LogModuleManager: Shutting down and abandoning module CoreUObject (10)
[2017.12.11-19.08.52:862][372]LogModuleManager: Shutting down and abandoning module NetworkFile (8)
[2017.12.11-19.08.52:862][372]LogModuleManager: Shutting down and abandoning module StreamingFile (6)
[2017.12.11-19.08.52:862][372]LogModuleManager: Shutting down and abandoning module SandboxFile (4)
[2017.12.11-19.08.52:862][372]LogModuleManager: Shutting down and abandoning module PakFile (2)
[2017.12.11-19.08.52:865][372]LogExit: Exiting.
[2017.12.11-19.08.52:886][372]Log file closed, 12/11/17 20:08:52
