Log file open, 12/12/17 15:07:15
LogInit:Display: Running engine for game: WalkonG2
LogPlatformFile: Not using cached read wrapper
LogInit:Display: RandInit(-1574510238) SRandInit(-1574510238).
LogTaskGraph: Started task graph with 5 named threads and 8 total threads with 1 sets of task threads.
LogStats: Stats thread started at 0.080594
LogInit: Using libcurl 7.47.1
LogInit:  - built for x86_64-pc-win32
LogInit:  - supports SSL with OpenSSL/1.0.2g
LogInit:  - supports HTTP deflate (compression) using libz 1.2.8
LogInit:  - other features:
LogInit:      CURL_VERSION_SSL
LogInit:      CURL_VERSION_LIBZ
LogInit:      CURL_VERSION_IPV6
LogInit:      CURL_VERSION_ASYNCHDNS
LogInit:      CURL_VERSION_LARGEFILE
LogInit:      CURL_VERSION_IDN
LogInit:  CurlRequestOptions (configurable via config and command line):
LogInit:  - bVerifyPeer = false  - Libcurl will NOT verify peer certificate
LogInit:  - bUseHttpProxy = false  - Libcurl will NOT use HTTP proxy
LogInit:  - bDontReuseConnections = false  - Libcurl will reuse connections
LogInit:  - CertBundlePath = nullptr  - Libcurl will use whatever was configured at build time.
LogOnline:Display: STEAM: Loading Steam SDK 1.32
LogOnline:Warning: STEAM: Steamworks: SteamUtils() failed!
LogOnline:Warning: STEAM: Steamworks: SteamUser() failed!
LogOnline:Warning: STEAM: Steamworks: SteamFriends() failed!
LogOnline:Warning: STEAM: Steamworks: SteamRemoteStorage() failed!
LogOnline:Warning: STEAM: Steamworks: SteamUserStats() failed!
LogOnline:Warning: STEAM: Steamworks: SteamMatchmakingServers() failed!
LogOnline:Warning: STEAM: Steamworks: SteamApps() failed!
LogOnline:Warning: STEAM: Steamworks: SteamNetworking() failed!
LogOnline:Warning: STEAM: Steamworks: SteamMatchmaking() failed!
LogOnline:Display: STEAM: OnlineSubsystemSteam::Shutdown()
LogOnline:Warning: STEAM: Steam API failed to initialize!
LogOnline:Display: STEAM: OnlineSubsystemSteam::Shutdown()
LogInit: WinSock: version 1.1 (2.2), MaxSocks=32767, MaxUdp=65467
LogInit: Build: ++UE4+Release-4.15-CL-3450819
LogInit: Engine Version: 4.15.3-3450819+++UE4+Release-4.15
LogInit: Compatible Engine Version: 4.15.0-3299760+++UE4+Release-4.15
LogInit: Net CL: 3299760
LogDevObjectVersion: Number of dev versions registered: 14
LogDevObjectVersion:   Dev-Blueprints (B0D832E4-1F89-4F0D-ACCF-7EB736FD4AA2): 8
LogDevObjectVersion:   Dev-Build (E1C64328-A22C-4D53-A36C-8E866417BD8C): 0
LogDevObjectVersion:   Dev-Core (375EC13C-06E4-48FB-B500-84F0262A717E): 2
LogDevObjectVersion:   Dev-Editor (E4B068ED-F494-42E9-A231-DA0B2E46BB41): 14
LogDevObjectVersion:   Dev-Framework (CFFC743F-43B0-4480-9391-14DF171D2073): 22
LogDevObjectVersion:   Dev-Mobile (B02B49B5-BB20-44E9-A304-32B752E40360): 0
LogDevObjectVersion:   Dev-Networking (A4E4105C-59A1-49B5-A7C5-40C4547EDFEE): 0
LogDevObjectVersion:   Dev-Online (39C831C9-5AE6-47DC-9A44-9C173E1C8E7C): 0
LogDevObjectVersion:   Dev-Physics (78F01B33-EBEA-4F98-B9B4-84EACCB95AA2): 0
LogDevObjectVersion:   Dev-Platform (6631380F-2D4D-43E0-8009-CF276956A95A): 0
LogDevObjectVersion:   Dev-Rendering (12F88B9F-8875-4AFC-A67C-D90C383ABD29): 12
LogDevObjectVersion:   Dev-Sequencer (7B5AE74C-D270-4C10-A958-57980B212A5A): 3
LogDevObjectVersion:   Dev-VR (D7296918-1DD6-4BDD-9DE2-64A83CC13884): 0
LogDevObjectVersion:   Dev-LoadTimes (C2A15278-BFE7-4AFE-6C17-90FF531DF755): 1
LogInit: Compiled (64-bit): May 21 2017 11:02:34
LogInit: Compiled with Visual C++: 19.00.23026.00
LogInit: Build Configuration: Development
LogInit: Branch Name: ++UE4+Release-4.15
LogInit: Command line:  /Temp/Autosaves/Game/Maps/UEDPCMainMenu -game -PIEVIACONSOLE -ResX=1280 -ResY=720  -Multiprocess -messaging -SessionName="Play in Standalone Game" -windowed 
LogInit: Base directory: C:/Program Files/Epic Games/UE_4.15/Engine/Binaries/Win64/
LogInit: Installed Engine Build: 1
LogInit: Presizing for max 8388607 objects, including 0 objects not considered by GC, pre-allocating 0 bytes for permanent pool.
LogInit: Object subsystem initialized
[2017.12.12-14.07.17:328][  0]LogInit: Selected Device Profile: [Windows]
[2017.12.12-14.07.17:328][  0]LogInit: Applying CVar settings loaded from the selected device profile: [Windows]
[2017.12.12-14.07.17:331][  0]LogInit: Computer: DEVPC
[2017.12.12-14.07.17:331][  0]LogInit: User: Aron
[2017.12.12-14.07.17:331][  0]LogInit: CPU Page size=65536, Cores=4
[2017.12.12-14.07.17:331][  0]LogInit: High frequency timer resolution =3.903985 MHz
[2017.12.12-14.07.17:331][  0]LogMemory: Memory total: Physical=15.9GB (16GB approx)
[2017.12.12-14.07.17:331][  0]LogMemory: Platform Memory Stats for Windows
[2017.12.12-14.07.17:331][  0]LogMemory: Process Physical Memory: 265.19 MB used, 265.19 MB peak
[2017.12.12-14.07.17:331][  0]LogMemory: Process Virtual Memory: 262.59 MB used, 262.59 MB peak
[2017.12.12-14.07.17:331][  0]LogMemory: Physical Memory: 7702.67 MB used,  8623.15 MB free, 16325.82 MB total
[2017.12.12-14.07.17:331][  0]LogMemory: Virtual Memory: 681.63 MB used,  8623.15 MB free, 134217728.00 MB total
[2017.12.12-14.07.17:404][  0]LogTextLocalizationManager: No translations for ('hr-HR') exist, falling back to 'en' for localization and internationalization data.
[2017.12.12-14.07.17:783][  0]LogD3D11RHI: D3D11 adapters:
[2017.12.12-14.07.17:806][  0]LogD3D11RHI:    0. 'AMD Radeon (TM) R9 390 Series' (Feature Level 11_0)
[2017.12.12-14.07.17:806][  0]LogD3D11RHI:       8168/0/8162 MB DedicatedVideo/DedicatedSystem/SharedSystem, Outputs:3, VendorId:0x1002
[2017.12.12-14.07.17:807][  0]LogD3D11RHI:    1. 'Microsoft Basic Render Driver' (Feature Level 11_0)
[2017.12.12-14.07.17:807][  0]LogD3D11RHI:       0/0/8162 MB DedicatedVideo/DedicatedSystem/SharedSystem, Outputs:0, VendorId:0x1414
[2017.12.12-14.07.17:807][  0]LogD3D11RHI: Chosen D3D11 Adapter: 0
[2017.12.12-14.07.17:811][  0]LogD3D11RHI: Creating new Direct3DDevice
[2017.12.12-14.07.17:811][  0]LogD3D11RHI:     GPU DeviceId: 0x67b0 (for the marketing name, search the web for "GPU Device Id")
[2017.12.12-14.07.17:811][  0]LogWindows: EnumDisplayDevices:
[2017.12.12-14.07.17:811][  0]LogWindows:    0. 'AMD Radeon (TM) R9 390 Series' (P:1 D:1)
[2017.12.12-14.07.17:811][  0]LogWindows:    1. 'AMD Radeon (TM) R9 390 Series' (P:0 D:1)
[2017.12.12-14.07.17:811][  0]LogWindows:    2. 'AMD Radeon (TM) R9 390 Series' (P:0 D:1)
[2017.12.12-14.07.17:811][  0]LogWindows:    3. 'AMD Radeon (TM) R9 390 Series' (P:0 D:0)
[2017.12.12-14.07.17:811][  0]LogWindows:    4. 'AMD Radeon (TM) R9 390 Series' (P:0 D:0)
[2017.12.12-14.07.17:811][  0]LogWindows:    5. 'AMD Radeon (TM) R9 390 Series' (P:0 D:0)
[2017.12.12-14.07.17:811][  0]LogWindows: DebugString: GetVideoDriverDetailsInvalid PrimaryIsNotTheChoosenAdapter GetVideoDriverDetailsInvalid PrimaryIsNotTheChoosenAdapter GetVideoDriverDetailsInvalid PrimaryIsNotTheChoosenAdapter GetVideoDriverDetailsInvalid PrimaryIsNotTheChoosenAdapter GetVideoDriverDetailsInvalid PrimaryIsNotTheChoosenAdapter GetVideoDriverDetailsInvalid PrimaryIsNotTheChoosenAdapter FoundDriverCount:0 
[2017.12.12-14.07.17:811][  0]LogD3D11RHI:     Adapter Name: AMD Radeon (TM) R9 390 Series
[2017.12.12-14.07.17:811][  0]LogD3D11RHI:   Driver Version: Unknown (internal:Unknown, unified:Unknown)
[2017.12.12-14.07.17:811][  0]LogD3D11RHI:      Driver Date: Unknown
[2017.12.12-14.07.17:811][  0]LogRHI: Texture pool is 1361 MB (70% of 1945 MB)
[2017.12.12-14.07.17:831][  0]LogD3D11RHI: Async texture creation enabled
[2017.12.12-14.07.17:845][  0]LogD3D11RHI: GPU Timing Frequency: 27.000000 (Debug: 2 1)
[2017.12.12-14.07.17:845][  0]LogShaderCompilers: Guid format shader working directory is 9 characters bigger than the processId version (E:/Buisness/Unreal/WalkonG2/WalkonG2/Intermediate/Shaders/WorkingDirectory/7004/).
[2017.12.12-14.07.17:846][  0]LogShaderCompilers: Cleaned the shader compiler working directory 'C:/Users/Aron/AppData/Local/Temp/UnrealShaderWorkingDir/829363A74905B5EFCB7555A8D0A03CC9/'.
[2017.12.12-14.07.17:846][  0]LogShaderCompilers:Display: Using Local Shader Compiler.
[2017.12.12-14.07.18:695][  0]LogTemp:Display: Loaded TP WindowsClientTargetPlatform
[2017.12.12-14.07.18:741][  0]LogTemp:Display: Loaded TP WindowsNoEditorTargetPlatform
[2017.12.12-14.07.18:786][  0]LogTemp:Display: Loaded TP WindowsServerTargetPlatform
[2017.12.12-14.07.18:824][  0]LogTemp:Display: Loaded TP WindowsTargetPlatform
[2017.12.12-14.07.18:824][  0]LogTargetPlatformManager:Display: Building Assets For Windows
[2017.12.12-14.07.19:174][  0]LogDerivedDataCache:Display: Max Cache Size: 512 MB
[2017.12.12-14.07.19:206][  0]LogDerivedDataCache: Loaded boot cache 0.03s 50MB C:/Users/Aron/AppData/Local/UnrealEngine/4.15/DerivedDataCache/Boot.ddc.
[2017.12.12-14.07.19:206][  0]LogDerivedDataCache:Display: Loaded Boot cache: C:/Users/Aron/AppData/Local/UnrealEngine/4.15/DerivedDataCache/Boot.ddc
[2017.12.12-14.07.19:206][  0]LogDerivedDataCache: FDerivedDataBackendGraph:  Pak pak cache file E:/Buisness/Unreal/WalkonG2/WalkonG2/DerivedDataCache/DDC.ddp not found, will not use a pak cache.
[2017.12.12-14.07.19:206][  0]LogDerivedDataCache: Unable to find inner node Pak for hierarchical cache Hierarchy.
[2017.12.12-14.07.19:206][  0]LogDerivedDataCache: FDerivedDataBackendGraph:  CompressedPak pak cache file E:/Buisness/Unreal/WalkonG2/WalkonG2/DerivedDataCache/Compressed.ddp not found, will not use a pak cache.
[2017.12.12-14.07.19:206][  0]LogDerivedDataCache: Unable to find inner node CompressedPak for hierarchical cache Hierarchy.
[2017.12.12-14.07.19:219][  0]LogDerivedDataCache:Display: Pak cache opened for reading ../../../Engine/DerivedDataCache/Compressed.ddp.
[2017.12.12-14.07.19:232][  0]LogDerivedDataCache: Using Local data cache path C:/Users/Aron/AppData/Local/UnrealEngine/Common/DerivedDataCache: Writable
[2017.12.12-14.07.19:238][  0]LogSlate: Using Freetype 2.6.0
[2017.12.12-14.07.19:239][  0]LogSlate: SlateFontCache - WITH_FREETYPE: 1, WITH_HARFBUZZ: 1
[2017.12.12-14.07.19:239][  0]LogSlate: SlateFontCache - WITH_FREETYPE: 1, WITH_HARFBUZZ: 1
[2017.12.12-14.07.19:435][  0]LogAssetRegistry: FAssetRegistry took 0.0001 seconds to start up
[2017.12.12-14.07.19:438][  0]LogPackageLocalizationCache: Processed 3 localized package path(s) for 1 prioritized culture(s) in 0.002711 seconds
[2017.12.12-14.07.19:451][  0]LogInit: Selected Device Profile: [Windows]
[2017.12.12-14.07.19:453][  0]LogContentStreaming: Texture pool size is 1000.00 MB
[2017.12.12-14.07.19:615][  0]LogMeshUtilities: Using QuadricMeshReduction for automatic static mesh reduction
[2017.12.12-14.07.19:651][  0]LogSimplygon: Simplygon DLL not present - disabling.
[2017.12.12-14.07.19:689][  0]LogMeshUtilities: Using SimplygonSwarm for distributed automatic mesh merging
[2017.12.12-14.07.19:689][  0]LogMeshUtilities: No automatic skeletal mesh reduction module available
[2017.12.12-14.07.19:689][  0]LogMeshUtilities: No automatic mesh merging module available
[2017.12.12-14.07.20:072][  0]LogNetVersion: GetLocalNetworkVersion: CL: 3299760, ProjectName: walkong2, ProjectVersion: , EngineNetworkVersion: 2, GameNetworkVersion: 0, NetworkChecksum: 2522600614
[2017.12.12-14.07.20:792][  0]LogMoviePlayer: Initializing movie player
[2017.12.12-14.07.20:884][  0]LogWindowsTextInputMethodSystem:Display: IME system now deactivated.
[2017.12.12-14.07.21:132][  0]LogTcpMessaging: Initializing TcpMessaging bridge
[2017.12.12-14.07.21:164][  0]LogUdpMessaging: Initializing bridge on interface 0.0.0.0:0 to multicast group 230.0.0.1:6666.
[2017.12.12-14.07.21:443][  0]SourceControl: Info Source control is disabled
[2017.12.12-14.07.21:443][  0]SourceControl: Info Source control is disabled
[2017.12.12-14.07.21:488][  0]SourceControl: Info Source control is disabled
[2017.12.12-14.07.22:029][  0]LogUObjectArray: 34415 objects as part of root set at end of initial load.
[2017.12.12-14.07.22:029][  0]LogUObjectAllocator: 7853176 out of 0 bytes used by permanent object pool.
[2017.12.12-14.07.22:029][  0]LogUObjectArray: CloseDisregardForGC: 0/0 objects in disregard for GC pool
[2017.12.12-14.07.22:114][  0]LogEngine: Initializing Engine...
[2017.12.12-14.07.22:115][  0]LogHMD: Failed to initialize OpenVR with code 110
[2017.12.12-14.07.22:192][  0]LogStats: UGameplayTagsManager::ConstructGameplayTagTree: Construct from data asset -  0.000 s
[2017.12.12-14.07.22:192][  0]LogStats: UGameplayTagsManager::ConstructGameplayTagTree: GameplayTagTreeChangedEvent.Broadcast -  0.000 s
[2017.12.12-14.07.22:198][  0]LogInit: XAudio2 using 'Speakers (Realtek High Definition Audio)' : 2 channels at 48 kHz using 32 bits per sample (channel mask 0x3)
[2017.12.12-14.07.22:211][  0]LogInit: FAudioDevice initialized.
[2017.12.12-14.07.22:226][  0]LogInit: Texture streaming: Enabled
[2017.12.12-14.07.22:235][  0]LogMaterial: Uniform references updated for custom material expression Custom.
[2017.12.12-14.07.22:497][  0]LogLinker: Can't find file '/Game/Mannequin/Character/Textures/UE4_LOGO_CARD'
[2017.12.12-14.07.22:497][  0]LogLinker: Can't find file '/Game/Mannequin/Character/Textures/UE4_LOGO_CARD'
[2017.12.12-14.07.22:684][  0]LogInit:Display: Game Engine Initialized.
[2017.12.12-14.07.22:825][  0]LogInit:Display: Starting Game.
[2017.12.12-14.07.22:825][  0]LogNet: Browse: /Temp/Autosaves/Game/Maps/UEDPCMainMenu?Name=Player
[2017.12.12-14.07.22:825][  0]LogLoad: LoadMap: /Temp/Autosaves/Game/Maps/UEDPCMainMenu?Name=Player
[2017.12.12-14.07.22:845][  0]LogMemory: Platform Memory Stats for Windows
[2017.12.12-14.07.22:845][  0]LogMemory: Process Physical Memory: 709.35 MB used, 718.85 MB peak
[2017.12.12-14.07.22:845][  0]LogMemory: Process Virtual Memory: 806.42 MB used, 813.25 MB peak
[2017.12.12-14.07.22:845][  0]LogMemory: Physical Memory: 8129.39 MB used,  8196.43 MB free, 16325.82 MB total
[2017.12.12-14.07.22:845][  0]LogMemory: Virtual Memory: 1510.81 MB used,  8196.43 MB free, 134217728.00 MB total
[2017.12.12-14.07.22:845][  0]LogMemory: 
[2017.12.12-14.07.22:845][  0]Allocator Stats for TBB: (not implemented)
[2017.12.12-14.07.22:951][  0]LogAIModule: Creating AISystem for world MainMenu
[2017.12.12-14.07.22:951][  0]LogLinker:Warning: Can't find file '/Game/ThirdPersonBP/Blueprints/ThirdPersonGameMode'
[2017.12.12-14.07.22:951][  0]LogUObjectGlobals:Warning: Failed to load '/Game/ThirdPersonBP/Blueprints/ThirdPersonGameMode': Can't find file '/Game/ThirdPersonBP/Blueprints/ThirdPersonGameMode'
[2017.12.12-14.07.22:951][  0]LogLinker:Warning: Can't find file '/Game/ThirdPersonBP/Blueprints/ThirdPersonGameMode'
[2017.12.12-14.07.22:951][  0]LogUObjectGlobals:Warning: Failed to load '/Game/ThirdPersonBP/Blueprints/ThirdPersonGameMode': Can't find file '/Game/ThirdPersonBP/Blueprints/ThirdPersonGameMode'
[2017.12.12-14.07.22:951][  0]LogUObjectGlobals:Warning: Failed to find object 'Class /Game/ThirdPersonBP/Blueprints/ThirdPersonGameMode.ThirdPersonGameMode_C'
[2017.12.12-14.07.22:951][  0]LogLoad: Game class is 'GameModeBase'
[2017.12.12-14.07.22:953][  0]LogWorld: Bringing World /Temp/Autosaves/Game/Maps/UEDPCMainMenu.MainMenu up for play (max tick rate 0) at 2017.12.12-15.07.22
[2017.12.12-14.07.22:953][  0]LogWorld: Bringing up level for play took: 0.000446
[2017.12.12-14.07.22:972][  0]LogLoad: Took 0.146912 seconds to LoadMap(/Temp/Autosaves/Game/Maps/UEDPCMainMenu)
[2017.12.12-14.07.23:200][  0]LogRenderer: Reallocating scene render targets to support 1280x720 NumSamples 1 (Frame:2).
[2017.12.12-14.07.23:200][  0]LogLoad: (Engine Initialization) Total time: 8.24 seconds
[2017.12.12-14.07.23:200][  0]LogLoad: (Engine Initialization) Total Blueprint compile time: 0.14 seconds
[2017.12.12-14.07.23:200][  0]LogExternalProfiler: Found external profiler: VSPerf
[2017.12.12-14.07.23:200][  0]LogExternalProfiler: Using external profiler: VSPerf
[2017.12.12-14.07.23:219][  0]LogSteamController: SteamController is not available
[2017.12.12-14.07.23:219][  0]LogOcInput: OculusInput pre-init called
[2017.12.12-14.07.25:350][132]LogSlate: Took 0.000126 seconds to synchronously load lazily loaded font '../../../Engine/Content/Slate/Fonts/Roboto-Regular.ttf' (155K)
[2017.12.12-14.07.26:573][208]LogNetVersion: GetLocalNetworkVersion: CL: 3299760, ProjectName: walkong2, ProjectVersion: 1.0.0.0, EngineNetworkVersion: 2, GameNetworkVersion: 0, NetworkChecksum: 453732618
[2017.12.12-14.07.26:575][208]LogInit: WinSock: I am DevPC (192.168.0.16:0)
[2017.12.12-14.07.26:706][208]LogPackageName: SearchForPackageOnDisk took   0.044s to resolve Lobby.umap.
[2017.12.12-14.07.26:752][208]LogPackageName: SearchForPackageOnDisk took   0.044s to resolve Lobby.umap.
[2017.12.12-14.07.26:752][208]LogNet: Browse: /Game/Maps/Lobby?listen
[2017.12.12-14.07.26:752][208]LogLoad: LoadMap: /Game/Maps/Lobby?listen
[2017.12.12-14.07.26:765][208]LogMemory: Platform Memory Stats for Windows
[2017.12.12-14.07.26:765][208]LogMemory: Process Physical Memory: 732.59 MB used, 732.59 MB peak
[2017.12.12-14.07.26:765][208]LogMemory: Process Virtual Memory: 1024.21 MB used, 1024.21 MB peak
[2017.12.12-14.07.26:765][208]LogMemory: Physical Memory: 8139.61 MB used,  8186.21 MB free, 16325.82 MB total
[2017.12.12-14.07.26:765][208]LogMemory: Virtual Memory: 1775.64 MB used,  8186.21 MB free, 134217728.00 MB total
[2017.12.12-14.07.26:765][208]LogMemory: 
[2017.12.12-14.07.26:765][208]Allocator Stats for TBB: (not implemented)
[2017.12.12-14.07.26:895][208]LogLinker:Warning: Can't find file '/Game/StarterContent/Particles/P_Fire'
[2017.12.12-14.07.26:895][208]LoadErrors: Info Failed to load /Game/StarterContent/Particles/P_Fire.P_Fire Referenced by WidgetTree
[2017.12.12-14.07.26:895][208]LogUObjectGlobals:Warning: Failed to load '/Game/StarterContent/Particles/P_Fire': Can't find file '/Game/StarterContent/Particles/P_Fire'
[2017.12.12-14.07.26:895][208]LogLinker:Warning: Can't find file for asset '/Game/StarterContent/Particles/P_Fire' while loading NULL.
[2017.12.12-14.07.26:895][208]LoadErrors: Info Failed to load /Game/StarterContent/Particles/P_Fire.P_Fire Referenced by WidgetTree
[2017.12.12-14.07.26:895][208]LogUObjectGlobals:Warning: Failed to load '/Game/StarterContent/Particles/P_Fire': Can't find file for asset '/Game/StarterContent/Particles/P_Fire' while loading NULL.
[2017.12.12-14.07.26:896][208]LogLinker:Warning: Can't find file '/Game/StarterContent/Particles/P_Fire'
[2017.12.12-14.07.26:896][208]LoadErrors: Info Failed to load /Game/StarterContent/Particles/P_Fire.P_Fire Referenced by Fire_GEN_VARIABLE
[2017.12.12-14.07.26:896][208]LogUObjectGlobals:Warning: Failed to load '/Game/StarterContent/Particles/P_Fire': Can't find file '/Game/StarterContent/Particles/P_Fire'
[2017.12.12-14.07.26:896][208]LogLinker:Warning: Can't find file for asset '/Game/StarterContent/Particles/P_Fire' while loading NULL.
[2017.12.12-14.07.26:896][208]LoadErrors: Info Failed to load /Game/StarterContent/Particles/P_Fire.P_Fire Referenced by Fire_GEN_VARIABLE
[2017.12.12-14.07.26:896][208]LogUObjectGlobals:Warning: Failed to load '/Game/StarterContent/Particles/P_Fire': Can't find file for asset '/Game/StarterContent/Particles/P_Fire' while loading NULL.
[2017.12.12-14.07.26:899][208]LogLinker:Warning: Can't find file '/Game/StarterContent/Particles/P_Fire'
[2017.12.12-14.07.26:899][208]LoadErrors: Info Failed to load /Game/StarterContent/Particles/P_Fire.P_Fire Referenced by WidgetTree
[2017.12.12-14.07.26:899][208]LogUObjectGlobals:Warning: Failed to load '/Game/StarterContent/Particles/P_Fire': Can't find file '/Game/StarterContent/Particles/P_Fire'
[2017.12.12-14.07.26:899][208]LogLinker:Warning: Can't find file for asset '/Game/StarterContent/Particles/P_Fire' while loading NULL.
[2017.12.12-14.07.26:899][208]LoadErrors: Info Failed to load /Game/StarterContent/Particles/P_Fire.P_Fire Referenced by WidgetTree
[2017.12.12-14.07.26:899][208]LogUObjectGlobals:Warning: Failed to load '/Game/StarterContent/Particles/P_Fire': Can't find file for asset '/Game/StarterContent/Particles/P_Fire' while loading NULL.
[2017.12.12-14.07.26:904][208]LogLinker:Warning: Can't find file '/Game/StarterContent/Particles/P_Fire'
[2017.12.12-14.07.26:904][208]LoadErrors: Info Failed to load /Game/StarterContent/Particles/P_Fire.P_Fire Referenced by Fire_GEN_VARIABLE
[2017.12.12-14.07.26:904][208]LogUObjectGlobals:Warning: Failed to load '/Game/StarterContent/Particles/P_Fire': Can't find file '/Game/StarterContent/Particles/P_Fire'
[2017.12.12-14.07.26:904][208]LogLinker:Warning: Can't find file for asset '/Game/StarterContent/Particles/P_Fire' while loading NULL.
[2017.12.12-14.07.26:904][208]LoadErrors: Info Failed to load /Game/StarterContent/Particles/P_Fire.P_Fire Referenced by Fire_GEN_VARIABLE
[2017.12.12-14.07.26:904][208]LogUObjectGlobals:Warning: Failed to load '/Game/StarterContent/Particles/P_Fire': Can't find file for asset '/Game/StarterContent/Particles/P_Fire' while loading NULL.
[2017.12.12-14.07.28:208][208]LogAIModule: Creating AISystem for world Lobby
[2017.12.12-14.07.28:208][208]LogLoad: Game class is 'LobbyGM_C'
[2017.12.12-14.07.28:209][208]LogOnline:Warning: STEAM: Steamworks: SteamUtils() failed!
[2017.12.12-14.07.28:209][208]LogOnline:Warning: STEAM: Steamworks: SteamUser() failed!
[2017.12.12-14.07.28:209][208]LogOnline:Warning: STEAM: Steamworks: SteamFriends() failed!
[2017.12.12-14.07.28:209][208]LogOnline:Warning: STEAM: Steamworks: SteamRemoteStorage() failed!
[2017.12.12-14.07.28:209][208]LogOnline:Warning: STEAM: Steamworks: SteamUserStats() failed!
[2017.12.12-14.07.28:209][208]LogOnline:Warning: STEAM: Steamworks: SteamMatchmakingServers() failed!
[2017.12.12-14.07.28:209][208]LogOnline:Warning: STEAM: Steamworks: SteamApps() failed!
[2017.12.12-14.07.28:209][208]LogOnline:Warning: STEAM: Steamworks: SteamNetworking() failed!
[2017.12.12-14.07.28:209][208]LogOnline:Warning: STEAM: Steamworks: SteamMatchmaking() failed!
[2017.12.12-14.07.28:209][208]LogOnline:Display: STEAM: OnlineSubsystemSteam::Shutdown()
[2017.12.12-14.07.28:210][208]LogOnline:Warning: STEAM: Steam API failed to initialize!
[2017.12.12-14.07.28:210][208]LogOnline:Display: STEAM: OnlineSubsystemSteam::Shutdown()
[2017.12.12-14.07.28:210][208]LogInit: WinSock: Socket queue 131072 / 131072
[2017.12.12-14.07.28:210][208]PacketHandlerLog: Loaded PacketHandler component: Engine.EngineHandlerComponentFactory (StatelessConnectHandlerComponent)
[2017.12.12-14.07.28:210][208]LogNet: GameNetDriver IpNetDriver_0 IpNetDriver listening on port 7777
[2017.12.12-14.07.28:214][208]LogWorld: Bringing World /Game/Maps/Lobby.Lobby up for play (max tick rate 0) at 2017.12.12-15.07.28
[2017.12.12-14.07.28:214][208]LogWorld: Bringing up level for play took: 0.003233
[2017.12.12-14.07.28:224][208]LogGameMode:Display: Match State Changed from EnteringMap to WaitingToStart
[2017.12.12-14.07.28:224][208]LogGameState: Match State Changed from EnteringMap to WaitingToStart
[2017.12.12-14.07.28:224][208]LogGameMode:Display: Match State Changed from WaitingToStart to InProgress
[2017.12.12-14.07.28:224][208]LogGameState: Match State Changed from WaitingToStart to InProgress
[2017.12.12-14.07.28:224][208]LogLoad: Took 1.472166 seconds to LoadMap(/Game/Maps/Lobby)
[2017.12.12-14.07.29:208][268]PIE:Warning: Warning This widget does not support focus.  If this is a UserWidget, you should set bIsFocusable to true.
[2017.12.12-14.07.30:566][352]LogBlueprintUserMessages: [ErikaBP_C_0] LobbyPC
[2017.12.12-14.07.30:566][352]LogBlueprintUserMessages: [ErikaBP_C_0] sasdfafsdasdf
[2017.12.12-14.07.33:273][520]PIE:Warning: Warning This widget does not support focus.  If this is a UserWidget, you should set bIsFocusable to true.
[2017.12.12-14.07.36:741][735]PIE:Warning: Warning This widget does not support focus.  If this is a UserWidget, you should set bIsFocusable to true.
[2017.12.12-14.07.38:386][837]PIE:Warning: Warning This widget does not support focus.  If this is a UserWidget, you should set bIsFocusable to true.
[2017.12.12-14.07.38:953][872]LogBlueprintUserMessages: [ErikaBP_C_1] LobbyPC
[2017.12.12-14.07.38:953][872]LogBlueprintUserMessages: [ErikaBP_C_1] sasdfafsdasdf
[2017.12.12-14.07.44:822][236]LogBlueprintUserMessages: [ErikaBP_C_1] cast failed
[2017.12.12-14.07.50:318][574]LogPackageName: SearchForPackageOnDisk took   0.044s to resolve MainMenu.umap.
[2017.12.12-14.07.50:318][574]LogGameMode:Display: Match State Changed from InProgress to LeavingMap
[2017.12.12-14.07.50:318][574]LogGameState: Match State Changed from InProgress to LeavingMap
[2017.12.12-14.07.50:361][574]LogPackageName: SearchForPackageOnDisk took   0.043s to resolve MainMenu.umap.
[2017.12.12-14.07.50:361][574]LogNet: Browse: /Game/Maps/MainMenu
[2017.12.12-14.07.50:361][574]LogLoad: LoadMap: /Game/Maps/MainMenu
[2017.12.12-14.07.50:361][574]LogNet: World NetDriver shutdown IpNetDriver_0 [GameNetDriver]
[2017.12.12-14.07.50:361][574]LogNet: DestroyNamedNetDriver IpNetDriver_0 [GameNetDriver]
[2017.12.12-14.07.50:361][574]LogExit: GameNetDriver IpNetDriver_0 shut down
[2017.12.12-14.07.50:362][574]LogScriptCore:Warning: Script Msg: DestroySession - Invalid player state
[2017.12.12-14.07.50:441][574]LogMemory: Platform Memory Stats for Windows
[2017.12.12-14.07.50:441][574]LogMemory: Process Physical Memory: 903.49 MB used, 926.22 MB peak
[2017.12.12-14.07.50:441][574]LogMemory: Process Virtual Memory: 1358.73 MB used, 1378.17 MB peak
[2017.12.12-14.07.50:441][574]LogMemory: Physical Memory: 8163.24 MB used,  8162.58 MB free, 16325.82 MB total
[2017.12.12-14.07.50:441][574]LogMemory: Virtual Memory: 2106.86 MB used,  8162.58 MB free, 134217728.00 MB total
[2017.12.12-14.07.50:441][574]LogMemory: 
[2017.12.12-14.07.50:441][574]Allocator Stats for TBB: (not implemented)
[2017.12.12-14.07.50:463][574]LogAIModule: Creating AISystem for world MainMenu
[2017.12.12-14.07.50:463][574]LogLoad: Game class is 'GameModeBase'
[2017.12.12-14.07.50:464][574]LogWorld: Bringing World /Game/Maps/MainMenu.MainMenu up for play (max tick rate 0) at 2017.12.12-15.07.50
[2017.12.12-14.07.50:464][574]LogWorld: Bringing up level for play took: 0.000306
[2017.12.12-14.07.50:466][574]LogLoad: Took 0.105127 seconds to LoadMap(/Game/Maps/MainMenu)
[2017.12.12-14.07.51:241][623]Closing by request
[2017.12.12-14.07.51:241][623]LogWindows: FPlatformMisc::RequestExit(0)
[2017.12.12-14.07.51:242][624]LogMoviePlayer: Shutting down movie player
[2017.12.12-14.07.52:153][624]LogWindowsTextInputMethodSystem:Display: IME system now deactivated.
[2017.12.12-14.07.52:163][624]LogWindowsTextInputMethodSystem:Display: IME system now deactivated.
[2017.12.12-14.07.52:166][624]LogExit: Preparing to exit.
[2017.12.12-14.07.53:319][624]LogExit: Game engine shut down
[2017.12.12-14.07.53:364][624]LogObj: Freed 0b from 0 cluster array pools.
[2017.12.12-14.07.53:364][624]LogExit: Object subsystem successfully closed.
[2017.12.12-14.07.53:369][624]LogD3D11RHI: Shutdown
[2017.12.12-14.07.53:369][624]LogD3D11RHI: CleanupD3DDevice
[2017.12.12-14.07.53:417][624]LogD3D11RHI: ~FD3D11DynamicRHI
[2017.12.12-14.07.53:422][624]LogModuleManager: Shutting down and abandoning module SequenceRecorderSections (270)
[2017.12.12-14.07.53:422][624]LogModuleManager: Shutting down and abandoning module SequenceRecorder (268)
[2017.12.12-14.07.53:422][624]LogModuleManager: Shutting down and abandoning module AutomationController (266)
[2017.12.12-14.07.53:423][624]LogModuleManager: Shutting down and abandoning module AutomationWorker (264)
[2017.12.12-14.07.53:423][624]LogModuleManager: Shutting down and abandoning module Voice (262)
[2017.12.12-14.07.53:423][624]LogModuleManager: Shutting down and abandoning module AIModule (260)
[2017.12.12-14.07.53:423][624]LogModuleManager: Shutting down and abandoning module GameplayDebugger (259)
[2017.12.12-14.07.53:423][624]LogModuleManager: Shutting down and abandoning module AITestSuite (257)
[2017.12.12-14.07.53:423][624]LogModuleManager: Shutting down and abandoning module WmfMediaFactory (254)
[2017.12.12-14.07.53:423][624]LogModuleManager: Shutting down and abandoning module MfMediaFactory (252)
[2017.12.12-14.07.53:423][624]LogModuleManager: Shutting down and abandoning module AvfMediaFactory (250)
[2017.12.12-14.07.53:423][624]LogModuleManager: Shutting down and abandoning module AndroidMediaFactory (248)
[2017.12.12-14.07.53:423][624]LogModuleManager: Shutting down and abandoning module Media (247)
[2017.12.12-14.07.53:423][624]LogModuleManager: Shutting down and abandoning module CharacterAI (244)
[2017.12.12-14.07.53:423][624]LogModuleManager: Shutting down and abandoning module SessionServices (242)
[2017.12.12-14.07.53:423][624]LogModuleManager: Shutting down and abandoning module MovieSceneCapture (240)
[2017.12.12-14.07.53:423][624]LogModuleManager: Shutting down and abandoning module GeometryCache (238)
[2017.12.12-14.07.53:423][624]LogModuleManager: Shutting down and abandoning module GeometryCacheEd (237)
[2017.12.12-14.07.53:423][624]LogModuleManager: Shutting down and abandoning module Niagara (234)
[2017.12.12-14.07.53:423][624]LogModuleManager: Shutting down and abandoning module StreamingPauseRendering (232)
[2017.12.12-14.07.53:423][624]LogModuleManager: Shutting down and abandoning module PortalServices (230)
[2017.12.12-14.07.53:423][624]LogModuleManager: Shutting down and abandoning module PortalRpc (228)
[2017.12.12-14.07.53:423][624]LogModuleManager: Shutting down and abandoning module MessagingRpc (226)
[2017.12.12-14.07.53:423][624]LogModuleManager: Shutting down and abandoning module ProfilerService (224)
[2017.12.12-14.07.53:617][624]LogModuleManager: Shutting down and abandoning module TaskGraph (222)
[2017.12.12-14.07.53:617][624]LogModuleManager: Shutting down and abandoning module SteamVRController (220)
[2017.12.12-14.07.53:617][624]LogModuleManager: Shutting down and abandoning module SteamVR (218)
[2017.12.12-14.07.53:617][624]LogModuleManager: Shutting down and abandoning module SteamController (216)
[2017.12.12-14.07.53:617][624]LogModuleManager: Shutting down and abandoning module ProceduralMeshComponent (214)
[2017.12.12-14.07.53:617][624]LogModuleManager: Shutting down and abandoning module OculusLibrary (212)
[2017.12.12-14.07.53:617][624]LogModuleManager: Shutting down and abandoning module OculusInput (210)
[2017.12.12-14.07.53:617][624]LogModuleManager: Shutting down and abandoning module MobilePatchingUtils (208)
[2017.12.12-14.07.53:617][624]LogModuleManager: Shutting down and abandoning module CustomMeshComponent (206)
[2017.12.12-14.07.53:617][624]LogModuleManager: Shutting down and abandoning module CableComponent (204)
[2017.12.12-14.07.53:617][624]LogModuleManager: Shutting down and abandoning module ArchVisCharacter (202)
[2017.12.12-14.07.53:617][624]LogModuleManager: Shutting down and abandoning module HTML5Networking (200)
[2017.12.12-14.07.53:617][624]LogModuleManager: Shutting down and abandoning module VisualStudioSourceCodeAccess (198)
[2017.12.12-14.07.53:617][624]LogModuleManager: Shutting down and abandoning module DesktopPlatform (197)
[2017.12.12-14.07.53:617][624]LogModuleManager: Shutting down and abandoning module HotReload (195)
[2017.12.12-14.07.53:617][624]LogDirectoryWatcher: A directory notification for 'E:/Buisness/Unreal/WalkonG2/WalkonG2/Binaries/Win64' was aborted.
[2017.12.12-14.07.53:617][624]LogModuleManager: Shutting down and abandoning module DirectoryWatcher (194)
[2017.12.12-14.07.53:618][624]LogModuleManager: Shutting down and abandoning module UObjectPlugin (190)
[2017.12.12-14.07.53:618][624]LogModuleManager: Shutting down and abandoning module SubversionSourceControl (188)
[2017.12.12-14.07.53:618][624]LogModuleManager: Shutting down and abandoning module PerforceSourceControl (186)
[2017.12.12-14.07.53:618][624]LogModuleManager: Shutting down and abandoning module SourceControl (185)
[2017.12.12-14.07.53:618][624]LogModuleManager: Shutting down and abandoning module PhysXVehiclesEditor (182)
[2017.12.12-14.07.53:618][624]LogModuleManager: Shutting down and abandoning module PhysXVehicles (180)
[2017.12.12-14.07.53:618][624]LogModuleManager: Shutting down and abandoning module LocationServicesBPLibrary (178)
[2017.12.12-14.07.53:618][624]LogModuleManager: Shutting down and abandoning module UdpMessaging (176)
[2017.12.12-14.07.53:718][624]LogModuleManager: Shutting down and abandoning module TcpMessaging (174)
[2017.12.12-14.07.54:143][624]LogModuleManager: Shutting down and abandoning module GameplayTagsEditor (172)
[2017.12.12-14.07.54:143][624]LogModuleManager: Shutting down and abandoning module FacialAnimation (170)
[2017.12.12-14.07.54:143][624]LogModuleManager: Shutting down and abandoning module LightPropagationVolumeRuntime (168)
[2017.12.12-14.07.54:143][624]LogModuleManager: Shutting down and abandoning module Paper2D (166)
[2017.12.12-14.07.54:143][624]LogModuleManager: Shutting down and abandoning module WindowsMoviePlayer (164)
[2017.12.12-14.07.54:143][624]LogModuleManager: Shutting down and abandoning module WmfMedia (162)
[2017.12.12-14.07.54:144][624]LogModuleManager: Shutting down and abandoning module MfMedia (160)
[2017.12.12-14.07.54:144][624]LogModuleManager: Shutting down and abandoning module MediaAssets (158)
[2017.12.12-14.07.54:144][624]LogModuleManager: Shutting down and abandoning module GameLiveStreaming (156)
[2017.12.12-14.07.54:144][624]LogModuleManager: Shutting down and abandoning module VREditor (154)
[2017.12.12-14.07.54:144][624]LogModuleManager: Shutting down and abandoning module GameplayTasksEditor (152)
[2017.12.12-14.07.54:144][624]LogModuleManager: Shutting down and abandoning module BehaviorTreeEditor (150)
[2017.12.12-14.07.54:144][624]LogModuleManager: Shutting down and abandoning module FunctionalTesting (148)
[2017.12.12-14.07.54:144][624]LogModuleManager: Shutting down and abandoning module CollisionAnalyzer (146)
[2017.12.12-14.07.54:144][624]LogModuleManager: Shutting down and abandoning module UMG (144)
[2017.12.12-14.07.54:144][624]LogModuleManager: Shutting down and abandoning module UMGEditor (143)
[2017.12.12-14.07.54:144][624]LogModuleManager: Shutting down and abandoning module Sequencer (142)
[2017.12.12-14.07.54:144][624]LogModuleManager: Shutting down and abandoning module AssetTools (140)
[2017.12.12-14.07.54:144][624]LogModuleManager: Shutting down and abandoning module MessageLog (139)
[2017.12.12-14.07.54:144][624]LogModuleManager: Shutting down and abandoning module WorkspaceMenuStructure (138)
[2017.12.12-14.07.54:144][624]LogModuleManager: Shutting down and abandoning module SlateReflector (132)
[2017.12.12-14.07.54:144][624]LogModuleManager: Shutting down and abandoning module Slate (130)
[2017.12.12-14.07.54:144][624]LogModuleManager: Shutting down and abandoning module EditorStyle (128)
[2017.12.12-14.07.54:146][624]LogModuleManager: Shutting down and abandoning module Messaging (126)
[2017.12.12-14.07.54:146][624]LogModuleManager: Shutting down and abandoning module SourceCodeAccess (124)
[2017.12.12-14.07.54:146][624]LogModuleManager: Shutting down and abandoning module HeadMountedDisplay (122)
[2017.12.12-14.07.54:146][624]LogModuleManager: Shutting down and abandoning module XAudio2 (120)
[2017.12.12-14.07.54:146][624]LogModuleManager: Shutting down and abandoning module Networking (118)
[2017.12.12-14.07.54:146][624]LogModuleManager: Shutting down and abandoning module Core (116)
[2017.12.12-14.07.54:146][624]LogModuleManager: Shutting down and abandoning module KismetCompiler (114)
[2017.12.12-14.07.54:146][624]LogModuleManager: Shutting down and abandoning module PhysXFormats (112)
[2017.12.12-14.07.54:146][624]LogModuleManager: Shutting down and abandoning module MeshUtilities (110)
[2017.12.12-14.07.54:146][624]LogModuleManager: Shutting down and abandoning module SimplygonSwarm (109)
[2017.12.12-14.07.54:146][624]LogModuleManager: Shutting down and abandoning module SimplygonMeshReduction (107)
[2017.12.12-14.07.54:146][624]LogModuleManager: Shutting down and abandoning module QuadricMeshReduction (105)
[2017.12.12-14.07.54:146][624]LogModuleManager: Shutting down and abandoning module PropertyEditor (103)
[2017.12.12-14.07.54:146][624]LogModuleManager: Shutting down and abandoning module AssetRegistry (100)
[2017.12.12-14.07.54:146][624]LogModuleManager: Shutting down and abandoning module DerivedDataCache (98)
[2017.12.12-14.07.54:248][624]LogDerivedDataCache: Shutdown
[2017.12.12-14.07.54:248][624]LogModuleManager: Shutting down and abandoning module TargetPlatform (96)
[2017.12.12-14.07.54:248][624]LogModuleManager: Shutting down and abandoning module VulkanShaderFormat (95)
[2017.12.12-14.07.54:248][624]LogModuleManager: Shutting down and abandoning module ShaderFormatOpenGL (93)
[2017.12.12-14.07.54:248][624]LogModuleManager: Shutting down and abandoning module ShaderFormatD3D (91)
[2017.12.12-14.07.54:248][624]LogModuleManager: Shutting down and abandoning module MetalShaderFormat (89)
[2017.12.12-14.07.54:248][624]LogModuleManager: Shutting down and abandoning module TextureFormatUncompressed (87)
[2017.12.12-14.07.54:248][624]LogModuleManager: Shutting down and abandoning module TextureFormatPVR (85)
[2017.12.12-14.07.54:248][624]LogModuleManager: Shutting down and abandoning module TextureFormatDXT (83)
[2017.12.12-14.07.54:248][624]LogModuleManager: Shutting down and abandoning module TextureFormatIntelISPCTexComp (81)
[2017.12.12-14.07.54:248][624]LogModuleManager: Shutting down and abandoning module TextureFormatASTC (79)
[2017.12.12-14.07.54:248][624]LogModuleManager: Shutting down and abandoning module ImageWrapper (78)
[2017.12.12-14.07.54:248][624]LogModuleManager: Shutting down and abandoning module TextureFormatAndroid (75)
[2017.12.12-14.07.54:248][624]LogModuleManager: Shutting down and abandoning module AudioFormatOpus (73)
[2017.12.12-14.07.54:248][624]LogModuleManager: Shutting down and abandoning module AudioFormatOgg (71)
[2017.12.12-14.07.54:248][624]LogModuleManager: Shutting down and abandoning module AudioFormatADPCM (69)
[2017.12.12-14.07.54:248][624]LogModuleManager: Shutting down and abandoning module WindowsTargetPlatform (67)
[2017.12.12-14.07.54:248][624]LogModuleManager: Shutting down and abandoning module WindowsServerTargetPlatform (65)
[2017.12.12-14.07.54:248][624]LogModuleManager: Shutting down and abandoning module WindowsNoEditorTargetPlatform (63)
[2017.12.12-14.07.54:248][624]LogModuleManager: Shutting down and abandoning module WindowsClientTargetPlatform (61)
[2017.12.12-14.07.54:248][624]LogModuleManager: Shutting down and abandoning module InputCore (58)
[2017.12.12-14.07.54:248][624]LogModuleManager: Shutting down and abandoning module Settings (56)
[2017.12.12-14.07.54:248][624]LogModuleManager: Shutting down and abandoning module OculusRift (54)
[2017.12.12-14.07.54:248][624]LogModuleManager: Shutting down and abandoning module GearVR (52)
[2017.12.12-14.07.54:248][624]LogModuleManager: Shutting down and abandoning module ExampleDeviceProfileSelector (50)
[2017.12.12-14.07.54:248][624]LogModuleManager: Shutting down and abandoning module OnlineBlueprintSupport (48)
[2017.12.12-14.07.54:248][624]LogModuleManager: Shutting down and abandoning module OnlineSubsystem (44)
[2017.12.12-14.07.54:248][624]LogOnline:Display: OSS: FOnlineSubsystemNull::Shutdown()
[2017.12.12-14.07.54:248][624]LogOnline:Display: Unloading online subsystem: STEAM
[2017.12.12-14.07.54:248][624]LogOnline:Display: Unloading online subsystem: NULL
[2017.12.12-14.07.54:249][624]LogModuleManager: Shutting down and abandoning module XMPP (37)
[2017.12.12-14.07.54:249][624]LogModuleManager: Shutting down and abandoning module HTTP (35)
[2017.12.12-14.07.54:254][624]LogModuleManager: Shutting down and abandoning module SSL (34)
[2017.12.12-14.07.54:255][624]LogModuleManager: Shutting down and abandoning module AudioEditor (30)
[2017.12.12-14.07.54:255][624]LogModuleManager: Shutting down and abandoning module TextureCompressor (28)
[2017.12.12-14.07.54:255][624]LogModuleManager: Shutting down and abandoning module ShaderCore (26)
[2017.12.12-14.07.54:255][624]LogModuleManager: Shutting down and abandoning module Landscape (24)
[2017.12.12-14.07.54:255][624]LogModuleManager: Shutting down and abandoning module SlateRHIRenderer (22)
[2017.12.12-14.07.54:255][624]LogModuleManager: Shutting down and abandoning module OpenGLDrv (20)
[2017.12.12-14.07.54:255][624]LogModuleManager: Shutting down and abandoning module D3D11RHI (18)
[2017.12.12-14.07.54:255][624]LogModuleManager: Shutting down and abandoning module AnimGraphRuntime (16)
[2017.12.12-14.07.54:255][624]LogModuleManager: Shutting down and abandoning module Renderer (14)
[2017.12.12-14.07.54:255][624]LogModuleManager: Shutting down and abandoning module Engine (12)
[2017.12.12-14.07.54:255][624]LogModuleManager: Shutting down and abandoning module CoreUObject (10)
[2017.12.12-14.07.54:255][624]LogModuleManager: Shutting down and abandoning module NetworkFile (8)
[2017.12.12-14.07.54:255][624]LogModuleManager: Shutting down and abandoning module StreamingFile (6)
[2017.12.12-14.07.54:255][624]LogModuleManager: Shutting down and abandoning module SandboxFile (4)
[2017.12.12-14.07.54:255][624]LogModuleManager: Shutting down and abandoning module PakFile (2)
[2017.12.12-14.07.54:256][624]LogExit: Exiting.
[2017.12.12-14.07.54:258][624]Log file closed, 12/12/17 15:07:54
